# Server version 0.08 running on 192.168.2.29:8123
# Game ID: 136
# Board class: Saboteur.SaboteurBoard
# Timeout: 20000
# First Move Timeout: 30000
# Date: Wed Apr 15 00:57:58 EDT 2020
# Player 1: Player-0, 'RandomPlayer', running on localhost
# Player 2: Player-1, 'RandomPlayer', running on localhost
START Player-0 RandomPlayer
START Player-1 RandomPlayer
BoardInit:Tile:0,Tile:8,Tile:0,Map,Tile:7,Tile:6,Tile:6,Tile:14,Tile:7,Bonus,Destroy,Map,Tile:8,Bonus,Tile:6,Bonus,Tile:5,Tile:7,Tile:15,Tile:10,Tile:9,Tile:9,Tile:10,Malus,Tile:8,Tile:1,Tile:4,Destroy,Tile:2,Tile:0,Tile:13,Tile:9,Tile:7,Tile:6,Map,Map,Tile:12,Map,Tile:11,Tile:7,Tile:0-Tile:6,Tile:9,Destroy,Malus,Tile:5,Bonus,Tile:3-Tile:10,Tile:5,Map,Tile:8,Tile:5,Tile:8,Tile:9-Tile:hidden2,Tile:hidden1,Tile:nugget
Drop 3 0 1
Tile:9 5 6 0
Tile:5_flip 6 5 1
Map 12 7 0
Tile:0 4 5 1
Tile:10 6 4 0
Destroy 5 6 1
Map 12 5 0
Tile:6_flip 3 5 1
Tile:5_flip 5 6 0
Tile:9 3 6 1
Tile:14_flip 6 3 0
Drop 0 0 1
Tile:6_flip 4 6 0
Tile:7 5 4 1
Tile:8 2 5 0
Destroy 6 5 1
Drop 0 0 0
Tile:8 3 7 1
Drop 3 0 0
Tile:5_flip 4 7 1
Tile:7 2 4 0
Tile:6 1 5 1
Tile:8 1 4 0
Tile:3_flip 0 4 1
Drop 0 0 0
Tile:6_flip 2 7 1
Malus 0 0 0
Drop 5 0 1
Destroy 0 4 0
Drop 0 0 1
Tile:0 4 4 0
Drop 6 0 1
Tile:9 0 4 0
Drop 3 0 1
Drop 4 0 0
Drop 2 0 1
Tile:9 0 5 0
Map 12 5 1
Tile:10 1 3 0
Drop 2 0 1
Drop 4 0 0
Drop 0 0 1
Tile:6_flip 1 2 0
Drop 4 0 1
Drop 3 0 0
Drop 2 0 1
Tile:7 7 3 0
Drop 0 0 1
Drop 2 0 0
Drop 0 0 1
Drop 0 0 0
Drop 1 0 1
Drop 0 0 0
Drop 0 0 1
GAMEOVER DRAW
# Game ended: Wed Apr 15 00:57:59 EDT 2020
