# Server version 0.08 running on 192.168.2.29:8123
# Game ID: 57
# Board class: Saboteur.SaboteurBoard
# Timeout: 20000
# First Move Timeout: 30000
# Date: Tue Apr 14 19:30:56 EDT 2020
# Player 1: Player-0, 'RandomPlayer', running on localhost
# Player 2: Player-1, 'RandomPlayer', running on localhost
START Player-0 RandomPlayer
START Player-1 RandomPlayer
BoardInit:Tile:0,Bonus,Tile:9,Tile:8,Tile:0,Tile:5,Tile:0,Tile:9,Tile:6,Tile:3,Tile:7,Bonus,Tile:9,Tile:7,Tile:8,Tile:11,Tile:7,Tile:10,Tile:7,Tile:2,Destroy,Tile:10,Destroy,Malus,Tile:9,Tile:14,Tile:8,Tile:5,Tile:6,Tile:5,Tile:12,Map,Tile:6,Tile:6,Destroy,Tile:10,Malus,Tile:7,Tile:9,Tile:15,Tile:6-Map,Map,Map,Tile:5,Tile:13,Map,Bonus-Tile:8,Bonus,Map,Tile:8,Tile:4,Tile:1,Tile:0-Tile:nugget,Tile:hidden2,Tile:hidden1
Map 12 5 1
Map 12 3 0
Tile:5_flip 5 6 1
Drop 5 0 0
Map 12 5 1
Tile:8 4 6 0
Map 12 5 1
Tile:5 4 5 0
Tile:0 3 6 1
Tile:1 2 6 0
Drop 1 0 1
Drop 4 0 0
Tile:6_flip 5 4 1
Tile:9 4 7 0
Tile:9 1 6 1
Tile:3_flip 1 7 0
Tile:0 2 7 1
Tile:8 6 4 0
Tile:8 7 4 1
Tile:11 1 5 0
Tile:0 8 4 1
Drop 4 0 0
Tile:13 9 4 1
Tile:10 1 4 0
Tile:7_flip 4 8 1
Tile:10 9 5 0
Tile:9_flip 6 3 1
Tile:4_flip 9 6 0
Tile:9_flip 1 3 1
Drop 2 0 0
Destroy 4 5 1
Tile:5_flip 10 4 0
Tile:8 10 3 1
Tile:2 4 4 0
Tile:12 11 3 1
Tile:5_flip 7 5 0
Destroy 11 3 1
Tile:6 5 3 0
Tile:6_flip 11 3 1
Tile:7 3 7 0
Tile:7 10 2 1
Drop 2 0 0
Destroy 8 4 1
Tile:14_flip 3 4 0
Tile:9_flip 3 8 1
Tile:10 11 4 0
Tile:6 6 5 1
Tile:15 7 3 0
Tile:6_flip 5 7 1
Map 12 7 0
Tile:7 1 2 1
Drop 0 0 0
Malus 0 0 1
Drop 0 0 0
Drop 0 0 1
GAMEOVER DRAW
# Game ended: Tue Apr 14 19:30:56 EDT 2020
