# Server version 0.08 running on 192.168.2.29:8123
# Game ID: 312
# Board class: Saboteur.SaboteurBoard
# Timeout: 20000
# First Move Timeout: 30000
# Date: Wed Apr 15 23:40:39 EDT 2020
# Player 1: Player-0, '260803297', running on localhost
# Player 2: Player-1, 'RandomPlayer', running on localhost
START Player-0 260803297
START Player-1 RandomPlayer
BoardInit:Tile:5,Bonus,Tile:9,Tile:11,Tile:10,Tile:6,Tile:0,Tile:6,Tile:8,Tile:15,Tile:8,Destroy,Tile:8,Map,Tile:5,Tile:7,Tile:9,Bonus,Tile:12,Tile:8,Tile:0,Tile:5,Malus,Tile:13,Tile:2,Tile:9,Tile:7,Bonus,Tile:6,Tile:0,Tile:7,Tile:3,Destroy,Map,Tile:1,Malus,Tile:9,Destroy,Tile:6,Tile:7,Tile:5-Tile:8,Map,Tile:10,Bonus,Tile:10,Tile:9,Tile:14-Tile:4,Tile:6,Tile:0,Map,Map,Tile:7,Map-Tile:nugget,Tile:hidden1,Tile:hidden2
Drop 3 0 1
Map 12 3 0
Tile:10 5 6 1
Tile:6_flip 4 5 0
Tile:10 4 6 1
Tile:11 4 7 0
Drop 6 0 1
Tile:7 6 5 0
Tile:9_flip 5 7 1
Tile:6_flip 5 4 0
Tile:8 3 5 1
Tile:15 3 6 0
Tile:9_flip 4 8 1
Tile:6_flip 3 8 0
Tile:5 3 4 1
Map 12 7 0
Tile:14 3 9 1
Tile:4_flip 6 6 0
Tile:0 6 4 1
Tile:0 4 4 0
Tile:5 2 8 1
Destroy 4 5 0
Tile:8 7 4 1
Map 12 7 0
Tile:9 2 9 1
Tile:7_flip 4 9 0
Malus 0 0 1
Drop 5 0 0
Drop 6 0 1
Map 12 5 0
Map 12 3 1
Drop 3 0 0
Tile:7_flip 7 5 1
Drop 6 0 0
Destroy 7 4 1
Drop 5 0 0
Tile:2 4 5 1
Bonus 0 0 0
Tile:9 5 8 1
Malus 0 0 0
Drop 2 0 1
Tile:7 7 4 0
Drop 0 0 1
Destroy 4 6 0
Drop 4 0 1
Tile:9 2 10 0
Drop 2 0 1
Map 12 3 0
Drop 0 0 1
Tile:8 2 5 0
Drop 0 0 1
Drop 1 0 0
Drop 1 0 1
Drop 0 0 0
Drop 0 0 1
GAMEOVER DRAW
# Game ended: Wed Apr 15 23:40:39 EDT 2020
