# Server version 0.08 running on 192.168.2.29:8123
# Game ID: 327
# Board class: Saboteur.SaboteurBoard
# Timeout: 20000
# First Move Timeout: 30000
# Date: Wed Apr 15 23:41:14 EDT 2020
# Player 1: Player-0, 'RandomPlayer', running on localhost
# Player 2: Player-1, '260803297', running on localhost
START Player-0 RandomPlayer
START Player-1 260803297
BoardInit:Map,Tile:10,Tile:7,Tile:10,Destroy,Tile:3,Tile:12,Tile:9,Tile:8,Tile:6,Map,Tile:5,Tile:5,Tile:13,Tile:0,Tile:0,Destroy,Tile:7,Malus,Tile:0,Tile:10,Tile:8,Destroy,Tile:14,Tile:2,Tile:8,Tile:15,Tile:9,Tile:8,Malus,Tile:0,Tile:6,Tile:7,Tile:9,Tile:8,Map,Tile:5,Tile:7,Tile:4,Tile:6,Tile:7-Tile:1,Bonus,Map,Tile:11,Bonus,Tile:9,Tile:5-Bonus,Tile:6,Tile:6,Map,Tile:9,Bonus,Map-Tile:hidden1,Tile:nugget,Tile:hidden2
Map 12 3 1
Tile:9_flip 6 5 0
Map 12 3 1
Tile:6 4 5 0
Tile:11_flip 6 4 1
Map 12 3 0
Tile:5_flip 6 6 1
Tile:3 6 3 0
Tile:9 5 6 1
Tile:10 4 4 0
Destroy 4 5 1
Drop 1 0 0
Map 12 3 1
Tile:6 5 7 0
Tile:1 5 3 1
Drop 2 0 0
Drop 1 0 1
Drop 6 0 0
Tile:5 4 3 1
Tile:9 4 5 0
Malus 0 0 1
Drop 4 0 0
Destroy 5 3 1
Drop 5 0 0
Tile:8 5 3 1
Drop 0 0 0
Drop 3 0 1
Drop 0 0 0
Tile:7 6 7 1
Drop 5 0 0
Destroy 5 7 1
Drop 1 0 0
Drop 2 0 1
Drop 4 0 0
Tile:2 5 2 1
Drop 0 0 0
Tile:7_flip 5 7 1
Map 12 7 0
Tile:12 6 2 1
Drop 0 0 0
Tile:15 4 6 1
Drop 4 0 0
Drop 3 0 1
Malus 0 0 0
Bonus 0 0 1
Drop 3 0 0
Tile:8 6 8 1
Drop 0 0 0
Tile:4_flip 6 9 1
Drop 2 0 0
Tile:7 7 8 1
Drop 0 0 0
Tile:5_flip 4 7 1
Drop 0 0 0
Tile:0 5 8 1
GAMEOVER DRAW
# Game ended: Wed Apr 15 23:41:14 EDT 2020
