# Server version 0.08 running on 192.168.0.168:8123
# Game ID: 248
# Board class: Saboteur.SaboteurBoard
# Timeout: 20000
# First Move Timeout: 30000
# Date: Wed Apr 15 14:18:26 EDT 2020
# Player 1: Player-0, '260803297', running on localhost
# Player 2: Player-1, 'RandomPlayer', running on localhost
START Player-0 260803297
START Player-1 RandomPlayer
BoardInit:Destroy,Tile:9,Tile:8,Tile:8,Tile:13,Bonus,Tile:0,Bonus,Tile:6,Map,Tile:7,Tile:6,Tile:8,Tile:2,Tile:0,Tile:7,Destroy,Tile:5,Tile:6,Bonus,Tile:1,Tile:6,Tile:5,Tile:10,Map,Tile:15,Tile:11,Tile:7,Tile:0,Tile:5,Map,Tile:0,Tile:5,Tile:9,Map,Malus,Map,Tile:7,Tile:9,Map,Tile:8-Tile:8,Bonus,Tile:14,Tile:9,Tile:10,Tile:6,Malus-Tile:12,Tile:10,Tile:3,Tile:9,Tile:4,Destroy,Tile:7-Tile:hidden2,Tile:nugget,Tile:hidden1
Tile:9 4 5 1
Tile:9_flip 5 4 0
Tile:14_flip 5 3 1
Destroy 4 5 0
Tile:10 5 6 1
Tile:9_flip 6 3 0
Tile:13 5 7 1
Tile:3_flip 4 7 0
Tile:6_flip 4 4 1
Tile:4 6 2 0
Tile:6 4 5 1
Map 12 3 0
Drop 2 0 1
Tile:12 6 5 0
Tile:7_flip 5 8 1
Tile:7_flip 6 4 0
Tile:8 7 4 1
Drop 5 0 0
Destroy 4 7 1
Tile:6_flip 3 5 0
Tile:8 6 7 1
Tile:8 2 5 0
Destroy 6 4 1
Tile:6 6 8 0
Tile:5 6 6 1
Tile:5 7 3 0
Tile:6_flip 8 4 1
Tile:7 7 6 0
Tile:11_flip 3 6 1
Tile:7_flip 7 5 0
Tile:0 4 7 1
Tile:5_flip 8 3 0
Tile:8 2 6 1
Drop 3 0 0
Tile:5 2 4 1
Tile:9_flip 9 4 0
Tile:0 1 6 1
Malus 0 0 0
Map 12 5 1
Tile:7_flip 1 5 0
Drop 4 0 1
Map 12 5 0
Drop 0 0 1
Tile:0 3 4 0
Drop 4 0 1
Tile:10 9 3 0
Map 12 3 1
Tile:15 9 2 0
Map 12 7 1
Drop 0 0 0
Drop 0 0 1
Tile:10 9 1 0
Drop 1 0 1
Drop 0 0 0
Drop 0 0 1
GAMEOVER DRAW
# Game ended: Wed Apr 15 14:18:27 EDT 2020
