# Server version 0.08 running on 192.168.2.29:8123
# Game ID: 55
# Board class: Saboteur.SaboteurBoard
# Timeout: 20000
# First Move Timeout: 30000
# Date: Tue Apr 14 19:30:52 EDT 2020
# Player 1: Player-0, 'RandomPlayer', running on localhost
# Player 2: Player-1, 'RandomPlayer', running on localhost
START Player-0 RandomPlayer
START Player-1 RandomPlayer
BoardInit:Tile:13,Map,Map,Tile:0,Tile:6,Tile:5,Tile:5,Tile:9,Tile:12,Tile:10,Tile:10,Map,Tile:10,Tile:9,Tile:0,Tile:9,Tile:6,Tile:5,Bonus,Bonus,Tile:0,Tile:2,Tile:1,Tile:11,Tile:7,Map,Map,Bonus,Tile:14,Tile:7,Tile:9,Tile:8,Malus,Tile:8,Tile:7,Tile:7,Destroy,Tile:8,Bonus,Tile:5,Tile:7-Tile:6,Tile:3,Map,Malus,Tile:6,Destroy,Destroy-Tile:4,Tile:8,Tile:15,Tile:6,Tile:8,Tile:0,Tile:9-Tile:hidden2,Tile:hidden1,Tile:nugget
Tile:3 6 5 1
Tile:9 4 5 0
Tile:6 4 6 1
Tile:6_flip 5 4 0
Map 12 7 1
Tile:8 5 6 0
Destroy 4 6 1
Tile:15 5 7 0
Tile:5 4 4 1
Tile:5_flip 6 6 0
Drop 1 0 1
Tile:10 5 8 0
Tile:6 4 6 1
Tile:8 5 9 0
Drop 1 0 1
Drop 3 0 0
Drop 6 0 1
Tile:9_flip 6 9 0
Drop 3 0 1
Tile:5 6 8 0
Tile:10 6 10 1
Tile:4_flip 5 10 0
Tile:0 7 8 1
Map 12 7 0
Tile:6_flip 8 8 1
Drop 2 0 0
Malus 0 0 1
Map 12 3 0
Map 12 7 1
Drop 2 0 0
Tile:14 9 8 1
Drop 3 0 0
Tile:9 3 6 1
Bonus 0 0 0
Tile:10 3 7 1
Map 12 7 0
Tile:7_flip 8 9 1
Tile:7 3 5 0
Tile:7_flip 6 11 1
Tile:8 7 11 0
Tile:1 4 9 1
Tile:8 2 5 0
Destroy 6 5 1
Tile:9_flip 3 8 0
Tile:7_flip 3 9 1
Tile:7 6 4 0
Tile:13 6 5 1
Tile:5 2 8 0
Map 12 3 1
Tile:2_flip 7 5 0
Drop 0 0 1
Tile:0 1 5 0
Malus 0 0 1
Drop 0 0 0
Drop 0 0 1
GAMEOVER DRAW
# Game ended: Tue Apr 14 19:30:53 EDT 2020
