# Server version 0.08 running on 192.168.2.29:8123
# Game ID: 100
# Board class: Saboteur.SaboteurBoard
# Timeout: 20000
# First Move Timeout: 30000
# Date: Tue Apr 14 22:22:46 EDT 2020
# Player 1: Player-0, 'RandomPlayer', running on localhost
# Player 2: Player-1, 'RandomPlayer', running on localhost
START Player-0 RandomPlayer
START Player-1 RandomPlayer
BoardInit:Tile:1,Tile:9,Tile:8,Map,Tile:6,Tile:9,Bonus,Tile:5,Tile:7,Tile:6,Tile:6,Tile:0,Tile:11,Tile:8,Map,Malus,Tile:7,Tile:6,Tile:8,Bonus,Bonus,Map,Destroy,Tile:15,Map,Map,Tile:13,Tile:8,Tile:3,Destroy,Tile:2,Tile:12,Tile:9,Bonus,Tile:7,Tile:0,Tile:0,Tile:0,Malus,Tile:5,Tile:10-Tile:9,Tile:9,Tile:5,Tile:6,Tile:5,Tile:8,Tile:7-Tile:4,Tile:14,Destroy,Tile:10,Tile:10,Tile:7,Map-Tile:hidden2,Tile:nugget,Tile:hidden1
Tile:9_flip 5 6 1
Destroy 5 6 0
Tile:6 5 6 1
Tile:14 6 5 0
Tile:7 6 4 1
Map 12 3 0
Tile:5 5 4 1
Map 12 5 0
Tile:1 4 5 1
Drop 3 0 0
Drop 1 0 1
Tile:6_flip 4 6 0
Tile:8 4 7 1
Tile:0 3 6 0
Tile:7_flip 3 5 1
Tile:10 4 8 0
Tile:9 3 4 1
Drop 0 0 0
Tile:7 3 3 1
Tile:9 4 9 0
Tile:6_flip 2 6 1
Tile:9_flip 5 9 0
Tile:6 5 10 1
Tile:6_flip 6 10 0
Destroy 5 10 1
Tile:8 6 11 0
Tile:11 5 10 1
Tile:10 2 7 0
Tile:8 2 3 1
Map 12 7 0
Drop 3 0 1
Tile:15 5 8 0
Drop 6 0 1
Map 12 7 0
Tile:3 7 10 1
Destroy 3 3 0
Map 12 7 1
Tile:5_flip 7 11 0
Tile:8 3 3 1
Drop 2 0 0
Drop 2 0 1
Drop 6 0 0
Tile:10 6 12 1
Tile:0 6 6 0
Tile:9_flip 2 8 1
Drop 3 0 0
Tile:7 5 7 1
Tile:0 1 6 0
Map 12 5 1
Tile:12_flip 3 7 0
Tile:0 0 6 1
Malus 0 0 0
Drop 0 0 1
Drop 0 0 0
Malus 0 0 1
GAMEOVER DRAW
# Game ended: Tue Apr 14 22:22:46 EDT 2020
