# Server version 0.08 running on 192.168.2.29:8123
# Game ID: 181
# Board class: Saboteur.SaboteurBoard
# Timeout: 20000
# First Move Timeout: 30000
# Date: Wed Apr 15 00:59:08 EDT 2020
# Player 1: Player-0, 'RandomPlayer', running on localhost
# Player 2: Player-1, 'RandomPlayer', running on localhost
START Player-0 RandomPlayer
START Player-1 RandomPlayer
BoardInit:Tile:12,Tile:7,Tile:3,Tile:8,Tile:0,Destroy,Map,Bonus,Tile:6,Map,Tile:5,Tile:9,Malus,Destroy,Tile:8,Tile:5,Bonus,Map,Tile:10,Tile:7,Tile:5,Tile:6,Tile:13,Malus,Tile:0,Tile:6,Tile:9,Tile:9,Tile:9,Tile:8,Tile:7,Map,Tile:1,Tile:4,Map,Tile:14,Tile:2,Tile:10,Tile:9,Tile:10,Destroy-Tile:8,Tile:5,Tile:15,Bonus,Tile:0,Tile:8,Map-Tile:7,Tile:6,Tile:6,Tile:11,Tile:0,Bonus,Tile:7-Tile:hidden2,Tile:hidden1,Tile:nugget
Tile:8 6 5 1
Tile:7_flip 5 6 0
Drop 1 0 1
Tile:7_flip 4 5 0
Tile:8 6 6 1
Tile:6_flip 7 5 0
Drop 3 0 1
Tile:11_flip 7 6 0
Tile:0 8 5 1
Tile:7 9 5 0
Tile:5_flip 7 7 1
Drop 2 0 0
Tile:6 9 6 1
Destroy 7 5 0
Map 12 7 1
Tile:8 7 5 0
Tile:5 4 4 1
Tile:9_flip 5 4 0
Tile:12 10 6 1
Destroy 8 5 0
Tile:10 6 4 1
Tile:6 6 7 0
Tile:5 5 7 1
Tile:5 8 6 0
Tile:8 5 3 1
Drop 0 0 0
Tile:13 5 8 1
Tile:6 8 5 0
Tile:3_flip 4 3 1
Tile:9_flip 4 2 0
Tile:0 3 2 1
Tile:8 4 1 0
Drop 6 0 1
Tile:6 4 8 0
Tile:9 8 4 1
Tile:7 4 0 0
Drop 6 0 1
Drop 6 0 0
Tile:0 3 1 1
Tile:4_flip 5 9 0
Tile:9_flip 4 7 1
Malus 0 0 0
Destroy 7 7 1
Map 12 3 0
Drop 1 0 1
Tile:10 7 4 0
Drop 4 0 1
Tile:10 5 2 0
Drop 0 0 1
Drop 2 0 0
Drop 0 0 1
Map 12 7 0
Drop 1 0 1
Drop 0 0 0
Drop 0 0 1
GAMEOVER DRAW
# Game ended: Wed Apr 15 00:59:09 EDT 2020
