# Server version 0.08 running on 192.168.2.29:8123
# Game ID: 351
# Board class: Saboteur.SaboteurBoard
# Timeout: 20000
# First Move Timeout: 30000
# Date: Wed Apr 15 23:49:27 EDT 2020
# Player 1: Player-0, 'RandomPlayer', running on localhost
# Player 2: Player-1, '260803297', running on localhost
START Player-0 RandomPlayer
START Player-1 260803297
BoardInit:Map,Malus,Tile:8,Map,Tile:3,Tile:9,Tile:10,Map,Malus,Map,Tile:7,Tile:5,Tile:0,Tile:15,Tile:13,Tile:7,Tile:6,Tile:6,Tile:6,Tile:9,Bonus,Tile:9,Tile:8,Tile:0,Bonus,Destroy,Tile:2,Tile:0,Destroy,Tile:0,Tile:5,Bonus,Tile:6,Tile:11,Bonus,Tile:14,Tile:8,Destroy,Tile:9,Tile:5,Map-Tile:5,Tile:9,Tile:4,Tile:6,Tile:1,Tile:8,Tile:10-Tile:7,Map,Tile:7,Tile:8,Tile:12,Tile:10,Tile:7-Tile:hidden2,Tile:hidden1,Tile:nugget
Tile:1 4 5 1
Tile:7_flip 5 6 0
Map 12 3 1
Tile:7_flip 3 5 0
Tile:6_flip 5 4 1
Tile:8 6 5 0
Tile:8 6 4 1
Drop 2 0 0
Tile:9 6 3 1
Tile:9 3 4 0
Malus 0 0 1
Map 12 3 0
Drop 2 0 1
Malus 0 0 0
Drop 1 0 1
Drop 4 0 0
Drop 2 0 1
Drop 0 0 0
Drop 5 0 1
Drop 1 0 0
Drop 4 0 1
Map 12 7 0
Bonus 0 0 1
Drop 0 0 0
Tile:6 4 4 1
Drop 2 0 0
Tile:8 7 4 1
Destroy 5 6 0
Tile:8 3 3 1
Drop 5 0 0
Drop 0 0 1
Drop 0 0 0
Drop 3 0 1
Drop 4 0 0
Tile:7 6 2 1
Drop 0 0 0
Tile:6 5 6 1
Drop 4 0 0
Tile:6_flip 4 3 1
Destroy 6 5 0
Tile:5 2 3 1
Drop 2 0 0
Map 12 5 1
Drop 1 0 0
Tile:2_flip 7 5 1
Drop 3 0 0
Tile:8 5 2 1
Drop 0 0 0
Tile:9_flip 5 1 1
Drop 2 0 0
Destroy 4 3 1
Drop 0 0 0
Tile:10 5 0 1
Drop 0 0 0
Drop 0 0 1
GAMEOVER DRAW
# Game ended: Wed Apr 15 23:49:27 EDT 2020
