# Server version 0.08 running on 192.168.2.29:8123
# Game ID: 353
# Board class: Saboteur.SaboteurBoard
# Timeout: 20000
# First Move Timeout: 30000
# Date: Wed Apr 15 23:49:32 EDT 2020
# Player 1: Player-0, 'RandomPlayer', running on localhost
# Player 2: Player-1, '260803297', running on localhost
START Player-0 RandomPlayer
START Player-1 260803297
BoardInit:Tile:15,Tile:7,Tile:7,Tile:2,Tile:0,Map,Tile:5,Tile:9,Tile:14,Tile:7,Tile:6,Malus,Tile:0,Map,Tile:1,Malus,Tile:7,Tile:3,Tile:13,Tile:6,Map,Map,Tile:5,Tile:10,Tile:10,Tile:9,Destroy,Destroy,Tile:9,Tile:6,Tile:7,Bonus,Tile:10,Tile:8,Tile:5,Tile:9,Tile:8,Bonus,Tile:9,Tile:8,Bonus-Tile:6,Destroy,Tile:0,Tile:8,Tile:11,Tile:12,Tile:4-Map,Map,Tile:0,Tile:8,Tile:5,Tile:6,Bonus-Tile:nugget,Tile:hidden1,Tile:hidden2
Tile:6 6 5 1
Tile:6 4 5 0
Tile:11 4 4 1
Tile:5_flip 5 6 0
Tile:7 6 4 1
Tile:8 5 4 0
Drop 2 0 1
Tile:2 4 6 0
Destroy 4 5 1
Tile:7_flip 4 5 0
Tile:14_flip 5 3 1
Drop 2 0 0
Tile:4 4 3 1
Map 12 7 0
Tile:12 6 3 1
Map 12 7 0
Tile:6 4 7 1
Malus 0 0 0
Drop 1 0 1
Map 12 7 0
Drop 4 0 1
Tile:3 7 5 0
Map 12 3 1
Map 12 7 0
Drop 5 0 1
Malus 0 0 0
Drop 2 0 1
Drop 0 0 0
Drop 4 0 1
Tile:7_flip 3 6 0
Destroy 4 4 1
Destroy 4 6 0
Drop 1 0 1
Tile:6_flip 3 7 0
Drop 2 0 1
Tile:10 7 6 0
Drop 5 0 1
Tile:9_flip 3 5 0
Drop 3 0 1
Tile:9 4 4 0
Drop 2 0 1
Drop 2 0 0
Drop 4 0 1
Tile:6 7 7 0
Drop 0 0 1
Map 12 3 0
Drop 3 0 1
Tile:8 3 8 0
Drop 1 0 1
Tile:9_flip 8 7 0
Drop 0 0 1
Tile:8 2 8 0
Bonus 0 0 1
Drop 0 0 0
Drop 0 0 1
GAMEOVER DRAW
# Game ended: Wed Apr 15 23:49:33 EDT 2020
