# Server version 0.08 running on 192.168.2.29:8123
# Game ID: 115
# Board class: Saboteur.SaboteurBoard
# Timeout: 20000
# First Move Timeout: 30000
# Date: Tue Apr 14 22:23:06 EDT 2020
# Player 1: Player-0, 'RandomPlayer', running on localhost
# Player 2: Player-1, 'RandomPlayer', running on localhost
START Player-0 RandomPlayer
START Player-1 RandomPlayer
BoardInit:Tile:5,Malus,Tile:4,Map,Tile:5,Tile:9,Tile:6,Tile:8,Tile:10,Map,Tile:0,Bonus,Tile:6,Destroy,Tile:10,Map,Tile:8,Tile:6,Tile:11,Tile:7,Tile:2,Tile:0,Tile:5,Tile:0,Tile:10,Map,Tile:5,Tile:12,Map,Tile:13,Tile:8,Tile:6,Bonus,Tile:15,Tile:9,Tile:7,Tile:8,Tile:7,Tile:7,Map,Tile:3-Tile:8,Destroy,Tile:9,Tile:14,Tile:0,Malus,Tile:6-Bonus,Tile:9,Destroy,Tile:7,Bonus,Tile:1,Tile:9-Tile:nugget,Tile:hidden1,Tile:hidden2
Tile:14 5 6 1
Drop 2 0 0
Tile:0 6 5 1
Tile:7 5 4 0
Drop 4 0 1
Tile:1 7 5 0
Destroy 5 6 1
Tile:9 4 5 0
Tile:4_flip 5 6 1
Tile:9_flip 4 6 0
Tile:5 4 4 1
Drop 4 0 0
Tile:6 4 7 1
Malus 0 0 0
Drop 5 0 1
Destroy 7 5 0
Drop 1 0 1
Drop 1 0 0
Drop 3 0 1
Tile:6 3 7 0
Drop 2 0 1
Tile:8 7 5 0
Drop 3 0 1
Drop 1 0 0
Drop 5 0 1
Tile:7_flip 7 6 0
Drop 0 0 1
Tile:0 2 7 0
Drop 6 0 1
Map 12 3 0
Drop 3 0 1
Drop 0 0 0
Map 12 7 1
Map 12 3 0
Drop 4 0 1
Tile:6_flip 3 6 0
Drop 3 0 1
Tile:12_flip 2 6 0
Malus 0 0 1
Map 12 5 0
Drop 4 0 1
Drop 2 0 0
Drop 5 0 1
Drop 3 0 0
Drop 4 0 1
Drop 0 0 0
Drop 3 0 1
Drop 3 0 0
Drop 0 0 1
Drop 2 0 0
Drop 0 0 1
Drop 0 0 0
Drop 1 0 1
Drop 0 0 0
Drop 0 0 1
GAMEOVER DRAW
# Game ended: Tue Apr 14 22:23:06 EDT 2020
