# Server version 0.08 running on 192.168.2.29:8123
# Game ID: 208
# Board class: Saboteur.SaboteurBoard
# Timeout: 20000
# First Move Timeout: 30000
# Date: Wed Apr 15 01:02:09 EDT 2020
# Player 1: Player-0, 'RandomPlayer', running on localhost
# Player 2: Player-1, 'RandomPlayer', running on localhost
START Player-0 RandomPlayer
START Player-1 RandomPlayer
BoardInit:Tile:9,Tile:8,Tile:11,Tile:3,Tile:7,Tile:2,Tile:8,Tile:8,Map,Tile:7,Tile:10,Destroy,Tile:0,Map,Tile:7,Tile:5,Tile:10,Bonus,Tile:1,Tile:9,Tile:6,Destroy,Map,Bonus,Tile:8,Tile:5,Tile:5,Tile:13,Tile:9,Tile:15,Tile:9,Tile:6,Tile:6,Tile:7,Bonus,Tile:0,Tile:5,Tile:8,Malus,Malus,Tile:14-Bonus,Tile:0,Tile:10,Map,Tile:7,Tile:9,Destroy-Map,Tile:0,Map,Tile:4,Tile:12,Tile:6,Tile:6-Tile:hidden1,Tile:nugget,Tile:hidden2
Map 12 3 1
Tile:6 4 5 0
Destroy 4 5 1
Map 12 5 0
Tile:10 5 4 1
Tile:4 5 3 0
Tile:11_flip 6 5 1
Tile:6 6 6 0
Tile:7 7 6 1
Tile:8 7 7 0
Tile:7_flip 7 8 1
Tile:2_flip 4 5 0
Drop 0 0 1
Destroy 6 6 0
Tile:9 6 7 1
Drop 3 0 0
Tile:9_flip 5 6 1
Tile:5 6 4 0
Tile:10 4 4 1
Drop 3 0 0
Map 12 3 1
Drop 4 0 0
Tile:0 4 6 1
Tile:9_flip 6 8 0
Tile:6 5 8 1
Tile:0 4 8 0
Tile:10 4 3 1
Tile:7_flip 6 9 0
Tile:5_flip 8 7 1
Tile:12 8 8 0
Tile:9_flip 4 2 1
Map 12 3 0
Tile:7_flip 3 8 1
Destroy 5 4 0
Tile:8 3 5 1
Tile:15 5 7 0
Tile:6_flip 3 2 1
Tile:6 3 6 0
Tile:9 8 6 1
Tile:0 2 2 0
Tile:8 9 6 1
Tile:13 10 6 0
Tile:1 7 9 1
Malus 0 0 0
Drop 4 0 1
Tile:7 4 1 0
Drop 0 0 1
Tile:5 3 7 0
Map 12 3 1
Tile:8 11 6 0
Drop 0 0 1
Drop 0 0 0
Drop 1 0 1
Drop 0 0 0
Drop 0 0 1
GAMEOVER DRAW
# Game ended: Wed Apr 15 01:02:09 EDT 2020
