# Server version 0.08 running on 192.168.2.29:8123
# Game ID: 42
# Board class: Saboteur.SaboteurBoard
# Timeout: 20000
# First Move Timeout: 30000
# Date: Tue Apr 14 19:30:28 EDT 2020
# Player 1: Player-0, 'RandomPlayer', running on localhost
# Player 2: Player-1, 'RandomPlayer', running on localhost
START Player-0 RandomPlayer
START Player-1 RandomPlayer
BoardInit:Malus,Destroy,Tile:8,Tile:10,Map,Tile:6,Tile:5,Bonus,Map,Bonus,Tile:7,Tile:9,Bonus,Map,Tile:9,Tile:7,Tile:5,Tile:12,Tile:0,Tile:10,Bonus,Tile:2,Tile:6,Tile:9,Map,Tile:7,Map,Tile:6,Destroy,Tile:7,Tile:6,Tile:1,Malus,Tile:5,Tile:9,Tile:7,Tile:0,Tile:15,Tile:8,Tile:0,Tile:8-Tile:11,Tile:8,Destroy,Tile:13,Tile:9,Tile:4,Tile:8-Tile:6,Tile:14,Map,Tile:3,Tile:5,Tile:0,Tile:10-Tile:hidden2,Tile:hidden1,Tile:nugget
Tile:9_flip 6 5 1
Tile:3_flip 5 6 0
Tile:13 6 6 1
Tile:5 5 4 0
Tile:8 6 7 1
Tile:0 4 5 0
Map 12 7 1
Drop 6 0 0
Destroy 6 6 1
Map 12 3 0
Malus 0 0 1
Destroy 6 7 0
Map 12 3 1
Drop 3 0 0
Tile:11 3 5 1
Map 12 7 0
Tile:9 3 6 1
Drop 6 0 0
Tile:7 4 6 1
Drop 2 0 0
Tile:5_flip 3 7 1
Drop 4 0 0
Tile:8 6 4 1
Drop 5 0 0
Tile:6 7 4 1
Drop 0 0 0
Drop 0 0 1
Drop 5 0 0
Map 12 3 1
Drop 2 0 0
Destroy 5 4 1
Drop 1 0 0
Tile:8 2 7 1
Drop 6 0 0
Drop 3 0 1
Drop 3 0 0
Tile:9 5 4 1
Drop 3 0 0
Tile:5_flip 6 6 1
Drop 6 0 0
Tile:6_flip 3 4 1
Drop 2 0 0
Tile:8 1 7 1
Drop 1 0 0
Tile:8 8 4 1
Drop 3 0 0
Tile:0 0 7 1
Drop 0 0 0
Drop 2 0 1
Drop 2 0 0
Tile:0 2 4 1
Drop 0 0 0
Map 12 3 1
Drop 0 0 0
Drop 0 0 1
GAMEOVER DRAW
# Game ended: Tue Apr 14 19:30:28 EDT 2020
