# Server version 0.08 running on 192.168.2.29:8123
# Game ID: 88
# Board class: Saboteur.SaboteurBoard
# Timeout: 20000
# First Move Timeout: 30000
# Date: Tue Apr 14 22:22:30 EDT 2020
# Player 1: Player-0, 'RandomPlayer', running on localhost
# Player 2: Player-1, 'RandomPlayer', running on localhost
START Player-0 RandomPlayer
START Player-1 RandomPlayer
BoardInit:Tile:5,Tile:11,Tile:7,Map,Map,Malus,Destroy,Tile:0,Tile:6,Tile:2,Tile:0,Tile:8,Tile:1,Tile:5,Tile:7,Destroy,Map,Destroy,Tile:7,Tile:10,Tile:13,Tile:8,Tile:6,Bonus,Tile:0,Tile:3,Tile:14,Tile:7,Map,Bonus,Tile:5,Tile:12,Tile:8,Tile:7,Map,Malus,Tile:4,Tile:10,Tile:9,Bonus,Tile:6-Tile:8,Bonus,Tile:9,Tile:15,Tile:0,Tile:6,Tile:9-Tile:9,Map,Tile:10,Tile:8,Tile:5,Tile:9,Tile:6-Tile:hidden1,Tile:nugget,Tile:hidden2
Tile:6_flip 4 5 1
Tile:6 5 6 0
Tile:0 6 5 1
Tile:8 4 6 0
Drop 2 0 1
Drop 1 0 0
Tile:7_flip 3 6 1
Tile:10 4 7 0
Tile:8 3 5 1
Tile:0 6 6 0
Destroy 4 6 1
Tile:2_flip 7 6 0
Tile:9_flip 7 5 1
Tile:11_flip 4 8 0
Tile:6_flip 7 4 1
Tile:9 3 4 0
Tile:5 3 8 1
Tile:9_flip 4 9 0
Tile:0 4 4 1
Destroy 4 5 0
Drop 4 0 1
Tile:5_flip 4 10 0
Tile:13 3 10 1
Tile:8 3 9 0
Tile:7 8 4 1
Destroy 4 7 0
Tile:6 2 9 1
Tile:10 4 7 0
Tile:15 3 11 1
Drop 2 0 0
Tile:14_flip 3 3 1
Drop 3 0 0
Map 12 7 1
Tile:3_flip 8 5 0
Tile:5 2 5 1
Tile:12 4 3 0
Tile:8 5 4 1
Tile:7_flip 3 12 0
Tile:0 8 6 1
Map 12 5 0
Drop 2 0 1
Drop 2 0 0
Tile:6 6 4 1
Tile:8 9 5 0
Drop 4 0 1
Drop 3 0 0
Tile:1 4 5 1
Drop 2 0 0
Tile:9_flip 2 8 1
Drop 1 0 0
Map 12 3 1
Malus 0 0 0
Map 12 7 1
Drop 0 0 0
Bonus 0 0 1
GAMEOVER DRAW
# Game ended: Tue Apr 14 22:22:30 EDT 2020
