# Server version 0.08 running on 192.168.2.29:8123
# Game ID: 339
# Board class: Saboteur.SaboteurBoard
# Timeout: 20000
# First Move Timeout: 30000
# Date: Wed Apr 15 23:42:09 EDT 2020
# Player 1: Player-0, 'RandomPlayer', running on localhost
# Player 2: Player-1, '260803297', running on localhost
START Player-0 RandomPlayer
START Player-1 260803297
BoardInit:Tile:7,Tile:8,Tile:8,Tile:10,Tile:9,Tile:6,Tile:9,Tile:7,Tile:8,Tile:0,Tile:7,Tile:8,Tile:0,Tile:10,Bonus,Tile:5,Malus,Map,Map,Tile:2,Destroy,Tile:8,Bonus,Tile:5,Tile:13,Tile:1,Tile:7,Malus,Bonus,Map,Map,Tile:14,Tile:6,Tile:3,Destroy,Destroy,Tile:0,Tile:6,Tile:7,Tile:9,Tile:10-Tile:5,Tile:0,Map,Tile:5,Tile:11,Tile:15,Tile:6-Tile:9,Tile:9,Map,Tile:6,Tile:12,Tile:4,Bonus-Tile:nugget,Tile:hidden1,Tile:hidden2
Map 12 3 1
Tile:6_flip 6 5 0
Tile:5_flip 6 6 1
Tile:9 5 4 0
Drop 1 0 1
Tile:9 4 5 0
Tile:11_flip 4 4 1
Drop 4 0 0
Tile:9_flip 5 3 1
Tile:6 3 4 0
Tile:8 4 6 1
Tile:12 6 4 0
Drop 5 0 1
Tile:4_flip 4 7 0
Tile:7_flip 3 6 1
Drop 1 0 0
Drop 2 0 1
Drop 1 0 0
Tile:9 5 2 1
Tile:8 5 1 0
Map 12 7 1
Map 12 5 0
Tile:0 6 2 1
Tile:7_flip 2 4 0
Destroy 4 5 1
Tile:8 7 5 0
Tile:7 3 5 1
Tile:2 4 3 0
Tile:0 6 1 1
Tile:1 2 5 0
Tile:13 5 0 1
Drop 2 0 0
Tile:15 2 3 1
Tile:5_flip 6 0 0
Tile:7_flip 7 6 1
Tile:0 8 6 0
Drop 5 0 1
Destroy 5 2 0
Destroy 5 4 1
Tile:3 9 6 0
Drop 3 0 1
Tile:14 7 1 0
Tile:0 8 5 1
Map 12 7 0
Map 12 5 1
Drop 3 0 0
Tile:7 7 2 1
Tile:9 9 7 0
Drop 2 0 1
Tile:10 7 4 0
Drop 1 0 1
Malus 0 0 0
Bonus 0 0 1
Map 12 7 0
Tile:10 7 3 1
GAMEOVER DRAW
# Game ended: Wed Apr 15 23:42:10 EDT 2020
