# Server version 0.08 running on 192.168.2.29:8123
# Game ID: 159
# Board class: Saboteur.SaboteurBoard
# Timeout: 20000
# First Move Timeout: 30000
# Date: Wed Apr 15 00:58:31 EDT 2020
# Player 1: Player-0, 'RandomPlayer', running on localhost
# Player 2: Player-1, 'RandomPlayer', running on localhost
START Player-0 RandomPlayer
START Player-1 RandomPlayer
BoardInit:Tile:10,Tile:9,Bonus,Bonus,Tile:14,Tile:5,Tile:10,Tile:8,Tile:10,Tile:9,Tile:3,Map,Tile:6,Tile:12,Tile:5,Tile:8,Tile:8,Tile:13,Tile:7,Tile:6,Tile:6,Tile:6,Map,Tile:6,Malus,Tile:4,Tile:7,Tile:9,Destroy,Tile:2,Map,Tile:9,Map,Tile:5,Tile:0,Tile:7,Tile:8,Tile:0,Malus,Tile:1,Tile:11-Tile:0,Map,Tile:15,Tile:5,Tile:7,Tile:0,Tile:9-Tile:7,Tile:8,Map,Destroy,Bonus,Destroy,Bonus-Tile:hidden2,Tile:hidden1,Tile:nugget
Tile:5_flip 6 5 1
Tile:7 5 4 0
Tile:0 4 5 1
Map 12 7 0
Tile:0 3 5 1
Tile:9 6 4 0
Map 12 5 1
Drop 3 0 0
Tile:10 6 3 1
Destroy 5 4 0
Tile:9_flip 5 6 1
Tile:9_flip 5 4 0
Drop 2 0 1
Tile:5 4 6 0
Tile:10 6 2 1
Tile:12_flip 4 4 0
Tile:7 7 4 1
Tile:8 2 5 0
Tile:5_flip 5 7 1
Tile:8 2 6 0
Tile:15 5 3 1
Tile:6 4 7 0
Tile:7 3 6 1
Map 12 5 0
Tile:3_flip 7 5 1
Tile:8 2 7 0
Tile:6 1 7 1
Tile:6_flip 1 6 0
Tile:6_flip 6 1 1
Tile:13 3 7 0
Drop 3 0 1
Tile:2_flip 0 6 0
Map 12 7 1
Tile:9 5 1 0
Malus 0 0 1
Drop 3 0 0
Destroy 6 3 1
Drop 2 0 0
Drop 6 0 1
Bonus 0 0 0
Tile:14 8 5 1
Tile:7_flip 1 5 0
Tile:11_flip 2 8 1
Tile:4 2 4 0
Tile:10 0 5 1
Drop 3 0 0
Tile:7 0 4 1
Tile:1 1 8 0
Tile:8 0 8 1
Tile:9 0 9 0
Map 12 7 1
Tile:5 0 7 0
Malus 0 0 1
Drop 0 0 0
Tile:0 1 9 1
GAMEOVER DRAW
# Game ended: Wed Apr 15 00:58:31 EDT 2020
