# Server version 0.08 running on 192.168.2.29:8123
# Game ID: 250
# Board class: Saboteur.SaboteurBoard
# Timeout: 20000
# First Move Timeout: 30000
# Date: Wed Apr 15 14:30:13 EDT 2020
# Player 1: Player-0, '260803297', running on localhost
# Player 2: Player-1, 'RandomPlayer', running on localhost
START Player-0 260803297
START Player-1 RandomPlayer
BoardInit:Tile:8,Tile:7,Tile:10,Tile:10,Tile:9,Tile:15,Tile:0,Tile:10,Tile:6,Tile:13,Tile:8,Tile:9,Destroy,Malus,Tile:6,Malus,Bonus,Map,Tile:0,Map,Destroy,Tile:8,Tile:6,Tile:9,Tile:6,Tile:4,Bonus,Destroy,Tile:0,Tile:3,Map,Tile:8,Tile:5,Tile:7,Tile:7,Tile:11,Tile:14,Bonus,Tile:5,Tile:6,Tile:7-Tile:12,Tile:9,Tile:1,Map,Tile:0,Tile:9,Tile:7-Tile:5,Bonus,Tile:2,Tile:5,Map,Tile:8,Map-Tile:hidden2,Tile:hidden1,Tile:nugget
Tile:9_flip 5 6 1
Map 12 3 0
Tile:9_flip 5 7 1
Map 12 5 0
Tile:0 6 5 1
Drop 5 0 0
Tile:8 4 7 1
Tile:2_flip 7 5 0
Tile:10 7 4 1
Tile:5_flip 5 8 0
Tile:9_flip 7 3 1
Tile:8 4 8 0
Tile:7 8 5 1
Tile:9 6 3 0
Tile:8 8 6 1
Malus 0 0 0
Destroy 4 8 1
Tile:10 7 2 0
Bonus 0 0 1
Map 12 5 0
Tile:6_flip 4 5 1
Map 12 5 0
Tile:0 3 7 1
Malus 0 0 0
Destroy 4 7 1
Tile:8 5 4 0
Drop 3 0 1
Tile:13 4 6 0
Drop 6 0 1
Tile:15 6 2 0
Map 12 3 1
Destroy 3 7 0
Map 12 3 1
Tile:8 4 8 0
Drop 3 0 1
Tile:5_flip 6 4 0
Drop 3 0 1
Tile:9 4 7 0
Drop 6 0 1
Tile:4_flip 4 9 0
Drop 2 0 1
Tile:6_flip 6 1 0
Drop 0 0 1
Drop 2 0 0
Drop 4 0 1
Tile:11_flip 7 1 0
Drop 2 0 1
Tile:7 5 3 0
Drop 0 0 1
Tile:10 7 0 0
Drop 0 0 1
Drop 0 0 0
Drop 1 0 1
Drop 0 0 0
Drop 0 0 1
GAMEOVER DRAW
# Game ended: Wed Apr 15 14:30:14 EDT 2020
