# Server version 0.08 running on 192.168.2.29:8123
# Game ID: 257
# Board class: Saboteur.SaboteurBoard
# Timeout: 20000
# First Move Timeout: 30000
# Date: Wed Apr 15 23:24:33 EDT 2020
# Player 1: Player-0, 'RandomPlayer', running on localhost
# Player 2: Player-1, '260803297', running on localhost
START Player-0 RandomPlayer
START Player-1 260803297
BoardInit:Tile:7,Malus,Tile:5,Map,Malus,Tile:4,Tile:5,Tile:9,Map,Tile:9,Tile:5,Map,Tile:7,Tile:12,Tile:9,Tile:3,Tile:8,Tile:8,Destroy,Tile:5,Tile:2,Map,Tile:0,Tile:9,Tile:13,Bonus,Tile:6,Tile:6,Tile:6,Tile:8,Tile:11,Tile:8,Bonus,Tile:10,Map,Tile:6,Destroy,Bonus,Tile:0,Bonus,Tile:9-Tile:0,Tile:7,Tile:14,Tile:10,Destroy,Tile:15,Tile:10-Tile:0,Tile:6,Tile:8,Tile:7,Tile:1,Map,Tile:7-Tile:hidden2,Tile:hidden1,Tile:nugget
Tile:10 5 6 1
Map 12 5 0
Tile:14_flip 5 4 1
Tile:6_flip 4 5 0
Tile:0 6 5 1
Tile:1 6 4 0
Malus 0 0 1
Drop 2 0 0
Drop 4 0 1
Map 12 5 0
Map 12 3 1
Malus 0 0 0
Drop 2 0 1
Drop 4 0 0
Drop 6 0 1
Map 12 7 0
Destroy 4 5 1
Drop 5 0 0
Drop 0 0 1
Drop 3 0 0
Destroy 6 4 1
Drop 2 0 0
Drop 6 0 1
Map 12 7 0
Drop 5 0 1
Drop 2 0 0
Drop 6 0 1
Drop 0 0 0
Drop 3 0 1
Drop 6 0 0
Drop 2 0 1
Drop 1 0 0
Drop 6 0 1
Drop 4 0 0
Bonus 0 0 1
Drop 3 0 0
Map 12 5 1
Drop 3 0 0
Tile:0 6 4 1
Drop 0 0 0
Tile:0 7 4 1
Drop 4 0 0
Tile:6 8 4 1
Drop 4 0 0
Tile:10 8 3 1
Drop 3 0 0
Destroy 8 4 1
Drop 1 0 0
Tile:9 5 7 1
Bonus 0 0 0
Tile:6_flip 8 2 1
Tile:8 4 5 0
Tile:5_flip 8 4 1
Tile:8 9 2 0
Tile:9_flip 4 4 1
GAMEOVER DRAW
# Game ended: Wed Apr 15 23:24:34 EDT 2020
