# Server version 0.08 running on 192.168.2.29:8123
# Game ID: 301
# Board class: Saboteur.SaboteurBoard
# Timeout: 20000
# First Move Timeout: 30000
# Date: Wed Apr 15 23:36:08 EDT 2020
# Player 1: Player-0, 'RandomPlayer', running on localhost
# Player 2: Player-1, '260803297', running on localhost
START Player-0 RandomPlayer
START Player-1 260803297
BoardInit:Tile:0,Map,Tile:6,Malus,Tile:13,Tile:12,Tile:8,Tile:14,Map,Tile:8,Tile:10,Tile:5,Tile:7,Tile:7,Tile:6,Bonus,Bonus,Tile:1,Tile:11,Tile:7,Tile:9,Map,Tile:0,Tile:2,Tile:6,Bonus,Tile:8,Tile:5,Tile:10,Tile:5,Tile:0,Tile:9,Malus,Tile:4,Tile:8,Map,Tile:9,Destroy,Bonus,Tile:3,Tile:15-Tile:10,Tile:8,Tile:7,Tile:9,Map,Tile:9,Tile:6-Destroy,Map,Tile:5,Tile:7,Tile:0,Tile:6,Destroy-Tile:nugget,Tile:hidden2,Tile:hidden1
Map 12 3 1
Map 12 7 0
Tile:7_flip 4 5 1
Tile:7_flip 5 6 0
Tile:6_flip 5 4 1
Destroy 5 6 0
Tile:6 6 4 1
Drop 2 0 0
Tile:9 4 4 1
Tile:14_flip 6 3 0
Tile:9_flip 7 4 1
Tile:8 7 5 0
Tile:10 4 3 1
Tile:5_flip 5 6 0
Tile:13 7 3 1
Tile:12_flip 4 6 0
Tile:6_flip 6 5 1
Tile:7 4 2 0
Tile:7_flip 7 6 1
Map 12 7 0
Tile:8 8 3 1
Drop 4 0 0
Tile:11_flip 8 6 1
Destroy 5 4 0
Tile:9_flip 8 7 1
Drop 2 0 0
Tile:10 6 6 1
Tile:2 5 4 0
Tile:0 3 2 1
Tile:0 9 3 0
Tile:8 10 3 1
Tile:5 7 7 0
Tile:8 8 2 1
Drop 6 0 0
Tile:6_flip 8 5 1
Tile:4_flip 6 7 0
Drop 4 0 1
Tile:1 11 3 0
Drop 3 0 1
Destroy 4 4 0
Tile:9_flip 10 2 1
Map 12 3 0
Tile:0 9 2 1
Tile:3 10 1 0
Tile:8 4 4 1
Drop 3 0 0
Map 12 3 1
Tile:7 9 5 0
Tile:15 9 6 1
Map 12 5 0
Malus 0 0 1
Bonus 0 0 0
Drop 0 0 1
Drop 0 0 0
Drop 0 0 1
GAMEOVER DRAW
# Game ended: Wed Apr 15 23:36:09 EDT 2020
