# Server version 0.08 running on 192.168.2.29:8123
# Game ID: 139
# Board class: Saboteur.SaboteurBoard
# Timeout: 20000
# First Move Timeout: 30000
# Date: Wed Apr 15 00:58:03 EDT 2020
# Player 1: Player-0, 'RandomPlayer', running on localhost
# Player 2: Player-1, 'RandomPlayer', running on localhost
START Player-0 RandomPlayer
START Player-1 RandomPlayer
BoardInit:Tile:9,Tile:5,Destroy,Tile:7,Tile:9,Tile:6,Map,Bonus,Tile:3,Tile:9,Map,Tile:0,Tile:0,Tile:0,Tile:10,Malus,Tile:1,Tile:7,Destroy,Tile:4,Bonus,Tile:9,Bonus,Tile:8,Tile:0,Tile:6,Map,Tile:5,Malus,Tile:10,Tile:8,Tile:8,Tile:2,Map,Tile:13,Tile:6,Tile:7,Bonus,Tile:6,Tile:9,Tile:11-Map,Tile:8,Map,Tile:10,Tile:5,Tile:14,Tile:12-Tile:7,Tile:7,Tile:15,Tile:6,Destroy,Tile:5,Tile:8-Tile:hidden2,Tile:nugget,Tile:hidden1
Map 12 5 1
Tile:8 5 4 0
Drop 1 0 1
Drop 5 0 0
Drop 2 0 1
Tile:7_flip 5 6 0
Tile:12 6 5 1
Destroy 6 5 0
Destroy 5 4 1
Tile:6_flip 6 6 0
Tile:8 5 4 1
Tile:6 4 5 0
Tile:3_flip 6 7 1
Drop 2 0 0
Tile:9_flip 5 3 1
Tile:0 6 4 0
Tile:10 5 2 1
Drop 1 0 0
Tile:1 7 4 1
Tile:9_flip 7 6 0
Map 12 5 1
Tile:7 8 4 0
Map 12 7 1
Tile:0 4 3 0
Tile:14 8 5 1
Tile:8 3 5 0
Destroy 5 6 1
Tile:4 5 1 0
Drop 3 0 1
Tile:5 7 5 0
Tile:0 3 3 1
Tile:9 2 3 0
Tile:8 7 7 1
Tile:6 5 6 0
Tile:9_flip 7 8 1
Tile:8 8 7 0
Tile:2_flip 7 9 1
Tile:7_flip 2 5 0
Tile:0 6 9 1
Tile:6_flip 2 2 0
Tile:7 9 7 1
Tile:7_flip 5 9 0
Tile:11_flip 9 8 1
Map 12 5 0
Tile:6_flip 1 2 1
Drop 3 0 0
Drop 1 0 1
Tile:9_flip 1 3 0
Tile:13 2 4 1
Tile:10 5 8 0
Tile:10 3 6 1
Malus 0 0 0
Malus 0 0 1
Drop 0 0 0
Map 12 5 1
GAMEOVER DRAW
# Game ended: Wed Apr 15 00:58:03 EDT 2020
