# Server version 0.08 running on 192.168.2.29:8123
# Game ID: 40
# Board class: Saboteur.SaboteurBoard
# Timeout: 20000
# First Move Timeout: 30000
# Date: Tue Apr 14 19:30:25 EDT 2020
# Player 1: Player-0, 'RandomPlayer', running on localhost
# Player 2: Player-1, 'RandomPlayer', running on localhost
START Player-0 RandomPlayer
START Player-1 RandomPlayer
BoardInit:Tile:15,Bonus,Tile:0,Tile:8,Map,Destroy,Tile:6,Tile:8,Bonus,Malus,Tile:9,Tile:6,Tile:2,Tile:0,Tile:5,Tile:9,Bonus,Tile:6,Map,Map,Tile:1,Tile:8,Tile:7,Tile:0,Tile:11,Tile:14,Tile:10,Bonus,Destroy,Tile:8,Map,Tile:7,Tile:6,Tile:13,Tile:7,Tile:5,Malus,Tile:9,Map,Tile:5,Tile:9-Tile:6,Tile:4,Tile:7,Tile:0,Tile:12,Tile:10,Tile:3-Tile:5,Tile:7,Tile:9,Map,Tile:8,Tile:10,Destroy-Tile:hidden1,Tile:hidden2,Tile:nugget
Tile:6 6 5 1
Tile:7_flip 4 5 0
Tile:3 6 4 1
Tile:9_flip 5 6 0
Tile:0 4 6 1
Tile:8 5 7 0
Tile:4_flip 5 8 1
Tile:5_flip 7 5 0
Tile:15 7 4 1
Tile:8 4 4 0
Tile:6_flip 5 4 1
Destroy 6 5 0
Map 12 3 1
Tile:8 7 3 0
Tile:2_flip 3 4 1
Destroy 4 5 0
Tile:9 2 4 1
Tile:0 6 7 0
Tile:7_flip 4 5 1
Tile:6 8 3 0
Tile:0 6 3 1
Tile:9_flip 9 3 0
Map 12 7 1
Tile:8 2 3 0
Tile:10 8 2 1
Tile:6 6 5 0
Tile:11 9 2 1
Tile:14_flip 1 3 0
Drop 4 0 1
Map 12 5 0
Tile:10 7 2 1
Tile:0 5 3 0
Tile:5_flip 2 5 1
Tile:8 8 1 0
Tile:6_flip 8 0 1
Map 12 3 0
Tile:7 2 2 1
Tile:13 7 7 0
Tile:7_flip 9 4 1
Tile:7 8 7 0
Destroy 9 3 1
Tile:5 4 3 0
Tile:9_flip 3 3 1
Tile:9_flip 10 2 0
Drop 4 0 1
Drop 3 0 0
Tile:12_flip 1 2 1
Tile:10 10 1 0
Drop 2 0 1
Tile:5_flip 1 4 0
Map 12 3 1
Malus 0 0 0
Drop 0 0 1
Drop 0 0 0
Bonus 0 0 1
GAMEOVER DRAW
# Game ended: Tue Apr 14 19:30:25 EDT 2020
