# Server version 0.08 running on 192.168.2.29:8123
# Game ID: 243
# Board class: Saboteur.SaboteurBoard
# Timeout: 20000
# First Move Timeout: 30000
# Date: Wed Apr 15 14:04:41 EDT 2020
# Player 1: Player-0, '260803297', running on localhost
# Player 2: Player-1, 'RandomPlayer', running on localhost
START Player-0 260803297
START Player-1 RandomPlayer
BoardInit:Tile:14,Map,Tile:9,Malus,Bonus,Tile:9,Tile:9,Tile:8,Tile:0,Tile:7,Tile:11,Bonus,Tile:5,Tile:7,Tile:3,Malus,Destroy,Map,Tile:7,Tile:12,Bonus,Tile:6,Tile:7,Tile:1,Tile:0,Bonus,Tile:5,Tile:9,Tile:7,Tile:9,Tile:5,Tile:8,Map,Destroy,Tile:15,Tile:4,Tile:10,Tile:5,Tile:13,Tile:10,Tile:6-Tile:10,Tile:6,Tile:8,Map,Tile:2,Destroy,Tile:8-Tile:0,Tile:6,Tile:8,Map,Map,Tile:6,Tile:0-Tile:hidden2,Tile:hidden1,Tile:nugget
Tile:2_flip 6 5 1
Map 12 3 0
Destroy 6 5 1
Map 12 5 0
Tile:8 4 5 1
Map 12 5 0
Tile:8 3 5 1
Malus 0 0 0
Map 12 7 1
Tile:9 2 5 0
Bonus 0 0 1
Drop 1 0 0
Tile:0 6 5 1
Tile:8 5 4 0
Tile:9_flip 5 6 1
Tile:6 4 6 0
Drop 4 0 1
Malus 0 0 0
Drop 3 0 1
Map 12 5 0
Destroy 4 5 1
Tile:7 5 3 0
Drop 3 0 1
Tile:7 7 5 0
Drop 5 0 1
Tile:8 4 5 0
Drop 0 0 1
Drop 1 0 0
Drop 5 0 1
Tile:12 6 4 0
Drop 0 0 1
Tile:9_flip 5 7 0
Drop 6 0 1
Tile:1 4 7 0
Drop 3 0 1
Tile:8 4 3 0
Drop 2 0 1
Tile:9 4 4 0
Map 12 5 1
Destroy 4 4 0
Drop 2 0 1
Tile:5_flip 5 8 0
Drop 0 0 1
Tile:4 3 4 0
Drop 4 0 1
Tile:0 4 8 0
Drop 2 0 1
Drop 0 0 0
Drop 0 0 1
Drop 2 0 0
Drop 0 0 1
Tile:6 3 7 0
Drop 1 0 1
Drop 0 0 0
Drop 0 0 1
GAMEOVER DRAW
# Game ended: Wed Apr 15 14:04:42 EDT 2020
