# Server version 0.08 running on 192.168.2.29:8123
# Game ID: 277
# Board class: Saboteur.SaboteurBoard
# Timeout: 20000
# First Move Timeout: 30000
# Date: Wed Apr 15 23:28:18 EDT 2020
# Player 1: Player-0, 'RandomPlayer', running on localhost
# Player 2: Player-1, '260803297', running on localhost
START Player-0 RandomPlayer
START Player-1 260803297
BoardInit:Tile:0,Tile:8,Tile:7,Tile:12,Tile:1,Tile:2,Tile:5,Tile:0,Map,Tile:6,Destroy,Tile:0,Destroy,Tile:9,Tile:8,Tile:5,Tile:9,Tile:10,Tile:6,Tile:6,Tile:4,Tile:7,Tile:6,Tile:9,Malus,Tile:14,Bonus,Tile:9,Tile:7,Tile:3,Map,Tile:8,Bonus,Tile:8,Tile:7,Map,Map,Bonus,Tile:5,Tile:10,Tile:11-Destroy,Tile:0,Map,Tile:8,Bonus,Tile:6,Malus-Tile:13,Tile:15,Map,Tile:9,Tile:10,Tile:7,Tile:5-Tile:nugget,Tile:hidden1,Tile:hidden2
Map 12 3 1
Tile:7_flip 5 6 0
Tile:0 4 5 1
Tile:13 5 4 0
Tile:6 6 4 1
Tile:5 5 3 0
Drop 1 0 1
Tile:9_flip 7 4 0
Tile:7_flip 4 4 1
Tile:2_flip 6 6 0
Drop 0 0 1
Tile:10 7 3 0
Tile:1 7 6 1
Tile:15 4 3 0
Drop 2 0 1
Tile:9_flip 8 6 0
Map 12 3 1
Tile:12_flip 3 5 0
Tile:9 4 2 1
Drop 1 0 0
Drop 1 0 1
Tile:6 5 2 0
Tile:5 7 2 1
Tile:5_flip 6 2 0
Tile:6_flip 6 5 1
Tile:10 4 1 0
Tile:6 8 7 1
Tile:9_flip 8 5 0
Destroy 7 4 1
Tile:14_flip 6 1 0
Destroy 5 3 1
Tile:0 8 2 0
Tile:8 4 0 1
Tile:6 7 4 0
Tile:4 5 1 1
Tile:8 3 0 0
Tile:7 8 4 1
Tile:3 9 7 0
Tile:7 6 3 1
Tile:0 7 5 0
Map 12 5 1
Drop 2 0 0
Tile:11_flip 3 1 1
Map 12 7 0
Drop 5 0 1
Tile:7_flip 9 8 0
Drop 4 0 1
Map 12 3 0
Drop 3 0 1
Drop 2 0 0
Drop 1 0 1
Tile:8 2 0 0
Drop 0 0 1
Drop 0 0 0
Drop 0 0 1
GAMEOVER DRAW
# Game ended: Wed Apr 15 23:28:20 EDT 2020
