# Server version 0.08 running on 192.168.2.29:8123
# Game ID: 202
# Board class: Saboteur.SaboteurBoard
# Timeout: 20000
# First Move Timeout: 30000
# Date: Wed Apr 15 01:02:00 EDT 2020
# Player 1: Player-0, 'RandomPlayer', running on localhost
# Player 2: Player-1, 'RandomPlayer', running on localhost
START Player-0 RandomPlayer
START Player-1 RandomPlayer
BoardInit:Tile:0,Tile:1,Tile:0,Tile:5,Map,Tile:8,Bonus,Tile:3,Tile:2,Tile:13,Tile:10,Tile:6,Tile:6,Tile:9,Bonus,Tile:7,Bonus,Tile:5,Tile:7,Tile:8,Tile:7,Tile:8,Tile:6,Malus,Map,Tile:10,Tile:0,Tile:6,Tile:4,Tile:9,Tile:6,Tile:9,Tile:8,Map,Tile:9,Tile:12,Tile:14,Tile:8,Tile:5,Tile:9,Destroy-Destroy,Tile:0,Bonus,Map,Destroy,Tile:7,Tile:7-Map,Tile:15,Tile:5,Map,Tile:11,Malus,Tile:10-Tile:nugget,Tile:hidden1,Tile:hidden2
Tile:0 6 5 1
Drop 3 0 0
Drop 5 0 1
Tile:1 4 5 0
Tile:0 3 5 1
Tile:5_flip 7 5 0
Destroy 3 5 1
Tile:5 5 4 0
Drop 3 0 1
Tile:11 7 4 0
Drop 3 0 1
Drop 4 0 0
Tile:2 3 5 1
Tile:13 5 6 0
Drop 3 0 1
Tile:9 7 3 0
Tile:6_flip 8 4 1
Tile:6_flip 4 6 0
Map 12 5 1
Map 12 7 0
Tile:7_flip 4 7 1
Tile:7_flip 8 5 0
Tile:7 6 6 1
Tile:8 5 7 0
Tile:6 3 6 1
Drop 4 0 0
Tile:10 7 2 1
Drop 3 0 0
Drop 3 0 1
Malus 0 0 0
Drop 0 0 1
Tile:9 2 6 0
Destroy 2 6 1
Tile:6_flip 7 1 0
Bonus 0 0 1
Drop 4 0 0
Tile:6_flip 8 1 1
Drop 3 0 0
Tile:9 8 2 1
Tile:8 6 7 0
Tile:0 9 4 1
Tile:8 6 8 0
Tile:5_flip 8 3 1
Tile:10 6 9 0
Tile:14 9 2 1
Drop 3 0 0
Destroy 5 7 1
Tile:9_flip 6 10 0
Map 12 3 1
Drop 2 0 0
Tile:4_flip 6 11 1
Map 12 7 0
Tile:8 2 5 1
Drop 0 0 0
Drop 0 0 1
GAMEOVER DRAW
# Game ended: Wed Apr 15 01:02:00 EDT 2020
