# Server version 0.08 running on 192.168.2.29:8123
# Game ID: 128
# Board class: Saboteur.SaboteurBoard
# Timeout: 20000
# First Move Timeout: 30000
# Date: Tue Apr 14 22:23:22 EDT 2020
# Player 1: Player-0, 'RandomPlayer', running on localhost
# Player 2: Player-1, 'RandomPlayer', running on localhost
START Player-0 RandomPlayer
START Player-1 RandomPlayer
BoardInit:Tile:6,Tile:8,Tile:7,Tile:8,Tile:10,Tile:4,Tile:13,Tile:7,Tile:6,Tile:1,Tile:9,Tile:7,Destroy,Tile:9,Tile:8,Bonus,Tile:8,Tile:7,Tile:3,Malus,Bonus,Tile:0,Bonus,Tile:8,Tile:12,Tile:6,Tile:6,Destroy,Tile:7,Malus,Map,Map,Map,Tile:5,Map,Bonus,Tile:6,Tile:11,Tile:15,Destroy,Tile:2-Tile:9,Map,Tile:0,Map,Tile:0,Tile:5,Tile:5-Tile:9,Tile:5,Tile:0,Tile:14,Tile:10,Tile:10,Tile:9-Tile:nugget,Tile:hidden2,Tile:hidden1
Tile:5 5 4 1
Tile:0 6 5 0
Tile:0 7 5 1
Tile:9 5 6 0
Tile:0 4 5 1
Tile:14 8 5 0
Drop 4 0 1
Tile:8 8 4 0
Tile:7 8 3 1
Tile:5_flip 6 4 0
Tile:10 5 7 1
Tile:7_flip 7 4 0
Tile:5 7 3 1
Tile:10 6 3 0
Tile:13 3 5 1
Tile:7_flip 2 5 0
Tile:9_flip 3 4 1
Tile:9 3 3 0
Drop 3 0 1
Tile:7 6 6 0
Tile:8 2 4 1
Tile:1 1 4 0
Tile:8 4 3 1
Tile:8 4 2 0
Destroy 3 3 1
Tile:9 3 3 0
Tile:3_flip 6 7 1
Tile:6 3 6 0
Tile:12_flip 2 6 1
Tile:4 4 1 0
Map 12 3 1
Destroy 3 6 0
Tile:6 5 2 1
Map 12 3 0
Map 12 5 1
Tile:5_flip 3 6 0
Tile:6_flip 9 4 1
Drop 3 0 0
Tile:7_flip 9 5 1
Tile:8 6 2 0
Tile:6 10 5 1
Tile:11 3 2 0
Tile:2 0 4 1
Tile:10 5 8 0
Tile:15 2 3 1
Drop 3 0 0
Map 12 3 1
Destroy 7 3 0
Drop 2 0 1
Drop 1 0 0
Map 12 3 1
Malus 0 0 0
Drop 0 0 1
Drop 0 0 0
Bonus 0 0 1
GAMEOVER DRAW
# Game ended: Tue Apr 14 22:23:22 EDT 2020
