# Server version 0.08 running on 192.168.2.29:8123
# Game ID: 266
# Board class: Saboteur.SaboteurBoard
# Timeout: 20000
# First Move Timeout: 30000
# Date: Wed Apr 15 23:27:03 EDT 2020
# Player 1: Player-0, 'RandomPlayer', running on localhost
# Player 2: Player-1, '260803297', running on localhost
START Player-0 RandomPlayer
START Player-1 260803297
BoardInit:Bonus,Tile:10,Map,Bonus,Tile:0,Destroy,Malus,Destroy,Tile:8,Map,Tile:9,Tile:10,Map,Tile:7,Tile:7,Tile:5,Bonus,Tile:4,Tile:11,Tile:3,Tile:6,Tile:9,Tile:8,Tile:13,Tile:0,Map,Tile:7,Tile:9,Tile:12,Malus,Tile:9,Tile:6,Tile:5,Tile:9,Bonus,Tile:8,Tile:7,Map,Map,Tile:2,Tile:15-Destroy,Tile:1,Tile:14,Tile:5,Tile:5,Tile:8,Tile:0-Tile:10,Tile:7,Tile:0,Tile:6,Tile:6,Tile:8,Tile:6-Tile:hidden2,Tile:nugget,Tile:hidden1
Tile:5 4 5 1
Tile:6 4 6 0
Drop 1 0 1
Tile:6 6 5 0
Map 12 3 1
Drop 4 0 0
Tile:0 3 6 1
Destroy 3 6 0
Malus 0 0 1
Destroy 4 6 0
Destroy 6 5 1
Drop 1 0 0
Tile:8 5 4 1
Drop 6 0 0
Map 12 5 1
Map 12 5 0
Drop 0 0 1
Drop 1 0 0
Tile:0 4 4 1
Drop 3 0 0
Tile:11_flip 4 6 1
Drop 2 0 0
Tile:5_flip 6 5 1
Drop 0 0 0
Tile:6_flip 6 4 1
Drop 2 0 0
Tile:9 4 7 1
Drop 3 0 0
Tile:7 5 3 1
Drop 4 0 0
Tile:12_flip 3 6 1
Drop 3 0 0
Tile:9 3 4 1
Malus 0 0 0
Drop 5 0 1
Drop 3 0 0
Drop 4 0 1
Drop 3 0 0
Drop 5 0 1
Map 12 5 0
Drop 2 0 1
Drop 2 0 0
Drop 6 0 1
Drop 1 0 0
Map 12 5 1
Drop 3 0 0
Drop 0 0 1
Drop 0 0 0
Drop 3 0 1
Drop 2 0 0
Drop 0 0 1
Drop 0 0 0
Drop 1 0 1
Drop 0 0 0
Drop 0 0 1
GAMEOVER DRAW
# Game ended: Wed Apr 15 23:27:24 EDT 2020
