# Server version 0.08 running on 192.168.2.29:8123
# Game ID: 63
# Board class: Saboteur.SaboteurBoard
# Timeout: 20000
# First Move Timeout: 30000
# Date: Tue Apr 14 19:31:06 EDT 2020
# Player 1: Player-0, 'RandomPlayer', running on localhost
# Player 2: Player-1, 'RandomPlayer', running on localhost
START Player-0 RandomPlayer
START Player-1 RandomPlayer
BoardInit:Destroy,Tile:7,Tile:9,Tile:1,Malus,Map,Tile:7,Tile:0,Tile:6,Tile:13,Tile:0,Map,Bonus,Tile:9,Tile:12,Tile:10,Map,Destroy,Map,Tile:0,Tile:8,Tile:5,Tile:7,Bonus,Map,Tile:9,Tile:0,Tile:6,Tile:5,Tile:9,Tile:8,Tile:14,Tile:9,Tile:10,Tile:6,Tile:11,Tile:4,Tile:2,Map,Tile:5,Bonus-Tile:5,Destroy,Tile:8,Tile:7,Tile:8,Tile:7,Tile:10-Tile:6,Tile:3,Tile:6,Bonus,Malus,Tile:8,Tile:15-Tile:hidden1,Tile:nugget,Tile:hidden2
Tile:5 4 5 1
Tile:6 5 6 0
Tile:7_flip 4 6 1
Tile:6 6 6 0
Destroy 5 6 1
Tile:7 6 5 0
Tile:8 5 6 1
Tile:3 7 6 0
Drop 0 0 1
Drop 1 0 0
Tile:10 5 4 1
Tile:8 5 3 0
Tile:9_flip 6 3 1
Map 12 3 0
Tile:0 4 3 1
Tile:9_flip 7 7 0
Tile:6_flip 6 7 1
Drop 6 0 0
Destroy 5 4 1
Destroy 4 3 0
Map 12 5 1
Tile:15 5 4 0
Tile:7_flip 6 8 1
Tile:13 7 8 0
Drop 4 0 1
Tile:0 4 3 0
Tile:8 6 2 1
Tile:9 7 9 0
Tile:7_flip 7 10 1
Map 12 5 0
Malus 0 0 1
Drop 4 0 0
Tile:0 7 2 1
Drop 4 0 0
Tile:9 5 2 1
Drop 0 0 0
Drop 6 0 1
Drop 3 0 0
Tile:8 3 3 1
Drop 6 0 0
Tile:5_flip 8 2 1
Drop 2 0 0
Tile:4_flip 3 4 1
Drop 1 0 0
Tile:7_flip 6 4 1
Drop 3 0 0
Tile:12 8 10 1
Drop 0 0 0
Drop 2 0 1
Drop 2 0 0
Map 12 3 1
Drop 0 0 0
Drop 1 0 1
Drop 0 0 0
Drop 0 0 1
GAMEOVER DRAW
# Game ended: Tue Apr 14 19:31:06 EDT 2020
