# Server version 0.08 running on 192.168.2.29:8123
# Game ID: 157
# Board class: Saboteur.SaboteurBoard
# Timeout: 20000
# First Move Timeout: 30000
# Date: Wed Apr 15 00:58:28 EDT 2020
# Player 1: Player-0, 'RandomPlayer', running on localhost
# Player 2: Player-1, 'RandomPlayer', running on localhost
START Player-0 RandomPlayer
START Player-1 RandomPlayer
BoardInit:Map,Bonus,Tile:5,Malus,Tile:11,Destroy,Tile:7,Tile:13,Tile:5,Tile:9,Tile:15,Tile:6,Map,Tile:8,Tile:14,Bonus,Tile:8,Map,Tile:6,Tile:7,Tile:3,Map,Tile:1,Tile:10,Tile:7,Tile:9,Tile:5,Bonus,Malus,Tile:9,Destroy,Tile:6,Tile:0,Tile:9,Map,Tile:0,Tile:7,Tile:8,Bonus,Tile:6,Tile:12-Tile:8,Destroy,Tile:10,Tile:9,Tile:10,Tile:0,Tile:2-Tile:7,Tile:4,Tile:5,Tile:0,Tile:8,Tile:6,Map-Tile:nugget,Tile:hidden1,Tile:hidden2
Tile:8 5 6 1
Tile:5 5 4 0
Tile:10 5 7 1
Tile:6 6 6 0
Tile:2 4 6 1
Tile:7 6 5 0
Tile:0 6 4 1
Tile:4_flip 5 8 0
Tile:9_flip 7 4 1
Destroy 4 6 0
Tile:11 4 5 1
Tile:9_flip 7 3 0
Tile:7 4 4 1
Tile:13 7 2 0
Tile:10 7 1 1
Tile:6 6 3 0
Destroy 6 5 1
Tile:8 7 5 0
Drop 5 0 1
Tile:8 8 2 0
Drop 3 0 1
Tile:7 8 5 0
Tile:6 7 6 1
Malus 0 0 0
Map 12 7 1
Tile:10 8 3 0
Drop 3 0 1
Map 12 3 0
Drop 4 0 1
Tile:9 6 2 0
Drop 3 0 1
Drop 0 0 0
Destroy 8 2 1
Map 12 7 0
Drop 4 0 1
Tile:6_flip 6 5 0
Malus 0 0 1
Drop 5 0 0
Map 12 7 1
Bonus 0 0 0
Drop 2 0 1
Tile:8 8 2 0
Bonus 0 0 1
Map 12 5 0
Tile:5 8 1 1
Tile:6_flip 7 0 0
Tile:7 9 2 1
Tile:0 6 0 0
Tile:5 5 0 1
Tile:9_flip 8 6 0
Tile:0 5 3 1
Drop 0 0 0
Tile:12 8 0 1
Drop 0 0 0
Map 12 5 1
GAMEOVER DRAW
# Game ended: Wed Apr 15 00:58:29 EDT 2020
