# Server version 0.08 running on 192.168.2.29:8123
# Game ID: 226
# Board class: Saboteur.SaboteurBoard
# Timeout: 20000
# First Move Timeout: 30000
# Date: Wed Apr 15 01:02:35 EDT 2020
# Player 1: Player-0, 'RandomPlayer', running on localhost
# Player 2: Player-1, 'RandomPlayer', running on localhost
START Player-0 RandomPlayer
START Player-1 RandomPlayer
BoardInit:Bonus,Tile:15,Tile:1,Tile:9,Bonus,Map,Map,Tile:11,Tile:8,Tile:5,Malus,Tile:6,Tile:9,Tile:0,Tile:3,Tile:4,Tile:7,Tile:5,Tile:8,Malus,Bonus,Destroy,Tile:6,Tile:9,Tile:6,Map,Tile:0,Destroy,Tile:9,Tile:0,Tile:8,Tile:0,Tile:10,Tile:5,Tile:7,Tile:8,Tile:8,Tile:6,Tile:6,Tile:2,Tile:9-Tile:7,Map,Destroy,Map,Tile:12,Bonus,Map-Tile:5,Tile:7,Tile:14,Tile:10,Tile:13,Tile:7,Tile:10-Tile:nugget,Tile:hidden2,Tile:hidden1
Map 12 5 1
Tile:7_flip 5 6 0
Drop 1 0 1
Tile:10 5 4 0
Tile:12 6 5 1
Tile:9 4 5 0
Tile:7 5 3 1
Tile:5_flip 4 6 0
Map 12 5 1
Map 12 5 0
Map 12 3 1
Drop 4 0 0
Tile:1 3 6 1
Tile:6 2 6 0
Tile:9_flip 4 4 1
Drop 3 0 0
Tile:8 4 3 1
Tile:14_flip 2 5 0
Map 12 3 1
Tile:11 1 6 0
Tile:3 1 5 1
Tile:13 3 3 0
Drop 5 0 1
Destroy 1 6 0
Tile:6_flip 0 5 1
Drop 2 0 0
Drop 3 0 1
Tile:5_flip 3 5 0
Drop 2 0 1
Destroy 4 5 0
Tile:9 3 4 1
Tile:7 3 2 0
Tile:8 1 6 1
Tile:4_flip 1 7 0
Tile:0 2 3 1
Tile:0 6 6 0
Tile:7_flip 2 2 1
Malus 0 0 0
Bonus 0 0 1
Tile:6 0 6 0
Drop 0 0 1
Tile:0 7 6 0
Tile:6 8 6 1
Tile:9 4 5 0
Tile:9_flip 2 1 1
Drop 3 0 0
Tile:8 9 6 1
Tile:2_flip 1 1 0
Tile:7 2 0 1
Tile:5 0 1 0
Tile:6 1 3 1
Tile:5_flip 10 6 0
Tile:10 10 5 1
Map 12 7 0
Drop 0 0 1
GAMEOVER DRAW
# Game ended: Wed Apr 15 01:02:36 EDT 2020
