# Server version 0.08 running on 192.168.2.29:8123
# Game ID: 41
# Board class: Saboteur.SaboteurBoard
# Timeout: 20000
# First Move Timeout: 30000
# Date: Tue Apr 14 19:30:26 EDT 2020
# Player 1: Player-0, 'RandomPlayer', running on localhost
# Player 2: Player-1, 'RandomPlayer', running on localhost
START Player-0 RandomPlayer
START Player-1 RandomPlayer
BoardInit:Tile:14,Tile:8,Tile:10,Map,Tile:2,Destroy,Map,Tile:10,Map,Tile:5,Tile:5,Tile:9,Tile:6,Tile:9,Tile:0,Tile:4,Tile:6,Tile:9,Tile:8,Tile:8,Tile:6,Tile:8,Tile:7,Tile:7,Map,Map,Tile:5,Tile:6,Tile:9,Map,Tile:10,Tile:7,Malus,Tile:12,Tile:6,Tile:3,Tile:8,Bonus,Bonus,Tile:0,Tile:15-Malus,Bonus,Bonus,Tile:0,Tile:9,Tile:11,Tile:7-Destroy,Tile:1,Destroy,Tile:13,Tile:0,Tile:5,Tile:7-Tile:hidden2,Tile:hidden1,Tile:nugget
Tile:0 4 5 1
Drop 2 0 0
Drop 1 0 1
Drop 1 0 0
Tile:9_flip 5 6 1
Tile:7_flip 5 7 0
Drop 2 0 1
Destroy 5 6 0
Map 12 7 1
Tile:5_flip 6 5 0
Map 12 7 1
Tile:13 6 7 0
Tile:10 6 4 1
Tile:9_flip 6 3 0
Tile:14_flip 6 2 1
Tile:8 5 3 0
Tile:2 7 2 1
Tile:10 5 2 0
Tile:6_flip 3 5 1
Tile:9 5 1 0
Tile:6_flip 7 7 1
Tile:9_flip 8 7 0
Tile:8 5 0 1
Tile:0 6 0 0
Tile:7_flip 7 8 1
Destroy 6 2 0
Tile:5 6 6 1
Tile:5 8 6 0
Drop 0 0 1
Drop 0 0 0
Tile:7_flip 3 6 1
Tile:6 8 8 0
Tile:6_flip 4 6 1
Tile:7 9 8 0
Drop 3 0 1
Map 12 3 0
Tile:9 7 3 1
Tile:8 4 0 0
Tile:6_flip 2 5 1
Tile:7_flip 7 4 0
Tile:0 9 6 1
Tile:8 1 5 0
Tile:10 4 1 1
Tile:0 10 6 0
Drop 4 0 1
Map 12 7 0
Map 12 7 1
Tile:3 8 2 0
Tile:8 8 4 1
Tile:12 7 6 0
Malus 0 0 1
Bonus 0 0 0
Tile:15 5 4 1
Drop 0 0 0
Drop 0 0 1
GAMEOVER DRAW
# Game ended: Tue Apr 14 19:30:27 EDT 2020
