# Server version 0.08 running on 192.168.0.168:8123
# Game ID: 37
# Board class: Saboteur.SaboteurBoard
# Timeout: 20000
# First Move Timeout: 30000
# Date: Wed Apr 15 00:01:34 EDT 2020
# Player 1: Player-0, '260803297', running on localhost
# Player 2: Player-1, 'RandomPlayer', running on localhost
START Player-0 260803297
START Player-1 RandomPlayer
BoardInit:Bonus,Tile:0,Tile:10,Map,Destroy,Tile:13,Tile:9,Tile:8,Bonus,Tile:0,Map,Tile:8,Tile:6,Destroy,Tile:10,Malus,Map,Tile:4,Tile:5,Tile:5,Tile:15,Malus,Tile:14,Tile:7,Tile:2,Tile:8,Bonus,Tile:7,Tile:9,Map,Tile:5,Tile:8,Tile:10,Tile:7,Tile:0,Tile:0,Tile:8,Tile:9,Tile:9,Destroy,Map-Bonus,Tile:1,Tile:9,Tile:5,Tile:6,Tile:3,Tile:6-Tile:7,Map,Tile:6,Tile:7,Tile:12,Tile:11,Tile:6-Tile:hidden2,Tile:nugget,Tile:hidden1
Tile:5_flip 5 6 1
Tile:12_flip 4 6 0
Tile:6_flip 5 4 1
Drop 5 0 0
Tile:3_flip 4 4 1
Tile:7 6 5 0
Destroy 4 6 1
Map 12 5 0
Drop 0 0 1
Tile:6 4 6 0
Drop 2 0 1
Tile:0 6 4 0
Tile:9 6 6 1
Drop 4 0 0
Map 12 5 1
Destroy 4 4 0
Tile:9 4 5 1
Tile:8 4 4 0
Tile:6 7 6 1
Drop 1 0 0
Map 12 3 1
Tile:7_flip 3 4 0
Tile:1 7 4 1
Drop 5 0 0
Drop 4 0 1
Tile:7 3 3 0
Tile:2 8 4 1
Malus 0 0 0
Drop 4 0 1
Tile:13 8 5 0
Bonus 0 0 1
Tile:7 9 4 0
Tile:9 2 3 1
Map 12 7 0
Tile:5_flip 9 5 1
Drop 2 0 0
Tile:10 6 7 1
Map 12 3 0
Drop 2 0 1
Tile:7_flip 3 6 0
Tile:10 2 2 1
Tile:8 8 6 0
Drop 0 0 1
Tile:9 4 3 0
Drop 4 0 1
Tile:4_flip 2 4 0
Tile:10 6 8 1
Destroy 5 4 0
Tile:8 5 4 1
Tile:0 9 6 0
Drop 1 0 1
Tile:8 5 3 0
Map 12 3 1
Tile:0 10 6 0
Drop 0 0 1
GAMEOVER DRAW
# Game ended: Wed Apr 15 00:01:34 EDT 2020
