# Server version 0.08 running on 192.168.2.29:8123
# Game ID: 194
# Board class: Saboteur.SaboteurBoard
# Timeout: 20000
# First Move Timeout: 30000
# Date: Wed Apr 15 01:01:48 EDT 2020
# Player 1: Player-0, 'RandomPlayer', running on localhost
# Player 2: Player-1, 'RandomPlayer', running on localhost
START Player-0 RandomPlayer
START Player-1 RandomPlayer
BoardInit:Destroy,Tile:9,Tile:13,Tile:3,Tile:0,Tile:6,Tile:0,Malus,Tile:11,Bonus,Tile:7,Tile:1,Tile:7,Tile:8,Tile:6,Map,Map,Tile:10,Tile:5,Tile:8,Tile:6,Tile:9,Tile:15,Destroy,Tile:6,Tile:10,Tile:6,Map,Malus,Tile:8,Map,Tile:4,Map,Bonus,Tile:9,Tile:5,Tile:2,Tile:9,Bonus,Bonus,Tile:0-Tile:14,Destroy,Map,Tile:7,Tile:0,Tile:8,Tile:8-Tile:9,Tile:12,Tile:5,Tile:10,Tile:7,Tile:5,Tile:7-Tile:nugget,Tile:hidden2,Tile:hidden1
Drop 3 0 1
Tile:5 4 5 0
Map 12 3 1
Tile:10 5 6 0
Tile:0 6 5 1
Tile:5 5 4 0
Tile:14 6 4 1
Tile:6_flip 6 3 0
Tile:8 7 5 1
Tile:9_flip 5 7 0
Tile:13 7 6 1
Malus 0 0 0
Destroy 5 6 1
Drop 6 0 0
Destroy 7 6 1
Tile:9 5 6 0
Drop 5 0 1
Drop 5 0 0
Drop 3 0 1
Tile:3 7 3 0
Map 12 7 1
Tile:12_flip 5 3 0
Drop 0 0 1
Tile:9_flip 5 8 0
Drop 2 0 1
Map 12 5 0
Drop 0 0 1
Tile:8 5 9 0
Drop 5 0 1
Drop 2 0 0
Drop 1 0 1
Tile:8 8 5 0
Map 12 7 1
Tile:10 7 4 0
Drop 4 0 1
Tile:10 5 10 0
Map 12 7 1
Tile:5 4 9 0
Drop 0 0 1
Tile:4_flip 4 6 0
Drop 4 0 1
Destroy 7 5 0
Bonus 0 0 1
Tile:7_flip 8 6 0
Tile:2_flip 4 8 1
Tile:9_flip 9 5 0
Tile:6_flip 4 7 1
Tile:7_flip 5 11 0
Tile:0 3 7 1
Map 12 7 0
Tile:15 4 10 1
Drop 0 0 0
Tile:5 3 8 1
Drop 0 0 0
Malus 0 0 1
GAMEOVER DRAW
# Game ended: Wed Apr 15 01:01:48 EDT 2020
