# Server version 0.08 running on 192.168.2.29:8123
# Game ID: 346
# Board class: Saboteur.SaboteurBoard
# Timeout: 20000
# First Move Timeout: 30000
# Date: Wed Apr 15 23:42:27 EDT 2020
# Player 1: Player-0, '260803297', running on localhost
# Player 2: Player-1, 'RandomPlayer', running on localhost
START Player-0 260803297
START Player-1 RandomPlayer
BoardInit:Map,Tile:0,Malus,Tile:7,Map,Bonus,Tile:14,Tile:0,Tile:8,Tile:5,Destroy,Tile:10,Tile:15,Tile:9,Map,Bonus,Tile:7,Tile:7,Tile:11,Tile:5,Tile:8,Destroy,Tile:7,Tile:6,Tile:8,Bonus,Tile:1,Tile:4,Tile:0,Tile:5,Malus,Tile:9,Tile:0,Tile:13,Tile:9,Tile:6,Tile:9,Tile:12,Tile:5,Map,Map-Tile:3,Destroy,Tile:8,Tile:2,Tile:6,Tile:8,Tile:9-Tile:7,Tile:10,Tile:10,Tile:6,Map,Bonus,Tile:6-Tile:hidden1,Tile:hidden2,Tile:nugget
Tile:2 6 5 1
Map 12 3 0
Tile:9_flip 6 6 1
Tile:6 5 6 0
Malus 0 0 1
Bonus 0 0 0
Destroy 6 6 1
Tile:7 7 5 0
Tile:8 4 5 1
Tile:10 7 6 0
Map 12 7 1
Tile:5 4 4 0
Tile:8 3 5 1
Tile:6_flip 5 4 0
Tile:6 6 4 1
Tile:9 3 6 0
Tile:14 6 6 1
Tile:0 7 4 0
Drop 1 0 1
Tile:0 8 4 0
Tile:7_flip 7 7 1
Tile:5_flip 9 4 0
Tile:8 2 5 1
Destroy 4 5 0
Tile:8 4 5 1
Tile:10 3 4 0
Destroy 6 4 1
Tile:7_flip 3 7 0
Tile:7 9 3 1
Drop 4 0 0
Tile:0 1 5 1
Drop 0 0 0
Tile:1 0 5 1
Tile:10 3 3 0
Tile:15 2 6 1
Tile:5 3 2 0
Tile:0 8 3 1
Tile:6_flip 4 2 0
Tile:9_flip 2 4 1
Tile:9_flip 5 2 0
Map 12 5 1
Map 12 3 0
Tile:11_flip 2 7 1
Tile:13 4 6 0
Tile:5 5 1 1
Tile:7_flip 2 8 0
Tile:3 2 3 1
Tile:12_flip 7 3 0
Tile:9 1 7 1
Drop 2 0 0
Map 12 3 1
Drop 1 0 0
Malus 0 0 1
Bonus 0 0 0
Tile:8 4 7 1
GAMEOVER DRAW
# Game ended: Wed Apr 15 23:42:28 EDT 2020
