# Server version 0.08 running on 192.168.2.29:8123
# Game ID: 121
# Board class: Saboteur.SaboteurBoard
# Timeout: 20000
# First Move Timeout: 30000
# Date: Tue Apr 14 22:23:13 EDT 2020
# Player 1: Player-0, 'RandomPlayer', running on localhost
# Player 2: Player-1, 'RandomPlayer', running on localhost
START Player-0 RandomPlayer
START Player-1 RandomPlayer
BoardInit:Bonus,Tile:8,Tile:8,Tile:6,Map,Tile:9,Tile:10,Tile:4,Tile:0,Tile:6,Malus,Destroy,Tile:8,Tile:8,Tile:1,Bonus,Map,Tile:5,Destroy,Tile:5,Bonus,Tile:15,Tile:0,Tile:7,Tile:6,Tile:5,Tile:8,Bonus,Tile:6,Tile:10,Map,Tile:3,Tile:11,Tile:0,Tile:10,Tile:12,Tile:13,Map,Tile:5,Tile:6,Tile:7-Map,Tile:9,Tile:9,Map,Malus,Tile:9,Tile:0-Tile:14,Tile:7,Tile:7,Tile:2,Tile:9,Destroy,Tile:7-Tile:hidden1,Tile:hidden2,Tile:nugget
Tile:9_flip 5 4 1
Drop 5 0 0
Tile:9 4 5 1
Tile:7 6 5 0
Map 12 7 1
Tile:9_flip 6 6 0
Map 12 5 1
Tile:2 5 3 0
Tile:9 4 6 1
Tile:7_flip 4 7 0
Drop 4 0 1
Tile:6_flip 4 4 0
Tile:0 4 3 1
Tile:8 5 6 0
Tile:8 3 3 1
Tile:8 6 7 0
Drop 6 0 1
Destroy 4 3 0
Tile:8 5 7 1
Tile:6 6 8 0
Destroy 5 7 1
Tile:14_flip 3 2 0
Tile:0 7 7 1
Tile:7 6 3 0
Map 12 3 1
Tile:9 3 4 0
Tile:6 4 3 1
Tile:7 7 8 0
Tile:0 8 7 1
Tile:4_flip 7 9 0
Malus 0 0 1
Drop 4 0 0
Map 12 3 1
Drop 6 0 0
Tile:11_flip 4 2 1
Drop 4 0 0
Tile:6 5 7 1
Drop 4 0 0
Tile:13 4 1 1
Map 12 5 0
Drop 0 0 1
Drop 4 0 0
Tile:8 9 7 1
Bonus 0 0 0
Tile:7 5 1 1
Tile:5 9 6 0
Drop 1 0 1
Tile:6 3 1 0
Tile:5 4 0 1
Tile:12 5 0 0
Tile:10 3 0 1
Drop 0 0 0
Tile:10 3 5 1
Tile:15 9 8 0
Drop 0 0 1
GAMEOVER DRAW
# Game ended: Tue Apr 14 22:23:13 EDT 2020
