# Server version 0.08 running on 192.168.2.29:8123
# Game ID: 69
# Board class: Saboteur.SaboteurBoard
# Timeout: 20000
# First Move Timeout: 30000
# Date: Tue Apr 14 19:35:49 EDT 2020
# Player 1: Player-0, 'RandomPlayer', running on localhost
# Player 2: Player-1, 'RandomPlayer', running on localhost
START Player-0 RandomPlayer
START Player-1 RandomPlayer
BoardInit:Tile:1,Tile:6,Tile:5,Tile:9,Tile:7,Destroy,Tile:5,Tile:0,Tile:7,Tile:7,Tile:8,Bonus,Tile:0,Map,Tile:10,Tile:9,Tile:5,Bonus,Tile:6,Tile:4,Tile:8,Tile:13,Tile:14,Tile:7,Tile:10,Map,Map,Tile:0,Tile:3,Tile:11,Destroy,Destroy,Malus,Tile:15,Tile:6,Bonus,Map,Tile:12,Tile:5,Map,Tile:2-Tile:6,Map,Tile:6,Tile:8,Tile:10,Tile:0,Tile:7-Tile:9,Tile:9,Bonus,Tile:8,Tile:8,Malus,Tile:9-Tile:hidden1,Tile:hidden2,Tile:nugget
Tile:0 4 5 1
Tile:9 5 4 0
Tile:7_flip 3 5 1
Tile:6 6 5 0
Tile:6_flip 6 4 1
Tile:8 7 4 0
Tile:10 5 3 1
Tile:9_flip 5 6 0
Tile:5 4 6 1
Tile:8 8 4 0
Tile:7_flip 8 5 1
Drop 4 0 0
Tile:5_flip 9 5 1
Tile:9_flip 5 7 0
Drop 5 0 1
Tile:7 9 4 0
Tile:6_flip 7 3 1
Tile:9_flip 5 2 0
Drop 1 0 1
Drop 1 0 0
Tile:6_flip 3 4 1
Drop 4 0 0
Tile:7 8 3 1
Map 12 3 0
Tile:8 5 8 1
Drop 0 0 0
Map 12 3 1
Tile:7_flip 5 9 0
Tile:1 4 8 1
Drop 2 0 0
Drop 2 0 1
Tile:0 6 8 0
Destroy 5 7 1
Tile:11 3 8 0
Drop 5 0 1
Destroy 9 4 0
Tile:10 3 9 1
Tile:13 5 7 0
Malus 0 0 1
Map 12 7 0
Map 12 3 1
Map 12 5 0
Tile:5_flip 4 4 1
Drop 4 0 0
Tile:6 4 7 1
Drop 3 0 0
Tile:2 9 4 1
Drop 1 0 0
Tile:0 2 4 1
Bonus 0 0 0
Drop 1 0 1
Tile:12 7 8 0
Map 12 7 1
Tile:0 6 9 0
Tile:14 6 7 1
GAMEOVER DRAW
# Game ended: Tue Apr 14 19:35:51 EDT 2020
