# Server version 0.08 running on 192.168.0.168:8123
# Game ID: 246
# Board class: Saboteur.SaboteurBoard
# Timeout: 20000
# First Move Timeout: 30000
# Date: Wed Apr 15 14:16:05 EDT 2020
# Player 1: Player-0, '260803297', running on localhost
# Player 2: Player-1, 'RandomPlayer', running on localhost
START Player-0 260803297
START Player-1 RandomPlayer
BoardInit:Tile:5,Tile:7,Tile:6,Tile:8,Destroy,Tile:6,Tile:5,Bonus,Tile:9,Tile:7,Destroy,Tile:13,Tile:7,Map,Tile:9,Tile:6,Malus,Destroy,Tile:10,Tile:4,Map,Tile:2,Tile:10,Map,Tile:6,Tile:14,Map,Tile:8,Tile:9,Tile:6,Tile:0,Bonus,Tile:9,Bonus,Tile:3,Tile:0,Tile:8,Bonus,Tile:7,Tile:7,Tile:0-Tile:8,Tile:5,Tile:11,Tile:5,Map,Tile:1,Tile:12-Tile:0,Tile:9,Map,Tile:8,Tile:10,Tile:15,Malus-Tile:nugget,Tile:hidden1,Tile:hidden2
Map 12 5 1
Map 12 3 0
Tile:11 5 6 1
Malus 0 0 0
Drop 4 0 1
Tile:15 5 7 0
Drop 5 0 1
Tile:8 6 5 0
Destroy 5 7 1
Tile:8 6 6 0
Drop 4 0 1
Tile:7_flip 4 5 0
Drop 6 0 1
Tile:6_flip 6 4 0
Drop 0 0 1
Drop 2 0 0
Drop 5 0 1
Tile:6 7 6 0
Drop 3 0 1
Destroy 5 6 0
Drop 2 0 1
Tile:7 4 4 0
Map 12 3 1
Drop 4 0 0
Drop 5 0 1
Tile:9 5 4 0
Drop 0 0 1
Tile:13 7 5 0
Drop 6 0 1
Tile:0 3 4 0
Drop 1 0 1
Tile:6_flip 2 4 0
Drop 4 0 1
Tile:4 5 3 0
Drop 0 0 1
Tile:2_flip 6 7 0
Drop 4 0 1
Tile:14_flip 1 4 0
Drop 0 0 1
Tile:8 5 6 0
Drop 4 0 1
Tile:0 7 7 0
Drop 5 0 1
Drop 3 0 0
Drop 4 0 1
Tile:7_flip 5 7 0
Drop 3 0 1
Drop 2 0 0
Drop 2 0 1
Drop 1 0 0
Drop 0 0 1
Drop 0 0 0
Drop 1 0 1
Drop 0 0 0
Drop 0 0 1
GAMEOVER DRAW
# Game ended: Wed Apr 15 14:16:06 EDT 2020
