# Server version 0.08 running on 192.168.2.29:8123
# Game ID: 325
# Board class: Saboteur.SaboteurBoard
# Timeout: 20000
# First Move Timeout: 30000
# Date: Wed Apr 15 23:41:08 EDT 2020
# Player 1: Player-0, 'RandomPlayer', running on localhost
# Player 2: Player-1, '260803297', running on localhost
START Player-0 RandomPlayer
START Player-1 260803297
BoardInit:Tile:5,Tile:0,Map,Tile:10,Tile:6,Tile:15,Bonus,Tile:5,Tile:6,Tile:10,Tile:2,Tile:7,Tile:6,Tile:6,Bonus,Tile:3,Tile:8,Tile:0,Tile:1,Map,Map,Tile:12,Tile:0,Tile:7,Tile:8,Tile:5,Tile:9,Tile:6,Map,Tile:8,Map,Destroy,Tile:7,Destroy,Tile:9,Bonus,Tile:14,Tile:10,Bonus,Tile:5,Malus-Tile:7,Map,Tile:4,Tile:8,Tile:8,Tile:7,Destroy-Tile:13,Tile:9,Malus,Tile:9,Tile:9,Tile:11,Tile:0-Tile:hidden2,Tile:hidden1,Tile:nugget
Map 12 3 1
Tile:11_flip 5 4 0
Tile:8 6 5 1
Tile:9_flip 5 3 0
Map 12 5 1
Malus 0 0 0
Drop 1 0 1
Tile:13 6 6 0
Bonus 0 0 1
Tile:9_flip 6 7 0
Drop 1 0 1
Drop 1 0 0
Tile:6_flip 7 6 1
Tile:15 6 4 0
Tile:7_flip 4 5 1
Tile:10 7 7 0
Drop 0 0 1
Tile:3_flip 4 3 0
Drop 3 0 1
Tile:10 6 8 0
Tile:6 8 6 1
Tile:9 5 7 0
Map 12 5 1
Tile:5 8 5 0
Tile:8 5 6 1
Tile:6_flip 4 2 0
Destroy 6 8 1
Tile:0 9 5 0
Tile:8 5 8 1
Tile:12 9 6 0
Map 12 5 1
Tile:5 4 4 0
Map 12 5 1
Tile:7 5 2 0
Tile:5 6 3 1
Destroy 6 4 0
Tile:6 10 5 1
Destroy 6 5 0
Tile:14 11 5 1
Drop 6 0 0
Tile:9_flip 7 8 1
Tile:8 6 8 0
Malus 0 0 1
Drop 3 0 0
Tile:9 3 2 1
Drop 0 0 0
Tile:1 4 6 1
Map 12 5 0
Tile:0 3 6 1
Bonus 0 0 0
Tile:7 6 5 1
Tile:5 3 1 0
Drop 1 0 1
Tile:7_flip 2 6 0
Drop 0 0 1
GAMEOVER DRAW
# Game ended: Wed Apr 15 23:41:09 EDT 2020
