# Server version 0.08 running on 192.168.2.29:8123
# Game ID: 279
# Board class: Saboteur.SaboteurBoard
# Timeout: 20000
# First Move Timeout: 30000
# Date: Wed Apr 15 23:28:25 EDT 2020
# Player 1: Player-0, 'RandomPlayer', running on localhost
# Player 2: Player-1, '260803297', running on localhost
START Player-0 RandomPlayer
START Player-1 260803297
BoardInit:Tile:0,Tile:8,Tile:7,Tile:8,Tile:7,Tile:15,Bonus,Destroy,Tile:10,Tile:8,Tile:11,Tile:0,Tile:14,Tile:4,Malus,Tile:7,Tile:13,Map,Tile:9,Tile:9,Destroy,Tile:6,Tile:6,Tile:2,Map,Tile:10,Tile:0,Tile:12,Tile:10,Bonus,Tile:8,Tile:6,Tile:5,Map,Tile:0,Tile:5,Tile:9,Map,Tile:7,Tile:3,Malus-Bonus,Tile:6,Bonus,Tile:1,Destroy,Tile:7,Tile:9-Tile:9,Tile:6,Tile:5,Tile:5,Map,Tile:8,Map-Tile:hidden1,Tile:hidden2,Tile:nugget
Drop 2 0 1
Tile:6_flip 5 4 0
Tile:7_flip 4 5 1
Tile:8 4 4 0
Destroy 4 4 1
Map 12 5 0
Tile:6 5 6 1
Tile:5 4 4 0
Tile:9_flip 6 6 1
Tile:9_flip 6 5 0
Tile:7_flip 6 7 1
Tile:8 7 7 0
Tile:0 8 7 1
Tile:8 7 8 0
Drop 3 0 1
Destroy 7 8 0
Malus 0 0 1
Map 12 7 0
Tile:13 9 7 1
Drop 3 0 0
Tile:11_flip 6 4 1
Map 12 7 0
Destroy 7 7 1
Drop 0 0 0
Tile:10 6 3 1
Drop 2 0 0
Map 12 3 1
Drop 0 0 0
Tile:1 7 7 1
Drop 5 0 0
Tile:9_flip 10 7 1
Drop 1 0 0
Tile:7 9 6 1
Drop 4 0 0
Tile:14 9 8 1
Drop 4 0 0
Tile:6_flip 4 6 1
Drop 2 0 0
Tile:0 8 6 1
Map 12 7 0
Drop 3 0 1
Drop 6 0 0
Tile:0 3 6 1
Map 12 5 0
Tile:8 2 6 1
Drop 3 0 0
Tile:10 10 6 1
Drop 0 0 0
Tile:7 10 5 1
Drop 2 0 0
Tile:9_flip 2 5 1
Drop 0 0 0
Drop 1 0 1
Drop 0 0 0
Drop 0 0 1
GAMEOVER DRAW
# Game ended: Wed Apr 15 23:28:26 EDT 2020
