# Server version 0.08 running on 192.168.2.29:8123
# Game ID: 310
# Board class: Saboteur.SaboteurBoard
# Timeout: 20000
# First Move Timeout: 30000
# Date: Wed Apr 15 23:40:33 EDT 2020
# Player 1: Player-0, '260803297', running on localhost
# Player 2: Player-1, 'RandomPlayer', running on localhost
START Player-0 260803297
START Player-1 RandomPlayer
BoardInit:Tile:13,Tile:5,Tile:0,Tile:8,Tile:7,Destroy,Destroy,Map,Tile:5,Tile:0,Tile:10,Tile:9,Map,Tile:7,Map,Tile:9,Bonus,Tile:3,Tile:2,Bonus,Tile:6,Tile:8,Tile:4,Tile:7,Tile:8,Destroy,Tile:14,Tile:10,Tile:0,Tile:9,Map,Bonus,Tile:0,Map,Tile:8,Tile:6,Tile:9,Malus,Tile:9,Tile:12,Tile:1-Tile:5,Tile:10,Tile:7,Tile:7,Tile:5,Tile:15,Malus-Tile:11,Tile:6,Tile:8,Tile:6,Tile:6,Map,Bonus-Tile:hidden2,Tile:nugget,Tile:hidden1
Drop 3 0 1
Map 12 3 0
Drop 1 0 1
Tile:5 5 4 0
Tile:5_flip 6 5 1
Tile:6 4 5 0
Tile:7 6 4 1
Tile:6 3 5 0
Destroy 6 5 1
Map 12 5 0
Drop 1 0 1
Tile:0 2 5 0
Drop 6 0 1
Tile:6_flip 3 4 0
Tile:7 4 4 1
Tile:9_flip 6 5 0
Tile:13 6 6 1
Tile:9 1 5 0
Tile:5_flip 1 6 1
Destroy 2 5 0
Malus 0 0 1
Drop 0 0 0
Map 12 3 1
Drop 4 0 0
Tile:2 2 5 1
Drop 6 0 0
Map 12 7 1
Destroy 3 5 0
Tile:4_flip 2 6 1
Drop 4 0 0
Tile:6 6 7 1
Drop 3 0 0
Tile:8 5 7 1
Drop 0 0 0
Tile:14_flip 0 6 1
Map 12 7 0
Drop 3 0 1
Drop 2 0 0
Tile:8 3 5 1
Bonus 0 0 0
Tile:0 2 4 1
Tile:9 5 6 0
Tile:1 7 7 1
Drop 1 0 0
Tile:9 1 4 1
Tile:6 0 7 0
Map 12 3 1
Tile:12 1 7 0
Tile:5 1 3 1
Tile:8 8 7 0
Tile:9 3 6 1
Drop 0 0 0
Tile:0 9 7 1
Drop 0 0 0
Drop 0 0 1
GAMEOVER DRAW
# Game ended: Wed Apr 15 23:40:34 EDT 2020
