# Server version 0.08 running on 192.168.2.29:8123
# Game ID: 309
# Board class: Saboteur.SaboteurBoard
# Timeout: 20000
# First Move Timeout: 30000
# Date: Wed Apr 15 23:36:32 EDT 2020
# Player 1: Player-0, 'RandomPlayer', running on localhost
# Player 2: Player-1, '260803297', running on localhost
START Player-0 RandomPlayer
START Player-1 260803297
BoardInit:Tile:8,Tile:8,Tile:7,Tile:6,Tile:12,Tile:8,Tile:6,Tile:6,Map,Map,Tile:5,Tile:9,Destroy,Tile:14,Tile:13,Tile:8,Tile:8,Tile:9,Tile:1,Malus,Tile:7,Tile:7,Map,Tile:10,Tile:2,Bonus,Map,Tile:0,Tile:5,Bonus,Tile:9,Tile:11,Tile:7,Tile:3,Destroy,Tile:6,Tile:6,Tile:9,Tile:0,Tile:10,Map-Tile:15,Map,Tile:0,Tile:0,Bonus,Bonus,Tile:5-Tile:7,Tile:5,Malus,Tile:9,Tile:4,Tile:10,Destroy-Tile:hidden1,Tile:hidden2,Tile:nugget
Map 12 3 1
Tile:7_flip 5 6 0
Tile:5 4 5 1
Tile:5 5 4 0
Drop 1 0 1
Tile:10 4 6 0
Tile:12 6 5 1
Drop 6 0 0
Drop 5 0 1
Drop 0 0 0
Map 12 3 1
Map 12 7 0
Tile:6 6 4 1
Drop 4 0 0
Tile:15 4 7 1
Drop 3 0 0
Destroy 4 7 1
Tile:9_flip 7 4 0
Tile:5_flip 4 7 1
Tile:9 3 7 0
Tile:1 6 6 1
Tile:14 7 6 0
Tile:7 3 6 1
Malus 0 0 0
Map 12 3 1
Destroy 7 6 0
Bonus 0 0 1
Tile:4 6 3 0
Map 12 3 1
Tile:9 7 3 0
Tile:0 2 6 1
Tile:0 1 6 0
Tile:9_flip 7 6 1
Tile:6 3 8 0
Tile:13 7 7 1
Tile:7 4 8 0
Destroy 3 7 1
Tile:8 4 9 0
Tile:6_flip 6 7 1
Tile:11 7 5 0
Tile:8 0 6 1
Tile:6_flip 7 2 0
Map 12 3 1
Tile:10 0 7 0
Tile:8 0 5 1
Drop 3 0 0
Tile:2_flip 8 2 1
Tile:3 9 2 0
Drop 0 0 1
Drop 1 0 0
Tile:7_flip 4 10 1
Tile:10 7 8 0
Tile:0 8 3 1
Drop 0 0 0
Tile:5 8 1 1
GAMEOVER DRAW
# Game ended: Wed Apr 15 23:36:33 EDT 2020
