# Server version 0.08 running on 192.168.2.29:8123
# Game ID: 123
# Board class: Saboteur.SaboteurBoard
# Timeout: 20000
# First Move Timeout: 30000
# Date: Tue Apr 14 22:23:16 EDT 2020
# Player 1: Player-0, 'RandomPlayer', running on localhost
# Player 2: Player-1, 'RandomPlayer', running on localhost
START Player-0 RandomPlayer
START Player-1 RandomPlayer
BoardInit:Map,Tile:8,Tile:9,Malus,Tile:5,Tile:0,Tile:13,Tile:10,Tile:6,Tile:6,Tile:7,Tile:9,Tile:14,Bonus,Bonus,Tile:4,Tile:15,Tile:9,Tile:10,Tile:6,Destroy,Tile:7,Tile:3,Tile:2,Bonus,Map,Tile:8,Tile:6,Tile:1,Tile:8,Tile:11,Tile:12,Tile:0,Malus,Destroy,Tile:6,Map,Map,Tile:7,Bonus,Destroy-Tile:8,Tile:0,Tile:8,Tile:5,Tile:10,Tile:9,Tile:7-Tile:0,Tile:9,Map,Tile:5,Tile:5,Map,Tile:7-Tile:hidden2,Tile:hidden1,Tile:nugget
Tile:9_flip 5 4 1
Tile:7 5 3 0
Tile:5 4 4 1
Tile:0 4 3 0
Map 12 5 1
Drop 4 0 0
Drop 2 0 1
Tile:9 4 5 0
Tile:8 5 6 1
Tile:10 5 7 0
Tile:9_flip 6 5 1
Tile:5_flip 6 6 0
Tile:10 6 4 1
Map 12 5 0
Tile:6 3 3 1
Drop 3 0 0
Drop 0 0 1
Tile:9 6 3 0
Drop 1 0 1
Tile:8 6 2 0
Tile:7_flip 5 2 1
Tile:9 6 1 0
Tile:7 5 1 1
Tile:6 5 8 0
Destroy 3 3 1
Drop 5 0 0
Tile:14_flip 4 8 1
Tile:2 3 3 0
Tile:3 7 3 1
Map 12 5 0
Drop 3 0 1
Tile:5 2 3 0
Tile:11 4 9 1
Tile:6_flip 6 8 0
Tile:1 4 1 1
Tile:6_flip 7 8 0
Tile:15 6 9 1
Tile:8 4 6 0
Destroy 5 1 1
Tile:6 4 10 0
Tile:7_flip 2 4 1
Malus 0 0 0
Destroy 6 4 1
Tile:4_flip 4 7 0
Drop 4 0 1
Drop 3 0 0
Map 12 3 1
Tile:12 7 1 0
Drop 0 0 1
Malus 0 0 0
Drop 0 0 1
Drop 0 0 0
Bonus 0 0 1
Drop 0 0 0
Drop 0 0 1
GAMEOVER DRAW
# Game ended: Tue Apr 14 22:23:16 EDT 2020
