# Server version 0.08 running on 192.168.0.168:8123
# Game ID: 254
# Board class: Saboteur.SaboteurBoard
# Timeout: 20000
# First Move Timeout: 30000
# Date: Wed Apr 15 14:27:07 EDT 2020
# Player 1: Player-0, '260803297', running on localhost
# Player 2: Player-1, 'RandomPlayer', running on localhost
START Player-0 260803297
START Player-1 RandomPlayer
BoardInit:Tile:11,Tile:5,Tile:8,Tile:12,Tile:10,Map,Destroy,Tile:0,Tile:8,Tile:7,Malus,Malus,Map,Tile:7,Tile:0,Bonus,Tile:6,Tile:14,Tile:7,Tile:6,Tile:9,Map,Tile:8,Map,Tile:4,Map,Tile:9,Bonus,Bonus,Tile:2,Tile:1,Destroy,Tile:7,Bonus,Tile:7,Tile:6,Tile:8,Tile:10,Tile:5,Tile:6,Tile:5-Tile:10,Tile:9,Tile:15,Tile:13,Tile:0,Map,Tile:5-Tile:8,Tile:9,Tile:0,Tile:9,Tile:6,Tile:3,Destroy-Tile:hidden1,Tile:nugget,Tile:hidden2
Tile:13 5 4 1
Tile:9 5 6 0
Drop 5 0 1
Drop 1 0 0
Tile:8 5 7 1
Tile:8 6 5 0
Tile:11_flip 5 8 1
Map 12 3 0
Tile:10 5 9 1
Tile:12_flip 4 5 0
Destroy 4 5 1
Drop 0 0 0
Tile:8 6 4 1
Malus 0 0 0
Map 12 3 1
Destroy 6 4 0
Drop 0 0 1
Tile:7 6 7 0
Map 12 7 1
Tile:3 7 5 0
Drop 2 0 1
Tile:6_flip 5 3 0
Drop 3 0 1
Map 12 3 0
Drop 5 0 1
Map 12 3 0
Drop 0 0 1
Map 12 3 0
Drop 6 0 1
Tile:6_flip 6 4 0
Drop 4 0 1
Tile:5_flip 6 6 0
Drop 6 0 1
Drop 5 0 0
Drop 4 0 1
Tile:7_flip 5 10 0
Drop 3 0 1
Tile:6_flip 4 8 0
Malus 0 0 1
Bonus 0 0 0
Drop 4 0 1
Drop 0 0 0
Drop 5 0 1
Tile:10 6 8 0
Drop 4 0 1
Tile:6 3 8 0
Drop 3 0 1
Destroy 7 5 0
Drop 2 0 1
Tile:14 7 4 0
Drop 0 0 1
Drop 0 0 0
Drop 1 0 1
Drop 0 0 0
Drop 0 0 1
GAMEOVER DRAW
# Game ended: Wed Apr 15 14:27:07 EDT 2020
