# Server version 0.08 running on 192.168.2.29:8123
# Game ID: 44
# Board class: Saboteur.SaboteurBoard
# Timeout: 20000
# First Move Timeout: 30000
# Date: Tue Apr 14 19:30:32 EDT 2020
# Player 1: Player-0, 'RandomPlayer', running on localhost
# Player 2: Player-1, 'RandomPlayer', running on localhost
START Player-0 RandomPlayer
START Player-1 RandomPlayer
BoardInit:Bonus,Bonus,Tile:4,Destroy,Tile:0,Tile:8,Destroy,Tile:9,Tile:9,Map,Malus,Tile:2,Tile:7,Map,Tile:15,Tile:10,Tile:7,Tile:8,Tile:6,Tile:6,Map,Tile:8,Tile:8,Tile:5,Tile:10,Tile:13,Tile:6,Tile:12,Map,Tile:8,Tile:6,Tile:9,Tile:7,Tile:0,Tile:5,Destroy,Tile:9,Tile:7,Tile:6,Malus,Map-Tile:0,Tile:14,Tile:9,Tile:5,Bonus,Tile:1,Tile:7-Tile:11,Tile:5,Tile:10,Map,Tile:0,Tile:3,Bonus-Tile:hidden2,Tile:nugget,Tile:hidden1
Tile:0 4 5 1
Drop 3 0 0
Tile:7_flip 3 5 1
Tile:5 5 4 0
Tile:1 6 5 1
Tile:3 7 5 0
Tile:9 3 4 1
Destroy 7 5 0
Tile:14 6 4 1
Tile:9_flip 7 5 0
Tile:4 3 3 1
Drop 3 0 0
Tile:5 7 4 1
Map 12 7 0
Tile:9_flip 5 6 1
Drop 3 0 0
Destroy 7 5 1
Tile:2_flip 7 5 0
Tile:7_flip 5 7 1
Map 12 5 0
Drop 4 0 1
Tile:0 4 6 0
Malus 0 0 1
Drop 0 0 0
Drop 0 0 1
Drop 2 0 0
Tile:6_flip 3 6 1
Drop 0 0 0
Tile:0 6 7 1
Drop 5 0 0
Tile:7 8 5 1
Drop 0 0 0
Map 12 7 1
Drop 6 0 0
Drop 0 0 1
Drop 3 0 0
Map 12 3 1
Destroy 3 6 0
Tile:5_flip 8 6 1
Drop 6 0 0
Tile:6_flip 7 7 1
Drop 4 0 0
Tile:9 7 8 1
Malus 0 0 0
Drop 1 0 1
Drop 3 0 0
Map 12 5 1
Drop 0 0 0
Drop 0 0 1
Drop 2 0 0
Drop 0 0 1
Drop 0 0 0
Drop 1 0 1
Drop 0 0 0
Drop 0 0 1
GAMEOVER DRAW
# Game ended: Tue Apr 14 19:30:33 EDT 2020
