# Server version 0.08 running on 192.168.2.29:8123
# Game ID: 230
# Board class: Saboteur.SaboteurBoard
# Timeout: 20000
# First Move Timeout: 30000
# Date: Wed Apr 15 01:02:42 EDT 2020
# Player 1: Player-0, 'RandomPlayer', running on localhost
# Player 2: Player-1, 'RandomPlayer', running on localhost
START Player-0 RandomPlayer
START Player-1 RandomPlayer
BoardInit:Tile:9,Tile:0,Tile:8,Bonus,Tile:0,Tile:7,Tile:8,Tile:2,Map,Tile:15,Tile:6,Tile:9,Tile:5,Tile:5,Tile:12,Destroy,Tile:9,Map,Tile:10,Tile:8,Tile:9,Tile:4,Tile:9,Tile:5,Map,Tile:8,Tile:11,Map,Tile:3,Tile:7,Tile:7,Tile:7,Tile:8,Tile:10,Destroy,Tile:1,Tile:6,Tile:6,Bonus,Bonus,Tile:13-Tile:7,Map,Tile:0,Map,Tile:14,Tile:6,Tile:6-Destroy,Tile:0,Bonus,Malus,Tile:5,Malus,Tile:10-Tile:hidden2,Tile:hidden1,Tile:nugget
Map 12 5 1
Tile:5_flip 5 6 0
Tile:14 6 5 1
Destroy 6 5 0
Drop 2 0 1
Drop 1 0 0
Tile:9 5 4 1
Drop 6 0 0
Tile:0 4 6 1
Tile:2_flip 4 5 0
Tile:8 3 5 1
Tile:15 4 4 0
Tile:6 3 6 1
Tile:9_flip 3 4 0
Tile:6_flip 5 3 1
Tile:0 6 5 0
Tile:6 2 6 1
Drop 1 0 0
Tile:7 6 3 1
Destroy 4 4 0
Tile:12_flip 4 3 1
Tile:5_flip 7 5 0
Tile:9_flip 3 3 1
Tile:0 2 4 0
Tile:9 1 4 1
Tile:10 1 5 0
Tile:0 2 3 1
Tile:5 1 3 0
Tile:5 2 5 1
Map 12 5 0
Tile:8 1 6 1
Malus 0 0 0
Map 12 7 1
Tile:8 7 4 0
Drop 3 0 1
Tile:10 3 2 0
Destroy 3 5 1
Tile:4 7 3 0
Map 12 5 1
Drop 2 0 0
Drop 4 0 1
Tile:7 8 4 0
Drop 5 0 1
Tile:6_flip 0 6 0
Drop 4 0 1
Tile:7_flip 1 7 0
Drop 2 0 1
Tile:8 3 5 0
Drop 0 0 1
Drop 1 0 0
Drop 0 0 1
Drop 0 0 0
Drop 1 0 1
Drop 0 0 0
Drop 0 0 1
GAMEOVER DRAW
# Game ended: Wed Apr 15 01:02:43 EDT 2020
