# Server version 0.08 running on 192.168.2.29:8123
# Game ID: 193
# Board class: Saboteur.SaboteurBoard
# Timeout: 20000
# First Move Timeout: 30000
# Date: Wed Apr 15 01:01:46 EDT 2020
# Player 1: Player-0, 'RandomPlayer', running on localhost
# Player 2: Player-1, 'RandomPlayer', running on localhost
START Player-0 RandomPlayer
START Player-1 RandomPlayer
BoardInit:Tile:7,Tile:7,Tile:2,Tile:10,Tile:0,Map,Tile:9,Tile:15,Tile:9,Map,Tile:7,Tile:8,Tile:8,Tile:8,Tile:5,Bonus,Tile:0,Bonus,Tile:5,Tile:6,Destroy,Tile:6,Tile:0,Tile:4,Destroy,Tile:6,Destroy,Tile:12,Tile:5,Tile:3,Tile:9,Tile:11,Map,Tile:13,Bonus,Tile:7,Bonus,Tile:8,Tile:0,Tile:8,Tile:7-Tile:6,Tile:14,Map,Tile:9,Map,Tile:10,Tile:6-Malus,Tile:1,Tile:5,Tile:9,Malus,Map,Tile:10-Tile:hidden2,Tile:hidden1,Tile:nugget
Tile:14_flip 4 5 1
Tile:9 5 4 0
Tile:6 6 4 1
Tile:7 5 3 0
Tile:9 5 6 1
Tile:10 5 7 0
Tile:2_flip 5 8 1
Map 12 5 0
Tile:10 6 3 1
Tile:1 6 5 0
Tile:6 7 4 1
Drop 1 0 0
Tile:7 7 5 1
Drop 6 0 0
Tile:9_flip 8 4 1
Drop 2 0 0
Tile:5 7 3 1
Map 12 5 0
Tile:8 7 6 1
Drop 1 0 0
Map 12 7 1
Tile:6 8 6 0
Tile:5 6 2 1
Tile:6 7 7 0
Tile:9_flip 8 3 1
Tile:4_flip 4 6 0
Tile:7 8 2 1
Tile:6_flip 6 6 0
Destroy 7 6 1
Tile:12_flip 4 3 0
Tile:0 6 8 1
Malus 0 0 0
Destroy 8 3 1
Tile:15 8 5 0
Drop 3 0 1
Tile:8 8 3 0
Map 12 3 1
Tile:13 4 8 0
Bonus 0 0 1
Tile:8 7 6 0
Map 12 5 1
Tile:7 8 7 0
Drop 5 0 1
Tile:3 7 8 0
Tile:9 3 8 1
Map 12 3 0
Tile:7_flip 3 9 1
Tile:11 8 8 0
Tile:0 7 2 1
Tile:8 3 7 0
Drop 0 0 1
Drop 0 0 0
Tile:5_flip 9 6 1
Drop 0 0 0
Drop 0 0 1
GAMEOVER DRAW
# Game ended: Wed Apr 15 01:01:47 EDT 2020
