# Server version 0.08 running on 192.168.2.29:8123
# Game ID: 98
# Board class: Saboteur.SaboteurBoard
# Timeout: 20000
# First Move Timeout: 30000
# Date: Tue Apr 14 22:22:43 EDT 2020
# Player 1: Player-0, 'RandomPlayer', running on localhost
# Player 2: Player-1, 'RandomPlayer', running on localhost
START Player-0 RandomPlayer
START Player-1 RandomPlayer
BoardInit:Tile:6,Tile:7,Map,Tile:10,Tile:7,Tile:13,Tile:9,Tile:0,Tile:0,Tile:5,Tile:2,Tile:6,Tile:14,Destroy,Tile:8,Tile:12,Tile:7,Tile:5,Tile:9,Tile:7,Destroy,Tile:4,Bonus,Tile:6,Map,Malus,Tile:10,Bonus,Map,Tile:0,Bonus,Tile:8,Tile:8,Tile:0,Tile:6,Tile:11,Tile:5,Destroy,Map,Malus,Tile:10-Tile:9,Tile:3,Tile:7,Map,Map,Tile:8,Tile:5-Tile:15,Tile:6,Bonus,Tile:1,Tile:9,Tile:8,Tile:9-Tile:hidden2,Tile:hidden1,Tile:nugget
Tile:7 5 4 1
Tile:8 4 5 0
Tile:9 4 4 1
Tile:1 3 5 0
Tile:8 6 5 1
Drop 3 0 0
Tile:5_flip 5 6 1
Drop 6 0 0
Map 12 5 1
Tile:9 6 6 0
Drop 1 0 1
Tile:7_flip 4 6 0
Tile:6 2 5 1
Tile:5_flip 7 6 0
Map 12 7 1
Destroy 4 5 0
Tile:2 4 3 1
Tile:15 2 4 0
Tile:3 7 5 1
Tile:6 3 3 0
Tile:9 6 7 1
Drop 4 0 0
Tile:0 5 3 1
Tile:6 6 3 0
Drop 4 0 1
Tile:0 7 7 0
Tile:8 4 5 1
Tile:7 7 3 0
Map 12 3 1
Tile:4 6 4 0
Tile:7 3 2 1
Tile:10 6 2 0
Destroy 4 3 1
Tile:5 1 5 0
Tile:8 4 3 1
Drop 3 0 0
Tile:7 6 1 1
Tile:8 2 3 0
Tile:5 1 3 1
Destroy 2 5 0
Tile:14_flip 2 2 1
Malus 0 0 0
Map 12 7 1
Malus 0 0 0
Drop 4 0 1
Tile:6 1 6 0
Drop 4 0 1
Tile:0 5 1 0
Drop 0 0 1
Tile:11 6 8 0
Drop 0 0 1
Tile:0 7 8 0
Bonus 0 0 1
Drop 0 0 0
Drop 0 0 1
GAMEOVER DRAW
# Game ended: Tue Apr 14 22:22:43 EDT 2020
