# Server version 0.08 running on 192.168.2.29:8123
# Game ID: 229
# Board class: Saboteur.SaboteurBoard
# Timeout: 20000
# First Move Timeout: 30000
# Date: Wed Apr 15 01:02:41 EDT 2020
# Player 1: Player-0, 'RandomPlayer', running on localhost
# Player 2: Player-1, 'RandomPlayer', running on localhost
START Player-0 RandomPlayer
START Player-1 RandomPlayer
BoardInit:Map,Tile:8,Tile:15,Tile:5,Tile:6,Tile:6,Tile:8,Tile:5,Tile:9,Tile:2,Tile:8,Tile:13,Map,Tile:5,Tile:8,Malus,Tile:10,Tile:14,Tile:8,Tile:11,Tile:6,Tile:10,Bonus,Tile:0,Bonus,Tile:7,Map,Bonus,Tile:7,Tile:10,Tile:7,Tile:1,Destroy,Malus,Tile:3,Tile:9,Destroy,Tile:0,Tile:7,Tile:4,Tile:9-Tile:6,Tile:0,Map,Tile:6,Map,Tile:9,Tile:7-Bonus,Tile:12,Tile:5,Destroy,Tile:0,Map,Tile:9-Tile:hidden1,Tile:hidden2,Tile:nugget
Map 12 5 1
Tile:5_flip 5 6 0
Tile:9 4 5 1
Tile:9 4 6 0
Drop 4 0 1
Map 12 7 0
Tile:15 4 7 1
Tile:8 4 8 0
Map 12 5 1
Tile:6 6 5 0
Drop 5 0 1
Tile:5 5 4 0
Tile:6_flip 7 5 1
Tile:5_flip 8 5 0
Tile:6_flip 6 4 1
Drop 5 0 0
Tile:8 4 9 1
Malus 0 0 0
Drop 1 0 1
Tile:14 7 4 0
Map 12 7 1
Destroy 4 8 0
Drop 0 0 1
Tile:11_flip 7 3 0
Drop 5 0 1
Tile:2 3 9 0
Drop 5 0 1
Tile:0 6 3 0
Drop 6 0 1
Tile:5 8 4 0
Drop 1 0 1
Drop 3 0 0
Drop 4 0 1
Tile:1 9 4 0
Destroy 4 5 1
Tile:10 7 2 0
Drop 3 0 1
Tile:7 5 9 0
Destroy 4 9 1
Malus 0 0 0
Drop 2 0 1
Tile:12_flip 2 9 0
Drop 0 0 1
Tile:4_flip 7 6 0
Drop 4 0 1
Tile:0 5 3 0
Drop 2 0 1
Tile:10 5 10 0
Drop 0 0 1
Tile:9_flip 4 8 0
Drop 0 0 1
Drop 0 0 0
Drop 1 0 1
Drop 0 0 0
Drop 0 0 1
GAMEOVER DRAW
# Game ended: Wed Apr 15 01:02:41 EDT 2020
