# Server version 0.08 running on 192.168.2.29:8123
# Game ID: 297
# Board class: Saboteur.SaboteurBoard
# Timeout: 20000
# First Move Timeout: 30000
# Date: Wed Apr 15 23:35:56 EDT 2020
# Player 1: Player-0, 'RandomPlayer', running on localhost
# Player 2: Player-1, '260803297', running on localhost
START Player-0 RandomPlayer
START Player-1 260803297
BoardInit:Tile:10,Tile:7,Tile:5,Tile:6,Tile:9,Tile:2,Bonus,Tile:5,Tile:9,Tile:5,Map,Tile:7,Tile:8,Tile:8,Tile:0,Destroy,Tile:10,Destroy,Malus,Map,Tile:9,Tile:13,Tile:11,Tile:6,Tile:9,Bonus,Tile:10,Destroy,Tile:6,Map,Tile:8,Tile:6,Tile:8,Malus,Tile:7,Tile:0,Map,Tile:14,Tile:7,Map,Tile:5-Tile:0,Tile:12,Tile:3,Tile:6,Bonus,Tile:15,Tile:9-Map,Tile:7,Tile:4,Bonus,Tile:1,Tile:8,Tile:0-Tile:hidden1,Tile:hidden2,Tile:nugget
Tile:0 4 5 1
Tile:7 6 5 0
Tile:12_flip 3 5 1
Drop 6 0 0
Tile:9 6 6 1
Tile:1 7 6 0
Drop 2 0 1
Tile:8 5 4 0
Tile:9 6 7 1
Tile:5_flip 6 4 0
Tile:10 5 6 1
Tile:6 8 6 0
Map 12 3 1
Tile:7 9 6 0
Tile:15 6 8 1
Tile:5_flip 6 9 0
Tile:5 8 5 1
Tile:8 5 3 0
Tile:0 7 7 1
Map 12 7 0
Malus 0 0 1
Destroy 5 3 0
Tile:3 8 7 1
Destroy 6 6 0
Tile:6_flip 5 3 1
Drop 5 0 0
Tile:9 4 3 1
Bonus 0 0 0
Tile:9 4 2 1
Tile:6_flip 6 3 0
Tile:10 9 7 1
Tile:2_flip 8 8 0
Tile:6_flip 5 9 1
Destroy 5 9 0
Tile:9_flip 9 8 1
Tile:6 9 9 0
Tile:8 4 1 1
Tile:0 9 5 0
Map 12 3 1
Tile:0 5 1 0
Tile:7_flip 3 1 1
Map 12 7 0
Tile:5 7 8 1
Map 12 5 0
Tile:7_flip 7 9 1
Drop 3 0 0
Drop 0 0 1
Drop 2 0 0
Tile:11 6 6 1
Drop 1 0 0
Drop 1 0 1
Tile:4 3 0 0
Tile:10 5 7 1
Map 12 7 0
Tile:8 5 9 1
GAMEOVER DRAW
# Game ended: Wed Apr 15 23:35:57 EDT 2020
