# Server version 0.08 running on 192.168.2.29:8123
# Game ID: 221
# Board class: Saboteur.SaboteurBoard
# Timeout: 20000
# First Move Timeout: 30000
# Date: Wed Apr 15 01:02:27 EDT 2020
# Player 1: Player-0, 'RandomPlayer', running on localhost
# Player 2: Player-1, 'RandomPlayer', running on localhost
START Player-0 RandomPlayer
START Player-1 RandomPlayer
BoardInit:Tile:5,Tile:7,Tile:9,Tile:7,Bonus,Tile:7,Tile:5,Bonus,Tile:6,Tile:6,Tile:8,Map,Tile:9,Tile:5,Tile:0,Tile:1,Tile:10,Map,Tile:7,Map,Tile:0,Tile:15,Tile:9,Map,Tile:8,Map,Tile:6,Tile:13,Tile:6,Tile:5,Bonus,Tile:9,Tile:10,Tile:10,Tile:11,Map,Destroy,Tile:2,Tile:8,Tile:3,Destroy-Tile:0,Tile:8,Tile:12,Tile:0,Bonus,Tile:9,Malus-Destroy,Tile:14,Tile:7,Tile:6,Tile:8,Tile:4,Malus-Tile:nugget,Tile:hidden1,Tile:hidden2
Tile:8 6 5 1
Tile:4 6 4 0
Tile:9 6 6 1
Tile:7 5 4 0
Tile:9_flip 6 7 1
Tile:6 7 5 0
Tile:5_flip 6 8 1
Malus 0 0 0
Malus 0 0 1
Drop 3 0 0
Drop 4 0 1
Drop 1 0 0
Bonus 0 0 1
Destroy 6 8 0
Tile:9_flip 8 5 1
Map 12 5 0
Tile:6 4 5 1
Drop 1 0 0
Drop 5 0 1
Map 12 7 0
Tile:5 8 4 1
Drop 6 0 0
Tile:10 5 6 1
Drop 3 0 0
Drop 2 0 1
Drop 5 0 0
Tile:0 9 4 1
Bonus 0 0 0
Tile:6_flip 3 5 1
Tile:5_flip 6 8 0
Tile:9 4 4 1
Tile:8 3 6 0
Tile:7_flip 3 7 1
Tile:7_flip 2 5 0
Tile:8 5 8 1
Tile:9 5 9 0
Tile:11_flip 5 10 1
Tile:13 4 10 0
Destroy 6 7 1
Map 12 3 0
Tile:10 7 4 1
Tile:5_flip 8 6 0
Tile:8 4 7 1
Tile:10 2 4 0
Drop 4 0 1
Drop 3 0 0
Tile:0 10 4 1
Tile:3 6 9 0
Destroy 6 9 1
Tile:1 11 4 0
Tile:6 5 11 1
Map 12 3 0
Tile:12 6 9 1
Map 12 7 0
Drop 0 0 1
GAMEOVER DRAW
# Game ended: Wed Apr 15 01:02:28 EDT 2020
