# Server version 0.08 running on 192.168.2.29:8123
# Game ID: 262
# Board class: Saboteur.SaboteurBoard
# Timeout: 20000
# First Move Timeout: 30000
# Date: Wed Apr 15 23:26:06 EDT 2020
# Player 1: Player-0, 'RandomPlayer', running on localhost
# Player 2: Player-1, '260803297', running on localhost
START Player-0 RandomPlayer
START Player-1 260803297
BoardInit:Tile:9,Tile:12,Tile:7,Tile:9,Tile:8,Destroy,Tile:7,Tile:6,Tile:13,Bonus,Tile:8,Tile:4,Map,Tile:9,Tile:0,Tile:6,Tile:10,Tile:8,Tile:7,Bonus,Tile:8,Tile:6,Bonus,Tile:5,Map,Tile:6,Tile:7,Malus,Tile:10,Tile:0,Map,Tile:15,Tile:7,Tile:3,Tile:5,Tile:5,Destroy,Tile:5,Tile:1,Tile:0,Map-Tile:0,Bonus,Tile:9,Tile:14,Map,Map,Tile:11-Tile:2,Tile:10,Destroy,Tile:6,Malus,Tile:9,Tile:8-Tile:nugget,Tile:hidden1,Tile:hidden2
Map 12 3 1
Tile:9_flip 5 6 0
Tile:9 4 6 1
Tile:6_flip 4 5 0
Tile:9 3 5 1
Drop 1 0 0
Tile:11_flip 6 5 1
Tile:9 5 7 0
Tile:14_flip 3 4 1
Tile:12 4 4 0
Drop 0 0 1
Destroy 3 4 0
Tile:7 6 4 1
Tile:8 6 7 0
Tile:8 5 8 1
Tile:6 6 8 0
Drop 1 0 1
Tile:6 7 7 0
Tile:8 8 7 1
Tile:9 5 4 0
Tile:7 7 6 1
Tile:2 5 3 0
Map 12 7 1
Drop 1 0 0
Tile:0 4 8 1
Tile:5_flip 5 9 0
Drop 0 0 1
Tile:6_flip 3 4 0
Tile:8 8 8 1
Tile:4_flip 4 7 0
Drop 5 0 1
Tile:6_flip 2 4 0
Tile:7_flip 4 3 1
Tile:15 8 9 0
Tile:13 4 2 1
Tile:3 9 8 0
Tile:5 8 6 1
Tile:5_flip 2 5 0
Destroy 5 9 1
Tile:5_flip 3 6 0
Tile:1 9 7 1
Tile:0 5 2 0
Tile:10 9 9 1
Tile:0 9 6 0
Map 12 3 1
Tile:8 3 2 0
Drop 3 0 1
Drop 2 0 0
Map 12 7 1
Drop 1 0 0
Tile:10 3 1 1
Malus 0 0 0
GAMEOVER TIMEOUT WINNER 0
# Game ended: Wed Apr 15 23:26:27 EDT 2020
