# Server version 0.08 running on 192.168.2.29:8123
# Game ID: 150
# Board class: Saboteur.SaboteurBoard
# Timeout: 20000
# First Move Timeout: 30000
# Date: Wed Apr 15 00:58:18 EDT 2020
# Player 1: Player-0, 'RandomPlayer', running on localhost
# Player 2: Player-1, 'RandomPlayer', running on localhost
START Player-0 RandomPlayer
START Player-1 RandomPlayer
BoardInit:Tile:10,Tile:6,Tile:9,Tile:8,Tile:5,Tile:6,Tile:8,Tile:9,Tile:6,Destroy,Destroy,Bonus,Malus,Tile:7,Map,Tile:7,Tile:15,Tile:8,Map,Tile:6,Tile:9,Tile:14,Destroy,Tile:7,Tile:1,Tile:5,Bonus,Tile:13,Malus,Tile:6,Tile:0,Tile:0,Tile:0,Tile:4,Tile:7,Tile:3,Tile:5,Tile:10,Map,Map,Tile:8-Tile:10,Tile:12,Tile:2,Tile:9,Bonus,Map,Tile:9-Tile:5,Bonus,Tile:0,Tile:8,Tile:11,Map,Tile:7-Tile:hidden1,Tile:hidden2,Tile:nugget
Tile:9 5 4 1
Tile:8 5 6 0
Tile:2 4 5 1
Tile:7_flip 4 6 0
Tile:9 3 5 1
Tile:5_flip 5 7 0
Tile:10 3 6 1
Tile:8 6 6 0
Tile:10 6 7 1
Tile:9 5 3 0
Tile:5 4 7 1
Drop 4 0 0
Tile:9_flip 6 5 1
Tile:11 6 8 0
Tile:6 6 3 1
Tile:6 7 6 0
Map 12 7 1
Destroy 5 4 0
Tile:8 6 9 1
Tile:7_flip 5 9 0
Drop 4 0 1
Tile:8 5 4 0
Tile:9 5 2 1
Map 12 5 0
Drop 5 0 1
Tile:6_flip 6 4 0
Tile:1 7 3 1
Drop 3 0 0
Drop 0 0 1
Tile:5_flip 3 7 0
Destroy 6 3 1
Drop 3 0 0
Tile:0 4 4 1
Tile:7 8 3 0
Destroy 7 6 1
Tile:6 6 3 0
Tile:7 7 4 1
Tile:3 7 9 0
Tile:15 4 8 1
Tile:10 7 5 0
Tile:5_flip 7 8 1
Tile:13 7 6 0
Tile:0 2 7 1
Tile:0 8 6 0
Drop 4 0 1
Drop 3 0 0
Tile:8 3 4 1
Tile:0 9 6 0
Drop 0 0 1
Map 12 7 0
Drop 0 0 1
Drop 0 0 0
Malus 0 0 1
Drop 0 0 0
Drop 0 0 1
GAMEOVER DRAW
# Game ended: Wed Apr 15 00:58:18 EDT 2020
