# Server version 0.08 running on 192.168.0.168:8123
# Game ID: 235
# Board class: Saboteur.SaboteurBoard
# Timeout: 20000
# First Move Timeout: 30000
# Date: Wed Apr 15 12:04:40 EDT 2020
# Player 1: Player-0, '260803297', running on localhost
# Player 2: Player-1, 'RandomPlayer', running on localhost
START Player-0 260803297
START Player-1 RandomPlayer
BoardInit:Tile:0,Tile:12,Tile:6,Tile:8,Tile:6,Bonus,Tile:9,Tile:8,Bonus,Tile:2,Tile:14,Tile:4,Malus,Tile:9,Tile:1,Tile:5,Tile:9,Tile:6,Tile:0,Destroy,Tile:7,Tile:10,Bonus,Destroy,Map,Tile:5,Tile:8,Tile:0,Tile:8,Tile:5,Map,Tile:6,Map,Tile:15,Bonus,Map,Tile:9,Destroy,Tile:10,Tile:7,Tile:9-Tile:11,Tile:5,Map,Tile:13,Tile:7,Tile:0,Tile:6-Tile:7,Tile:3,Map,Tile:8,Malus,Tile:10,Tile:7-Tile:nugget,Tile:hidden1,Tile:hidden2
Tile:13 4 5 1
Map 12 3 0
Drop 5 0 1
Tile:7_flip 4 6 0
Drop 2 0 1
Malus 0 0 0
Drop 5 0 1
Drop 4 0 0
Drop 1 0 1
Tile:8 5 6 0
Bonus 0 0 1
Tile:8 5 7 0
Tile:0 3 5 1
Tile:2 6 6 0
Tile:14 7 6 1
Tile:8 6 7 0
Tile:6_flip 4 4 1
Tile:10 7 5 0
Drop 1 0 1
Tile:5 4 7 0
Tile:1 3 4 1
Drop 0 0 0
Drop 5 0 1
Tile:7_flip 4 8 0
Tile:9 7 4 1
Destroy 4 7 0
Tile:11_flip 5 4 1
Drop 4 0 0
Tile:9 2 4 1
Tile:5_flip 6 5 0
Drop 3 0 1
Tile:6_flip 4 7 0
Tile:8 5 8 1
Destroy 4 4 0
Tile:7 7 3 1
Drop 6 0 0
Tile:8 2 5 1
Tile:5 5 3 0
Tile:0 7 7 1
Destroy 7 5 0
Map 12 3 1
Tile:9 1 5 0
Tile:9 5 9 1
Tile:7 1 4 0
Tile:9 0 4 1
Tile:6 8 4 0
Tile:10 6 4 1
Drop 2 0 0
Malus 0 0 1
Drop 1 0 0
Map 12 3 1
Drop 0 0 0
Map 12 3 1
Map 12 3 0
Drop 0 0 1
GAMEOVER DRAW
# Game ended: Wed Apr 15 12:04:41 EDT 2020
