# Server version 0.08 running on 192.168.2.29:8123
# Game ID: 164
# Board class: Saboteur.SaboteurBoard
# Timeout: 20000
# First Move Timeout: 30000
# Date: Wed Apr 15 00:58:41 EDT 2020
# Player 1: Player-0, 'RandomPlayer', running on localhost
# Player 2: Player-1, 'RandomPlayer', running on localhost
START Player-0 RandomPlayer
START Player-1 RandomPlayer
BoardInit:Tile:6,Bonus,Tile:6,Tile:4,Tile:9,Tile:7,Tile:0,Tile:15,Tile:8,Tile:7,Tile:14,Malus,Tile:8,Tile:9,Map,Destroy,Tile:0,Tile:13,Destroy,Bonus,Tile:5,Tile:2,Tile:8,Map,Tile:10,Tile:6,Tile:0,Map,Tile:6,Tile:5,Tile:0,Tile:10,Tile:7,Tile:12,Destroy,Tile:7,Tile:5,Tile:1,Tile:9,Tile:9,Malus-Tile:10,Tile:7,Tile:9,Tile:5,Tile:8,Bonus,Bonus-Tile:3,Map,Tile:6,Map,Tile:11,Map,Tile:8-Tile:nugget,Tile:hidden1,Tile:hidden2
Tile:9 5 6 1
Tile:3_flip 5 7 0
Tile:5_flip 6 7 1
Tile:11_flip 6 6 0
Tile:8 4 5 1
Drop 4 0 0
Tile:9_flip 6 5 1
Map 12 5 0
Drop 0 0 1
Drop 0 0 0
Drop 3 0 1
Drop 2 0 0
Tile:6_flip 4 4 1
Tile:7 5 4 0
Tile:14 4 6 1
Tile:15 6 4 0
Tile:8 3 5 1
Destroy 5 4 0
Tile:7 5 4 1
Tile:9 3 6 0
Destroy 4 5 1
Map 12 7 0
Drop 1 0 1
Drop 5 0 0
Tile:8 4 5 1
Tile:2 6 3 0
Drop 3 0 1
Tile:6 5 3 0
Drop 3 0 1
Tile:13 3 4 0
Tile:0 2 4 1
Tile:5 5 2 0
Tile:0 7 3 1
Map 12 7 0
Tile:0 4 3 1
Tile:12_flip 1 4 0
Destroy 5 6 1
Map 12 5 0
Tile:6 6 2 1
Malus 0 0 0
Drop 2 0 1
Tile:1 7 2 0
Map 12 3 1
Tile:9_flip 8 2 0
Drop 3 0 1
Drop 3 0 0
Drop 4 0 1
Tile:7 6 1 0
Drop 2 0 1
Tile:7_flip 5 1 0
Drop 0 0 1
Map 12 3 0
Drop 1 0 1
Tile:4_flip 3 7 0
Drop 0 0 1
GAMEOVER DRAW
# Game ended: Wed Apr 15 00:58:41 EDT 2020
