# Server version 0.08 running on 192.168.2.29:8123
# Game ID: 148
# Board class: Saboteur.SaboteurBoard
# Timeout: 20000
# First Move Timeout: 30000
# Date: Wed Apr 15 00:58:15 EDT 2020
# Player 1: Player-0, 'RandomPlayer', running on localhost
# Player 2: Player-1, 'RandomPlayer', running on localhost
START Player-0 RandomPlayer
START Player-1 RandomPlayer
BoardInit:Map,Tile:7,Tile:2,Map,Tile:0,Tile:8,Map,Destroy,Destroy,Tile:5,Tile:9,Tile:6,Tile:15,Tile:7,Tile:10,Tile:5,Tile:0,Map,Tile:14,Tile:7,Tile:6,Tile:8,Tile:4,Tile:7,Tile:9,Malus,Tile:8,Tile:13,Bonus,Tile:8,Tile:9,Tile:9,Tile:12,Tile:11,Tile:6,Map,Bonus,Tile:5,Map,Tile:0,Bonus-Bonus,Tile:10,Tile:8,Tile:0,Tile:3,Tile:1,Destroy-Tile:6,Tile:10,Tile:5,Tile:9,Malus,Tile:7,Tile:6-Tile:hidden2,Tile:hidden1,Tile:nugget
Tile:3_flip 5 6 1
Tile:9_flip 6 6 0
Drop 1 0 1
Tile:7_flip 4 5 0
Destroy 6 6 1
Tile:6_flip 4 4 0
Tile:2 6 6 1
Tile:8 3 4 0
Map 12 3 1
Destroy 5 6 0
Drop 1 0 1
Drop 1 0 0
Map 12 5 1
Tile:5_flip 6 5 0
Tile:9_flip 6 4 1
Tile:7_flip 5 6 0
Tile:1 2 4 1
Tile:6 7 6 0
Tile:10 3 5 1
Tile:5 7 5 0
Tile:0 1 4 1
Drop 4 0 0
Tile:14_flip 6 3 1
Map 12 5 0
Destroy 2 4 1
Tile:6_flip 8 6 0
Tile:9_flip 7 3 1
Tile:7_flip 7 4 0
Drop 0 0 1
Tile:7 3 3 0
Tile:0 2 4 1
Tile:8 3 6 0
Tile:6 3 7 1
Tile:8 5 4 0
Tile:8 6 7 1
Tile:11_flip 6 8 0
Tile:0 0 4 1
Drop 3 0 0
Tile:6 6 9 1
Tile:9_flip 7 9 0
Tile:4 5 3 1
Tile:0 2 3 0
Tile:15 7 2 1
Tile:5 5 7 0
Drop 4 0 1
Tile:10 8 7 0
Tile:9 5 8 1
Map 12 5 0
Tile:12 7 7 1
Malus 0 0 0
Bonus 0 0 1
Drop 0 0 0
Drop 1 0 1
Map 12 7 0
Drop 0 0 1
GAMEOVER DRAW
# Game ended: Wed Apr 15 00:58:16 EDT 2020
