# Server version 0.08 running on 192.168.2.29:8123
# Game ID: 50
# Board class: Saboteur.SaboteurBoard
# Timeout: 20000
# First Move Timeout: 30000
# Date: Tue Apr 14 19:30:44 EDT 2020
# Player 1: Player-0, 'RandomPlayer', running on localhost
# Player 2: Player-1, 'RandomPlayer', running on localhost
START Player-0 RandomPlayer
START Player-1 RandomPlayer
BoardInit:Tile:5,Tile:1,Bonus,Tile:6,Tile:2,Tile:7,Tile:6,Tile:8,Tile:9,Tile:7,Tile:10,Tile:8,Tile:6,Tile:13,Tile:0,Tile:5,Tile:9,Map,Bonus,Tile:9,Tile:15,Tile:5,Tile:4,Tile:6,Tile:9,Tile:8,Tile:6,Destroy,Destroy,Bonus,Map,Tile:9,Tile:5,Destroy,Map,Tile:7,Tile:0,Tile:11,Malus,Map,Map-Tile:8,Tile:14,Tile:7,Tile:0,Bonus,Tile:3,Tile:7-Tile:8,Tile:10,Malus,Tile:12,Map,Tile:0,Tile:10-Tile:hidden2,Tile:hidden1,Tile:nugget
Tile:8 5 6 1
Tile:8 6 5 0
Drop 5 0 1
Map 12 5 0
Tile:0 4 6 1
Tile:6_flip 7 5 0
Drop 2 0 1
Tile:7_flip 3 6 0
Tile:7 3 5 1
Tile:10 6 4 0
Drop 5 0 1
Tile:10 5 7 0
Tile:2_flip 8 5 1
Tile:7 8 4 0
Tile:6_flip 9 5 1
Tile:8 6 3 0
Tile:3 6 2 1
Tile:5_flip 6 6 0
Tile:9 9 6 1
Tile:1 2 5 0
Tile:0 5 2 1
Tile:9 7 6 0
Tile:9_flip 7 3 1
Map 12 5 0
Tile:5_flip 5 8 1
Tile:5_flip 7 7 0
Tile:14 10 5 1
Drop 3 0 0
Tile:15 7 2 1
Tile:6 4 2 0
Tile:10 4 1 1
Malus 0 0 0
Destroy 8 4 1
Destroy 9 5 0
Bonus 0 0 1
Tile:12_flip 4 5 0
Tile:4_flip 7 4 1
Tile:7 5 4 0
Map 12 5 1
Drop 4 0 0
Tile:0 4 8 1
Tile:11 3 2 0
Tile:9 3 8 1
Tile:8 9 7 0
Tile:5_flip 3 9 1
Drop 3 0 0
Tile:6 10 7 1
Tile:0 5 3 0
Map 12 3 1
Tile:13 10 4 0
Drop 1 0 1
Map 12 7 0
Map 12 3 1
Drop 0 0 0
Drop 0 0 1
GAMEOVER DRAW
# Game ended: Tue Apr 14 19:30:44 EDT 2020
