# Server version 0.08 running on 192.168.2.29:8123
# Game ID: 168
# Board class: Saboteur.SaboteurBoard
# Timeout: 20000
# First Move Timeout: 30000
# Date: Wed Apr 15 00:58:47 EDT 2020
# Player 1: Player-0, 'RandomPlayer', running on localhost
# Player 2: Player-1, 'RandomPlayer', running on localhost
START Player-0 RandomPlayer
START Player-1 RandomPlayer
BoardInit:Tile:8,Tile:7,Tile:5,Tile:8,Map,Tile:11,Tile:10,Map,Tile:1,Bonus,Bonus,Tile:9,Tile:8,Tile:10,Tile:6,Malus,Tile:9,Tile:9,Bonus,Tile:14,Destroy,Tile:9,Tile:7,Destroy,Map,Tile:5,Tile:13,Tile:6,Tile:15,Tile:0,Map,Tile:5,Tile:4,Tile:6,Tile:0,Tile:7,Map,Tile:7,Tile:6,Destroy,Tile:8-Map,Tile:12,Tile:2,Tile:7,Malus,Tile:3,Tile:8-Bonus,Tile:0,Tile:10,Tile:0,Tile:6,Tile:5,Tile:9-Tile:nugget,Tile:hidden2,Tile:hidden1
Tile:8 5 4 1
Tile:10 5 3 0
Map 12 5 1
Tile:0 6 4 0
Tile:2 4 4 1
Tile:6 5 6 0
Tile:5 5 2 1
Tile:0 6 5 0
Tile:3 7 4 1
Tile:8 4 5 0
Tile:12_flip 3 5 1
Drop 1 0 0
Drop 0 0 1
Tile:9 4 6 0
Tile:1 6 6 1
Tile:7 6 2 0
Drop 6 0 1
Tile:11_flip 7 5 0
Tile:9_flip 7 6 1
Tile:9 4 7 0
Tile:8 4 8 1
Tile:9 7 7 0
Drop 5 0 1
Tile:14 5 8 0
Tile:10 7 8 1
Map 12 7 0
Destroy 5 4 1
Destroy 6 2 0
Tile:7_flip 3 4 1
Tile:10 4 9 0
Map 12 7 1
Tile:5_flip 4 10 0
Tile:8 5 4 1
Tile:9 3 8 0
Drop 2 0 1
Tile:5 3 10 0
Map 12 5 1
Tile:6_flip 3 3 0
Map 12 5 1
Tile:7 3 7 0
Drop 2 0 1
Destroy 4 10 0
Tile:4_flip 7 9 1
Tile:7_flip 2 7 0
Tile:8 4 10 1
Tile:6 8 7 0
Tile:6_flip 5 10 1
Tile:0 9 7 0
Tile:0 6 2 1
Malus 0 0 0
Drop 0 0 1
Drop 0 0 0
Bonus 0 0 1
Drop 0 0 0
Drop 0 0 1
GAMEOVER DRAW
# Game ended: Wed Apr 15 00:58:47 EDT 2020
