# Server version 0.08 running on 192.168.2.29:8123
# Game ID: 160
# Board class: Saboteur.SaboteurBoard
# Timeout: 20000
# First Move Timeout: 30000
# Date: Wed Apr 15 00:58:33 EDT 2020
# Player 1: Player-0, 'RandomPlayer', running on localhost
# Player 2: Player-1, 'RandomPlayer', running on localhost
START Player-0 RandomPlayer
START Player-1 RandomPlayer
BoardInit:Map,Tile:9,Tile:9,Map,Bonus,Tile:0,Destroy,Tile:11,Tile:0,Tile:6,Tile:6,Tile:9,Tile:5,Tile:8,Malus,Tile:7,Tile:2,Tile:10,Map,Tile:4,Tile:6,Bonus,Tile:12,Tile:3,Tile:7,Tile:15,Tile:9,Tile:13,Tile:1,Tile:9,Tile:5,Tile:14,Bonus,Destroy,Bonus,Tile:0,Tile:10,Tile:0,Tile:6,Tile:7,Tile:7-Tile:10,Map,Tile:8,Tile:7,Tile:8,Tile:5,Tile:8-Tile:5,Map,Tile:6,Tile:8,Destroy,Malus,Map-Tile:hidden2,Tile:hidden1,Tile:nugget
Tile:5_flip 5 6 1
Tile:6_flip 5 4 0
Tile:7 6 5 1
Tile:5 4 4 0
Tile:8 4 5 1
Tile:8 4 6 0
Map 12 7 1
Drop 2 0 0
Tile:9 3 6 1
Tile:11 3 5 0
Drop 1 0 1
Map 12 3 0
Tile:10 3 7 1
Tile:9_flip 3 8 0
Drop 3 0 1
Tile:9 6 6 0
Drop 0 0 1
Destroy 5 6 0
Tile:0 7 6 1
Tile:8 3 9 0
Tile:5_flip 6 7 1
Tile:6 5 7 0
Tile:6 6 4 1
Tile:0 8 6 0
Tile:2 6 3 1
Tile:7_flip 2 9 0
Tile:6_flip 4 9 1
Tile:4 3 4 0
Tile:12 5 9 1
Map 12 7 0
Tile:7_flip 4 7 1
Drop 3 0 0
Map 12 7 1
Map 12 5 0
Tile:5_flip 3 10 1
Tile:14_flip 2 10 0
Tile:1 5 3 1
Destroy 6 3 0
Drop 6 0 1
Tile:0 4 3 0
Tile:9_flip 7 4 1
Tile:9 4 10 0
Tile:6 3 3 1
Tile:13 3 2 0
Tile:7 9 6 1
Drop 3 0 0
Drop 0 0 1
Tile:15 3 1 0
Malus 0 0 1
Bonus 0 0 0
Map 12 3 1
Tile:7_flip 2 2 0
Drop 1 0 1
Tile:10 7 3 0
Drop 0 0 1
GAMEOVER DRAW
# Game ended: Wed Apr 15 00:58:33 EDT 2020
