# Server version 0.08 running on 192.168.2.29:8123
# Game ID: 345
# Board class: Saboteur.SaboteurBoard
# Timeout: 20000
# First Move Timeout: 30000
# Date: Wed Apr 15 23:42:24 EDT 2020
# Player 1: Player-0, 'RandomPlayer', running on localhost
# Player 2: Player-1, '260803297', running on localhost
START Player-0 RandomPlayer
START Player-1 260803297
BoardInit:Tile:10,Tile:14,Tile:9,Map,Tile:0,Bonus,Bonus,Tile:8,Map,Tile:7,Tile:10,Tile:10,Tile:8,Tile:9,Tile:6,Tile:6,Tile:7,Malus,Tile:3,Tile:8,Tile:5,Tile:0,Malus,Tile:5,Tile:6,Tile:4,Destroy,Destroy,Map,Tile:9,Tile:5,Tile:12,Tile:15,Tile:13,Tile:7,Tile:6,Tile:6,Tile:8,Bonus,Tile:9,Tile:8-Tile:0,Tile:0,Tile:7,Tile:9,Map,Tile:2,Bonus-Map,Tile:7,Map,Destroy,Tile:1,Tile:11,Tile:5-Tile:nugget,Tile:hidden1,Tile:hidden2
Map 12 3 1
Map 12 5 0
Tile:0 4 5 1
Tile:5 5 4 0
Tile:9_flip 5 6 1
Tile:1 3 5 0
Tile:2 6 4 1
Drop 2 0 0
Drop 3 0 1
Tile:11_flip 7 4 0
Map 12 7 1
Map 12 3 0
Tile:10 7 5 1
Tile:8 5 7 0
Drop 2 0 1
Tile:14_flip 7 3 0
Tile:9_flip 6 5 1
Tile:9_flip 7 6 0
Tile:6_flip 4 7 1
Tile:6 8 3 0
Tile:7_flip 5 8 1
Tile:8 6 7 0
Drop 4 0 1
Malus 0 0 0
Drop 4 0 1
Tile:0 4 6 0
Drop 2 0 1
Tile:5 3 6 0
Destroy 5 8 1
Destroy 6 7 0
Drop 0 0 1
Tile:7_flip 6 6 0
Map 12 7 1
Tile:12_flip 2 5 0
Drop 6 0 1
Tile:7 9 3 0
Drop 1 0 1
Tile:13 7 7 0
Malus 0 0 1
Map 12 7 0
Bonus 0 0 1
Drop 4 0 0
Tile:5_flip 5 8 1
Bonus 0 0 0
Tile:0 8 7 1
Tile:8 3 7 0
Tile:6_flip 2 7 1
Tile:9_flip 7 8 0
Tile:6_flip 9 7 1
Tile:4_flip 9 8 0
Drop 2 0 1
Drop 0 0 0
Tile:7_flip 4 8 1
Tile:9 2 8 0
Tile:5 6 8 1
GAMEOVER DRAW
# Game ended: Wed Apr 15 23:42:25 EDT 2020
