# Server version 0.08 running on 192.168.2.29:8123
# Game ID: 211
# Board class: Saboteur.SaboteurBoard
# Timeout: 20000
# First Move Timeout: 30000
# Date: Wed Apr 15 01:02:13 EDT 2020
# Player 1: Player-0, 'RandomPlayer', running on localhost
# Player 2: Player-1, 'RandomPlayer', running on localhost
START Player-0 RandomPlayer
START Player-1 RandomPlayer
BoardInit:Bonus,Malus,Map,Tile:9,Tile:6,Tile:9,Tile:12,Tile:8,Tile:3,Tile:6,Tile:11,Tile:8,Map,Tile:7,Tile:9,Map,Tile:10,Tile:0,Tile:7,Destroy,Tile:5,Malus,Tile:10,Tile:10,Tile:0,Tile:6,Destroy,Tile:0,Bonus,Tile:1,Tile:9,Bonus,Destroy,Tile:6,Tile:8,Bonus,Tile:2,Map,Tile:7,Tile:5,Tile:8-Tile:7,Tile:13,Map,Tile:8,Tile:7,Tile:9,Tile:5-Tile:0,Tile:6,Tile:14,Tile:5,Tile:15,Map,Tile:4-Tile:nugget,Tile:hidden1,Tile:hidden2
Tile:7 6 5 1
Tile:5 5 4 0
Tile:13 4 5 1
Tile:14 4 6 0
Tile:7_flip 5 6 1
Tile:0 6 4 0
Drop 4 0 1
Tile:9_flip 6 6 0
Map 12 5 1
Tile:6 3 6 0
Map 12 3 1
Tile:9_flip 4 4 0
Tile:6_flip 7 4 1
Tile:8 8 4 0
Tile:3_flip 6 7 1
Tile:4 4 3 0
Tile:5_flip 8 5 1
Tile:8 2 6 0
Tile:11 7 5 1
Map 12 3 0
Tile:9_flip 8 3 1
Destroy 3 6 0
Tile:8 7 7 1
Tile:6 3 6 0
Tile:7_flip 7 3 1
Tile:15 8 2 0
Map 12 7 1
Tile:0 1 6 0
Destroy 8 5 1
Tile:10 8 1 0
Tile:9_flip 8 5 1
Tile:6_flip 9 4 0
Drop 4 0 1
Map 12 3 0
Tile:5_flip 8 7 1
Tile:6_flip 0 6 0
Tile:9_flip 0 7 1
Tile:7 10 4 0
Destroy 8 4 1
Drop 6 0 0
Tile:10 8 6 1
Drop 6 0 0
Tile:8 8 4 1
Drop 3 0 0
Tile:8 8 0 1
Drop 3 0 0
Drop 1 0 1
Tile:0 7 0 0
Tile:12 9 0 1
Drop 1 0 0
Tile:7 7 2 1
Malus 0 0 0
Bonus 0 0 1
Drop 0 0 0
Tile:2_flip 0 8 1
GAMEOVER DRAW
# Game ended: Wed Apr 15 01:02:13 EDT 2020
