# Server version 0.08 running on 192.168.2.29:8123
# Game ID: 330
# Board class: Saboteur.SaboteurBoard
# Timeout: 20000
# First Move Timeout: 30000
# Date: Wed Apr 15 23:41:45 EDT 2020
# Player 1: Player-0, '260803297', running on localhost
# Player 2: Player-1, 'RandomPlayer', running on localhost
START Player-0 260803297
START Player-1 RandomPlayer
BoardInit:Tile:7,Bonus,Tile:5,Tile:13,Tile:7,Map,Map,Tile:0,Tile:6,Tile:8,Tile:15,Tile:7,Malus,Tile:9,Destroy,Destroy,Bonus,Tile:9,Tile:4,Tile:8,Tile:8,Map,Destroy,Tile:6,Tile:8,Tile:5,Tile:0,Tile:10,Tile:10,Tile:9,Tile:9,Tile:0,Map,Tile:7,Tile:1,Tile:14,Tile:11,Tile:5,Tile:9,Tile:2,Tile:7-Tile:6,Map,Tile:6,Tile:5,Tile:6,Tile:12,Tile:3-Bonus,Bonus,Tile:10,Malus,Map,Tile:8,Tile:0-Tile:nugget,Tile:hidden1,Tile:hidden2
Tile:12_flip 4 5 1
Map 12 3 0
Tile:6_flip 6 5 1
Drop 0 0 0
Tile:5_flip 7 5 1
Tile:13 5 6 0
Tile:7 7 4 1
Map 12 3 0
Tile:3 5 4 1
Malus 0 0 0
Drop 3 0 1
Tile:8 6 6 0
Drop 5 0 1
Tile:0 4 6 0
Map 12 3 1
Tile:10 6 7 0
Destroy 7 5 1
Destroy 7 4 0
Drop 5 0 1
Tile:8 6 8 0
Drop 6 0 1
Tile:0 4 4 0
Map 12 5 1
Tile:9 5 8 0
Drop 0 0 1
Tile:8 7 5 0
Destroy 6 8 1
Tile:9_flip 7 6 0
Drop 6 0 1
Tile:7 7 4 0
Drop 1 0 1
Tile:6 6 8 0
Drop 4 0 1
Tile:9_flip 8 5 0
Drop 4 0 1
Map 12 3 0
Map 12 7 1
Tile:5_flip 7 8 0
Drop 0 0 1
Drop 6 0 0
Drop 4 0 1
Drop 2 0 0
Drop 5 0 1
Tile:2_flip 5 9 0
Drop 4 0 1
Tile:7_flip 3 4 0
Drop 3 0 1
Tile:0 3 6 0
Drop 2 0 1
Tile:14_flip 2 6 0
Drop 0 0 1
Drop 1 0 0
Bonus 0 0 1
Drop 0 0 0
Tile:7_flip 6 4 1
GAMEOVER DRAW
# Game ended: Wed Apr 15 23:41:46 EDT 2020
