# Server version 0.08 running on 192.168.2.29:8123
# Game ID: 51
# Board class: Saboteur.SaboteurBoard
# Timeout: 20000
# First Move Timeout: 30000
# Date: Tue Apr 14 19:30:46 EDT 2020
# Player 1: Player-0, 'RandomPlayer', running on localhost
# Player 2: Player-1, 'RandomPlayer', running on localhost
START Player-0 RandomPlayer
START Player-1 RandomPlayer
BoardInit:Tile:0,Map,Tile:5,Destroy,Tile:1,Tile:7,Bonus,Tile:10,Malus,Tile:6,Bonus,Tile:15,Bonus,Destroy,Tile:7,Bonus,Tile:5,Tile:3,Tile:9,Map,Tile:7,Tile:9,Map,Destroy,Tile:12,Tile:5,Tile:5,Tile:9,Tile:9,Tile:6,Tile:11,Malus,Tile:4,Tile:6,Map,Tile:8,Tile:13,Tile:2,Tile:6,Tile:6,Tile:8-Tile:10,Map,Tile:7,Tile:10,Tile:9,Tile:8,Map-Tile:0,Tile:7,Tile:0,Tile:8,Tile:14,Tile:8,Tile:0-Tile:nugget,Tile:hidden1,Tile:hidden2
Tile:8 4 5 1
Tile:0 6 5 0
Tile:9 5 6 1
Drop 1 0 0
Drop 1 0 1
Drop 1 0 0
Map 12 7 1
Map 12 7 0
Tile:0 7 5 1
Tile:0 3 5 0
Tile:1 2 5 1
Tile:6_flip 8 5 0
Tile:10 8 6 1
Tile:7 6 6 0
Tile:7_flip 6 7 1
Destroy 5 6 0
Tile:7 4 4 1
Tile:8 4 6 0
Tile:5 5 4 1
Tile:14 4 7 0
Tile:5_flip 6 4 1
Tile:15 6 3 0
Drop 1 0 1
Destroy 2 5 0
Map 12 7 1
Tile:3_flip 8 7 0
Tile:7_flip 2 5 1
Tile:5_flip 9 7 0
Tile:9 6 2 1
Destroy 7 5 0
Tile:9_flip 2 4 1
Tile:9_flip 2 3 0
Tile:11 2 2 1
Tile:10 9 6 0
Drop 3 0 1
Tile:9_flip 6 1 0
Tile:12 7 7 1
Tile:6_flip 3 6 0
Tile:5_flip 7 2 1
Tile:6 5 6 0
Drop 4 0 1
Drop 2 0 0
Tile:6_flip 7 5 1
Tile:7_flip 3 7 0
Drop 4 0 1
Drop 3 0 0
Malus 0 0 1
Drop 2 0 0
Tile:4_flip 7 6 1
Drop 1 0 0
Drop 0 0 1
Bonus 0 0 0
Tile:8 5 1 1
Tile:6_flip 5 0 0
Drop 0 0 1
GAMEOVER DRAW
# Game ended: Tue Apr 14 19:30:46 EDT 2020
