# Server version 0.08 running on 192.168.2.29:8123
# Game ID: 322
# Board class: Saboteur.SaboteurBoard
# Timeout: 20000
# First Move Timeout: 30000
# Date: Wed Apr 15 23:41:02 EDT 2020
# Player 1: Player-0, '260803297', running on localhost
# Player 2: Player-1, 'RandomPlayer', running on localhost
START Player-0 260803297
START Player-1 RandomPlayer
BoardInit:Map,Tile:10,Tile:0,Tile:7,Tile:9,Tile:6,Map,Destroy,Tile:6,Tile:0,Tile:8,Tile:7,Tile:10,Tile:6,Tile:14,Tile:7,Bonus,Tile:9,Tile:9,Destroy,Tile:6,Tile:11,Map,Map,Malus,Tile:7,Tile:3,Tile:15,Tile:5,Bonus,Tile:0,Tile:8,Malus,Tile:12,Tile:7,Tile:9,Tile:10,Tile:6,Tile:9,Tile:4,Bonus-Tile:2,Map,Bonus,Tile:0,Tile:8,Tile:8,Tile:1-Tile:5,Tile:5,Map,Destroy,Tile:8,Tile:13,Tile:5-Tile:hidden2,Tile:nugget,Tile:hidden1
Drop 3 0 1
Map 12 3 0
Tile:2 6 5 1
Tile:13 5 4 0
Tile:0 4 5 1
Tile:5_flip 6 4 0
Tile:8 6 6 1
Tile:7_flip 5 6 0
Tile:1 4 4 1
Tile:5_flip 6 7 0
Tile:9_flip 7 5 1
Tile:8 3 5 0
Tile:6 2 5 1
Tile:10 7 4 0
Map 12 3 1
Destroy 7 5 0
Tile:14_flip 7 3 1
Tile:6 7 5 0
Tile:8 3 4 1
Tile:5 2 4 0
Map 12 7 1
Destroy 7 5 0
Tile:9_flip 7 5 1
Tile:7_flip 1 5 0
Map 12 7 1
Map 12 5 0
Tile:6 3 6 1
Tile:6 7 6 0
Drop 3 0 1
Tile:15 1 4 0
Tile:8 1 3 1
Tile:7 8 3 0
Tile:3_flip 0 3 1
Destroy 5 4 0
Tile:0 2 6 1
Tile:11 8 4 0
Tile:5 5 7 1
Tile:9 3 3 0
Tile:7_flip 5 8 1
Tile:6_flip 9 4 0
Map 12 5 1
Tile:4_flip 8 5 0
Drop 0 0 1
Tile:8 5 4 0
Tile:10 3 2 1
Tile:12 4 6 0
Tile:10 6 3 1
Tile:9 6 2 0
Drop 3 0 1
Tile:0 6 8 0
Tile:9 9 5 1
Tile:7 7 8 0
Drop 0 0 1
Drop 0 0 0
Malus 0 0 1
GAMEOVER DRAW
# Game ended: Wed Apr 15 23:41:02 EDT 2020
