# Server version 0.08 running on 192.168.2.29:8123
# Game ID: 149
# Board class: Saboteur.SaboteurBoard
# Timeout: 20000
# First Move Timeout: 30000
# Date: Wed Apr 15 00:58:17 EDT 2020
# Player 1: Player-0, 'RandomPlayer', running on localhost
# Player 2: Player-1, 'RandomPlayer', running on localhost
START Player-0 RandomPlayer
START Player-1 RandomPlayer
BoardInit:Tile:0,Tile:13,Tile:10,Tile:8,Tile:11,Tile:6,Malus,Tile:7,Tile:3,Destroy,Tile:7,Tile:7,Tile:9,Tile:5,Bonus,Tile:6,Tile:6,Tile:7,Tile:0,Bonus,Tile:5,Tile:6,Tile:2,Malus,Map,Map,Tile:12,Tile:10,Tile:10,Map,Map,Tile:0,Tile:9,Tile:0,Bonus,Tile:6,Tile:5,Map,Tile:14,Tile:9,Tile:8-Destroy,Tile:8,Tile:7,Destroy,Tile:8,Tile:1,Tile:9-Tile:5,Map,Tile:9,Tile:4,Tile:15,Tile:8,Bonus-Tile:hidden2,Tile:nugget,Tile:hidden1
Tile:7_flip 4 5 1
Tile:8 4 4 0
Tile:8 6 5 1
Drop 5 0 0
Drop 1 0 1
Map 12 5 0
Tile:9_flip 5 6 1
Tile:5 6 4 0
Tile:11_flip 7 5 1
Tile:13 7 6 0
Tile:3_flip 6 6 1
Tile:6 3 4 0
Destroy 6 5 1
Tile:9_flip 3 3 0
Tile:7_flip 2 4 1
Tile:4 4 3 0
Tile:8 2 3 1
Tile:7_flip 7 7 0
Drop 5 0 1
Tile:5_flip 8 7 0
Drop 4 0 1
Tile:7 5 4 0
Tile:6 1 3 1
Tile:7_flip 0 3 0
Tile:5 4 6 1
Tile:6_flip 3 2 0
Tile:2 2 2 1
Drop 3 0 0
Drop 6 0 1
Map 12 5 0
Malus 0 0 1
Drop 2 0 0
Tile:10 4 7 1
Map 12 7 0
Drop 3 0 1
Drop 0 0 0
Tile:9_flip 8 6 1
Drop 4 0 0
Tile:5_flip 4 2 1
Map 12 5 0
Tile:10 5 7 1
Drop 4 0 0
Tile:14_flip 1 2 1
Malus 0 0 0
Drop 4 0 1
Drop 3 0 0
Map 12 5 1
Drop 0 0 0
Drop 0 0 1
Drop 2 0 0
Drop 0 0 1
Drop 0 0 0
Drop 1 0 1
Drop 0 0 0
Drop 0 0 1
GAMEOVER DRAW
# Game ended: Wed Apr 15 00:58:17 EDT 2020
