# Server version 0.08 running on 192.168.2.29:8123
# Game ID: 165
# Board class: Saboteur.SaboteurBoard
# Timeout: 20000
# First Move Timeout: 30000
# Date: Wed Apr 15 00:58:42 EDT 2020
# Player 1: Player-0, 'RandomPlayer', running on localhost
# Player 2: Player-1, 'RandomPlayer', running on localhost
START Player-0 RandomPlayer
START Player-1 RandomPlayer
BoardInit:Bonus,Tile:5,Tile:9,Tile:10,Tile:6,Map,Tile:10,Tile:6,Bonus,Tile:9,Tile:0,Map,Map,Malus,Tile:8,Tile:5,Tile:11,Tile:7,Tile:8,Tile:10,Destroy,Tile:2,Tile:0,Tile:4,Tile:15,Tile:9,Tile:7,Map,Tile:5,Tile:8,Destroy,Tile:7,Tile:9,Malus,Tile:9,Tile:1,Tile:8,Tile:12,Map,Tile:0,Map-Tile:5,Tile:7,Tile:3,Bonus,Tile:8,Tile:6,Tile:7-Tile:13,Tile:6,Destroy,Tile:6,Tile:0,Tile:14,Bonus-Tile:hidden1,Tile:nugget,Tile:hidden2
Tile:6_flip 5 4 1
Tile:6_flip 6 4 0
Tile:8 4 5 1
Tile:13 5 6 0
Tile:9_flip 6 5 1
Drop 2 0 0
Tile:7_flip 4 6 1
Tile:14_flip 4 4 0
Tile:3_flip 5 7 1
Tile:5_flip 6 6 0
Tile:5 3 5 1
Drop 1 0 0
Drop 1 0 1
Destroy 4 4 0
Tile:10 3 6 1
Drop 2 0 0
Tile:0 7 4 1
Tile:9_flip 8 4 0
Tile:11 4 4 1
Tile:6_flip 8 3 0
Drop 4 0 1
Tile:7 6 7 0
Destroy 4 6 1
Tile:10 8 5 0
Tile:8 4 3 1
Map 12 7 0
Tile:0 7 3 1
Tile:2 3 3 0
Tile:6 9 3 1
Tile:4_flip 3 7 0
Tile:7_flip 4 6 1
Malus 0 0 0
Destroy 8 4 1
Tile:9_flip 8 6 0
Drop 3 0 1
Tile:8 9 2 0
Drop 2 0 1
Tile:10 9 1 0
Bonus 0 0 1
Tile:1 2 3 0
Tile:5_flip 3 4 1
Tile:12_flip 7 6 0
Map 12 7 1
Map 12 7 0
Map 12 5 1
Tile:7 10 2 0
Tile:8 8 4 1
Tile:0 1 3 0
Tile:9 9 0 1
Tile:5_flip 10 0 0
Drop 0 0 1
Malus 0 0 0
Drop 1 0 1
Drop 0 0 0
Drop 0 0 1
GAMEOVER DRAW
# Game ended: Wed Apr 15 00:58:43 EDT 2020
