# Server version 0.08 running on 192.168.2.29:8123
# Game ID: 101
# Board class: Saboteur.SaboteurBoard
# Timeout: 20000
# First Move Timeout: 30000
# Date: Tue Apr 14 22:22:47 EDT 2020
# Player 1: Player-0, 'RandomPlayer', running on localhost
# Player 2: Player-1, 'RandomPlayer', running on localhost
START Player-0 RandomPlayer
START Player-1 RandomPlayer
BoardInit:Tile:6,Destroy,Map,Tile:7,Map,Tile:14,Map,Tile:2,Tile:8,Tile:5,Map,Tile:6,Tile:6,Tile:8,Tile:11,Tile:7,Tile:0,Tile:5,Tile:9,Tile:7,Tile:10,Tile:1,Tile:6,Tile:8,Tile:9,Tile:9,Tile:8,Malus,Tile:12,Tile:9,Map,Bonus,Tile:4,Tile:3,Tile:6,Destroy,Destroy,Tile:0,Malus,Tile:0,Tile:8-Tile:5,Tile:10,Bonus,Bonus,Map,Tile:7,Bonus-Tile:5,Tile:15,Tile:7,Tile:13,Tile:9,Tile:10,Tile:0-Tile:hidden2,Tile:hidden1,Tile:nugget
Tile:5 5 4 1
Tile:5_flip 6 4 0
Map 12 7 1
Tile:15 6 3 0
Tile:6 5 6 1
Tile:10 6 2 0
Tile:7 6 5 1
Tile:14_flip 6 1 0
Drop 3 0 1
Tile:2 7 1 0
Tile:8 8 1 1
Tile:5_flip 9 1 0
Map 12 3 1
Tile:9_flip 6 6 0
Tile:6_flip 9 0 1
Tile:8 8 0 0
Map 12 3 1
Tile:7_flip 7 0 0
Tile:11 8 2 1
Tile:5 4 5 0
Tile:10 7 2 1
Drop 3 0 0
Map 12 7 1
Tile:7_flip 7 3 0
Tile:6 8 3 1
Destroy 6 6 0
Tile:0 9 2 1
Tile:6 10 0 0
Tile:8 10 2 1
Tile:8 4 6 0
Map 12 3 1
Tile:13 4 7 0
Tile:9 3 6 1
Tile:9_flip 11 2 0
Tile:12 5 7 1
Tile:3 11 1 0
Tile:6 3 7 1
Tile:1 11 0 0
Destroy 4 5 1
Destroy 4 7 0
Tile:9 4 5 1
Tile:9_flip 6 6 0
Tile:10 10 3 1
Tile:0 12 0 0
Map 12 3 1
Tile:0 2 7 0
Tile:8 4 7 1
Drop 0 0 0
Tile:4 3 5 1
Tile:0 13 0 0
Drop 0 0 1
Malus 0 0 0
Drop 0 0 1
Drop 0 0 0
Malus 0 0 1
GAMEOVER DRAW
# Game ended: Tue Apr 14 22:22:47 EDT 2020
