# Server version 0.08 running on 192.168.2.29:8123
# Game ID: 206
# Board class: Saboteur.SaboteurBoard
# Timeout: 20000
# First Move Timeout: 30000
# Date: Wed Apr 15 01:02:06 EDT 2020
# Player 1: Player-0, 'RandomPlayer', running on localhost
# Player 2: Player-1, 'RandomPlayer', running on localhost
START Player-0 RandomPlayer
START Player-1 RandomPlayer
BoardInit:Tile:6,Tile:9,Tile:10,Tile:8,Map,Malus,Tile:7,Tile:2,Malus,Tile:0,Tile:6,Map,Tile:5,Tile:9,Tile:3,Bonus,Bonus,Tile:9,Destroy,Tile:6,Tile:7,Bonus,Map,Tile:6,Tile:7,Tile:7,Tile:0,Map,Tile:1,Tile:0,Tile:6,Bonus,Tile:7,Tile:5,Tile:5,Tile:9,Tile:5,Tile:14,Tile:15,Tile:10,Tile:11-Tile:9,Tile:4,Tile:8,Tile:8,Tile:13,Map,Tile:0-Destroy,Destroy,Tile:12,Tile:8,Map,Tile:8,Tile:10-Tile:nugget,Tile:hidden1,Tile:hidden2
Tile:13 4 5 1
Map 12 3 0
Tile:9 5 6 1
Drop 1 0 0
Tile:10 5 7 1
Tile:8 4 4 0
Tile:8 5 4 1
Tile:9_flip 6 6 0
Tile:8 4 3 1
Tile:12_flip 3 5 0
Tile:6_flip 6 5 1
Tile:0 7 5 0
Tile:4_flip 6 7 1
Malus 0 0 0
Map 12 3 1
Tile:8 3 3 0
Drop 0 0 1
Tile:2_flip 3 4 0
Drop 5 0 1
Tile:9_flip 5 8 0
Destroy 6 6 1
Destroy 5 4 0
Drop 5 0 1
Tile:9_flip 8 5 0
Drop 2 0 1
Drop 5 0 0
Drop 0 0 1
Tile:8 4 8 0
Drop 4 0 1
Tile:7 4 7 0
Drop 0 0 1
Tile:10 3 2 0
Drop 6 0 1
Tile:6_flip 3 1 0
Drop 3 0 1
Map 12 5 0
Drop 3 0 1
Tile:9_flip 6 6 0
Drop 6 0 1
Tile:5 2 4 0
Drop 2 0 1
Tile:6 3 8 0
Drop 0 0 1
Tile:14 5 9 0
Drop 4 0 1
Drop 3 0 0
Drop 2 0 1
Tile:10 4 2 0
Drop 0 0 1
Map 12 3 0
Drop 0 0 1
Drop 0 0 0
Drop 1 0 1
Tile:0 2 8 0
Drop 0 0 1
GAMEOVER DRAW
# Game ended: Wed Apr 15 01:02:06 EDT 2020
