# Server version 0.08 running on 192.168.2.29:8123
# Game ID: 217
# Board class: Saboteur.SaboteurBoard
# Timeout: 20000
# First Move Timeout: 30000
# Date: Wed Apr 15 01:02:22 EDT 2020
# Player 1: Player-0, 'RandomPlayer', running on localhost
# Player 2: Player-1, 'RandomPlayer', running on localhost
START Player-0 RandomPlayer
START Player-1 RandomPlayer
BoardInit:Map,Tile:10,Tile:2,Map,Tile:0,Tile:8,Tile:8,Tile:9,Bonus,Tile:8,Tile:0,Tile:6,Tile:9,Tile:6,Tile:9,Tile:15,Map,Tile:0,Tile:6,Destroy,Map,Tile:8,Tile:9,Bonus,Destroy,Tile:12,Tile:6,Tile:10,Tile:1,Tile:8,Map,Bonus,Tile:14,Tile:7,Bonus,Malus,Map,Tile:4,Tile:7,Tile:9,Tile:0-Tile:5,Tile:7,Destroy,Tile:5,Tile:6,Tile:3,Tile:7-Tile:11,Tile:7,Tile:10,Tile:13,Tile:5,Malus,Tile:5-Tile:nugget,Tile:hidden2,Tile:hidden1
Tile:3 6 5 1
Malus 0 0 0
Drop 5 0 1
Tile:5 5 4 0
Drop 6 0 1
Tile:7_flip 5 6 0
Drop 1 0 1
Map 12 7 0
Drop 1 0 1
Tile:8 4 5 0
Drop 1 0 1
Tile:5_flip 4 6 0
Drop 6 0 1
Tile:13 6 6 0
Map 12 7 1
Tile:6 6 4 0
Drop 1 0 1
Tile:6 6 7 0
Map 12 7 1
Tile:0 7 4 0
Drop 2 0 1
Tile:9_flip 8 4 0
Map 12 3 1
Destroy 4 5 0
Drop 5 0 1
Tile:11_flip 7 6 0
Drop 5 0 1
Tile:8 7 7 0
Destroy 4 6 1
Tile:15 8 3 0
Drop 1 0 1
Tile:10 6 3 0
Map 12 7 1
Tile:8 8 7 0
Drop 0 0 1
Drop 4 0 0
Drop 3 0 1
Tile:10 8 2 0
Map 12 5 1
Tile:4_flip 8 5 0
Drop 4 0 1
Tile:9_flip 7 8 0
Bonus 0 0 1
Tile:10 7 9 0
Tile:9 7 10 1
Drop 3 0 0
Tile:1 5 7 1
Tile:12_flip 4 7 0
Tile:7_flip 8 8 1
Malus 0 0 0
Drop 0 0 1
Drop 0 0 0
Bonus 0 0 1
Drop 0 0 0
Drop 0 0 1
GAMEOVER DRAW
# Game ended: Wed Apr 15 01:02:22 EDT 2020
