# Server version 0.08 running on 192.168.2.29:8123
# Game ID: 179
# Board class: Saboteur.SaboteurBoard
# Timeout: 20000
# First Move Timeout: 30000
# Date: Wed Apr 15 00:59:05 EDT 2020
# Player 1: Player-0, 'RandomPlayer', running on localhost
# Player 2: Player-1, 'RandomPlayer', running on localhost
START Player-0 RandomPlayer
START Player-1 RandomPlayer
BoardInit:Tile:5,Bonus,Bonus,Tile:4,Tile:8,Tile:9,Tile:6,Tile:7,Tile:1,Tile:15,Tile:9,Map,Tile:13,Tile:0,Tile:10,Tile:9,Tile:6,Tile:12,Tile:7,Destroy,Tile:10,Tile:8,Tile:7,Tile:6,Tile:10,Destroy,Malus,Tile:14,Tile:8,Tile:8,Tile:3,Tile:7,Tile:5,Bonus,Tile:7,Destroy,Tile:9,Tile:0,Map,Map,Bonus-Map,Map,Tile:0,Tile:11,Tile:6,Tile:0,Tile:5-Tile:5,Tile:2,Tile:8,Tile:9,Map,Tile:6,Malus-Tile:hidden1,Tile:hidden2,Tile:nugget
Tile:6_flip 4 5 1
Drop 5 0 0
Tile:11_flip 6 5 1
Tile:9_flip 6 6 0
Tile:5 6 4 1
Tile:5_flip 7 4 0
Drop 3 0 1
Tile:4_flip 6 7 0
Tile:6 4 6 1
Tile:8 5 6 0
Tile:5 3 6 1
Map 12 3 0
Map 12 7 1
Tile:9_flip 3 7 0
Tile:0 3 5 1
Tile:2_flip 2 7 0
Tile:10 7 3 1
Map 12 3 0
Tile:9_flip 7 2 1
Tile:15 5 7 0
Tile:1 2 5 1
Destroy 7 2 0
Tile:7_flip 3 8 1
Tile:7_flip 5 8 0
Tile:7_flip 1 5 1
Drop 4 0 0
Tile:10 5 4 1
Tile:8 7 2 0
Map 12 7 1
Destroy 5 8 0
Tile:8 1 4 1
Tile:6 2 4 0
Drop 6 0 1
Tile:9 6 2 0
Tile:8 1 7 1
Tile:7 2 6 0
Tile:10 7 1 1
Tile:14_flip 1 3 0
Tile:6_flip 7 0 1
Tile:0 0 4 0
Tile:9 6 0 1
Tile:0 0 7 0
Tile:5 1 6 1
Map 12 7 0
Tile:13 2 3 1
Destroy 2 5 0
Tile:7 3 3 1
Drop 2 0 0
Malus 0 0 1
Bonus 0 0 0
Map 12 3 1
Malus 0 0 0
Drop 0 0 1
Drop 0 0 0
Bonus 0 0 1
GAMEOVER DRAW
# Game ended: Wed Apr 15 00:59:06 EDT 2020
