# Server version 0.08 running on 192.168.2.29:8123
# Game ID: 182
# Board class: Saboteur.SaboteurBoard
# Timeout: 20000
# First Move Timeout: 30000
# Date: Wed Apr 15 00:59:10 EDT 2020
# Player 1: Player-0, 'RandomPlayer', running on localhost
# Player 2: Player-1, 'RandomPlayer', running on localhost
START Player-0 RandomPlayer
START Player-1 RandomPlayer
BoardInit:Malus,Tile:8,Malus,Destroy,Tile:12,Tile:7,Map,Tile:8,Tile:7,Tile:6,Tile:8,Map,Tile:5,Tile:6,Bonus,Tile:0,Tile:0,Tile:5,Tile:9,Tile:8,Tile:11,Tile:0,Tile:0,Tile:13,Tile:9,Tile:10,Map,Tile:8,Tile:15,Map,Tile:4,Tile:2,Tile:10,Bonus,Tile:6,Tile:9,Tile:7,Bonus,Tile:9,Map,Tile:7-Destroy,Destroy,Tile:5,Tile:14,Map,Tile:6,Tile:7-Bonus,Tile:9,Tile:6,Tile:1,Tile:10,Tile:5,Tile:3-Tile:hidden1,Tile:hidden2,Tile:nugget
Drop 3 0 1
Tile:3 5 4 0
Drop 1 0 1
Tile:5 4 5 0
Tile:6 5 6 1
Tile:6 4 6 0
Malus 0 0 1
Destroy 4 5 0
Tile:7_flip 3 6 1
Drop 5 0 0
Drop 2 0 1
Bonus 0 0 0
Tile:7 3 5 1
Tile:1 6 5 0
Tile:8 4 4 1
Tile:6_flip 2 5 0
Tile:5_flip 7 5 1
Tile:9 4 5 0
Tile:5_flip 2 6 1
Tile:8 1 5 0
Tile:9 4 3 1
Tile:6 5 3 0
Tile:0 6 6 1
Tile:5 0 5 0
Tile:12 6 3 1
Tile:8 4 2 0
Destroy 6 6 1
Tile:10 0 6 0
Drop 6 0 1
Tile:13 4 1 0
Tile:9_flip 7 4 1
Map 12 3 0
Tile:4_flip 0 7 1
Tile:2_flip 3 4 0
Tile:0 3 2 1
Tile:10 7 3 0
Tile:11 1 4 1
Tile:8 1 3 0
Tile:6_flip 6 6 1
Drop 6 0 0
Drop 2 0 1
Tile:0 7 6 0
Tile:15 7 2 1
Tile:8 1 2 0
Drop 4 0 1
Tile:9 0 2 0
Tile:7 8 6 1
Map 12 3 0
Tile:7 3 3 1
Tile:0 2 2 0
Malus 0 0 1
Bonus 0 0 0
Map 12 7 1
Map 12 7 0
Drop 0 0 1
GAMEOVER DRAW
# Game ended: Wed Apr 15 00:59:10 EDT 2020
