# Server version 0.08 running on 192.168.2.29:8123
# Game ID: 186
# Board class: Saboteur.SaboteurBoard
# Timeout: 20000
# First Move Timeout: 30000
# Date: Wed Apr 15 01:01:35 EDT 2020
# Player 1: Player-0, 'RandomPlayer', running on localhost
# Player 2: Player-1, 'RandomPlayer', running on localhost
START Player-0 RandomPlayer
START Player-1 RandomPlayer
BoardInit:Tile:1,Map,Tile:8,Tile:8,Tile:9,Tile:5,Tile:8,Tile:6,Destroy,Bonus,Tile:6,Tile:11,Malus,Tile:14,Tile:8,Tile:8,Map,Map,Tile:10,Map,Tile:7,Tile:7,Tile:12,Tile:0,Tile:10,Map,Tile:9,Tile:13,Malus,Tile:9,Tile:6,Tile:5,Tile:0,Destroy,Bonus,Bonus,Tile:4,Bonus,Map,Tile:0,Destroy-Tile:2,Tile:10,Tile:15,Tile:7,Tile:5,Tile:5,Tile:7-Tile:6,Tile:7,Tile:9,Tile:6,Tile:9,Tile:0,Tile:3-Tile:hidden2,Tile:hidden1,Tile:nugget
Tile:5 4 5 1
Tile:6_flip 6 5 0
Tile:15 4 6 1
Tile:7_flip 5 6 0
Tile:8 5 4 1
Tile:0 6 4 0
Tile:2_flip 4 4 1
Tile:8 6 6 0
Tile:7_flip 4 7 1
Tile:6 7 4 0
Tile:5 5 3 1
Tile:3 7 3 0
Tile:10 4 3 1
Tile:5 4 2 0
Tile:7 5 7 1
Tile:9_flip 8 4 0
Tile:9_flip 5 8 1
Tile:14_flip 4 8 0
Tile:6 6 3 1
Drop 1 0 0
Destroy 8 4 1
Tile:11 3 4 0
Tile:7 7 5 1
Tile:9_flip 5 9 0
Tile:1 8 4 1
Tile:7 3 3 0
Tile:8 4 9 1
Tile:0 5 2 0
Tile:9_flip 6 2 1
Tile:6 9 4 0
Malus 0 0 1
Map 12 3 0
Tile:10 6 7 1
Map 12 7 0
Tile:6 2 3 1
Destroy 5 3 0
Tile:8 6 1 1
Drop 0 0 0
Tile:0 5 1 1
Bonus 0 0 0
Drop 2 0 1
Drop 1 0 0
Tile:12_flip 4 1 1
Tile:9 3 9 0
Destroy 3 9 1
Tile:8 10 4 0
Drop 1 0 1
Tile:5 10 3 0
Map 12 7 1
Tile:13 2 2 0
Tile:4 2 1 1
Tile:0 1 2 0
Map 12 3 1
Drop 0 0 0
Drop 0 0 1
GAMEOVER DRAW
# Game ended: Wed Apr 15 01:01:35 EDT 2020
