# Server version 0.08 running on 192.168.2.29:8123
# Game ID: 90
# Board class: Saboteur.SaboteurBoard
# Timeout: 20000
# First Move Timeout: 30000
# Date: Tue Apr 14 22:22:32 EDT 2020
# Player 1: Player-0, 'RandomPlayer', running on localhost
# Player 2: Player-1, 'RandomPlayer', running on localhost
START Player-0 RandomPlayer
START Player-1 RandomPlayer
BoardInit:Tile:14,Map,Tile:4,Map,Tile:13,Tile:0,Tile:15,Bonus,Tile:7,Tile:6,Tile:0,Malus,Tile:7,Bonus,Tile:9,Tile:6,Map,Tile:1,Malus,Tile:9,Tile:0,Tile:8,Destroy,Bonus,Tile:10,Tile:3,Tile:10,Map,Tile:9,Tile:12,Tile:8,Tile:11,Bonus,Tile:8,Tile:7,Tile:10,Map,Tile:7,Map,Tile:5,Tile:9-Tile:2,Tile:5,Tile:6,Tile:5,Tile:6,Tile:0,Destroy-Tile:9,Tile:8,Tile:8,Tile:6,Tile:5,Tile:7,Destroy-Tile:hidden1,Tile:hidden2,Tile:nugget
Tile:6 5 6 1
Drop 5 0 0
Tile:2 5 4 1
Tile:6 6 4 0
Tile:0 4 4 1
Drop 2 0 0
Drop 2 0 1
Map 12 3 0
Tile:14_flip 4 5 1
Drop 2 0 0
Tile:7 6 5 1
Destroy 5 6 0
Drop 4 0 1
Tile:9_flip 6 6 0
Drop 3 0 1
Tile:6 4 6 0
Tile:15 6 3 1
Drop 0 0 0
Tile:0 3 4 1
Tile:6 5 6 0
Tile:5_flip 7 4 1
Tile:9 2 4 0
Tile:9_flip 6 7 1
Tile:8 3 6 0
Drop 5 0 1
Drop 4 0 0
Tile:5 7 3 1
Drop 3 0 0
Tile:10 2 3 1
Tile:3 6 2 0
Destroy 2 3 1
Map 12 3 0
Tile:7_flip 2 6 1
Tile:11_flip 8 3 0
Tile:9_flip 2 5 1
Drop 3 0 0
Destroy 6 3 1
Tile:8 1 5 0
Tile:10 6 3 1
Tile:7 1 4 0
Tile:8 2 3 1
Tile:12_flip 5 7 0
Tile:7_flip 8 4 1
Tile:1 3 3 0
Drop 4 0 1
Tile:5_flip 4 3 0
Map 12 7 1
Tile:0 0 5 0
Malus 0 0 1
Map 12 5 0
Map 12 7 1
Bonus 0 0 0
Tile:9_flip 4 2 1
Tile:10 6 8 0
Drop 0 0 1
GAMEOVER DRAW
# Game ended: Tue Apr 14 22:22:33 EDT 2020
