# Server version 0.08 running on 192.168.2.29:8123
# Game ID: 107
# Board class: Saboteur.SaboteurBoard
# Timeout: 20000
# First Move Timeout: 30000
# Date: Tue Apr 14 22:22:55 EDT 2020
# Player 1: Player-0, 'RandomPlayer', running on localhost
# Player 2: Player-1, 'RandomPlayer', running on localhost
START Player-0 RandomPlayer
START Player-1 RandomPlayer
BoardInit:Tile:0,Tile:10,Bonus,Tile:6,Tile:5,Destroy,Tile:6,Tile:7,Tile:7,Tile:6,Tile:9,Malus,Tile:0,Tile:8,Tile:10,Map,Tile:8,Map,Tile:9,Tile:0,Tile:6,Map,Tile:3,Map,Tile:9,Tile:8,Tile:8,Destroy,Tile:12,Tile:4,Tile:8,Destroy,Bonus,Tile:7,Tile:13,Map,Tile:14,Bonus,Tile:10,Tile:15,Map-Tile:5,Bonus,Tile:2,Tile:1,Tile:11,Tile:7,Tile:7-Tile:9,Malus,Tile:0,Tile:9,Tile:5,Tile:6,Tile:5-Tile:hidden2,Tile:hidden1,Tile:nugget
Tile:7 6 5 1
Tile:5 5 4 0
Tile:2_flip 6 6 1
Tile:9 4 5 0
Tile:1 6 4 1
Tile:6 5 6 0
Drop 3 0 1
Tile:6_flip 7 6 0
Tile:0 7 4 1
Destroy 6 4 0
Tile:5_flip 8 4 1
Tile:5_flip 8 6 0
Tile:7 4 4 1
Drop 4 0 0
Tile:6 4 6 1
Tile:6_flip 8 3 0
Tile:5 8 5 1
Drop 0 0 0
Tile:11 7 7 1
Tile:9_flip 9 5 0
Tile:0 3 6 1
Tile:0 6 4 0
Tile:9_flip 7 8 1
Tile:8 3 4 0
Tile:6 9 3 1
Map 12 3 0
Tile:10 3 3 1
Tile:0 10 3 0
Tile:9 9 6 1
Drop 2 0 0
Tile:3 11 3 1
Destroy 9 6 0
Tile:12_flip 6 8 1
Destroy 9 5 0
Drop 4 0 1
Map 12 3 0
Tile:9 9 2 1
Drop 3 0 0
Tile:8 9 5 1
Map 12 5 0
Tile:13 2 6 1
Drop 2 0 0
Tile:14_flip 9 4 1
Tile:7 9 1 0
Map 12 7 1
Drop 0 0 0
Tile:10 9 6 1
Tile:15 3 2 0
Tile:8 1 6 1
Map 12 5 0
Drop 0 0 1
Malus 0 0 0
Drop 0 0 1
Drop 0 0 0
Bonus 0 0 1
GAMEOVER DRAW
# Game ended: Tue Apr 14 22:22:55 EDT 2020
