# Server version 0.08 running on 192.168.2.29:8123
# Game ID: 140
# Board class: Saboteur.SaboteurBoard
# Timeout: 20000
# First Move Timeout: 30000
# Date: Wed Apr 15 00:58:04 EDT 2020
# Player 1: Player-0, 'RandomPlayer', running on localhost
# Player 2: Player-1, 'RandomPlayer', running on localhost
START Player-0 RandomPlayer
START Player-1 RandomPlayer
BoardInit:Tile:0,Map,Bonus,Bonus,Map,Tile:3,Destroy,Tile:6,Tile:8,Tile:10,Tile:6,Destroy,Tile:5,Tile:8,Tile:8,Tile:8,Tile:1,Tile:13,Map,Map,Tile:15,Tile:9,Tile:5,Tile:0,Tile:4,Tile:7,Map,Tile:9,Tile:9,Tile:2,Tile:9,Tile:7,Tile:10,Tile:7,Tile:5,Tile:11,Tile:0,Tile:6,Tile:9,Tile:8,Tile:14-Destroy,Malus,Tile:7,Tile:6,Tile:10,Map,Malus-Tile:0,Bonus,Tile:6,Tile:7,Bonus,Tile:12,Tile:5-Tile:nugget,Tile:hidden1,Tile:hidden2
Tile:7_flip 4 5 1
Tile:7 6 5 0
Drop 5 0 1
Tile:6 5 6 0
Tile:10 5 4 1
Drop 3 0 0
Drop 3 0 1
Tile:0 4 6 0
Drop 0 0 1
Drop 3 0 0
Drop 3 0 1
Tile:10 4 4 0
Tile:0 3 6 1
Drop 0 0 0
Tile:5_flip 6 6 1
Tile:5 2 6 0
Destroy 3 6 1
Destroy 4 5 0
Tile:8 5 3 1
Tile:13 3 6 0
Tile:6_flip 6 3 1
Tile:3_flip 4 5 0
Map 12 3 1
Tile:9 2 7 0
Tile:5_flip 3 7 1
Tile:8 2 8 0
Tile:4 3 5 1
Tile:0 3 8 0
Drop 2 0 1
Drop 6 0 0
Tile:1 4 8 1
Tile:8 4 3 0
Tile:9 1 8 1
Tile:7_flip 6 4 0
Tile:9_flip 5 2 1
Tile:7 7 3 0
Tile:10 1 7 1
Tile:11 2 9 0
Tile:5_flip 7 4 1
Tile:7 5 8 0
Drop 6 0 1
Tile:6 5 9 0
Tile:6 2 10 1
Tile:6_flip 3 9 0
Tile:14_flip 5 1 1
Drop 1 0 0
Drop 1 0 1
Tile:8 3 3 0
Map 12 7 1
Map 12 3 0
Tile:0 2 3 1
Tile:2 1 3 0
Tile:15 3 2 1
Drop 0 0 0
Malus 0 0 1
GAMEOVER DRAW
# Game ended: Wed Apr 15 00:58:04 EDT 2020
