# Server version 0.08 running on 192.168.2.29:8123
# Game ID: 68
# Board class: Saboteur.SaboteurBoard
# Timeout: 20000
# First Move Timeout: 30000
# Date: Tue Apr 14 19:31:21 EDT 2020
# Player 1: Player-0, 'RandomPlayer', running on localhost
# Player 2: Player-1, 'RandomPlayer', running on localhost
START Player-0 RandomPlayer
START Player-1 RandomPlayer
BoardInit:Tile:5,Tile:15,Tile:12,Tile:10,Tile:5,Tile:8,Tile:10,Bonus,Tile:7,Tile:0,Tile:7,Tile:11,Tile:7,Tile:0,Tile:5,Tile:9,Bonus,Tile:9,Tile:10,Bonus,Tile:8,Map,Tile:8,Tile:3,Tile:6,Malus,Destroy,Malus,Destroy,Tile:8,Map,Destroy,Map,Tile:8,Tile:14,Tile:7,Tile:4,Tile:0,Tile:6,Tile:6,Map-Tile:7,Tile:13,Tile:1,Tile:2,Tile:9,Tile:5,Map-Tile:0,Bonus,Tile:6,Map,Tile:9,Tile:6,Tile:9-Tile:nugget,Tile:hidden1,Tile:hidden2
Tile:9 5 4 1
Drop 5 0 0
Tile:5 5 3 1
Tile:9_flip 6 3 0
Tile:2_flip 6 4 1
Tile:15 5 6 0
Tile:5 4 5 1
Drop 2 0 0
Tile:7 6 5 1
Tile:8 7 4 0
Tile:5 7 3 1
Drop 1 0 0
Drop 0 0 1
Tile:11 6 2 0
Tile:10 5 7 1
Tile:0 7 2 0
Tile:7 8 4 1
Tile:0 8 3 0
Tile:12 8 2 1
Drop 1 0 0
Tile:10 6 1 1
Tile:10 6 6 0
Tile:7_flip 7 5 1
Drop 5 0 0
Tile:8 8 5 1
Drop 2 0 0
Tile:7_flip 6 7 1
Tile:3 6 0 0
Drop 4 0 1
Tile:9_flip 9 5 0
Tile:5_flip 7 7 1
Tile:9_flip 4 6 0
Drop 4 0 1
Destroy 8 4 0
Destroy 9 5 1
Tile:8 5 8 0
Tile:14 8 6 1
Tile:7_flip 4 8 0
Tile:6 3 6 1
Map 12 7 0
Map 12 3 1
Tile:0 6 8 0
Tile:6_flip 8 4 1
Tile:8 5 0 0
Tile:1 9 3 1
Drop 0 0 0
Map 12 5 1
Tile:6_flip 9 4 0
Map 12 3 1
Map 12 3 0
Tile:4 3 5 1
Malus 0 0 0
Map 12 7 1
Drop 0 0 0
Bonus 0 0 1
GAMEOVER DRAW
# Game ended: Tue Apr 14 19:31:21 EDT 2020
