# Server version 0.08 running on 192.168.2.29:8123
# Game ID: 283
# Board class: Saboteur.SaboteurBoard
# Timeout: 20000
# First Move Timeout: 30000
# Date: Wed Apr 15 23:28:34 EDT 2020
# Player 1: Player-0, 'RandomPlayer', running on localhost
# Player 2: Player-1, '260803297', running on localhost
START Player-0 RandomPlayer
START Player-1 260803297
BoardInit:Tile:3,Tile:7,Tile:9,Tile:6,Destroy,Map,Tile:7,Tile:8,Tile:1,Tile:10,Map,Tile:14,Tile:0,Tile:13,Tile:4,Tile:15,Tile:5,Bonus,Tile:9,Tile:6,Tile:8,Tile:8,Bonus,Tile:8,Malus,Tile:7,Tile:5,Tile:0,Tile:10,Tile:9,Tile:11,Tile:10,Bonus,Tile:6,Tile:7,Tile:9,Tile:7,Tile:5,Tile:9,Bonus,Malus-Tile:2,Tile:0,Tile:8,Tile:12,Map,Destroy,Tile:6-Map,Destroy,Tile:5,Tile:0,Map,Tile:6,Map-Tile:hidden2,Tile:hidden1,Tile:nugget
Map 12 3 1
Drop 3 0 0
Tile:3 5 4 1
Map 12 7 0
Tile:8 4 4 1
Drop 1 0 0
Tile:6_flip 3 4 1
Map 12 7 0
Tile:9_flip 6 5 1
Tile:7_flip 6 6 0
Drop 2 0 1
Tile:10 5 6 0
Map 12 5 1
Map 12 7 0
Drop 0 0 1
Destroy 5 4 0
Destroy 5 6 1
Tile:6 3 5 0
Drop 2 0 1
Tile:13 4 5 0
Destroy 6 6 1
Tile:8 5 4 0
Drop 5 0 1
Tile:6_flip 4 3 0
Tile:1 2 5 1
Drop 2 0 0
Malus 0 0 1
Map 12 7 0
Drop 5 0 1
Drop 6 0 0
Tile:0 3 3 1
Drop 1 0 0
Tile:8 5 3 1
Drop 6 0 0
Drop 6 0 1
Drop 3 0 0
Tile:5_flip 6 6 1
Drop 3 0 0
Tile:7_flip 4 6 1
Drop 6 0 0
Tile:11_flip 6 4 1
Drop 4 0 0
Tile:5 1 5 1
Bonus 0 0 0
Malus 0 0 1
Drop 3 0 0
Tile:10 1 6 1
Drop 0 0 0
Drop 3 0 1
Drop 2 0 0
Tile:7 6 3 1
Drop 0 0 0
Drop 0 0 1
Drop 0 0 0
Tile:4_flip 1 7 1
GAMEOVER DRAW
# Game ended: Wed Apr 15 23:28:35 EDT 2020
