# Server version 0.08 running on 192.168.2.29:8123
# Game ID: 70
# Board class: Saboteur.SaboteurBoard
# Timeout: 20000
# First Move Timeout: 30000
# Date: Tue Apr 14 21:28:43 EDT 2020
# Player 1: Player-0, 'RandomPlayer', running on localhost
# Player 2: Player-1, 'RandomPlayer', running on localhost
START Player-0 RandomPlayer
START Player-1 RandomPlayer
BoardInit:Malus,Tile:9,Tile:5,Tile:7,Map,Tile:8,Tile:0,Tile:10,Tile:7,Tile:10,Bonus,Tile:0,Tile:1,Bonus,Tile:5,Tile:13,Map,Tile:7,Bonus,Map,Destroy,Destroy,Tile:8,Tile:6,Destroy,Tile:9,Tile:9,Map,Tile:5,Bonus,Tile:9,Tile:15,Tile:10,Tile:2,Tile:6,Tile:12,Tile:9,Tile:3,Tile:8,Tile:4,Tile:8-Map,Tile:6,Tile:8,Tile:6,Tile:7,Tile:0,Tile:11-Tile:7,Map,Tile:0,Tile:6,Tile:14,Malus,Tile:5-Tile:hidden1,Tile:nugget,Tile:hidden2
Tile:11 5 6 1
Tile:0 4 5 0
Tile:6_flip 6 6 1
Tile:6 6 5 0
Tile:7 5 4 1
Tile:7 7 6 0
Malus 0 0 1
Drop 2 0 0
Tile:0 7 5 1
Map 12 5 0
Map 12 3 1
Drop 4 0 0
Drop 0 0 1
Drop 0 0 0
Tile:5_flip 6 7 1
Drop 5 0 0
Drop 1 0 1
Drop 1 0 0
Tile:1 4 4 1
Drop 3 0 0
Tile:5 6 4 1
Drop 6 0 0
Destroy 5 6 1
Drop 0 0 0
Tile:7_flip 7 7 1
Drop 0 0 0
Tile:0 7 4 1
Destroy 7 6 0
Tile:9 5 6 1
Drop 6 0 0
Tile:6 3 4 1
Drop 4 0 0
Tile:9_flip 8 7 1
Drop 6 0 0
Tile:5 3 3 1
Drop 4 0 0
Destroy 5 6 1
Drop 3 0 0
Tile:9_flip 8 8 1
Bonus 0 0 0
Tile:6_flip 7 6 1
Drop 2 0 0
Tile:8 8 4 1
Tile:13 8 3 0
Drop 4 0 1
Tile:2_flip 7 3 0
Drop 3 0 1
Tile:3_flip 8 9 0
Tile:8 8 5 1
Tile:12 4 3 0
Map 12 3 1
Tile:10 7 2 0
Drop 1 0 1
Tile:4 8 2 0
Drop 0 0 1
GAMEOVER DRAW
# Game ended: Tue Apr 14 21:28:43 EDT 2020
