# Server version 0.08 running on 192.168.2.29:8123
# Game ID: 191
# Board class: Saboteur.SaboteurBoard
# Timeout: 20000
# First Move Timeout: 30000
# Date: Wed Apr 15 01:01:43 EDT 2020
# Player 1: Player-0, 'RandomPlayer', running on localhost
# Player 2: Player-1, 'RandomPlayer', running on localhost
START Player-0 RandomPlayer
START Player-1 RandomPlayer
BoardInit:Bonus,Tile:14,Tile:9,Map,Map,Tile:7,Tile:11,Tile:13,Tile:12,Tile:6,Destroy,Tile:7,Destroy,Bonus,Tile:9,Tile:10,Tile:5,Tile:0,Tile:8,Tile:8,Tile:6,Tile:5,Tile:8,Tile:6,Tile:2,Tile:5,Tile:7,Map,Tile:6,Tile:6,Tile:8,Tile:4,Tile:9,Tile:1,Tile:0,Tile:15,Tile:10,Bonus,Tile:7,Tile:0,Tile:5-Tile:8,Malus,Map,Malus,Destroy,Tile:10,Tile:9-Tile:9,Tile:0,Bonus,Tile:3,Map,Tile:7,Map-Tile:hidden1,Tile:hidden2,Tile:nugget
Malus 0 0 1
Drop 3 0 0
Map 12 3 1
Drop 1 0 0
Tile:9 5 4 1
Map 12 5 0
Tile:10 5 3 1
Map 12 5 0
Drop 0 0 1
Map 12 5 0
Drop 1 0 1
Bonus 0 0 0
Tile:11_flip 6 5 1
Tile:14_flip 5 2 0
Tile:12_flip 4 5 1
Tile:7_flip 6 6 0
Destroy 5 3 1
Tile:13 6 4 0
Tile:9_flip 5 6 1
Tile:0 6 2 0
Tile:8 5 3 1
Tile:6_flip 6 3 0
Tile:5_flip 7 6 1
Tile:5 4 6 0
Drop 2 0 1
Drop 2 0 0
Malus 0 0 1
Drop 0 0 0
Tile:7 7 3 1
Drop 6 0 0
Tile:6 4 7 1
Drop 1 0 0
Destroy 6 3 1
Drop 6 0 0
Tile:2_flip 7 2 1
Drop 3 0 0
Drop 3 0 1
Drop 3 0 0
Tile:9_flip 8 2 1
Drop 0 0 0
Drop 4 0 1
Drop 4 0 0
Tile:8 5 7 1
Bonus 0 0 0
Tile:10 8 1 1
Tile:6 7 4 0
Tile:7_flip 3 7 1
Drop 2 0 0
Tile:5 7 5 1
Tile:10 5 8 0
Tile:9_flip 5 9 1
Drop 0 0 0
Tile:8 8 0 1
Tile:0 9 0 0
Drop 0 0 1
GAMEOVER DRAW
# Game ended: Wed Apr 15 01:01:43 EDT 2020
