# Server version 0.08 running on 192.168.2.29:8123
# Game ID: 173
# Board class: Saboteur.SaboteurBoard
# Timeout: 20000
# First Move Timeout: 30000
# Date: Wed Apr 15 00:58:54 EDT 2020
# Player 1: Player-0, 'RandomPlayer', running on localhost
# Player 2: Player-1, 'RandomPlayer', running on localhost
START Player-0 RandomPlayer
START Player-1 RandomPlayer
BoardInit:Tile:14,Tile:10,Tile:7,Map,Tile:6,Tile:6,Tile:9,Tile:10,Tile:0,Tile:6,Destroy,Tile:11,Tile:4,Map,Tile:8,Tile:7,Tile:5,Tile:10,Bonus,Malus,Tile:3,Tile:5,Tile:9,Tile:7,Tile:0,Tile:6,Map,Tile:9,Tile:0,Tile:2,Destroy,Tile:0,Tile:5,Bonus,Tile:9,Tile:7,Tile:9,Tile:13,Destroy,Tile:8,Bonus-Tile:12,Map,Tile:8,Tile:5,Tile:7,Malus,Tile:1-Tile:6,Map,Bonus,Tile:15,Map,Tile:8,Tile:8-Tile:hidden2,Tile:hidden1,Tile:nugget
Tile:8 6 5 1
Map 12 5 0
Tile:5_flip 6 6 1
Tile:8 5 6 0
Tile:7_flip 4 5 1
Tile:8 7 5 0
Tile:7 5 4 1
Map 12 3 0
Tile:14 8 5 1
Tile:15 7 4 0
Drop 1 0 1
Tile:6_flip 7 3 0
Tile:1 4 6 1
Tile:6_flip 4 4 0
Tile:9_flip 5 7 1
Tile:10 5 8 0
Destroy 6 6 1
Tile:11_flip 5 9 0
Drop 0 0 1
Map 12 3 0
Tile:5 3 6 1
Map 12 3 0
Tile:8 5 10 1
Tile:10 6 4 0
Tile:9_flip 3 7 1
Drop 4 0 0
Tile:4 8 4 1
Tile:6_flip 4 10 0
Tile:6 3 8 1
Drop 5 0 0
Malus 0 0 1
Drop 1 0 0
Tile:0 4 9 1
Drop 4 0 0
Tile:5_flip 8 3 1
Drop 4 0 0
Tile:3_flip 4 11 1
Drop 3 0 0
Tile:0 3 4 1
Bonus 0 0 0
Destroy 4 4 1
Drop 2 0 0
Tile:0 3 9 1
Tile:8 8 2 0
Drop 4 0 1
Tile:7 9 2 0
Tile:9_flip 6 6 1
Tile:13 6 10 0
Tile:9 8 1 1
Tile:10 9 3 0
Map 12 3 1
Tile:5 6 3 0
Drop 1 0 1
Drop 0 0 0
Drop 0 0 1
GAMEOVER DRAW
# Game ended: Wed Apr 15 00:58:54 EDT 2020
