# Server version 0.08 running on 192.168.2.29:8123
# Game ID: 281
# Board class: Saboteur.SaboteurBoard
# Timeout: 20000
# First Move Timeout: 30000
# Date: Wed Apr 15 23:28:30 EDT 2020
# Player 1: Player-0, 'RandomPlayer', running on localhost
# Player 2: Player-1, '260803297', running on localhost
START Player-0 RandomPlayer
START Player-1 260803297
BoardInit:Tile:4,Tile:10,Tile:5,Tile:14,Malus,Tile:0,Tile:1,Tile:8,Destroy,Destroy,Bonus,Tile:7,Tile:13,Tile:8,Tile:6,Tile:10,Tile:2,Tile:6,Bonus,Map,Tile:9,Tile:0,Tile:12,Tile:7,Tile:3,Tile:7,Map,Tile:7,Tile:8,Map,Tile:9,Tile:5,Bonus,Tile:10,Tile:8,Tile:0,Malus,Tile:5,Tile:11,Map,Tile:6-Map,Tile:6,Tile:9,Tile:5,Tile:0,Map,Tile:6-Tile:9,Tile:8,Destroy,Tile:9,Tile:7,Tile:15,Bonus-Tile:hidden1,Tile:nugget,Tile:hidden2
Map 12 3 1
Tile:9 5 6 0
Map 12 3 1
Tile:8 6 5 0
Tile:6_flip 4 5 1
Tile:9_flip 4 6 0
Malus 0 0 1
Destroy 4 6 0
Tile:5_flip 7 5 1
Drop 5 0 0
Tile:4_flip 4 6 1
Drop 3 0 0
Tile:5 5 4 1
Drop 0 0 0
Destroy 4 6 1
Drop 2 0 0
Tile:6 6 6 1
Drop 5 0 0
Tile:13 6 4 1
Destroy 4 5 0
Tile:9_flip 6 3 1
Drop 6 0 0
Tile:0 7 6 1
Drop 3 0 0
Tile:2 8 6 1
Drop 5 0 0
Drop 4 0 1
Drop 0 0 0
Map 12 3 1
Drop 6 0 0
Tile:8 4 5 1
Drop 3 0 0
Tile:6_flip 9 6 1
Map 12 7 0
Tile:3 7 4 1
Drop 0 0 0
Tile:9 9 7 1
Drop 3 0 0
Tile:1 3 5 1
Drop 6 0 0
Tile:11_flip 8 7 1
Drop 6 0 0
Tile:6_flip 6 2 1
Drop 1 0 0
Tile:12_flip 5 2 1
Drop 3 0 0
Tile:8 9 8 1
Drop 0 0 0
Drop 3 0 1
Drop 2 0 0
Drop 1 0 1
Drop 0 0 0
Drop 1 0 1
Drop 0 0 0
Drop 0 0 1
GAMEOVER DRAW
# Game ended: Wed Apr 15 23:28:30 EDT 2020
