# Server version 0.08 running on 192.168.2.29:8123
# Game ID: 152
# Board class: Saboteur.SaboteurBoard
# Timeout: 20000
# First Move Timeout: 30000
# Date: Wed Apr 15 00:58:21 EDT 2020
# Player 1: Player-0, 'RandomPlayer', running on localhost
# Player 2: Player-1, 'RandomPlayer', running on localhost
START Player-0 RandomPlayer
START Player-1 RandomPlayer
BoardInit:Tile:12,Tile:15,Tile:4,Tile:5,Tile:6,Tile:13,Tile:8,Tile:9,Malus,Tile:6,Bonus,Tile:10,Tile:0,Tile:6,Map,Tile:0,Tile:7,Tile:10,Map,Tile:8,Map,Malus,Destroy,Map,Tile:2,Destroy,Tile:9,Tile:10,Tile:6,Tile:8,Tile:7,Tile:7,Bonus,Bonus,Tile:9,Tile:7,Tile:11,Tile:6,Tile:8,Destroy,Tile:0-Tile:5,Bonus,Tile:0,Tile:14,Tile:5,Tile:5,Tile:1-Tile:9,Map,Tile:8,Tile:9,Map,Tile:3,Tile:7-Tile:hidden1,Tile:nugget,Tile:hidden2
Tile:14 6 5 1
Tile:7 5 4 0
Drop 1 0 1
Map 12 3 0
Drop 4 0 1
Tile:9 5 6 0
Tile:12_flip 4 4 1
Tile:5 4 5 0
Tile:5_flip 4 6 1
Tile:15 6 4 0
Tile:5 6 3 1
Tile:6 7 3 0
Tile:6_flip 8 3 1
Tile:9 5 7 0
Tile:4_flip 8 4 1
Drop 5 0 0
Tile:0 3 6 1
Drop 5 0 0
Tile:7_flip 5 8 1
Map 12 5 0
Tile:0 6 6 1
Tile:8 2 6 0
Drop 5 0 1
Tile:10 2 5 0
Tile:5 7 2 1
Tile:9 2 7 0
Tile:2_flip 8 2 1
Destroy 7 2 0
Tile:9_flip 9 2 1
Tile:8 6 8 0
Drop 3 0 1
Tile:13 9 3 0
Tile:8 2 4 1
Tile:3 6 7 0
Drop 3 0 1
Drop 5 0 0
Tile:6_flip 7 6 1
Drop 6 0 0
Tile:7_flip 9 4 1
Tile:6_flip 10 3 0
Tile:9 7 7 1
Destroy 5 8 0
Tile:0 1 6 1
Tile:0 11 3 0
Tile:8 10 4 1
Drop 1 0 0
Tile:11_flip 8 1 1
Tile:10 9 1 0
Malus 0 0 1
Drop 1 0 0
Map 12 3 1
Bonus 0 0 0
Drop 1 0 1
Drop 0 0 0
Drop 0 0 1
GAMEOVER DRAW
# Game ended: Wed Apr 15 00:58:21 EDT 2020
