# Server version 0.08 running on 192.168.2.29:8123
# Game ID: 223
# Board class: Saboteur.SaboteurBoard
# Timeout: 20000
# First Move Timeout: 30000
# Date: Wed Apr 15 01:02:30 EDT 2020
# Player 1: Player-0, 'RandomPlayer', running on localhost
# Player 2: Player-1, 'RandomPlayer', running on localhost
START Player-0 RandomPlayer
START Player-1 RandomPlayer
BoardInit:Tile:6,Tile:9,Tile:7,Tile:7,Tile:5,Tile:8,Tile:1,Tile:6,Tile:5,Tile:8,Malus,Tile:6,Tile:7,Bonus,Map,Tile:10,Tile:3,Tile:13,Malus,Tile:0,Tile:5,Tile:10,Destroy,Tile:15,Tile:8,Tile:9,Map,Bonus,Tile:0,Tile:12,Tile:11,Tile:6,Tile:0,Tile:7,Destroy,Tile:8,Map,Tile:10,Tile:7,Tile:14,Tile:9-Destroy,Tile:0,Bonus,Tile:9,Tile:5,Tile:9,Tile:8-Tile:2,Bonus,Tile:6,Map,Tile:4,Map,Map-Tile:hidden2,Tile:nugget,Tile:hidden1
Tile:0 4 5 1
Tile:6_flip 5 4 0
Tile:8 5 6 1
Map 12 5 0
Tile:6 4 4 1
Map 12 5 0
Tile:5_flip 6 4 1
Tile:2 6 6 0
Tile:9 6 3 1
Tile:6_flip 4 6 0
Tile:7_flip 3 5 1
Tile:7 7 3 0
Tile:9 4 3 1
Tile:9 4 2 0
Tile:7_flip 4 7 1
Drop 5 0 0
Tile:5_flip 5 3 1
Tile:10 7 4 0
Tile:5 6 2 1
Tile:8 3 4 0
Tile:3 3 3 1
Map 12 3 0
Drop 1 0 1
Tile:8 5 7 0
Malus 0 0 1
Drop 0 0 0
Tile:5 3 6 1
Drop 0 0 0
Destroy 6 3 1
Drop 2 0 0
Destroy 3 3 1
Drop 4 0 0
Tile:11_flip 7 5 1
Drop 6 0 0
Tile:0 6 5 1
Drop 4 0 0
Drop 6 0 1
Drop 4 0 0
Map 12 5 1
Drop 0 0 0
Tile:8 7 6 1
Drop 2 0 0
Tile:0 8 6 1
Drop 1 0 0
Map 12 7 1
Drop 3 0 0
Tile:7 9 6 1
Drop 0 0 0
Tile:9 6 3 1
Drop 2 0 0
Tile:1 7 2 1
Drop 0 0 0
Map 12 7 1
Drop 0 0 0
Malus 0 0 1
GAMEOVER DRAW
# Game ended: Wed Apr 15 01:02:30 EDT 2020
