# Server version 0.08 running on 192.168.2.29:8123
# Game ID: 256
# Board class: Saboteur.SaboteurBoard
# Timeout: 20000
# First Move Timeout: 30000
# Date: Wed Apr 15 23:24:31 EDT 2020
# Player 1: Player-0, '260803297', running on localhost
# Player 2: Player-1, 'RandomPlayer', running on localhost
START Player-0 260803297
START Player-1 RandomPlayer
BoardInit:Tile:8,Bonus,Malus,Tile:5,Tile:4,Tile:6,Map,Map,Tile:8,Bonus,Tile:1,Tile:9,Tile:8,Tile:0,Tile:7,Tile:10,Destroy,Tile:0,Tile:9,Tile:2,Tile:7,Tile:9,Tile:8,Map,Tile:14,Tile:0,Tile:12,Tile:10,Malus,Bonus,Tile:6,Map,Tile:8,Tile:3,Tile:7,Tile:11,Tile:5,Tile:0,Bonus,Tile:9,Tile:10-Tile:13,Tile:15,Tile:5,Destroy,Tile:7,Tile:9,Tile:6-Tile:7,Map,Map,Tile:6,Tile:6,Tile:5,Destroy-Tile:hidden1,Tile:hidden2,Tile:nugget
Tile:9_flip 6 5 1
Map 12 3 0
Tile:7_flip 4 5 1
Map 12 3 0
Tile:8 6 4 1
Tile:5_flip 5 6 0
Tile:6_flip 4 4 1
Tile:5_flip 7 4 0
Tile:5 4 6 1
Map 12 3 0
Destroy 7 4 1
Tile:6 4 7 0
Tile:13 7 4 1
Drop 5 0 0
Tile:1 3 4 1
Drop 3 0 0
Tile:4_flip 7 5 1
Tile:7 8 4 0
Drop 1 0 1
Tile:6_flip 5 4 0
Destroy 4 6 1
Tile:2 4 6 0
Tile:8 7 3 1
Tile:9 6 3 0
Tile:7_flip 8 5 1
Map 12 3 0
Tile:9 6 6 1
Tile:9_flip 6 2 0
Tile:12 9 5 1
Destroy 5 6 0
Tile:8 5 2 1
Tile:0 7 6 0
Tile:14 5 6 1
Map 12 3 0
Tile:6_flip 5 7 1
Tile:0 3 7 0
Tile:7 8 6 1
Tile:11 5 1 0
Tile:7 6 1 1
Drop 2 0 0
Tile:8 2 4 1
Tile:10 2 3 0
Tile:5 4 2 1
Drop 5 0 0
Drop 4 0 1
Tile:3 2 2 0
Tile:10 7 2 1
Tile:6 6 7 0
Tile:15 5 8 1
Tile:0 2 7 0
Drop 1 0 1
Tile:10 8 7 0
Tile:8 1 2 1
Drop 0 0 0
Map 12 5 1
GAMEOVER DRAW
# Game ended: Wed Apr 15 23:24:32 EDT 2020
