# Server version 0.08 running on 192.168.2.29:8123
# Game ID: 326
# Board class: Saboteur.SaboteurBoard
# Timeout: 20000
# First Move Timeout: 30000
# Date: Wed Apr 15 23:41:11 EDT 2020
# Player 1: Player-0, '260803297', running on localhost
# Player 2: Player-1, 'RandomPlayer', running on localhost
START Player-0 260803297
START Player-1 RandomPlayer
BoardInit:Tile:5,Tile:8,Tile:8,Tile:1,Malus,Tile:0,Destroy,Map,Bonus,Tile:14,Tile:10,Tile:9,Tile:15,Tile:10,Destroy,Tile:9,Tile:0,Tile:6,Tile:0,Tile:7,Map,Tile:7,Bonus,Malus,Tile:7,Tile:9,Map,Tile:10,Tile:4,Tile:9,Tile:7,Tile:0,Tile:5,Tile:9,Destroy,Tile:7,Tile:11,Tile:2,Tile:8,Bonus,Map-Map,Tile:13,Tile:6,Tile:8,Tile:12,Map,Tile:8-Tile:6,Tile:3,Bonus,Tile:6,Tile:5,Tile:6,Tile:5-Tile:nugget,Tile:hidden1,Tile:hidden2
Map 12 3 1
Tile:3_flip 4 5 0
Tile:8 5 4 1
Tile:6_flip 6 5 0
Tile:8 4 4 1
Tile:6_flip 3 4 0
Tile:8 2 4 1
Tile:8 5 3 0
Tile:5_flip 6 6 1
Map 12 3 0
Tile:12 6 3 1
Tile:14_flip 5 2 0
Destroy 6 5 1
Tile:5 4 3 0
Drop 3 0 1
Tile:5_flip 6 2 0
Tile:6_flip 2 3 1
Tile:6 1 4 0
Tile:15 3 5 1
Tile:6 3 6 0
Destroy 4 5 1
Tile:7 6 4 0
Tile:13 0 4 1
Tile:7_flip 2 6 0
Map 12 7 1
Tile:9_flip 2 5 0
Tile:10 0 3 1
Tile:9_flip 6 5 0
Map 12 5 1
Tile:9_flip 0 2 0
Tile:0 1 5 1
Tile:9 4 5 0
Map 12 7 1
Tile:10 0 1 0
Drop 2 0 1
Tile:9 0 0 0
Destroy 6 3 1
Tile:7 6 1 0
Tile:11 1 3 1
Drop 6 0 0
Drop 2 0 1
Drop 6 0 0
Tile:5_flip 1 0 1
Tile:1 6 3 0
Drop 4 0 1
Tile:0 5 1 0
Tile:7 7 3 1
Drop 2 0 0
Drop 0 0 1
Drop 0 0 0
Tile:4 1 2 1
Malus 0 0 0
Map 12 3 1
Tile:0 4 1 0
Drop 0 0 1
GAMEOVER DRAW
# Game ended: Wed Apr 15 23:41:12 EDT 2020
