# Server version 0.08 running on 192.168.2.29:8123
# Game ID: 141
# Board class: Saboteur.SaboteurBoard
# Timeout: 20000
# First Move Timeout: 30000
# Date: Wed Apr 15 00:58:05 EDT 2020
# Player 1: Player-0, 'RandomPlayer', running on localhost
# Player 2: Player-1, 'RandomPlayer', running on localhost
START Player-0 RandomPlayer
START Player-1 RandomPlayer
BoardInit:Map,Tile:9,Tile:1,Tile:9,Map,Tile:8,Map,Tile:8,Map,Tile:6,Tile:7,Tile:5,Tile:10,Tile:8,Malus,Tile:6,Tile:2,Tile:9,Tile:13,Tile:0,Tile:6,Destroy,Tile:0,Tile:10,Destroy,Tile:5,Bonus,Tile:15,Tile:7,Tile:9,Tile:7,Bonus,Tile:0,Tile:9,Tile:8,Tile:11,Tile:10,Tile:14,Tile:6,Tile:4,Tile:5-Bonus,Destroy,Tile:0,Tile:5,Tile:7,Map,Map-Tile:3,Bonus,Malus,Tile:6,Tile:7,Tile:8,Tile:12-Tile:hidden1,Tile:hidden2,Tile:nugget
Map 12 5 1
Drop 3 0 0
Tile:5_flip 5 6 1
Drop 1 0 0
Map 12 3 1
Tile:3_flip 4 5 0
Tile:1 4 6 1
Drop 2 0 0
Tile:7 5 4 1
Tile:8 4 4 0
Drop 4 0 1
Tile:6 6 5 0
Map 12 3 1
Tile:9 6 4 0
Drop 1 0 1
Tile:8 7 5 0
Tile:7 7 4 1
Tile:7_flip 3 6 0
Tile:10 3 5 1
Malus 0 0 0
Drop 4 0 1
Tile:9_flip 7 6 0
Bonus 0 0 1
Tile:5_flip 7 7 0
Map 12 3 1
Tile:6_flip 4 3 0
Tile:13 6 7 1
Tile:8 6 3 0
Tile:6_flip 6 2 1
Destroy 6 7 0
Tile:2_flip 5 2 1
Tile:12 7 2 0
Destroy 7 7 1
Tile:0 8 5 0
Tile:0 4 2 1
Tile:9 3 2 0
Tile:8 3 1 1
Drop 3 0 0
Tile:10 7 7 1
Tile:11 2 1 0
Drop 2 0 1
Tile:9 3 4 0
Tile:6_flip 2 0 1
Tile:15 5 1 0
Tile:5_flip 7 8 1
Drop 3 0 0
Tile:7 9 5 1
Drop 2 0 0
Map 12 5 1
Tile:5_flip 4 1 0
Drop 1 0 1
Tile:4 5 0 0
Tile:0 7 3 1
Tile:10 4 0 0
Tile:0 5 3 1
GAMEOVER DRAW
# Game ended: Wed Apr 15 00:58:06 EDT 2020
