# Server version 0.08 running on 192.168.2.29:8123
# Game ID: 333
# Board class: Saboteur.SaboteurBoard
# Timeout: 20000
# First Move Timeout: 30000
# Date: Wed Apr 15 23:41:53 EDT 2020
# Player 1: Player-0, 'RandomPlayer', running on localhost
# Player 2: Player-1, '260803297', running on localhost
START Player-0 RandomPlayer
START Player-1 260803297
BoardInit:Map,Malus,Tile:10,Tile:7,Map,Tile:3,Tile:0,Map,Tile:9,Tile:15,Tile:8,Tile:6,Tile:7,Destroy,Tile:7,Tile:0,Tile:11,Tile:6,Tile:0,Bonus,Tile:9,Tile:5,Tile:1,Tile:6,Tile:0,Tile:8,Destroy,Map,Tile:5,Tile:10,Tile:9,Tile:2,Tile:10,Tile:9,Tile:7,Tile:9,Tile:6,Tile:12,Tile:5,Tile:6,Tile:13-Tile:8,Tile:4,Bonus,Tile:7,Bonus,Bonus,Tile:8-Tile:8,Tile:5,Destroy,Tile:14,Malus,Map,Map-Tile:hidden2,Tile:hidden1,Tile:nugget
Tile:8 5 4 1
Malus 0 0 0
Map 12 3 1
Tile:5_flip 6 4 0
Bonus 0 0 1
Tile:8 5 6 0
Map 12 5 1
Tile:7 6 6 0
Tile:8 4 6 1
Map 12 7 0
Tile:0 6 5 1
Tile:14_flip 4 5 0
Tile:10 5 7 1
Tile:6_flip 3 6 0
Tile:7_flip 6 7 1
Destroy 5 4 0
Tile:8 7 5 1
Tile:3 6 3 0
Tile:9 5 4 1
Tile:6_flip 5 3 0
Tile:11_flip 4 7 1
Map 12 3 0
Tile:0 2 6 1
Tile:5_flip 5 8 0
Tile:1 1 6 1
Tile:15 7 6 0
Tile:7_flip 4 3 1
Tile:6 7 7 0
Drop 1 0 1
Destroy 7 6 0
Tile:9 7 4 1
Map 12 5 0
Tile:7 8 7 1
Tile:10 7 6 0
Destroy 1 6 1
Tile:2_flip 4 8 0
Tile:9 3 7 1
Drop 3 0 0
Tile:7 8 5 1
Map 12 7 0
Tile:4_flip 8 6 1
Tile:9 8 8 0
Drop 6 0 1
Tile:9 4 2 0
Tile:6 8 9 1
Tile:0 5 2 0
Drop 0 0 1
Tile:12 9 9 0
Tile:0 7 9 1
Drop 0 0 0
Drop 1 0 1
Tile:6_flip 6 9 0
Tile:5_flip 6 2 1
Drop 0 0 0
Tile:5 4 1 1
GAMEOVER DRAW
# Game ended: Wed Apr 15 23:41:54 EDT 2020
