# Server version 0.08 running on 192.168.2.29:8123
# Game ID: 260
# Board class: Saboteur.SaboteurBoard
# Timeout: 20000
# First Move Timeout: 30000
# Date: Wed Apr 15 23:24:42 EDT 2020
# Player 1: Player-0, '260803297', running on localhost
# Player 2: Player-1, 'RandomPlayer', running on localhost
START Player-0 260803297
START Player-1 RandomPlayer
BoardInit:Malus,Tile:8,Map,Tile:6,Tile:6,Tile:9,Tile:5,Tile:14,Map,Tile:0,Tile:7,Map,Tile:0,Tile:4,Destroy,Tile:3,Tile:7,Destroy,Tile:10,Tile:9,Destroy,Tile:6,Tile:0,Tile:6,Tile:7,Tile:9,Bonus,Tile:15,Tile:13,Map,Tile:12,Tile:5,Tile:7,Bonus,Map,Tile:10,Tile:11,Bonus,Tile:2,Tile:8,Tile:9-Tile:5,Tile:8,Tile:7,Tile:9,Bonus,Tile:8,Map-Malus,Tile:8,Tile:5,Tile:10,Tile:6,Tile:0,Tile:1-Tile:nugget,Tile:hidden2,Tile:hidden1
Tile:8 5 6 1
Malus 0 0 0
Drop 1 0 1
Tile:0 4 5 0
Map 12 3 1
Tile:6_flip 4 6 0
Malus 0 0 1
Drop 3 0 0
Map 12 5 1
Drop 6 0 0
Drop 1 0 1
Drop 4 0 0
Drop 6 0 1
Map 12 3 0
Map 12 5 1
Drop 6 0 0
Drop 0 0 1
Drop 6 0 0
Destroy 5 6 1
Drop 6 0 0
Drop 2 0 1
Drop 0 0 0
Destroy 4 6 1
Drop 4 0 0
Drop 5 0 1
Drop 5 0 0
Drop 0 0 1
Drop 4 0 0
Drop 6 0 1
Drop 6 0 0
Drop 0 0 1
Drop 4 0 0
Drop 6 0 1
Drop 4 0 0
Drop 3 0 1
Drop 6 0 0
Drop 2 0 1
Drop 3 0 0
Map 12 5 1
Drop 2 0 0
Drop 2 0 1
Drop 3 0 0
Drop 0 0 1
Drop 4 0 0
Drop 4 0 1
Map 12 7 0
Drop 2 0 1
Drop 1 0 0
Drop 0 0 1
Drop 2 0 0
Drop 0 0 1
Drop 1 0 0
Drop 1 0 1
Drop 0 0 0
Drop 0 0 1
GAMEOVER DRAW
# Game ended: Wed Apr 15 23:25:18 EDT 2020
