# Server version 0.08 running on 192.168.0.168:8123
# Game ID: 18
# Board class: Saboteur.SaboteurBoard
# Timeout: 20000
# First Move Timeout: 30000
# Date: Fri Apr 10 19:07:55 EDT 2020
# Player 1: Player-0, 'RandomPlayer', running on 192.168.0.168
# Player 2: Player-1, 'Human', running on 192.168.0.168
START Player-0 RandomPlayer
START Player-1 Human
BoardInit:Tile:7,Tile:9,Bonus,Bonus,Map,Tile:6,Tile:8,Malus,Tile:9,Tile:9,Tile:2,Tile:10,Tile:12,Map,Tile:0,Tile:8,Tile:13,Map,Tile:9,Bonus,Tile:8,Tile:8,Tile:3,Tile:9,Tile:7,Tile:1,Tile:6,Tile:14,Bonus,Tile:5,Map,Tile:6,Map,Tile:7,Tile:15,Tile:5,Malus,Tile:10,Map,Destroy,Destroy-Tile:6,Tile:8,Tile:0,Tile:0,Tile:10,Tile:6,Tile:0-Tile:7,Tile:5,Tile:4,Tile:11,Destroy,Tile:5,Tile:7-Tile:hidden2,Tile:nugget,Tile:hidden1
Tile:8 6 5 1
Tile:7 6 4 0
Tile:6 6 6 1
Tile:7 7 6 0
Tile:10 7 7 1
Tile:5 4 5 0
Map 12 7 1
Tile:5 5 4 0
Tile:8 7 8 1
Tile:6_flip 6 8 0
Tile:9_flip 8 8 1
Drop 4 0 0
Tile:6 8 9 1
Tile:11_flip 6 9 0
Tile:0 9 9 1
Map 12 7 0
Tile:0 7 5 1
Tile:8 10 9 0
Tile:7 10 8 1
Tile:9_flip 8 5 0
Tile:0 11 9 1
Tile:9_flip 4 6 0
Tile:9 8 7 1
Destroy 6 8 0
Tile:8 8 4 1
Tile:9 5 6 0
Tile:0 9 4 1
Tile:4 8 3 0
Tile:6 10 4 1
Tile:10 10 3 0
Drop 3 0 1
Tile:14_flip 3 6 0
Map 12 3 1
Tile:5_flip 4 7 0
Map 12 5 1
Tile:6_flip 9 7 0
Tile:7 11 4 1
Tile:7 10 2 0
Malus 0 0 1
Map 12 7 0
