# Server version 0.08 running on 192.168.2.29:8123
# Game ID: 306
# Board class: Saboteur.SaboteurBoard
# Timeout: 20000
# First Move Timeout: 30000
# Date: Wed Apr 15 23:36:22 EDT 2020
# Player 1: Player-0, '260803297', running on localhost
# Player 2: Player-1, 'RandomPlayer', running on localhost
START Player-0 260803297
START Player-1 RandomPlayer
BoardInit:Tile:7,Malus,Tile:10,Tile:9,Tile:6,Tile:8,Tile:6,Tile:8,Map,Tile:10,Tile:7,Tile:5,Destroy,Tile:0,Bonus,Tile:7,Tile:6,Tile:6,Tile:15,Map,Malus,Map,Map,Tile:5,Tile:0,Tile:9,Tile:5,Tile:0,Tile:3,Bonus,Tile:8,Tile:13,Tile:12,Tile:5,Tile:14,Tile:9,Tile:8,Tile:0,Bonus,Tile:6,Map-Destroy,Tile:4,Tile:9,Tile:7,Tile:1,Tile:7,Tile:10-Tile:8,Map,Tile:11,Bonus,Tile:9,Destroy,Tile:2-Tile:nugget,Tile:hidden2,Tile:hidden1
Tile:9_flip 6 5 1
Map 12 3 0
Tile:1 4 5 1
Tile:2_flip 3 5 0
Tile:10 3 4 1
Tile:9 2 5 0
Tile:6 2 6 1
Tile:11 3 3 0
Tile:4 6 4 1
Tile:9_flip 6 6 0
Drop 5 0 1
Tile:10 2 4 0
Destroy 6 6 1
Malus 0 0 0
Drop 3 0 1
Drop 4 0 0
Bonus 0 0 1
Drop 5 0 0
Tile:7 2 3 1
Tile:6 4 3 0
Tile:7 5 4 1
Tile:5 3 2 0
Tile:6 5 3 1
Tile:8 4 2 0
Tile:7_flip 1 3 1
Drop 1 0 0
Destroy 2 6 1
Drop 2 0 0
Tile:15 4 1 1
Tile:8 1 2 0
Drop 3 0 1
Tile:5 0 2 0
Tile:3 4 0 1
Tile:13 3 0 0
Drop 5 0 1
Tile:5_flip 6 6 0
Drop 6 0 1
Tile:9 5 6 0
Tile:5_flip 3 1 1
Tile:9 5 7 0
Drop 6 0 1
Drop 2 0 0
Drop 0 0 1
Drop 3 0 0
Tile:0 6 7 1
Tile:0 6 3 0
Tile:12 2 2 1
Tile:6_flip 5 2 0
Tile:7 1 1 1
Tile:0 0 1 0
Map 12 3 1
Drop 1 0 0
Tile:8 7 7 1
Drop 0 0 0
Malus 0 0 1
GAMEOVER DRAW
# Game ended: Wed Apr 15 23:36:24 EDT 2020
