# Server version 0.08 running on 192.168.2.29:8123
# Game ID: 75
# Board class: Saboteur.SaboteurBoard
# Timeout: 20000
# First Move Timeout: 30000
# Date: Tue Apr 14 21:28:50 EDT 2020
# Player 1: Player-0, 'RandomPlayer', running on localhost
# Player 2: Player-1, 'RandomPlayer', running on localhost
START Player-0 RandomPlayer
START Player-1 RandomPlayer
BoardInit:Tile:8,Tile:3,Tile:8,Tile:7,Malus,Tile:15,Tile:7,Tile:8,Tile:0,Map,Destroy,Bonus,Tile:5,Destroy,Bonus,Map,Map,Tile:6,Tile:13,Tile:4,Tile:10,Tile:9,Tile:0,Map,Tile:11,Tile:0,Tile:12,Tile:9,Tile:7,Malus,Tile:5,Tile:5,Tile:10,Tile:9,Tile:9,Tile:1,Tile:6,Tile:9,Tile:8,Tile:5,Tile:6-Tile:14,Tile:6,Tile:7,Tile:7,Tile:6,Tile:0,Destroy-Map,Tile:10,Bonus,Tile:2,Tile:8,Map,Bonus-Tile:hidden2,Tile:hidden1,Tile:nugget
Tile:6 6 5 1
Drop 3 0 0
Tile:7 5 4 1
Drop 1 0 0
Tile:8 7 5 1
Drop 4 0 0
Tile:0 8 5 1
Tile:15 5 6 0
Tile:7 7 4 1
Map 12 7 0
Tile:6_flip 4 5 1
Drop 1 0 0
Destroy 5 4 1
Tile:8 6 4 0
Tile:14_flip 5 4 1
Tile:3_flip 3 5 0
Destroy 3 5 1
Tile:7_flip 7 6 0
Tile:7_flip 3 5 1
Tile:6_flip 9 5 0
Tile:5_flip 10 5 1
Map 12 7 0
Tile:10 10 4 1
Destroy 6 4 0
Tile:0 8 6 1
Tile:4_flip 5 7 0
Tile:13 6 4 1
Tile:9 3 4 0
Tile:11_flip 9 6 1
Tile:9 9 7 0
Tile:8 9 8 1
Map 12 3 0
Map 12 5 1
Map 12 3 0
Tile:5_flip 4 4 1
Drop 4 0 0
Tile:9 9 9 1
Tile:0 8 8 0
Tile:6_flip 10 9 1
Map 12 5 0
Drop 2 0 1
Tile:9_flip 11 9 0
Drop 0 0 1
Tile:5 7 8 0
Tile:6_flip 10 7 1
Tile:9_flip 4 6 0
Tile:8 11 8 1
Tile:5_flip 10 10 0
Tile:12 12 8 1
Drop 1 0 0
Tile:7 11 7 1
Tile:1 3 6 0
Tile:10 4 7 1
Drop 0 0 0
Drop 0 0 1
GAMEOVER DRAW
# Game ended: Tue Apr 14 21:28:50 EDT 2020
