# Server version 0.08 running on 192.168.2.29:8123
# Game ID: 295
# Board class: Saboteur.SaboteurBoard
# Timeout: 20000
# First Move Timeout: 30000
# Date: Wed Apr 15 23:35:52 EDT 2020
# Player 1: Player-0, 'RandomPlayer', running on localhost
# Player 2: Player-1, '260803297', running on localhost
START Player-0 RandomPlayer
START Player-1 260803297
BoardInit:Tile:3,Map,Tile:9,Map,Tile:6,Tile:8,Tile:8,Bonus,Map,Map,Tile:1,Tile:8,Tile:6,Destroy,Map,Bonus,Tile:5,Tile:7,Tile:8,Tile:15,Tile:8,Tile:7,Tile:9,Tile:0,Tile:7,Malus,Tile:0,Tile:9,Tile:0,Tile:2,Tile:9,Map,Bonus,Tile:0,Tile:5,Tile:6,Tile:14,Tile:12,Tile:6,Tile:7,Tile:13-Bonus,Malus,Tile:9,Tile:10,Tile:4,Destroy,Tile:5-Tile:6,Tile:5,Tile:11,Tile:10,Tile:10,Tile:7,Destroy-Tile:nugget,Tile:hidden2,Tile:hidden1
Malus 0 0 1
Drop 3 0 0
Drop 2 0 1
Map 12 3 0
Tile:9 5 6 1
Map 12 5 0
Tile:6_flip 6 5 1
Drop 5 0 0
Tile:8 6 6 1
Drop 5 0 0
Map 12 3 1
Drop 1 0 0
Drop 2 0 1
Drop 6 0 0
Tile:3_flip 6 7 1
Destroy 6 7 0
Drop 4 0 1
Drop 3 0 0
Tile:5 4 5 1
Drop 5 0 0
Tile:4_flip 6 7 1
Drop 6 0 0
Tile:5_flip 5 7 1
Map 12 3 0
Tile:9_flip 5 4 1
Drop 5 0 0
Tile:9_flip 4 6 1
Drop 5 0 0
Drop 2 0 1
Drop 2 0 0
Tile:8 7 6 1
Drop 4 0 0
Drop 2 0 1
Map 12 7 0
Tile:7_flip 3 6 1
Drop 0 0 0
Tile:9_flip 3 5 1
Drop 4 0 0
Drop 3 0 1
Drop 0 0 0
Drop 3 0 1
Drop 4 0 0
Tile:6_flip 7 5 1
Bonus 0 0 0
Tile:6 4 7 1
Tile:0 2 5 0
Tile:5 5 3 1
Tile:9 7 7 0
Tile:14_flip 3 4 1
Tile:7 6 3 0
Tile:0 3 7 1
Tile:7 8 7 0
Tile:13 8 5 1
Tile:12_flip 2 7 0
Drop 0 0 1
GAMEOVER DRAW
# Game ended: Wed Apr 15 23:35:53 EDT 2020
