# Server version 0.08 running on 192.168.2.29:8123
# Game ID: 317
# Board class: Saboteur.SaboteurBoard
# Timeout: 20000
# First Move Timeout: 30000
# Date: Wed Apr 15 23:40:50 EDT 2020
# Player 1: Player-0, 'RandomPlayer', running on localhost
# Player 2: Player-1, '260803297', running on localhost
START Player-0 RandomPlayer
START Player-1 260803297
BoardInit:Destroy,Bonus,Tile:2,Malus,Map,Tile:10,Tile:6,Tile:7,Tile:9,Tile:8,Tile:6,Tile:11,Tile:9,Tile:9,Map,Tile:6,Tile:8,Tile:0,Tile:1,Map,Tile:5,Tile:3,Tile:9,Tile:4,Destroy,Tile:12,Tile:6,Tile:15,Bonus,Tile:7,Tile:8,Tile:9,Tile:0,Map,Map,Tile:8,Tile:7,Tile:13,Bonus,Tile:5,Bonus-Tile:0,Malus,Tile:6,Tile:5,Tile:10,Destroy,Tile:10-Map,Tile:5,Tile:14,Tile:7,Tile:8,Tile:7,Tile:0-Tile:hidden1,Tile:nugget,Tile:hidden2
Malus 0 0 1
Map 12 3 0
Tile:5_flip 6 5 1
Drop 1 0 0
Tile:10 6 4 1
Drop 0 0 0
Map 12 3 1
Drop 5 0 0
Destroy 6 4 1
Drop 5 0 0
Drop 2 0 1
Bonus 0 0 0
Tile:2_flip 4 5 1
Drop 0 0 0
Tile:9_flip 6 4 1
Drop 5 0 0
Map 12 3 1
Tile:8 6 3 0
Drop 6 0 1
Tile:6 7 3 0
Tile:0 5 3 1
Tile:9_flip 4 4 0
Tile:6_flip 3 4 1
Tile:3_flip 2 4 0
Tile:6_flip 6 2 1
Tile:7 7 2 0
Destroy 4 5 1
Tile:7_flip 5 2 0
Tile:9 2 3 1
Drop 2 0 0
Tile:9 3 5 1
Map 12 7 0
Tile:5 2 2 1
Tile:7 8 3 0
Drop 0 0 1
Tile:8 4 3 0
Map 12 3 1
Tile:8 3 2 0
Tile:6_flip 5 1 1
Tile:13 4 5 0
Destroy 6 5 1
Drop 2 0 0
Tile:8 4 1 1
Tile:9_flip 4 2 0
Tile:7_flip 3 6 1
Drop 1 0 0
Tile:1 6 1 1
Tile:5 5 4 0
Drop 1 0 1
Tile:0 7 1 0
Drop 1 0 1
Map 12 3 0
Drop 1 0 1
Tile:15 8 4 0
Drop 0 0 1
GAMEOVER DRAW
# Game ended: Wed Apr 15 23:40:51 EDT 2020
