# Server version 0.08 running on 192.168.2.29:8123
# Game ID: 183
# Board class: Saboteur.SaboteurBoard
# Timeout: 20000
# First Move Timeout: 30000
# Date: Wed Apr 15 00:59:11 EDT 2020
# Player 1: Player-0, 'RandomPlayer', running on localhost
# Player 2: Player-1, 'RandomPlayer', running on localhost
START Player-0 RandomPlayer
START Player-1 RandomPlayer
BoardInit:Tile:7,Destroy,Tile:5,Map,Tile:10,Tile:6,Destroy,Tile:6,Tile:9,Tile:0,Malus,Bonus,Tile:8,Tile:5,Tile:9,Tile:0,Tile:3,Tile:9,Tile:8,Map,Map,Malus,Destroy,Tile:6,Tile:6,Tile:14,Tile:5,Tile:9,Bonus,Tile:8,Bonus,Tile:7,Tile:2,Map,Bonus,Tile:7,Tile:10,Tile:5,Tile:13,Tile:9,Map-Tile:11,Tile:7,Tile:0,Tile:15,Map,Tile:8,Tile:7-Tile:8,Tile:10,Tile:12,Tile:4,Tile:0,Tile:1,Tile:6-Tile:hidden1,Tile:hidden2,Tile:nugget
Tile:8 6 5 1
Tile:12 7 5 0
Map 12 7 1
Tile:8 5 4 0
Tile:7_flip 6 6 1
Map 12 7 0
Tile:7 6 4 1
Destroy 5 4 0
Tile:5 4 5 1
Drop 0 0 0
Tile:11_flip 5 6 1
Tile:1 7 6 0
Tile:9 5 4 1
Tile:6 4 6 0
Tile:7 8 6 1
Tile:6_flip 5 3 0
Tile:8 8 7 1
Tile:0 9 7 0
Destroy 5 4 1
Tile:9 5 4 0
Tile:0 10 7 1
Map 12 3 0
Tile:9 5 7 1
Tile:6_flip 7 7 0
Tile:8 4 3 1
Tile:4_flip 4 4 0
Destroy 5 3 1
Tile:14_flip 3 3 0
Tile:5_flip 11 7 1
Tile:6_flip 5 3 0
Tile:6_flip 4 2 1
Tile:9_flip 7 8 0
Map 12 7 1
Tile:0 3 6 0
Tile:2 6 7 1
Tile:5_flip 6 3 0
Tile:10 5 8 1
Malus 0 0 0
Bonus 0 0 1
Tile:5_flip 3 4 0
Malus 0 0 1
Drop 2 0 0
Tile:3_flip 2 6 1
Drop 3 0 0
Tile:13 2 4 1
Drop 3 0 0
Tile:15 7 9 1
Drop 1 0 0
Drop 1 0 1
Bonus 0 0 0
Tile:10 7 10 1
Tile:9 6 8 0
Map 12 3 1
Tile:7 11 6 0
Drop 0 0 1
GAMEOVER DRAW
# Game ended: Wed Apr 15 00:59:11 EDT 2020
