# Server version 0.08 running on 192.168.2.29:8123
# Game ID: 316
# Board class: Saboteur.SaboteurBoard
# Timeout: 20000
# First Move Timeout: 30000
# Date: Wed Apr 15 23:40:48 EDT 2020
# Player 1: Player-0, '260803297', running on localhost
# Player 2: Player-1, 'RandomPlayer', running on localhost
START Player-0 260803297
START Player-1 RandomPlayer
BoardInit:Tile:1,Destroy,Tile:0,Tile:6,Map,Tile:9,Tile:9,Tile:10,Tile:9,Destroy,Tile:0,Tile:5,Tile:10,Bonus,Tile:2,Tile:8,Tile:6,Tile:6,Tile:0,Tile:5,Tile:7,Tile:5,Tile:8,Tile:7,Tile:14,Tile:12,Malus,Tile:11,Tile:9,Tile:8,Tile:6,Tile:6,Map,Tile:8,Tile:7,Tile:13,Map,Map,Tile:3,Destroy,Tile:8-Bonus,Malus,Bonus,Tile:4,Tile:15,Tile:7,Tile:5-Tile:9,Bonus,Tile:10,Tile:7,Tile:0,Map,Map-Tile:hidden2,Tile:hidden1,Tile:nugget
Malus 0 0 1
Map 12 3 0
Drop 1 0 1
Map 12 5 0
Tile:7_flip 4 5 1
Bonus 0 0 0
Drop 2 0 1
Tile:7 4 4 0
Tile:9 5 4 1
Tile:6_flip 6 4 0
Drop 1 0 1
Destroy 6 4 0
Tile:9_flip 6 4 1
Tile:9_flip 6 5 0
Tile:5 6 3 1
Tile:10 5 6 0
Map 12 7 1
Tile:9 6 6 0
Tile:6 5 7 1
Tile:8 3 4 0
Tile:1 7 6 1
Tile:0 2 4 0
Tile:7 3 3 1
Tile:6 8 6 0
Tile:2 1 4 1
Tile:10 3 5 0
Tile:10 8 5 1
Tile:5 4 7 0
Tile:14 4 8 1
Destroy 4 7 0
Drop 2 0 1
Tile:5 3 8 0
Tile:6_flip 7 3 1
Tile:5 0 4 0
Tile:8 8 3 1
Tile:12_flip 2 3 0
Tile:9 8 4 1
Tile:6_flip 4 7 0
Map 12 5 1
Map 12 5 0
Map 12 5 1
Tile:8 3 6 0
Tile:3 9 3 1
Destroy 4 4 0
Drop 4 0 1
Tile:11_flip 0 5 0
Tile:8 9 6 1
Tile:7_flip 2 6 0
Malus 0 0 1
Bonus 0 0 0
Drop 0 0 1
Drop 1 0 0
Drop 0 0 1
Tile:8 9 7 0
Tile:0 10 7 1
GAMEOVER DRAW
# Game ended: Wed Apr 15 23:40:48 EDT 2020
