# Server version 0.08 running on 192.168.2.29:8123
# Game ID: 195
# Board class: Saboteur.SaboteurBoard
# Timeout: 20000
# First Move Timeout: 30000
# Date: Wed Apr 15 01:01:49 EDT 2020
# Player 1: Player-0, 'RandomPlayer', running on localhost
# Player 2: Player-1, 'RandomPlayer', running on localhost
START Player-0 RandomPlayer
START Player-1 RandomPlayer
BoardInit:Tile:0,Destroy,Tile:11,Tile:10,Tile:8,Tile:10,Tile:14,Tile:12,Tile:7,Map,Map,Destroy,Map,Tile:5,Tile:9,Bonus,Tile:7,Map,Tile:6,Tile:7,Tile:2,Malus,Tile:7,Tile:6,Tile:6,Tile:9,Tile:6,Map,Tile:4,Tile:9,Tile:0,Tile:1,Map,Tile:10,Tile:8,Tile:0,Tile:5,Tile:6,Tile:13,Tile:9,Bonus-Tile:7,Bonus,Tile:8,Tile:5,Tile:15,Tile:8,Tile:3-Destroy,Malus,Tile:0,Tile:8,Tile:5,Tile:9,Bonus-Tile:nugget,Tile:hidden2,Tile:hidden1
Tile:7 6 5 1
Drop 2 0 0
Tile:3_flip 6 6 1
Tile:5_flip 5 6 0
Tile:8 4 6 1
Destroy 6 5 0
Tile:11_flip 6 5 1
Tile:10 5 4 0
Tile:14_flip 4 5 1
Drop 0 0 0
Drop 2 0 1
Drop 1 0 0
Tile:7 7 6 1
Map 12 3 0
Tile:5 3 6 1
Drop 2 0 0
Tile:8 3 7 1
Tile:10 6 4 0
Tile:9 5 3 1
Tile:5_flip 3 8 0
Tile:8 2 7 1
Tile:7 6 3 0
Tile:7_flip 2 8 1
Destroy 6 3 0
Tile:2 5 2 1
Tile:6 7 7 0
Tile:6_flip 8 7 1
Tile:12 9 7 0
Tile:7 2 6 1
Map 12 5 0
Tile:0 1 6 1
Tile:8 6 2 0
Tile:6_flip 6 1 1
Drop 1 0 0
Tile:6 4 7 1
Tile:1 1 7 0
Tile:0 6 7 1
Tile:9 8 8 0
Map 12 5 1
Tile:6 7 1 0
Map 12 5 1
Tile:0 8 1 0
Tile:4_flip 8 9 1
Map 12 7 0
Drop 4 0 1
Tile:9_flip 7 0 0
Tile:5 4 2 1
Tile:9_flip 4 3 0
Map 12 7 1
Malus 0 0 0
Drop 0 0 1
Drop 0 0 0
Bonus 0 0 1
Drop 0 0 0
Tile:8 3 3 1
GAMEOVER DRAW
# Game ended: Wed Apr 15 01:01:50 EDT 2020
