# Server version 0.08 running on 192.168.2.29:8123
# Game ID: 95
# Board class: Saboteur.SaboteurBoard
# Timeout: 20000
# First Move Timeout: 30000
# Date: Tue Apr 14 22:22:39 EDT 2020
# Player 1: Player-0, 'RandomPlayer', running on localhost
# Player 2: Player-1, 'RandomPlayer', running on localhost
START Player-0 RandomPlayer
START Player-1 RandomPlayer
BoardInit:Map,Tile:9,Tile:5,Map,Tile:13,Tile:3,Tile:6,Tile:1,Tile:11,Tile:7,Tile:9,Tile:10,Tile:6,Tile:8,Tile:0,Tile:8,Tile:12,Bonus,Tile:5,Map,Tile:0,Tile:0,Bonus,Tile:6,Tile:6,Tile:8,Destroy,Malus,Tile:7,Tile:14,Tile:4,Tile:5,Tile:7,Tile:9,Tile:8,Destroy,Tile:10,Tile:6,Malus,Tile:10,Tile:8-Destroy,Tile:7,Tile:7,Tile:9,Bonus,Tile:15,Tile:2-Bonus,Map,Tile:0,Tile:9,Map,Tile:5,Map-Tile:hidden1,Tile:hidden2,Tile:nugget
Tile:7 6 5 1
Drop 3 0 0
Destroy 6 5 1
Drop 1 0 0
Tile:5 5 4 1
Map 12 5 0
Tile:7 6 5 1
Map 12 3 0
Drop 0 0 1
Tile:1 6 4 0
Drop 1 0 1
Drop 1 0 0
Tile:6 5 6 1
Map 12 5 0
Tile:13 4 6 1
Tile:5_flip 6 6 0
Drop 1 0 1
Tile:9 3 6 0
Tile:9 4 5 1
Tile:8 7 4 0
Tile:6 8 4 1
Tile:10 4 4 0
Tile:11_flip 3 5 1
Tile:3_flip 2 5 0
Drop 4 0 1
Tile:8 8 3 0
Tile:6_flip 8 2 1
Tile:0 7 2 0
Map 12 5 1
Tile:7 3 4 0
Destroy 3 6 1
Tile:8 9 3 0
Tile:4_flip 4 7 1
Tile:6_flip 10 3 0
Tile:7 11 3 1
Tile:5 2 4 0
Tile:7 9 2 1
Tile:9_flip 11 4 0
Drop 3 0 1
Destroy 10 3 0
Tile:8 6 2 1
Drop 4 0 0
Drop 0 0 1
Tile:6 6 3 0
Drop 4 0 1
Drop 3 0 0
Tile:8 11 5 1
Drop 2 0 0
Tile:0 5 3 1
Tile:10 7 5 0
Tile:12_flip 5 2 1
Drop 0 0 0
Tile:10 11 6 1
Drop 0 0 0
Drop 0 0 1
GAMEOVER DRAW
# Game ended: Tue Apr 14 22:22:39 EDT 2020
