# Server version 0.08 running on 192.168.0.168:8123
# Game ID: 244
# Board class: Saboteur.SaboteurBoard
# Timeout: 20000
# First Move Timeout: 30000
# Date: Wed Apr 15 14:09:17 EDT 2020
# Player 1: Player-0, '260803297', running on localhost
# Player 2: Player-1, 'RandomPlayer', running on localhost
START Player-0 260803297
START Player-1 RandomPlayer
BoardInit:Tile:6,Map,Tile:8,Tile:7,Destroy,Tile:2,Tile:12,Bonus,Tile:0,Tile:8,Tile:0,Tile:13,Map,Tile:14,Tile:9,Tile:6,Tile:8,Destroy,Tile:1,Tile:15,Destroy,Tile:7,Tile:8,Tile:7,Tile:9,Tile:5,Tile:10,Tile:11,Tile:5,Tile:0,Tile:0,Tile:10,Tile:9,Tile:6,Tile:5,Tile:10,Bonus,Tile:6,Tile:9,Tile:9,Tile:8-Tile:7,Bonus,Map,Bonus,Malus,Tile:3,Tile:7-Map,Map,Tile:5,Tile:4,Map,Malus,Tile:6-Tile:nugget,Tile:hidden1,Tile:hidden2
Tile:3_flip 4 5 1
Map 12 3 0
Drop 1 0 1
Map 12 5 0
Tile:7_flip 5 6 1
Tile:5 4 4 0
Tile:7 5 4 1
Tile:7 6 5 0
Destroy 5 6 1
Tile:4_flip 6 6 0
Drop 1 0 1
Map 12 5 0
Drop 6 0 1
Drop 1 0 0
Map 12 3 1
Drop 5 0 0
Drop 0 0 1
Drop 2 0 0
Drop 5 0 1
Destroy 5 4 0
Tile:8 5 4 1
Malus 0 0 0
Destroy 6 6 1
Tile:6 6 4 0
Drop 4 0 1
Tile:14 6 6 0
Drop 3 0 1
Tile:7 7 4 0
Drop 5 0 1
Tile:11 7 5 0
Drop 0 0 1
Tile:8 8 5 0
Drop 6 0 1
Tile:7_flip 5 6 0
Drop 3 0 1
Tile:15 8 4 0
Drop 3 0 1
Tile:10 7 6 0
Drop 0 0 1
Tile:10 7 7 0
Drop 4 0 1
Tile:6_flip 6 3 0
Drop 5 0 1
Tile:6 7 8 0
Drop 4 0 1
Tile:5_flip 7 3 0
Drop 2 0 1
Drop 2 0 0
Drop 0 0 1
Map 12 7 0
Drop 0 0 1
Tile:9 5 3 0
Drop 1 0 1
Drop 0 0 0
Drop 0 0 1
GAMEOVER DRAW
# Game ended: Wed Apr 15 14:09:18 EDT 2020
