# Server version 0.08 running on 192.168.2.29:8123
# Game ID: 125
# Board class: Saboteur.SaboteurBoard
# Timeout: 20000
# First Move Timeout: 30000
# Date: Tue Apr 14 22:23:18 EDT 2020
# Player 1: Player-0, 'RandomPlayer', running on localhost
# Player 2: Player-1, 'RandomPlayer', running on localhost
START Player-0 RandomPlayer
START Player-1 RandomPlayer
BoardInit:Tile:15,Tile:0,Tile:9,Tile:6,Tile:1,Tile:7,Tile:11,Tile:6,Map,Bonus,Tile:5,Tile:8,Destroy,Map,Tile:7,Tile:0,Map,Destroy,Tile:13,Tile:7,Bonus,Tile:10,Malus,Tile:9,Tile:8,Malus,Tile:10,Destroy,Map,Tile:0,Tile:3,Tile:9,Tile:8,Bonus,Tile:8,Tile:0,Tile:12,Tile:10,Tile:7,Tile:4,Bonus-Tile:9,Tile:5,Tile:14,Map,Tile:5,Map,Tile:6-Tile:9,Tile:7,Tile:8,Tile:6,Tile:2,Tile:6,Tile:5-Tile:hidden1,Tile:nugget,Tile:hidden2
Tile:5_flip 6 5 1
Tile:9_flip 5 4 0
Tile:9 6 4 1
Tile:6_flip 7 4 0
Map 12 3 1
Drop 3 0 0
Tile:6_flip 4 5 1
Drop 5 0 0
Tile:11 7 5 1
Drop 2 0 0
Drop 3 0 1
Drop 5 0 0
Tile:1 4 4 1
Tile:5 6 3 0
Destroy 7 5 1
Tile:8 5 6 0
Map 12 3 1
Tile:7_flip 3 5 0
Drop 1 0 1
Destroy 4 5 0
Map 12 5 1
Tile:8 3 4 0
Tile:9 4 6 1
Tile:7 6 6 0
Tile:14_flip 2 4 1
Tile:7_flip 7 5 0
Tile:5 3 3 1
Tile:9_flip 5 3 0
Tile:13 6 7 1
Tile:0 8 5 0
Tile:10 2 5 1
Destroy 5 3 0
Tile:7 7 7 1
Tile:9_flip 9 5 0
Tile:3 5 3 1
Drop 2 0 0
Drop 6 0 1
Tile:0 4 3 0
Tile:8 7 8 1
Tile:10 7 9 0
Map 12 7 1
Drop 0 0 0
Map 12 3 1
Tile:0 8 8 0
Tile:7_flip 6 8 1
Malus 0 0 0
Malus 0 0 1
Map 12 5 0
Drop 0 0 1
Bonus 0 0 0
Drop 0 0 1
Tile:4_flip 2 6 0
Bonus 0 0 1
Tile:10 4 7 0
Tile:12 8 4 1
GAMEOVER DRAW
# Game ended: Tue Apr 14 22:23:19 EDT 2020
