# Server version 0.08 running on 192.168.2.29:8123
# Game ID: 130
# Board class: Saboteur.SaboteurBoard
# Timeout: 20000
# First Move Timeout: 30000
# Date: Tue Apr 14 22:23:25 EDT 2020
# Player 1: Player-0, 'RandomPlayer', running on localhost
# Player 2: Player-1, 'RandomPlayer', running on localhost
START Player-0 RandomPlayer
START Player-1 RandomPlayer
BoardInit:Tile:8,Tile:6,Map,Tile:12,Tile:7,Tile:7,Tile:0,Tile:10,Tile:7,Destroy,Tile:14,Tile:4,Malus,Map,Tile:8,Tile:5,Bonus,Tile:3,Tile:6,Tile:2,Tile:0,Tile:11,Malus,Tile:7,Tile:6,Tile:13,Tile:9,Tile:6,Tile:9,Tile:1,Tile:9,Tile:8,Tile:0,Tile:9,Map,Bonus,Tile:8,Map,Bonus,Destroy,Tile:5-Tile:5,Bonus,Tile:10,Map,Tile:6,Tile:5,Tile:10-Map,Tile:15,Tile:0,Tile:9,Tile:8,Destroy,Tile:7-Tile:hidden2,Tile:nugget,Tile:hidden1
Drop 3 0 1
Drop 3 0 0
Tile:5 4 5 1
Drop 1 0 0
Tile:5 5 4 1
Tile:8 4 6 0
Tile:6 4 7 1
Drop 6 0 0
Drop 0 0 1
Tile:6_flip 6 5 0
Tile:8 5 7 1
Tile:7_flip 3 7 0
Tile:7_flip 5 8 1
Destroy 5 7 0
Tile:0 6 4 1
Destroy 4 7 0
Tile:8 4 7 1
Tile:4_flip 4 8 0
Tile:14 6 8 1
Tile:3_flip 6 6 0
Tile:6 7 5 1
Tile:0 7 6 0
Tile:7 6 7 1
Tile:11_flip 5 6 0
Drop 2 0 1
Tile:5 3 6 0
Tile:6 8 6 1
Tile:13 5 7 0
Tile:9_flip 9 6 1
Tile:2 8 5 0
Tile:9_flip 9 5 1
Map 12 7 0
Tile:10 9 7 1
Tile:7_flip 9 8 0
Tile:9_flip 9 4 1
Drop 4 0 0
Drop 6 0 1
Map 12 5 0
Tile:8 9 3 1
Tile:6_flip 7 4 0
Drop 2 0 1
Destroy 6 8 0
Drop 0 0 1
Drop 5 0 0
Malus 0 0 1
Drop 3 0 0
Drop 3 0 1
Drop 1 0 0
Tile:5 9 2 1
Bonus 0 0 0
Tile:0 8 4 1
Tile:8 6 8 0
Tile:0 10 8 1
Drop 0 0 0
Malus 0 0 1
GAMEOVER DRAW
# Game ended: Tue Apr 14 22:23:25 EDT 2020
