# Server version 0.08 running on 192.168.2.29:8123
# Game ID: 147
# Board class: Saboteur.SaboteurBoard
# Timeout: 20000
# First Move Timeout: 30000
# Date: Wed Apr 15 00:58:14 EDT 2020
# Player 1: Player-0, 'RandomPlayer', running on localhost
# Player 2: Player-1, 'RandomPlayer', running on localhost
START Player-0 RandomPlayer
START Player-1 RandomPlayer
BoardInit:Tile:4,Tile:9,Tile:5,Tile:8,Tile:11,Tile:5,Tile:6,Tile:9,Tile:10,Destroy,Bonus,Map,Tile:2,Destroy,Tile:6,Tile:0,Tile:6,Tile:5,Tile:7,Tile:8,Tile:7,Tile:7,Tile:6,Tile:1,Tile:0,Tile:7,Tile:8,Map,Tile:9,Tile:7,Tile:8,Bonus,Map,Tile:10,Tile:9,Tile:12,Tile:5,Tile:13,Tile:6,Map,Tile:14-Malus,Malus,Tile:0,Bonus,Tile:8,Tile:3,Tile:10-Tile:15,Bonus,Map,Destroy,Tile:0,Map,Tile:9-Tile:hidden1,Tile:hidden2,Tile:nugget
Tile:3_flip 5 6 1
Tile:9 5 4 0
Tile:8 6 6 1
Tile:15 5 3 0
Tile:5_flip 6 4 1
Tile:8 5 2 0
Malus 0 0 1
Map 12 3 0
Tile:11_flip 5 1 1
Drop 0 0 0
Tile:6_flip 6 5 1
Drop 3 0 0
Tile:4 5 0 1
Destroy 6 4 0
Tile:2 4 2 1
Destroy 5 1 0
Drop 1 0 1
Map 12 7 0
Tile:6 4 5 1
Map 12 5 0
Tile:10 5 1 1
Destroy 4 5 0
Drop 5 0 1
Drop 0 0 0
Tile:6 4 5 1
Drop 2 0 0
Malus 0 0 1
Drop 0 0 0
Tile:10 4 4 1
Drop 4 0 0
Tile:8 6 2 1
Map 12 3 0
Tile:0 6 4 1
Drop 4 0 0
Drop 5 0 1
Drop 0 0 0
Tile:7_flip 3 5 1
Drop 4 0 0
Tile:9_flip 4 3 1
Drop 6 0 0
Tile:5_flip 7 4 1
Drop 6 0 0
Tile:9 6 7 1
Drop 1 0 0
Tile:6 3 3 1
Drop 3 0 0
Tile:6 6 8 1
Drop 0 0 0
Tile:14_flip 2 3 1
Drop 2 0 0
Map 12 3 1
Drop 0 0 0
Drop 1 0 1
Drop 0 0 0
Drop 0 0 1
GAMEOVER DRAW
# Game ended: Wed Apr 15 00:58:14 EDT 2020
