# Server version 0.08 running on 192.168.2.29:8123
# Game ID: 341
# Board class: Saboteur.SaboteurBoard
# Timeout: 20000
# First Move Timeout: 30000
# Date: Wed Apr 15 23:42:14 EDT 2020
# Player 1: Player-0, 'RandomPlayer', running on localhost
# Player 2: Player-1, '260803297', running on localhost
START Player-0 RandomPlayer
START Player-1 260803297
BoardInit:Map,Tile:7,Bonus,Bonus,Tile:7,Tile:8,Tile:4,Tile:9,Malus,Tile:3,Tile:14,Tile:12,Tile:10,Tile:9,Tile:13,Map,Tile:9,Tile:9,Tile:2,Malus,Tile:10,Tile:9,Tile:15,Tile:6,Tile:8,Tile:6,Tile:6,Tile:7,Tile:11,Destroy,Tile:1,Tile:5,Tile:6,Bonus,Tile:6,Map,Tile:5,Map,Tile:0,Destroy,Tile:8-Bonus,Tile:8,Tile:5,Map,Tile:7,Tile:0,Tile:5-Tile:0,Map,Tile:10,Destroy,Tile:7,Tile:0,Tile:8-Tile:hidden2,Tile:hidden1,Tile:nugget
Map 12 3 1
Map 12 7 0
Map 12 5 1
Tile:7 6 5 0
Tile:5 5 4 1
Tile:0 6 4 0
Tile:7_flip 5 6 1
Drop 6 0 0
Drop 3 0 1
Drop 3 0 0
Malus 0 0 1
Destroy 5 4 0
Drop 6 0 1
Bonus 0 0 0
Drop 1 0 1
Drop 2 0 0
Drop 1 0 1
Tile:9 5 4 0
Tile:13 4 5 1
Tile:9 3 5 0
Tile:4 5 3 1
Tile:10 4 4 0
Tile:7 3 4 1
Malus 0 0 0
Bonus 0 0 1
Drop 2 0 0
Tile:9_flip 6 6 1
Tile:9_flip 4 6 0
Tile:15 4 3 1
Drop 2 0 0
Tile:6 2 4 1
Tile:0 1 4 0
Tile:10 4 2 1
Tile:6 0 4 0
Tile:11_flip 4 7 1
Tile:5 4 1 0
Drop 4 0 1
Tile:9 6 7 0
Drop 1 0 1
Map 12 5 0
Tile:8 3 6 1
Destroy 6 5 0
Tile:6_flip 7 7 1
Tile:3 8 7 0
Tile:8 3 7 1
Drop 1 0 0
Tile:0 2 6 1
Drop 2 0 0
Tile:10 2 3 1
Tile:6_flip 0 3 0
Tile:5_flip 7 4 1
Drop 0 0 0
Tile:6 6 8 1
Drop 0 0 0
Drop 0 0 1
GAMEOVER DRAW
# Game ended: Wed Apr 15 23:42:14 EDT 2020
