# Server version 0.08 running on 192.168.2.29:8123
# Game ID: 47
# Board class: Saboteur.SaboteurBoard
# Timeout: 20000
# First Move Timeout: 30000
# Date: Tue Apr 14 19:30:39 EDT 2020
# Player 1: Player-0, 'RandomPlayer', running on localhost
# Player 2: Player-1, 'RandomPlayer', running on localhost
START Player-0 RandomPlayer
START Player-1 RandomPlayer
BoardInit:Map,Bonus,Tile:6,Destroy,Tile:8,Tile:8,Tile:0,Tile:8,Tile:0,Tile:2,Tile:6,Tile:12,Tile:6,Tile:8,Tile:9,Tile:7,Destroy,Map,Tile:5,Tile:7,Tile:6,Destroy,Tile:10,Tile:5,Tile:0,Tile:8,Tile:10,Tile:4,Bonus,Bonus,Tile:9,Tile:9,Tile:0,Tile:10,Malus,Tile:11,Tile:9,Tile:5,Map,Tile:7,Tile:13-Tile:5,Tile:7,Tile:14,Malus,Tile:3,Tile:15,Map-Bonus,Tile:9,Tile:1,Map,Map,Tile:7,Tile:6-Tile:nugget,Tile:hidden1,Tile:hidden2
Tile:5 4 5 1
Map 12 7 0
Tile:7 6 5 1
Map 12 3 0
Tile:3 5 4 1
Tile:7_flip 5 6 0
Map 12 3 1
Drop 6 0 0
Tile:15 4 6 1
Tile:6 4 7 0
Map 12 3 1
Tile:1 4 4 0
Drop 4 0 1
Tile:2 3 7 0
Tile:6 3 4 1
Tile:8 6 6 0
Tile:9 3 3 1
Tile:9_flip 7 6 0
Destroy 7 6 1
Destroy 6 6 0
Tile:6_flip 2 7 1
Tile:7 5 7 0
Tile:6_flip 1 7 1
Tile:8 3 8 0
Tile:6_flip 2 4 1
Tile:5_flip 5 8 0
Tile:14 1 8 1
Tile:7_flip 2 8 0
Tile:8 6 6 1
Drop 6 0 0
Tile:5_flip 4 3 1
Tile:12 7 6 0
Tile:9_flip 3 2 1
Destroy 7 6 0
Tile:10 2 5 1
Tile:10 4 2 0
Drop 6 0 1
Tile:11 0 8 0
Tile:9 3 9 1
Tile:9_flip 4 1 0
Tile:0 4 9 1
Drop 2 0 0
Map 12 5 1
Tile:5_flip 0 9 0
Tile:0 7 6 1
Tile:7_flip 6 7 0
Tile:0 4 8 1
Tile:8 2 2 0
Tile:13 1 4 1
Drop 2 0 0
Tile:10 1 5 1
Drop 0 0 0
Malus 0 0 1
Drop 0 0 0
Drop 0 0 1
GAMEOVER DRAW
# Game ended: Tue Apr 14 19:30:39 EDT 2020
