# Server version 0.08 running on 192.168.2.29:8123
# Game ID: 354
# Board class: Saboteur.SaboteurBoard
# Timeout: 20000
# First Move Timeout: 30000
# Date: Wed Apr 15 23:49:35 EDT 2020
# Player 1: Player-0, '260803297', running on localhost
# Player 2: Player-1, 'RandomPlayer', running on localhost
START Player-0 260803297
START Player-1 RandomPlayer
BoardInit:Tile:9,Map,Tile:8,Tile:4,Tile:8,Tile:12,Bonus,Tile:7,Tile:9,Tile:0,Tile:10,Tile:6,Tile:7,Map,Tile:8,Tile:0,Tile:1,Tile:15,Tile:10,Tile:8,Tile:13,Tile:0,Tile:7,Malus,Tile:9,Tile:2,Map,Tile:0,Tile:6,Tile:5,Destroy,Destroy,Tile:6,Tile:9,Tile:14,Destroy,Tile:10,Tile:9,Map,Tile:6,Tile:7-Tile:6,Tile:7,Bonus,Tile:8,Tile:5,Tile:3,Tile:5-Map,Bonus,Tile:5,Map,Bonus,Malus,Tile:11-Tile:hidden2,Tile:hidden1,Tile:nugget
Tile:3 6 5 1
Map 12 3 0
Tile:5_flip 5 6 1
Map 12 5 0
Tile:9_flip 5 4 1
Map 12 5 0
Tile:8 5 3 1
Malus 0 0 0
Drop 0 0 1
Tile:7_flip 4 4 0
Drop 4 0 1
Tile:11 4 3 0
Drop 3 0 1
Tile:5 5 2 0
Drop 2 0 1
Map 12 5 0
Drop 6 0 1
Drop 2 0 0
Drop 2 0 1
Tile:6 6 3 0
Drop 2 0 1
Drop 4 0 0
Drop 3 0 1
Tile:0 4 5 0
Drop 5 0 1
Malus 0 0 0
Drop 0 0 1
Tile:12 7 3 0
Drop 6 0 1
Drop 1 0 0
Drop 1 0 1
Tile:2 4 6 0
Destroy 4 3 1
Drop 5 0 0
Drop 0 0 1
Tile:8 6 2 0
Drop 3 0 1
Destroy 7 3 0
Drop 6 0 1
Tile:9 6 1 0
Drop 6 0 1
Destroy 4 6 0
Drop 0 0 1
Tile:6_flip 7 2 0
Drop 4 0 1
Tile:0 7 1 0
Drop 2 0 1
Tile:9 4 3 0
Drop 0 0 1
Tile:0 4 6 0
Drop 0 0 1
Tile:15 6 6 0
Drop 1 0 1
Drop 0 0 0
Drop 0 0 1
GAMEOVER DRAW
# Game ended: Wed Apr 15 23:49:35 EDT 2020
