# Server version 0.08 running on 192.168.2.29:8123
# Game ID: 328
# Board class: Saboteur.SaboteurBoard
# Timeout: 20000
# First Move Timeout: 30000
# Date: Wed Apr 15 23:41:16 EDT 2020
# Player 1: Player-0, '260803297', running on localhost
# Player 2: Player-1, 'RandomPlayer', running on localhost
START Player-0 260803297
START Player-1 RandomPlayer
BoardInit:Tile:15,Tile:8,Tile:6,Tile:0,Bonus,Malus,Map,Tile:6,Tile:5,Tile:8,Map,Tile:8,Map,Tile:0,Tile:0,Tile:6,Map,Tile:7,Tile:9,Destroy,Malus,Map,Tile:6,Tile:10,Tile:8,Destroy,Map,Tile:2,Tile:9,Bonus,Tile:10,Destroy,Tile:6,Tile:5,Tile:13,Tile:4,Tile:7,Tile:1,Tile:10,Bonus,Bonus-Tile:7,Tile:9,Tile:0,Tile:7,Tile:14,Tile:3,Tile:9-Tile:5,Tile:7,Tile:11,Tile:5,Tile:12,Tile:9,Tile:8-Tile:hidden1,Tile:hidden2,Tile:nugget
Tile:9_flip 6 5 1
Tile:8 5 4 0
Tile:14_flip 5 3 1
Tile:9_flip 6 4 0
Tile:9 4 4 1
Tile:8 4 5 0
Tile:3 4 3 1
Malus 0 0 0
Map 12 5 1
Tile:6 3 5 0
Bonus 0 0 1
Tile:11_flip 6 3 0
Tile:7_flip 4 6 1
Drop 0 0 0
Drop 2 0 1
Tile:5_flip 5 6 0
Tile:7_flip 6 6 1
Tile:0 7 6 0
Map 12 7 1
Tile:7_flip 3 3 0
Tile:9 2 5 1
Drop 5 0 0
Tile:5 2 4 1
Map 12 3 0
Tile:6 8 6 1
Tile:8 6 2 0
Tile:0 9 6 1
Destroy 4 4 0
Tile:0 10 6 1
Tile:0 5 2 0
Tile:8 11 6 1
Tile:2 12 6 0
Drop 6 0 1
Destroy 4 3 0
Tile:9 11 5 1
Tile:6_flip 3 4 0
Tile:6_flip 13 5 1
Tile:10 2 6 0
Tile:13 6 1 1
Destroy 6 1 0
Tile:6_flip 4 4 1
Tile:4 11 4 0
Tile:7_flip 2 7 1
Tile:5_flip 3 7 0
Drop 4 0 1
Tile:8 8 5 0
Drop 3 0 1
Tile:12 4 3 0
Drop 3 0 1
Drop 0 0 0
Map 12 7 1
Drop 1 0 0
Map 12 3 1
Tile:1 7 2 0
Malus 0 0 1
GAMEOVER DRAW
# Game ended: Wed Apr 15 23:41:17 EDT 2020
