# Server version 0.08 running on 192.168.0.168:8123
# Game ID: 24
# Board class: Saboteur.SaboteurBoard
# Timeout: 20000
# First Move Timeout: 30000
# Date: Mon Apr 13 14:00:34 EDT 2020
# Player 1: Player-0, 'RandomPlayer', running on 192.168.0.168
# Player 2: Player-1, 'Human', running on 192.168.0.168
START Player-0 RandomPlayer
START Player-1 Human
BoardInit:Tile:10,Tile:13,Tile:12,Tile:0,Tile:9,Bonus,Tile:9,Destroy,Destroy,Bonus,Map,Tile:7,Bonus,Tile:6,Tile:8,Tile:0,Tile:7,Tile:15,Map,Tile:2,Tile:8,Tile:11,Tile:6,Map,Tile:10,Tile:7,Tile:0,Tile:7,Destroy,Map,Tile:7,Tile:9,Tile:4,Tile:0,Tile:6,Tile:8,Tile:10,Tile:8,Tile:5,Tile:6,Tile:5-Tile:6,Map,Tile:5,Malus,Tile:3,Tile:8,Tile:9-Tile:9,Tile:14,Bonus,Tile:1,Malus,Tile:5,Map-Tile:hidden2,Tile:hidden1,Tile:nugget
Tile:8 6 5 1
Tile:14 5 6 0
Tile:5 6 4 1
Map 12 3 0
Tile:6 7 4 1
Tile:0 7 5 0
Tile:9 7 3 1
Tile:13 7 2 0
Tile:9_flip 8 3 1
Destroy 6 5 0
Tile:9_flip 8 4 1
Tile:9_flip 5 4 0
Malus 0 0 1
Drop 6 0 0
GAMEOVER USER CANCEL UNDECIDED
# Game ended: Mon Apr 13 14:01:49 EDT 2020
