# Server version 0.08 running on 192.168.2.29:8123
# Game ID: 171
# Board class: Saboteur.SaboteurBoard
# Timeout: 20000
# First Move Timeout: 30000
# Date: Wed Apr 15 00:58:51 EDT 2020
# Player 1: Player-0, 'RandomPlayer', running on localhost
# Player 2: Player-1, 'RandomPlayer', running on localhost
START Player-0 RandomPlayer
START Player-1 RandomPlayer
BoardInit:Tile:3,Tile:8,Map,Tile:10,Malus,Bonus,Tile:2,Map,Tile:10,Malus,Tile:11,Tile:0,Tile:5,Map,Destroy,Tile:0,Tile:8,Tile:6,Tile:8,Map,Tile:5,Tile:0,Tile:7,Tile:6,Tile:10,Tile:9,Tile:5,Tile:7,Tile:0,Tile:8,Tile:1,Tile:8,Tile:12,Tile:13,Tile:7,Tile:6,Tile:7,Tile:9,Tile:15,Map,Map-Destroy,Tile:6,Bonus,Bonus,Tile:7,Destroy,Tile:14-Tile:9,Tile:9,Tile:4,Tile:5,Tile:9,Tile:6,Bonus-Tile:nugget,Tile:hidden2,Tile:hidden1
Tile:14 5 6 1
Tile:6 4 6 0
Drop 1 0 1
Tile:9 4 5 0
Tile:3 5 4 1
Tile:5_flip 6 5 0
Drop 2 0 1
Tile:8 3 6 0
Drop 0 0 1
Tile:9 6 4 0
Tile:2_flip 7 4 1
Drop 1 0 0
Malus 0 0 1
Drop 5 0 0
Tile:5 2 6 1
Map 12 7 0
Tile:11 3 7 1
Drop 3 0 0
Map 12 5 1
Map 12 7 0
Tile:10 7 3 1
Drop 6 0 0
Destroy 4 5 1
Drop 3 0 0
Tile:8 4 5 1
Drop 5 0 0
Destroy 7 3 1
Drop 0 0 0
Tile:8 6 3 1
Drop 6 0 0
Tile:10 3 8 1
Drop 1 0 0
Tile:7_flip 3 9 1
Drop 4 0 0
Tile:1 5 3 1
Drop 0 0 0
Tile:12 4 7 1
Drop 3 0 0
Tile:0 4 3 1
Drop 6 0 0
Tile:5 3 3 1
Drop 6 0 0
Tile:5_flip 3 4 1
Drop 1 0 0
Drop 4 0 1
Drop 3 0 0
Tile:7 8 4 1
Drop 0 0 0
Drop 3 0 1
Drop 2 0 0
Drop 0 0 1
Drop 0 0 0
Drop 1 0 1
Drop 0 0 0
Drop 0 0 1
GAMEOVER DRAW
# Game ended: Wed Apr 15 00:58:51 EDT 2020
