# Server version 0.08 running on 192.168.2.29:8123
# Game ID: 234
# Board class: Saboteur.SaboteurBoard
# Timeout: 20000
# First Move Timeout: 30000
# Date: Wed Apr 15 01:02:50 EDT 2020
# Player 1: Player-0, 'RandomPlayer', running on localhost
# Player 2: Player-1, 'RandomPlayer', running on localhost
START Player-0 RandomPlayer
START Player-1 RandomPlayer
BoardInit:Tile:6,Tile:6,Tile:7,Tile:9,Tile:2,Tile:9,Map,Tile:13,Tile:10,Tile:5,Bonus,Map,Tile:11,Tile:7,Tile:8,Destroy,Tile:7,Tile:5,Tile:3,Tile:12,Map,Bonus,Map,Malus,Bonus,Tile:0,Tile:8,Tile:0,Tile:10,Tile:0,Tile:9,Tile:5,Tile:7,Tile:1,Bonus,Tile:6,Tile:4,Tile:5,Tile:8,Tile:14,Destroy-Malus,Tile:8,Tile:9,Tile:0,Tile:7,Tile:6,Tile:10-Tile:8,Map,Map,Tile:15,Destroy,Tile:6,Tile:9-Tile:hidden1,Tile:hidden2,Tile:nugget
Tile:6 4 5 1
Map 12 5 0
Tile:7 6 5 1
Drop 1 0 0
Tile:0 3 5 1
Tile:9_flip 5 6 0
Drop 6 0 1
Tile:9_flip 4 4 0
Map 12 5 1
Tile:6 3 4 0
Drop 1 0 1
Tile:6_flip 4 3 0
Tile:7_flip 2 4 1
Tile:9 3 3 0
Tile:6_flip 2 5 1
Tile:5 4 6 0
Tile:10 6 6 1
Destroy 6 5 0
Tile:8 5 3 1
Destroy 3 4 0
Tile:11_flip 6 5 1
Tile:5 5 2 0
Tile:7 2 3 1
Tile:7 6 2 0
Tile:9_flip 6 3 1
Tile:8 6 4 0
Map 12 7 1
Tile:12 7 4 0
Tile:3_flip 1 3 1
Tile:13 5 7 0
Malus 0 0 1
Map 12 3 0
Tile:9_flip 6 7 1
Drop 6 0 0
Tile:7_flip 1 5 1
Drop 4 0 0
Drop 3 0 1
Drop 3 0 0
Map 12 5 1
Bonus 0 0 0
Tile:8 2 6 1
Drop 2 0 0
Destroy 7 4 1
Tile:5 1 6 0
Tile:8 1 7 1
Tile:6 3 4 0
Drop 1 0 1
Tile:14 6 8 0
Tile:10 1 2 1
Drop 2 0 0
Tile:4 1 4 1
Tile:15 1 1 0
Tile:10 1 0 1
Drop 0 0 0
Drop 0 0 1
GAMEOVER DRAW
# Game ended: Wed Apr 15 01:02:51 EDT 2020
