# Server version 0.08 running on 192.168.2.29:8123
# Game ID: 349
# Board class: Saboteur.SaboteurBoard
# Timeout: 20000
# First Move Timeout: 30000
# Date: Wed Apr 15 23:42:35 EDT 2020
# Player 1: Player-0, 'RandomPlayer', running on localhost
# Player 2: Player-1, '260803297', running on localhost
START Player-0 RandomPlayer
START Player-1 260803297
BoardInit:Tile:9,Tile:8,Tile:11,Tile:14,Bonus,Tile:7,Map,Bonus,Bonus,Tile:5,Tile:9,Tile:7,Tile:6,Tile:8,Tile:7,Tile:12,Map,Tile:1,Tile:10,Tile:9,Tile:0,Tile:3,Destroy,Tile:4,Tile:6,Tile:13,Tile:8,Tile:9,Tile:9,Tile:5,Map,Malus,Tile:6,Tile:5,Destroy,Tile:10,Tile:5,Tile:8,Tile:6,Map,Tile:0-Map,Malus,Tile:7,Tile:8,Tile:0,Tile:10,Tile:6-Destroy,Tile:7,Tile:15,Bonus,Tile:2,Map,Tile:0-Tile:hidden1,Tile:hidden2,Tile:nugget
Map 12 3 1
Tile:15 5 4 0
Malus 0 0 1
Drop 1 0 0
Tile:0 4 5 1
Drop 1 0 0
Tile:6_flip 6 5 1
Drop 1 0 0
Map 12 3 1
Destroy 5 4 0
Tile:10 5 6 1
Drop 1 0 0
Tile:9 6 6 1
Drop 6 0 0
Tile:11_flip 6 7 1
Map 12 7 0
Tile:6_flip 3 5 1
Drop 1 0 0
Map 12 3 1
Drop 3 0 0
Tile:7_flip 5 7 1
Drop 2 0 0
Drop 3 0 1
Drop 0 0 0
Tile:7 7 6 1
Drop 2 0 0
Tile:8 5 4 1
Drop 0 0 0
Tile:10 7 7 1
Drop 5 0 0
Tile:8 6 8 1
Drop 0 0 0
Map 12 3 1
Drop 4 0 0
Tile:6 7 5 1
Drop 0 0 0
Destroy 7 5 1
Drop 4 0 0
Destroy 6 7 1
Drop 6 0 0
Drop 1 0 1
Drop 6 0 0
Tile:0 2 5 1
Drop 1 0 0
Drop 2 0 1
Drop 3 0 0
Tile:5_flip 7 5 1
Drop 0 0 0
Tile:9_flip 7 8 1
Drop 2 0 0
Drop 2 0 1
Drop 0 0 0
Tile:6 7 9 1
Drop 0 0 0
Drop 0 0 1
GAMEOVER DRAW
# Game ended: Wed Apr 15 23:42:36 EDT 2020
