# Server version 0.08 running on 192.168.2.29:8123
# Game ID: 289
# Board class: Saboteur.SaboteurBoard
# Timeout: 20000
# First Move Timeout: 30000
# Date: Wed Apr 15 23:31:21 EDT 2020
# Player 1: Player-0, '260803297', running on localhost
# Player 2: Player-1, 'RandomPlayer', running on localhost
START Player-0 260803297
START Player-1 RandomPlayer
BoardInit:Map,Tile:8,Malus,Bonus,Tile:5,Tile:0,Malus,Tile:15,Tile:5,Map,Tile:10,Tile:2,Tile:9,Tile:0,Tile:7,Tile:6,Tile:6,Map,Tile:7,Destroy,Tile:9,Tile:5,Bonus,Tile:10,Bonus,Map,Tile:7,Tile:4,Bonus,Tile:5,Tile:7,Tile:0,Tile:6,Destroy,Tile:9,Tile:1,Tile:14,Destroy,Tile:7,Tile:10,Tile:3-Tile:8,Tile:11,Tile:6,Tile:8,Map,Tile:0,Tile:9-Tile:8,Tile:13,Map,Tile:9,Tile:6,Tile:8,Tile:12-Tile:nugget,Tile:hidden1,Tile:hidden2
Tile:9 5 6 1
Map 12 3 0
Tile:0 4 5 1
Tile:8 3 5 0
Tile:6_flip 5 4 1
Tile:6 2 5 0
Tile:8 1 5 1
Tile:9_flip 3 4 0
Tile:5_flip 3 6 1
Tile:13 2 4 0
Drop 1 0 1
Tile:8 2 3 0
Tile:5_flip 6 5 1
Tile:2 1 4 0
Tile:9_flip 1 6 1
Tile:0 1 3 0
Tile:11_flip 2 2 1
Tile:6_flip 0 3 0
Map 12 7 1
Tile:8 2 1 0
Tile:6_flip 0 5 1
Drop 1 0 0
Tile:7_flip 0 4 1
Tile:12_flip 2 6 0
Tile:7 6 6 1
Drop 1 0 0
Malus 0 0 1
Drop 0 0 0
Tile:10 6 7 1
Drop 6 0 0
Tile:7_flip 1 1 1
GAMEOVER TIMEOUT WINNER 1
# Game ended: Wed Apr 15 23:31:43 EDT 2020
