# Server version 0.08 running on 192.168.0.168:8123
# Game ID: 6
# Board class: Saboteur.SaboteurBoard
# Timeout: 20000
# First Move Timeout: 30000
# Date: Tue Apr 07 23:56:02 EDT 2020
# Player 1: Player-0, 'RandomPlayer', running on 192.168.0.168
# Player 2: Player-1, 'Human', running on 192.168.0.168
START Player-0 RandomPlayer
START Player-1 Human
BoardInit:Tile:13,Tile:8,Bonus,Tile:0,Tile:5,Tile:7,Tile:7,Tile:7,Tile:7,Tile:8,Destroy,Tile:10,Tile:15,Tile:0,Tile:5,Tile:5,Tile:11,Tile:6,Tile:6,Map,Tile:9,Map,Malus,Destroy,Tile:3,Bonus,Tile:6,Tile:4,Tile:12,Tile:14,Map,Tile:1,Bonus,Tile:6,Tile:2,Destroy,Tile:9,Tile:10,Map,Tile:6,Map-Map,Tile:0,Tile:9,Tile:8,Tile:9,Tile:5,Tile:8-Malus,Tile:0,Bonus,Tile:8,Tile:10,Tile:7,Tile:9-Tile:hidden1,Tile:hidden2,Tile:nugget
Tile:8 6 5 1
Tile:7_flip 5 6 0
Tile:8 7 5 1
Drop 1 0 0
Map 12 3 1
Tile:10 7 4 0
Tile:0 8 5 1
Tile:8 7 6 0
Tile:9_flip 9 5 1
Tile:7 8 6 0
Tile:9 7 3 1
Malus 0 0 0
Bonus 0 0 1
Tile:7_flip 9 6 0
Tile:15 7 2 1
Tile:8 8 3 0
