# Server version 0.08 running on 192.168.2.29:8123
# Game ID: 288
# Board class: Saboteur.SaboteurBoard
# Timeout: 20000
# First Move Timeout: 30000
# Date: Wed Apr 15 23:30:01 EDT 2020
# Player 1: Player-0, '260803297', running on localhost
# Player 2: Player-1, 'RandomPlayer', running on localhost
START Player-0 260803297
START Player-1 RandomPlayer
BoardInit:Tile:8,Tile:8,Tile:0,Tile:2,Tile:7,Tile:6,Map,Map,Tile:10,Tile:0,Tile:9,Tile:14,Tile:13,Tile:10,Bonus,Bonus,Malus,Tile:15,Tile:11,Destroy,Bonus,Tile:1,Tile:5,Map,Tile:7,Tile:6,Tile:8,Tile:8,Tile:9,Bonus,Map,Tile:0,Tile:3,Tile:6,Map,Tile:9,Tile:7,Tile:9,Tile:7,Tile:4,Tile:5-Malus,Tile:9,Tile:5,Tile:6,Tile:5,Tile:0,Tile:8-Tile:12,Tile:7,Tile:10,Destroy,Tile:6,Destroy,Map-Tile:nugget,Tile:hidden2,Tile:hidden1
Tile:0 4 5 1
Map 12 3 0
Tile:5 5 4 1
Tile:6 3 5 0
Drop 1 0 1
Tile:8 6 4 0
Tile:5_flip 7 4 1
Tile:2 3 4 0
Tile:7_flip 2 4 1
Destroy 4 5 0
Tile:0 2 5 1
Destroy 6 4 0
Tile:8 7 3 1
Tile:7 2 3 0
Tile:9_flip 7 2 1
Tile:12 8 3 0
Tile:13 1 3 1
Tile:0 6 3 0
Map 12 7 1
Tile:14_flip 7 1 0
Tile:8 1 5 1
Tile:10 1 4 0
Tile:11_flip 4 4 1
Drop 3 0 0
Tile:6 5 6 1
Tile:6 6 2 0
Tile:5 4 3 1
Tile:1 8 1 0
Drop 2 0 1
Tile:6_flip 9 1 0
Tile:9_flip 6 6 1
Tile:8 5 2 0
Tile:8 4 5 1
Tile:15 9 2 0
Tile:3_flip 4 2 1
Destroy 4 2 0
Tile:10 6 7 1
Tile:0 4 2 0
Tile:7_flip 0 3 1
Tile:9 1 6 0
Drop 4 0 1
Drop 2 0 0
Drop 0 0 1
Tile:9_flip 6 5 0
Tile:7_flip 9 3 1
Tile:6 5 3 0
Tile:5_flip 6 8 1
Tile:10 0 2 0
Malus 0 0 1
Drop 2 0 0
Map 12 7 1
GAMEOVER TIMEOUT WINNER 1
# Game ended: Wed Apr 15 23:30:23 EDT 2020
