# Server version 0.08 running on 192.168.2.29:8123
# Game ID: 80
# Board class: Saboteur.SaboteurBoard
# Timeout: 20000
# First Move Timeout: 30000
# Date: Tue Apr 14 21:28:56 EDT 2020
# Player 1: Player-0, 'RandomPlayer', running on localhost
# Player 2: Player-1, 'RandomPlayer', running on localhost
START Player-0 RandomPlayer
START Player-1 RandomPlayer
BoardInit:Tile:6,Tile:8,Tile:7,Tile:8,Tile:0,Bonus,Tile:8,Tile:5,Tile:15,Tile:14,Tile:8,Bonus,Tile:12,Tile:9,Tile:6,Tile:4,Tile:5,Tile:7,Map,Map,Destroy,Bonus,Map,Tile:8,Tile:10,Tile:0,Tile:0,Destroy,Tile:5,Destroy,Malus,Tile:5,Tile:11,Tile:7,Tile:9,Tile:9,Bonus,Tile:6,Tile:6,Tile:2,Malus-Tile:7,Tile:13,Tile:9,Tile:3,Tile:7,Map,Tile:1-Tile:10,Tile:0,Tile:6,Map,Tile:9,Map,Tile:10-Tile:hidden1,Tile:hidden2,Tile:nugget
Map 12 3 1
Map 12 5 0
Tile:9 4 5 1
Map 12 5 0
Tile:1 6 5 1
Drop 1 0 0
Tile:13 5 4 1
Tile:8 4 6 0
Tile:6_flip 5 3 1
Drop 0 0 0
Tile:7_flip 4 3 1
Tile:6 6 4 0
Tile:7 7 4 1
Tile:14 7 5 0
Tile:7 6 3 1
Tile:9_flip 4 7 0
Tile:6_flip 4 4 1
Tile:4_flip 4 8 0
Tile:12_flip 3 7 1
Tile:8 4 2 0
Tile:3_flip 3 4 1
Tile:9_flip 5 6 0
Tile:15 3 3 1
Tile:7_flip 5 7 0
Tile:5 4 1 1
Drop 4 0 0
Tile:8 3 2 1
Tile:0 6 7 0
Drop 2 0 1
Drop 5 0 0
Tile:0 2 2 1
Tile:10 3 1 0
Destroy 6 5 1
Destroy 4 4 0
Tile:11 1 2 1
Destroy 5 7 0
Tile:9 5 7 1
Tile:5_flip 5 2 0
Tile:8 5 1 1
Tile:6 6 1 0
Tile:5 5 0 1
Tile:5_flip 7 1 0
Tile:0 3 6 1
Tile:9_flip 1 3 0
Tile:6_flip 4 4 1
Drop 1 0 0
Tile:10 1 1 1
Tile:2_flip 1 4 0
Drop 3 0 1
Tile:7 1 0 0
Drop 1 0 1
Drop 0 0 0
Map 12 3 1
Drop 0 0 0
Drop 0 0 1
GAMEOVER DRAW
# Game ended: Tue Apr 14 21:28:57 EDT 2020
