# Server version 0.08 running on 192.168.2.29:8123
# Game ID: 225
# Board class: Saboteur.SaboteurBoard
# Timeout: 20000
# First Move Timeout: 30000
# Date: Wed Apr 15 01:02:33 EDT 2020
# Player 1: Player-0, 'RandomPlayer', running on localhost
# Player 2: Player-1, 'RandomPlayer', running on localhost
START Player-0 RandomPlayer
START Player-1 RandomPlayer
BoardInit:Tile:5,Map,Tile:5,Destroy,Tile:0,Map,Tile:6,Bonus,Tile:6,Tile:7,Tile:0,Tile:9,Tile:9,Tile:8,Tile:8,Map,Tile:9,Tile:9,Destroy,Bonus,Tile:11,Map,Malus,Tile:12,Tile:7,Malus,Tile:10,Tile:15,Tile:7,Bonus,Tile:10,Bonus,Tile:7,Tile:1,Tile:3,Map,Tile:8,Tile:9,Destroy,Map,Tile:5-Tile:13,Tile:8,Tile:6,Tile:6,Tile:10,Tile:2,Tile:5-Tile:8,Tile:0,Tile:6,Tile:14,Tile:4,Tile:7,Tile:0-Tile:hidden1,Tile:nugget,Tile:hidden2
Tile:5 5 4 1
Tile:7 6 4 0
Tile:6 4 5 1
Drop 1 0 0
Tile:6 6 5 1
Tile:6 7 5 0
Tile:0 3 5 1
Drop 2 0 0
Tile:5_flip 5 6 1
Drop 0 0 0
Tile:2 4 6 1
Destroy 3 5 0
Tile:5_flip 8 5 1
Map 12 5 0
Tile:6 3 6 1
Drop 2 0 0
Tile:8 3 5 1
Tile:14 4 7 0
Tile:13 2 6 1
Tile:9_flip 4 4 0
Tile:9 2 7 1
Tile:0 3 7 0
Destroy 4 4 1
Tile:8 2 5 0
Tile:0 1 6 1
Tile:12_flip 0 6 0
Drop 3 0 1
Tile:9_flip 8 4 0
Tile:11 7 4 1
Tile:7_flip 1 5 0
Tile:7_flip 2 8 1
Map 12 3 0
Tile:7 3 4 1
Tile:15 8 3 0
Tile:10 7 3 1
Drop 4 0 0
Tile:10 7 2 1
Drop 2 0 0
Tile:8 7 1 1
Drop 3 0 0
Destroy 3 6 1
Drop 2 0 0
Tile:5_flip 8 1 1
Tile:1 3 8 0
Drop 4 0 1
Drop 3 0 0
Tile:6 3 6 1
Map 12 7 0
Tile:8 1 4 1
Map 12 7 0
Malus 0 0 1
Bonus 0 0 0
Tile:10 1 3 1
Drop 0 0 0
Tile:7 4 8 1
GAMEOVER DRAW
# Game ended: Wed Apr 15 01:02:34 EDT 2020
