# Server version 0.08 running on 192.168.2.29:8123
# Game ID: 111
# Board class: Saboteur.SaboteurBoard
# Timeout: 20000
# First Move Timeout: 30000
# Date: Tue Apr 14 22:23:00 EDT 2020
# Player 1: Player-0, 'RandomPlayer', running on localhost
# Player 2: Player-1, 'RandomPlayer', running on localhost
START Player-0 RandomPlayer
START Player-1 RandomPlayer
BoardInit:Bonus,Tile:9,Malus,Map,Tile:10,Destroy,Tile:8,Tile:7,Map,Tile:4,Tile:0,Map,Tile:12,Tile:0,Tile:10,Tile:5,Tile:13,Tile:10,Tile:0,Tile:6,Tile:7,Bonus,Tile:15,Map,Tile:7,Tile:2,Tile:9,Tile:1,Tile:9,Tile:6,Tile:7,Map,Malus,Tile:7,Tile:3,Tile:14,Tile:9,Tile:5,Tile:6,Tile:5,Tile:5-Bonus,Tile:6,Tile:11,Tile:8,Destroy,Tile:9,Destroy-Bonus,Map,Tile:8,Tile:8,Tile:6,Tile:0,Tile:8-Tile:nugget,Tile:hidden2,Tile:hidden1
Tile:6 6 5 1
Tile:8 5 4 0
Tile:9 5 3 1
Tile:8 7 5 0
Drop 2 0 1
Tile:9 7 4 0
Drop 4 0 1
Drop 6 0 0
Destroy 5 3 1
Tile:7 6 4 0
Tile:8 5 6 1
Tile:0 8 5 0
Drop 0 0 1
Tile:8 4 5 0
Tile:0 9 5 1
Map 12 7 0
Tile:11 7 6 1
Drop 5 0 0
Drop 5 0 1
Tile:10 5 3 0
Map 12 7 1
Tile:6 5 7 0
Destroy 5 6 1
Tile:6_flip 6 7 0
Tile:7 8 6 1
Map 12 7 0
Tile:13 5 2 1
Tile:2_flip 8 7 0
Tile:9 4 2 1
Tile:4_flip 6 8 0
Tile:15 4 3 1
Map 12 3 0
Tile:0 3 5 1
Tile:6 7 7 0
Tile:9_flip 5 1 1
Tile:1 6 2 0
Tile:10 7 3 1
Tile:5_flip 10 5 0
Tile:9 2 5 1
Tile:5_flip 8 4 0
Drop 4 0 1
Drop 2 0 0
Tile:7_flip 4 7 1
Tile:5_flip 9 7 0
Tile:5 4 1 1
Drop 0 0 0
Drop 3 0 1
Tile:14_flip 9 6 0
Tile:6_flip 5 0 1
Map 12 3 0
Tile:7 6 0 1
Drop 0 0 0
Drop 1 0 1
Tile:7 10 6 0
Malus 0 0 1
GAMEOVER DRAW
# Game ended: Tue Apr 14 22:23:00 EDT 2020
