# Server version 0.08 running on 192.168.2.29:8123
# Game ID: 49
# Board class: Saboteur.SaboteurBoard
# Timeout: 20000
# First Move Timeout: 30000
# Date: Tue Apr 14 19:30:42 EDT 2020
# Player 1: Player-0, 'RandomPlayer', running on localhost
# Player 2: Player-1, 'RandomPlayer', running on localhost
START Player-0 RandomPlayer
START Player-1 RandomPlayer
BoardInit:Tile:4,Tile:8,Tile:5,Malus,Destroy,Tile:9,Tile:10,Map,Tile:14,Tile:8,Bonus,Tile:6,Tile:6,Bonus,Malus,Map,Tile:0,Tile:10,Tile:0,Tile:7,Bonus,Tile:2,Bonus,Tile:8,Tile:5,Tile:0,Tile:7,Tile:11,Tile:7,Destroy,Map,Tile:9,Map,Tile:6,Tile:9,Tile:0,Tile:9,Tile:12,Tile:7,Tile:8,Tile:7-Tile:1,Tile:5,Tile:5,Map,Tile:8,Tile:6,Tile:3-Tile:9,Tile:15,Tile:6,Destroy,Tile:10,Map,Tile:13-Tile:nugget,Tile:hidden1,Tile:hidden2
Tile:6_flip 4 5 1
Tile:15 5 4 0
Tile:8 4 6 1
Tile:6_flip 6 5 0
Tile:5_flip 5 6 1
Map 12 7 0
Tile:5_flip 7 5 1
Tile:9 6 6 0
Tile:5 3 5 1
Tile:10 7 4 0
Drop 0 0 1
Tile:9 3 6 0
Drop 0 0 1
Tile:8 6 7 0
Tile:3 7 7 1
Tile:6 7 8 0
Tile:6_flip 5 7 1
Tile:8 8 8 0
Destroy 4 6 1
Tile:10 7 3 0
Tile:14 8 9 1
Tile:13 6 8 0
Tile:10 8 7 1
Destroy 7 3 0
Tile:0 9 8 1
Tile:7_flip 6 9 0
Tile:0 7 6 1
Tile:2_flip 3 7 0
Drop 6 0 1
Drop 6 0 0
Drop 3 0 1
Destroy 7 5 0
Map 12 7 1
Tile:9_flip 10 8 0
Tile:5 5 3 1
Tile:6 10 9 0
Map 12 7 1
Tile:0 7 9 0
Tile:9 2 7 1
Tile:8 4 7 0
Tile:7_flip 2 8 1
Drop 2 0 0
Tile:9_flip 2 6 1
Tile:12_flip 9 9 0
Tile:7_flip 5 8 1
Drop 3 0 0
Drop 1 0 1
Tile:8 8 6 0
Tile:7 7 3 1
Drop 1 0 0
Tile:4 8 5 1
Malus 0 0 0
Drop 0 0 1
Map 12 7 0
Bonus 0 0 1
GAMEOVER DRAW
# Game ended: Tue Apr 14 19:30:43 EDT 2020
