# Server version 0.08 running on 192.168.2.29:8123
# Game ID: 59
# Board class: Saboteur.SaboteurBoard
# Timeout: 20000
# First Move Timeout: 30000
# Date: Tue Apr 14 19:30:59 EDT 2020
# Player 1: Player-0, 'RandomPlayer', running on localhost
# Player 2: Player-1, 'RandomPlayer', running on localhost
START Player-0 RandomPlayer
START Player-1 RandomPlayer
BoardInit:Tile:6,Tile:6,Tile:7,Tile:8,Malus,Bonus,Tile:9,Tile:7,Bonus,Tile:4,Tile:12,Tile:5,Tile:8,Tile:0,Tile:6,Tile:6,Map,Destroy,Tile:0,Bonus,Tile:10,Tile:2,Bonus,Tile:9,Tile:10,Tile:13,Map,Tile:10,Tile:5,Tile:5,Tile:5,Destroy,Tile:9,Tile:14,Tile:15,Tile:7,Tile:8,Tile:9,Tile:8,Tile:1,Destroy-Map,Tile:9,Tile:6,Malus,Map,Tile:3,Map-Tile:11,Tile:8,Tile:0,Map,Tile:7,Tile:7,Tile:0-Tile:nugget,Tile:hidden1,Tile:hidden2
Tile:3 5 4 1
Tile:7 6 5 0
Malus 0 0 1
Map 12 3 0
Map 12 3 1
Drop 4 0 0
Tile:7_flip 5 6 1
Drop 3 0 0
Map 12 5 1
Drop 5 0 0
Drop 2 0 1
Drop 4 0 0
Tile:9 4 4 1
Drop 0 0 0
Tile:9 4 5 1
Drop 0 0 0
Tile:6_flip 4 3 1
Drop 5 0 0
Tile:6 5 3 1
Drop 3 0 0
Drop 4 0 1
Drop 4 0 0
Tile:0 3 3 1
Bonus 0 0 0
Tile:12_flip 2 3 1
Tile:2 5 2 0
Tile:10 4 6 1
Destroy 5 6 0
Drop 6 0 1
Drop 6 0 0
Map 12 7 1
Tile:7_flip 4 2 0
Tile:5_flip 6 6 1
Destroy 4 3 0
Tile:9 5 6 1
Tile:9_flip 6 3 0
Tile:8 6 2 1
Tile:7 4 1 0
Tile:10 6 1 1
Tile:5_flip 7 2 0
Tile:8 6 0 1
Tile:6 3 1 0
Destroy 4 4 1
Tile:13 4 4 0
Drop 4 0 1
Tile:14_flip 3 0 0
Tile:8 5 7 1
Tile:1 4 0 0
Drop 0 0 1
Tile:5_flip 7 0 0
Tile:5 3 4 1
Drop 0 0 0
Drop 1 0 1
Tile:9_flip 3 5 0
Drop 0 0 1
GAMEOVER DRAW
# Game ended: Tue Apr 14 19:30:59 EDT 2020
