# Server version 0.08 running on 192.168.2.29:8123
# Game ID: 131
# Board class: Saboteur.SaboteurBoard
# Timeout: 20000
# First Move Timeout: 30000
# Date: Tue Apr 14 22:23:26 EDT 2020
# Player 1: Player-0, 'RandomPlayer', running on localhost
# Player 2: Player-1, 'RandomPlayer', running on localhost
START Player-0 RandomPlayer
START Player-1 RandomPlayer
BoardInit:Tile:12,Tile:0,Tile:6,Destroy,Bonus,Tile:5,Tile:10,Tile:8,Bonus,Tile:9,Tile:8,Tile:1,Tile:7,Tile:3,Tile:2,Bonus,Tile:5,Tile:6,Map,Tile:6,Destroy,Tile:0,Tile:15,Tile:5,Tile:11,Tile:0,Tile:9,Tile:14,Tile:9,Tile:9,Tile:6,Tile:7,Map,Tile:8,Map,Tile:6,Tile:10,Destroy,Tile:13,Tile:10,Tile:7-Bonus,Tile:7,Map,Malus,Tile:5,Map,Tile:4-Tile:9,Tile:0,Map,Tile:7,Tile:8,Tile:8,Malus-Tile:hidden1,Tile:hidden2,Tile:nugget
Map 12 3 1
Tile:8 5 6 0
Tile:7 6 5 1
Tile:0 4 6 0
Map 12 7 1
Tile:8 6 6 0
Tile:6 5 7 1
Destroy 4 6 0
Tile:4 5 4 1
Drop 2 0 0
Tile:5_flip 7 6 1
Tile:8 4 7 0
Drop 4 0 1
Tile:5 7 5 0
Drop 5 0 1
Drop 2 0 0
Tile:7_flip 3 7 1
Drop 1 0 0
Tile:2_flip 6 7 1
Tile:6_flip 4 6 0
Tile:12 8 5 1
Tile:9 4 8 0
Destroy 3 7 1
Tile:1 4 5 0
Drop 3 0 1
Drop 2 0 0
Map 12 7 1
Tile:6_flip 3 5 0
Tile:11 3 6 1
Tile:5 2 5 0
Tile:5_flip 2 6 1
Tile:9 3 7 0
Tile:6_flip 7 7 1
Tile:0 5 8 0
Drop 2 0 1
Drop 4 0 0
Tile:9_flip 4 9 1
Tile:6 3 9 0
Tile:9 7 8 1
Drop 6 0 0
Map 12 3 1
Tile:0 2 9 0
Tile:15 3 8 1
Tile:10 4 10 0
Tile:10 4 11 1
Drop 3 0 0
Drop 3 0 1
Tile:0 8 7 0
Tile:7 8 8 1
Tile:8 4 12 0
Drop 1 0 1
Tile:14 7 9 0
Map 12 3 1
Drop 0 0 0
Drop 0 0 1
GAMEOVER DRAW
# Game ended: Tue Apr 14 22:23:26 EDT 2020
