# Server version 0.08 running on 192.168.0.168:8123
# Game ID: 1
# Board class: Saboteur.SaboteurBoard
# Timeout: 20000
# First Move Timeout: 30000
# Date: Mon Apr 06 00:43:18 EDT 2020
# Player 1: Player-0, 'RandomPlayer', running on 192.168.0.168
# Player 2: Player-1, 'Human', running on 192.168.0.168
START Player-0 RandomPlayer
START Player-1 Human
BoardInit:Bonus,Tile:8,Tile:1,Bonus,Tile:8,Destroy,Bonus,Map,Tile:13,Tile:6,Tile:0,Tile:8,Tile:6,Tile:7,Tile:7,Tile:5,Tile:6,Tile:0,Tile:9,Tile:6,Map,Tile:15,Tile:7,Malus,Tile:3,Malus,Tile:14,Tile:12,Tile:7,Tile:4,Tile:11,Tile:5,Tile:2,Map,Tile:8,Tile:9,Tile:9,Tile:7,Destroy,Map,Map-Destroy,Bonus,Tile:6,Tile:5,Tile:5,Map,Tile:9-Tile:0,Tile:10,Tile:10,Tile:10,Tile:8,Tile:0,Tile:9-Tile:hidden1,Tile:hidden2,Tile:nugget
Tile:5 4 5 1
Tile:10 4 6 0
Tile:9 4 7 1
Tile:0 6 5 0
Tile:5_flip 7 5 1
Tile:8 5 7 0
Map 12 5 1
Tile:9 4 8 0
Tile:8 7 4 1
Destroy 6 5 0
Tile:6 6 5 1
Tile:8 5 4 0
Tile:0 8 4 1
Tile:6_flip 6 4 0
Drop 4 0 1
Tile:7_flip 4 4 0
Tile:6 9 4 1
Tile:5_flip 4 9 0
Tile:6 10 4 1
Tile:10 5 3 0
Tile:7 11 4 1
Tile:0 6 7 0
Tile:9 11 5 1
Tile:6 5 8 0
Map 12 7 1
Tile:15 11 6 0
Drop 6 0 1
Tile:0 3 9 0
Destroy 11 6 1
Tile:8 12 6 0
GAMEOVER WINNER 0
# Game ended: Mon Apr 06 00:45:35 EDT 2020
