# Server version 0.08 running on 192.168.0.168:8123
# Game ID: 28
# Board class: Saboteur.SaboteurBoard
# Timeout: 20000
# First Move Timeout: 30000
# Date: Tue Apr 14 00:54:08 EDT 2020
# Player 1: Player-0, 'RandomPlayer', running on 192.168.0.168
# Player 2: Player-1, 'Human', running on 192.168.0.168
START Player-0 RandomPlayer
START Player-1 Human
BoardInit:Tile:10,Tile:6,Tile:6,Destroy,Tile:8,Tile:8,Map,Tile:11,Map,Malus,Tile:14,Tile:8,Tile:6,Tile:7,Tile:7,Tile:7,Tile:5,Tile:5,Tile:4,Tile:5,Tile:10,Tile:5,Tile:10,Bonus,Tile:6,Tile:1,Tile:0,Tile:7,Tile:9,Map,Tile:9,Tile:13,Tile:9,Bonus,Tile:0,Bonus,Malus,Map,Tile:9,Tile:12,Tile:0-Tile:0,Tile:6,Tile:3,Tile:2,Destroy,Tile:7,Map-Map,Destroy,Bonus,Tile:8,Tile:8,Tile:9,Tile:15-Tile:nugget,Tile:hidden1,Tile:hidden2
Tile:6 6 5 1
Tile:9_flip 5 6 0
Tile:10 5 4 1
Tile:8 7 5 0
Map 12 5 1
Drop 1 0 0
Destroy 5 6 1
Tile:8 7 6 0
Tile:8 5 3 1
Tile:15 7 7 0
Tile:0 8 5 1
Tile:8 7 8 0
Map 12 7 1
Tile:11 7 4 0
Tile:7 5 2 1
Tile:8 9 5 0
Tile:6 4 2 1
Tile:6_flip 8 6 0
Tile:6 3 2 1
Tile:5 4 3 0
Tile:5 4 1 1
Tile:7_flip 2 2 0
Tile:10 3 1 1
Tile:7 6 3 0
Tile:4 3 0 1
Tile:5_flip 9 6 0
