# Server version 0.08 running on 192.168.2.29:8123
# Game ID: 198
# Board class: Saboteur.SaboteurBoard
# Timeout: 20000
# First Move Timeout: 30000
# Date: Wed Apr 15 01:01:54 EDT 2020
# Player 1: Player-0, 'RandomPlayer', running on localhost
# Player 2: Player-1, 'RandomPlayer', running on localhost
START Player-0 RandomPlayer
START Player-1 RandomPlayer
BoardInit:Tile:6,Map,Bonus,Tile:2,Tile:8,Tile:7,Tile:12,Tile:10,Tile:9,Tile:8,Destroy,Tile:11,Tile:7,Bonus,Tile:3,Tile:6,Tile:7,Tile:5,Tile:9,Map,Tile:8,Tile:5,Tile:15,Bonus,Map,Tile:10,Tile:9,Tile:7,Map,Destroy,Bonus,Tile:10,Tile:5,Tile:6,Tile:1,Tile:0,Tile:8,Tile:0,Tile:9,Tile:0,Map-Tile:6,Malus,Tile:8,Tile:0,Tile:9,Tile:13,Tile:5-Tile:7,Malus,Tile:4,Map,Tile:14,Tile:6,Destroy-Tile:nugget,Tile:hidden2,Tile:hidden1
Tile:13 4 5 1
Tile:14 6 5 0
Tile:6_flip 3 5 1
Tile:6 2 5 0
Tile:5 2 4 1
Tile:4_flip 3 6 0
Tile:6 1 5 1
Tile:7 4 4 0
Tile:9 4 6 1
Tile:2_flip 3 4 0
Tile:8 5 6 1
Tile:10 3 3 0
Tile:9_flip 3 2 1
Tile:8 2 2 0
Destroy 1 5 1
Destroy 4 4 0
Tile:8 5 4 1
Tile:6_flip 1 2 0
Drop 1 0 1
Map 12 5 0
Tile:3_flip 5 7 1
Map 12 3 0
Drop 5 0 1
Tile:5_flip 4 7 0
Tile:15 3 1 1
Tile:11 1 5 0
Malus 0 0 1
Drop 0 0 0
Tile:7 6 7 1
Drop 2 0 0
Tile:7_flip 1 6 1
Drop 0 0 0
Tile:8 6 8 1
Destroy 6 5 0
Tile:5 5 8 1
Drop 4 0 0
Tile:9 0 2 1
Drop 3 0 0
Map 12 3 1
Bonus 0 0 0
Tile:9_flip 0 3 1
Drop 1 0 0
Tile:12 7 8 1
Tile:0 6 6 0
Tile:8 6 4 1
Drop 1 0 0
Map 12 3 1
Drop 2 0 0
Tile:1 3 7 1
Tile:6_flip 0 1 0
Map 12 3 1
Tile:5_flip 1 1 0
Drop 1 0 1
Tile:0 7 6 0
Drop 0 0 1
GAMEOVER DRAW
# Game ended: Wed Apr 15 01:01:54 EDT 2020
