# Server version 0.08 running on 192.168.2.29:8123
# Game ID: 91
# Board class: Saboteur.SaboteurBoard
# Timeout: 20000
# First Move Timeout: 30000
# Date: Tue Apr 14 22:22:34 EDT 2020
# Player 1: Player-0, 'RandomPlayer', running on localhost
# Player 2: Player-1, 'RandomPlayer', running on localhost
START Player-0 RandomPlayer
START Player-1 RandomPlayer
BoardInit:Bonus,Tile:5,Tile:7,Tile:5,Tile:8,Tile:0,Destroy,Tile:10,Tile:11,Map,Tile:7,Tile:6,Tile:7,Tile:12,Tile:6,Map,Tile:15,Tile:1,Tile:10,Bonus,Tile:8,Map,Tile:5,Tile:6,Tile:0,Tile:8,Bonus,Tile:4,Tile:9,Bonus,Map,Tile:9,Tile:6,Tile:10,Tile:9,Tile:0,Malus,Tile:9,Tile:7,Map,Tile:14-Tile:5,Destroy,Malus,Tile:6,Destroy,Tile:7,Map-Tile:2,Tile:13,Tile:8,Tile:8,Tile:9,Tile:0,Tile:3-Tile:hidden2,Tile:hidden1,Tile:nugget
Drop 2 0 1
Tile:13 4 5 0
Tile:6 6 5 1
Tile:9_flip 4 6 0
Drop 1 0 1
Drop 3 0 0
Tile:7_flip 5 6 1
Tile:2 6 6 0
Tile:7 7 6 1
Tile:8 4 4 0
Tile:5_flip 7 7 1
Tile:5 6 4 0
Tile:8 7 4 1
Tile:8 4 7 0
Tile:11_flip 4 3 1
Tile:12_flip 3 6 0
Destroy 3 6 1
Tile:6_flip 3 7 0
Tile:7 5 7 1
Tile:0 3 6 0
Tile:7 5 4 1
Tile:5 3 4 0
Tile:6 8 4 1
Map 12 3 0
Drop 5 0 1
Drop 5 0 0
Destroy 4 7 1
Tile:6_flip 2 7 0
Drop 5 0 1
Tile:3 7 3 0
Map 12 3 1
Tile:1 6 3 0
Tile:9 8 3 1
Tile:8 9 4 0
Tile:6 3 5 1
Tile:9 8 2 0
Tile:9_flip 9 3 1
Tile:4 8 1 0
Tile:15 9 5 1
Tile:9_flip 10 4 0
Tile:10 5 8 1
Map 12 7 0
Drop 0 0 1
Map 12 5 0
Drop 4 0 1
Tile:10 10 5 0
Tile:14_flip 4 2 1
Tile:10 9 6 0
Tile:5_flip 7 5 1
Drop 1 0 0
Drop 1 0 1
Tile:0 2 6 0
Malus 0 0 1
Drop 0 0 0
Drop 0 0 1
GAMEOVER DRAW
# Game ended: Tue Apr 14 22:22:34 EDT 2020
