# Server version 0.08 running on 192.168.2.29:8123
# Game ID: 222
# Board class: Saboteur.SaboteurBoard
# Timeout: 20000
# First Move Timeout: 30000
# Date: Wed Apr 15 01:02:29 EDT 2020
# Player 1: Player-0, 'RandomPlayer', running on localhost
# Player 2: Player-1, 'RandomPlayer', running on localhost
START Player-0 RandomPlayer
START Player-1 RandomPlayer
BoardInit:Tile:8,Tile:9,Tile:14,Tile:15,Tile:0,Map,Map,Tile:6,Tile:9,Map,Tile:8,Tile:5,Tile:2,Tile:3,Bonus,Tile:12,Destroy,Tile:5,Destroy,Tile:0,Tile:6,Tile:0,Tile:5,Tile:8,Tile:13,Tile:9,Tile:7,Tile:0,Tile:7,Tile:7,Tile:8,Tile:8,Map,Bonus,Tile:9,Malus,Map,Map,Tile:11,Tile:6,Tile:4-Tile:1,Tile:7,Bonus,Tile:10,Tile:10,Malus,Bonus-Tile:10,Tile:7,Tile:9,Tile:6,Destroy,Tile:6,Tile:5-Tile:nugget,Tile:hidden1,Tile:hidden2
Drop 5 0 1
Tile:9_flip 5 6 0
Drop 1 0 1
Tile:10 5 7 0
Tile:8 5 8 1
Drop 4 0 0
Tile:10 5 4 1
Tile:7_flip 5 9 0
Tile:14_flip 4 5 1
Tile:6 4 8 0
Drop 2 0 1
Drop 1 0 0
Tile:0 6 9 1
Tile:6 6 8 0
Tile:8 7 8 1
Map 12 7 0
Tile:2_flip 8 8 1
Tile:12_flip 3 8 0
Tile:9 5 3 1
Destroy 5 3 0
Destroy 4 5 1
Tile:15 6 7 0
Destroy 5 6 1
Tile:9 8 7 0
Drop 0 0 1
Tile:0 9 8 0
Tile:6_flip 4 5 1
Tile:8 8 6 0
Drop 6 0 1
Tile:9_flip 10 8 0
Map 12 3 1
Tile:5_flip 9 7 0
Tile:5_flip 4 6 1
Tile:8 10 9 0
Tile:7 6 5 1
Tile:7 4 7 0
Tile:13 7 9 1
Drop 6 0 0
Tile:9 10 7 1
Tile:0 3 7 0
Tile:8 6 6 1
Tile:0 9 9 0
Tile:11 3 5 1
Map 12 3 0
Drop 4 0 1
Tile:6_flip 11 9 0
Tile:4 5 3 1
Tile:3 12 9 0
Map 12 7 1
Tile:5 3 4 0
Drop 0 0 1
Map 12 7 0
Drop 1 0 1
Drop 0 0 0
Drop 0 0 1
GAMEOVER DRAW
# Game ended: Wed Apr 15 01:02:29 EDT 2020
