# Server version 0.08 running on 192.168.0.168:8123
# Game ID: 20
# Board class: Saboteur.SaboteurBoard
# Timeout: 20000
# First Move Timeout: 30000
# Date: Sun Apr 12 09:04:06 EDT 2020
# Player 1: Player-0, 'RandomPlayer', running on 192.168.0.168
# Player 2: Player-1, 'Human', running on 192.168.0.168
START Player-0 RandomPlayer
START Player-1 Human
BoardInit:Tile:9,Destroy,Tile:8,Bonus,Tile:0,Tile:10,Tile:6,Tile:9,Tile:5,Tile:5,Tile:6,Tile:11,Destroy,Tile:13,Tile:7,Tile:12,Destroy,Bonus,Tile:0,Tile:8,Map,Tile:10,Tile:9,Tile:6,Map,Tile:0,Tile:15,Tile:6,Tile:8,Malus,Tile:3,Map,Map,Tile:9,Tile:7,Tile:10,Map,Bonus,Tile:5,Tile:0,Map-Tile:5,Malus,Bonus,Tile:1,Tile:4,Tile:9,Tile:7-Tile:6,Tile:8,Tile:8,Tile:2,Tile:7,Tile:7,Tile:14-Tile:hidden1,Tile:hidden2,Tile:nugget
Tile:9 5 6 1
Tile:6_flip 5 4 0
Tile:9 5 7 1
Tile:7 6 7 0
Tile:7_flip 6 8 1
Tile:14_flip 4 5 0
Tile:0 7 8 1
Tile:2 6 5 0
Tile:6 8 8 1
Destroy 4 5 0
Tile:5 8 7 1
Tile:7_flip 4 5 0
Tile:6 9 7 1
Tile:8 4 4 0
Drop 1 0 1
Tile:9_flip 5 8 0
Malus 0 0 1
Drop 1 0 0
Tile:5 9 6 1
Drop 3 0 0
Tile:0 10 7 1
Drop 2 0 0
Map 12 7 1
Drop 3 0 0
Tile:7 7 5 1
Drop 5 0 0
Map 12 5 1
Drop 0 0 0
Tile:9 4 3 1
Drop 6 0 0
Drop 6 0 1
Drop 4 0 0
Drop 6 0 1
Drop 3 0 0
Map 12 3 1
Bonus 0 0 0
Drop 2 0 1
Tile:9_flip 4 2 0
Tile:7 9 8 1
Tile:0 4 8 0
Drop 5 0 1
Tile:13 3 4 0
Drop 6 0 1
Tile:10 7 6 0
Tile:5_flip 9 9 1
Drop 3 0 0
Destroy 4 4 1
Tile:0 3 8 0
Tile:1 10 6 1
Map 12 3 0
Destroy 3 4 1
Tile:10 5 9 0
Tile:4 4 1 1
Drop 0 0 0
