# Server version 0.08 running on 192.168.2.29:8123
# Game ID: 180
# Board class: Saboteur.SaboteurBoard
# Timeout: 20000
# First Move Timeout: 30000
# Date: Wed Apr 15 00:59:07 EDT 2020
# Player 1: Player-0, 'RandomPlayer', running on localhost
# Player 2: Player-1, 'RandomPlayer', running on localhost
START Player-0 RandomPlayer
START Player-1 RandomPlayer
BoardInit:Tile:10,Destroy,Map,Tile:0,Tile:6,Bonus,Bonus,Map,Destroy,Tile:8,Tile:7,Tile:6,Tile:2,Tile:7,Tile:7,Tile:7,Tile:7,Tile:8,Map,Tile:5,Tile:10,Tile:9,Tile:9,Tile:0,Tile:6,Tile:5,Tile:4,Tile:8,Malus,Tile:9,Tile:8,Map,Tile:15,Tile:9,Map,Bonus,Bonus,Tile:3,Tile:0,Tile:5,Tile:12-Malus,Tile:0,Destroy,Tile:13,Tile:14,Tile:10,Tile:1-Tile:6,Tile:8,Tile:11,Map,Tile:5,Tile:9,Tile:6-Tile:hidden2,Tile:nugget,Tile:hidden1
Tile:14 6 5 1
Tile:11 5 6 0
Tile:13 5 7 1
Drop 1 0 0
Tile:0 6 6 1
Map 12 3 0
Tile:6_flip 7 6 1
Tile:6_flip 6 7 0
Tile:10 5 8 1
Tile:5_flip 8 6 0
Destroy 6 5 1
Drop 1 0 0
Destroy 6 7 1
Tile:8 4 7 0
Tile:10 4 8 1
Tile:6 6 5 0
Tile:7 5 4 1
Destroy 4 8 0
Tile:2_flip 4 5 1
Tile:9 3 5 0
Tile:7_flip 3 6 1
Tile:8 4 4 0
Tile:7 4 6 1
Tile:7_flip 7 7 0
Tile:1 3 7 1
Tile:7 8 7 0
Map 12 7 1
Tile:5 6 4 0
Tile:10 4 8 1
Tile:9 4 9 0
Drop 3 0 1
Tile:9_flip 5 9 0
Map 12 5 1
Tile:0 7 4 0
Drop 4 0 1
Tile:5_flip 8 8 0
Tile:6_flip 8 5 1
Tile:0 7 5 0
Tile:4_flip 5 10 1
Tile:8 2 7 0
Malus 0 0 1
Drop 1 0 0
Tile:15 2 6 1
Map 12 7 0
Drop 4 0 1
Drop 3 0 0
Drop 1 0 1
Drop 2 0 0
Map 12 3 1
Bonus 0 0 0
Tile:12_flip 1 7 1
Tile:9_flip 2 5 0
Drop 1 0 1
Drop 0 0 0
Drop 0 0 1
GAMEOVER DRAW
# Game ended: Wed Apr 15 00:59:07 EDT 2020
