# Server version 0.08 running on 192.168.2.29:8123
# Game ID: 188
# Board class: Saboteur.SaboteurBoard
# Timeout: 20000
# First Move Timeout: 30000
# Date: Wed Apr 15 01:01:39 EDT 2020
# Player 1: Player-0, 'RandomPlayer', running on localhost
# Player 2: Player-1, 'RandomPlayer', running on localhost
START Player-0 RandomPlayer
START Player-1 RandomPlayer
BoardInit:Tile:10,Tile:7,Tile:10,Tile:0,Tile:9,Tile:0,Tile:5,Tile:8,Malus,Map,Tile:0,Tile:0,Tile:14,Tile:9,Tile:7,Tile:7,Tile:8,Tile:5,Tile:1,Tile:4,Tile:15,Map,Tile:2,Map,Tile:7,Tile:8,Destroy,Tile:3,Map,Destroy,Bonus,Tile:9,Map,Tile:13,Tile:6,Destroy,Tile:6,Tile:6,Tile:11,Tile:5,Malus-Tile:6,Tile:8,Tile:10,Tile:7,Tile:9,Tile:5,Tile:6-Tile:12,Tile:8,Tile:9,Bonus,Map,Bonus,Bonus-Tile:nugget,Tile:hidden2,Tile:hidden1
Tile:6 4 5 1
Drop 2 0 0
Tile:8 3 5 1
Tile:8 6 5 0
Drop 4 0 1
Tile:7 5 4 0
Tile:9_flip 3 6 1
Drop 4 0 0
Drop 3 0 1
Tile:8 2 6 0
Tile:9 6 6 1
Drop 1 0 0
Tile:10 6 4 1
Tile:12_flip 1 6 0
Tile:14 5 6 1
Map 12 3 0
Tile:5 4 4 1
Drop 1 0 0
Tile:5 6 3 1
Drop 5 0 0
Tile:7 7 5 1
Tile:9_flip 7 6 0
Drop 5 0 1
Drop 5 0 0
Tile:0 7 3 1
Tile:5 4 6 0
Tile:7_flip 6 7 1
Map 12 5 0
Destroy 6 5 1
Tile:8 2 5 0
Drop 2 0 1
Tile:3 8 3 0
Drop 1 0 1
Destroy 6 3 0
Tile:7 3 4 1
Map 12 7 0
Tile:15 3 7 1
Map 12 5 0
Tile:6_flip 6 3 1
Destroy 6 7 0
Tile:11 6 7 1
Tile:6 7 7 0
Tile:2_flip 5 3 1
Tile:9 2 4 0
Drop 4 0 1
Drop 3 0 0
Map 12 5 1
Tile:5_flip 2 7 0
Map 12 5 1
Drop 0 0 0
Tile:10 3 8 1
Tile:0 1 5 0
Malus 0 0 1
Drop 0 0 0
Drop 0 0 1
GAMEOVER DRAW
# Game ended: Wed Apr 15 01:01:39 EDT 2020
