# Server version 0.08 running on 192.168.2.29:8123
# Game ID: 117
# Board class: Saboteur.SaboteurBoard
# Timeout: 20000
# First Move Timeout: 30000
# Date: Tue Apr 14 22:23:08 EDT 2020
# Player 1: Player-0, 'RandomPlayer', running on localhost
# Player 2: Player-1, 'RandomPlayer', running on localhost
START Player-0 RandomPlayer
START Player-1 RandomPlayer
BoardInit:Tile:7,Tile:5,Tile:9,Tile:6,Tile:7,Tile:7,Tile:7,Tile:10,Destroy,Destroy,Tile:0,Tile:0,Map,Tile:6,Tile:5,Bonus,Destroy,Map,Tile:9,Bonus,Map,Tile:6,Tile:0,Tile:8,Tile:5,Tile:8,Tile:15,Tile:12,Tile:9,Tile:2,Tile:8,Bonus,Tile:0,Tile:1,Map,Tile:5,Tile:14,Map,Malus,Map,Malus-Tile:8,Tile:9,Tile:11,Tile:8,Tile:6,Tile:7,Tile:9-Tile:3,Tile:13,Tile:4,Bonus,Tile:6,Tile:10,Tile:10-Tile:nugget,Tile:hidden2,Tile:hidden1
Drop 5 0 1
Tile:13 4 5 0
Tile:6_flip 4 4 1
Tile:6_flip 3 4 0
Tile:8 4 6 1
Tile:6_flip 6 5 0
Tile:9 3 5 1
Tile:7_flip 3 6 0
Tile:7 5 4 1
Tile:10 4 7 0
Tile:9 6 6 1
Destroy 4 6 0
Tile:9 6 7 1
Tile:4_flip 6 8 0
Tile:7_flip 2 4 1
Drop 3 0 0
Destroy 5 4 1
Tile:10 4 8 0
Tile:0 7 5 1
Tile:6_flip 7 6 0
Tile:11_flip 4 6 1
Tile:10 4 9 0
Tile:7_flip 4 10 1
Tile:6_flip 8 6 0
Drop 5 0 1
Tile:0 9 6 0
Tile:5_flip 8 5 1
Tile:8 5 10 0
Tile:9 5 11 1
Map 12 5 0
Destroy 8 6 1
Drop 3 0 0
Tile:5_flip 7 7 1
Tile:3 2 3 0
Tile:8 6 10 1
Tile:2_flip 5 12 0
Tile:9 5 9 1
Drop 6 0 0
Tile:8 10 6 1
Tile:8 6 11 0
Map 12 7 1
Drop 0 0 0
Tile:0 4 12 1
Tile:1 7 10 0
Tile:14 6 12 1
Map 12 3 0
Tile:15 8 4 1
Tile:12_flip 1 3 0
Drop 1 0 1
Map 12 7 0
Tile:0 3 12 1
Drop 0 0 0
Drop 0 0 1
Drop 0 0 0
Malus 0 0 1
GAMEOVER DRAW
# Game ended: Tue Apr 14 22:23:08 EDT 2020
