# Server version 0.08 running on 192.168.2.29:8123
# Game ID: 174
# Board class: Saboteur.SaboteurBoard
# Timeout: 20000
# First Move Timeout: 30000
# Date: Wed Apr 15 00:58:55 EDT 2020
# Player 1: Player-0, 'RandomPlayer', running on localhost
# Player 2: Player-1, 'RandomPlayer', running on localhost
START Player-0 RandomPlayer
START Player-1 RandomPlayer
BoardInit:Tile:9,Map,Malus,Destroy,Tile:4,Tile:6,Tile:1,Tile:9,Bonus,Tile:5,Tile:2,Map,Tile:7,Tile:10,Destroy,Destroy,Tile:6,Tile:15,Tile:3,Tile:5,Tile:6,Tile:5,Tile:10,Tile:10,Bonus,Bonus,Map,Tile:7,Tile:5,Map,Tile:7,Tile:0,Tile:6,Map,Map,Tile:12,Tile:9,Malus,Tile:8,Tile:13,Tile:7-Tile:14,Tile:8,Tile:0,Tile:9,Tile:8,Tile:9,Tile:7-Tile:6,Tile:0,Tile:11,Tile:0,Tile:8,Bonus,Tile:8-Tile:hidden1,Tile:hidden2,Tile:nugget
Tile:0 4 5 1
Tile:8 3 5 0
Tile:9 2 5 1
Tile:11 2 6 0
Tile:7_flip 5 6 1
Destroy 5 6 0
Drop 5 0 1
Drop 4 0 0
Tile:9_flip 2 4 1
Tile:9_flip 2 7 0
Tile:8 1 7 1
Tile:6 1 4 0
Tile:4 3 4 1
Tile:6_flip 5 4 0
Tile:9_flip 2 3 1
Drop 2 0 0
Destroy 2 6 1
Tile:10 1 6 0
Tile:7 6 5 1
Tile:15 2 2 0
Tile:2 0 4 1
Tile:0 0 7 0
Tile:6_flip 1 3 1
Destroy 1 4 0
Tile:6 0 3 1
Tile:5_flip 1 8 0
Tile:14 0 5 1
Tile:5_flip 5 6 0
Tile:10 0 2 1
Tile:10 1 5 0
Tile:8 0 1 1
Drop 3 0 0
Map 12 7 1
Tile:0 0 8 0
Tile:7 0 0 1
Map 12 3 0
Tile:3 1 1 1
Tile:7_flip 6 6 0
Tile:5_flip 6 4 1
Map 12 7 0
Drop 2 0 1
Tile:12 7 6 0
Tile:9 6 3 1
Map 12 7 0
Drop 4 0 1
Map 12 3 0
Tile:6_flip 6 2 1
Tile:0 7 3 0
Tile:1 7 2 1
Tile:13 8 3 0
Map 12 3 1
Malus 0 0 0
Bonus 0 0 1
Drop 0 0 0
Tile:7 9 3 1
GAMEOVER DRAW
# Game ended: Wed Apr 15 00:58:55 EDT 2020
