# Server version 0.08 running on 192.168.2.29:8123
# Game ID: 343
# Board class: Saboteur.SaboteurBoard
# Timeout: 20000
# First Move Timeout: 30000
# Date: Wed Apr 15 23:42:19 EDT 2020
# Player 1: Player-0, 'RandomPlayer', running on localhost
# Player 2: Player-1, '260803297', running on localhost
START Player-0 RandomPlayer
START Player-1 260803297
BoardInit:Tile:9,Map,Tile:9,Tile:0,Map,Tile:8,Tile:9,Destroy,Tile:7,Tile:5,Bonus,Map,Tile:5,Map,Map,Bonus,Tile:2,Tile:6,Tile:8,Tile:6,Tile:10,Tile:4,Map,Tile:0,Tile:5,Tile:0,Tile:7,Tile:6,Tile:3,Destroy,Tile:6,Bonus,Tile:0,Tile:15,Tile:5,Tile:7,Tile:10,Bonus,Malus,Malus,Destroy-Tile:1,Tile:13,Tile:12,Tile:8,Tile:9,Tile:8,Tile:7-Tile:8,Tile:9,Tile:14,Tile:11,Tile:10,Tile:6,Tile:7-Tile:hidden2,Tile:hidden1,Tile:nugget
Tile:8 5 6 1
Tile:14_flip 4 6 0
Tile:9_flip 6 5 1
Tile:11 5 7 0
Tile:13 6 4 1
Tile:9 5 4 0
Map 12 3 1
Drop 2 0 0
Tile:9 5 3 1
Map 12 7 0
Tile:9_flip 6 6 1
Destroy 6 5 0
Drop 1 0 1
Tile:7 7 4 0
Tile:9_flip 6 7 1
Tile:8 6 5 0
Map 12 5 1
Map 12 7 0
Drop 5 0 1
Tile:0 4 5 0
Tile:7 6 3 1
Tile:10 4 7 0
Tile:8 7 5 1
Tile:4_flip 7 6 0
Map 12 5 1
Drop 4 0 0
Tile:7 8 5 1
Tile:8 3 5 0
Tile:7_flip 4 8 1
Tile:5_flip 5 8 0
Tile:2 2 5 1
Map 12 3 0
Tile:5 5 2 1
Destroy 5 4 0
Tile:8 5 4 1
Drop 0 0 0
Tile:6_flip 1 5 1
Tile:6 6 2 0
Tile:3_flip 8 6 1
Tile:15 6 8 0
Malus 0 0 1
Drop 6 0 0
Tile:10 3 6 1
Drop 4 0 0
Drop 2 0 1
Drop 3 0 0
Destroy 7 5 1
Drop 1 0 0
Tile:10 6 9 1
Bonus 0 0 0
Drop 1 0 1
Tile:6 4 4 0
Tile:5_flip 3 7 1
Tile:0 0 5 0
Tile:1 2 7 1
GAMEOVER DRAW
# Game ended: Wed Apr 15 23:42:19 EDT 2020
