# Server version 0.08 running on 192.168.2.29:8123
# Game ID: 267
# Board class: Saboteur.SaboteurBoard
# Timeout: 20000
# First Move Timeout: 30000
# Date: Wed Apr 15 23:27:26 EDT 2020
# Player 1: Player-0, '260803297', running on localhost
# Player 2: Player-1, 'RandomPlayer', running on localhost
START Player-0 260803297
START Player-1 RandomPlayer
BoardInit:Destroy,Tile:8,Malus,Tile:6,Tile:6,Tile:2,Map,Tile:8,Tile:14,Destroy,Tile:7,Tile:7,Tile:7,Bonus,Tile:15,Tile:7,Bonus,Tile:6,Tile:5,Bonus,Tile:7,Tile:0,Tile:9,Tile:4,Tile:9,Tile:10,Tile:0,Tile:6,Tile:13,Tile:5,Tile:0,Tile:9,Tile:8,Tile:10,Tile:5,Tile:0,Tile:8,Bonus,Tile:11,Tile:5,Malus-Tile:12,Map,Tile:6,Map,Tile:9,Tile:10,Map-Tile:1,Tile:8,Map,Tile:3,Map,Tile:9,Destroy-Tile:nugget,Tile:hidden1,Tile:hidden2
Tile:9_flip 6 5 1
Map 12 3 0
Drop 1 0 1
Tile:9 4 5 0
Tile:10 5 4 1
Tile:8 5 3 0
Tile:6 6 6 1
Tile:6 4 3 0
Drop 2 0 1
Map 12 7 0
Tile:6 5 6 1
Tile:8 3 3 0
Tile:7 4 4 1
Drop 5 0 0
Tile:14_flip 5 2 1
Tile:2_flip 7 6 0
Map 12 5 1
Tile:7_flip 3 4 0
Map 12 5 1
Tile:6 4 6 0
Malus 0 0 1
Drop 0 0 0
Tile:5 2 3 1
Drop 0 0 0
Destroy 4 5 1
Drop 6 0 0
Tile:9_flip 4 2 1
Destroy 6 6 0
Tile:7 6 2 1
Drop 0 0 0
Tile:9_flip 2 4 1
Drop 0 0 0
Tile:13 4 1 1
Drop 3 0 0
Drop 5 0 1
Drop 1 0 0
Drop 3 0 1
Drop 6 0 0
Tile:0 5 1 1
Drop 6 0 0
Tile:8 6 6 1
Drop 0 0 0
Tile:11 6 4 1
Drop 3 0 0
Tile:8 4 5 1
Drop 0 0 0
Tile:5 7 5 1
Drop 2 0 0
Drop 3 0 1
Drop 2 0 0
Tile:12 6 1 1
Drop 0 0 0
Tile:15 2 5 1
Drop 0 0 0
Drop 0 0 1
GAMEOVER DRAW
# Game ended: Wed Apr 15 23:27:56 EDT 2020
