# Server version 0.08 running on 192.168.0.168:8123
# Game ID: 9
# Board class: Saboteur.SaboteurBoard
# Timeout: 20000
# First Move Timeout: 30000
# Date: Thu Apr 09 12:55:00 EDT 2020
# Player 1: Player-0, 'RandomPlayer', running on 192.168.0.168
# Player 2: Player-1, 'Human', running on 192.168.0.168
START Player-0 RandomPlayer
START Player-1 Human
BoardInit:Map,Tile:9,Map,Tile:6,Map,Tile:6,Map,Malus,Malus,Tile:9,Tile:8,Tile:1,Tile:9,Tile:5,Bonus,Tile:14,Bonus,Bonus,Bonus,Tile:12,Tile:9,Tile:10,Tile:15,Tile:7,Tile:6,Map,Tile:7,Tile:6,Tile:4,Destroy,Tile:8,Tile:2,Tile:0,Tile:5,Tile:6,Map,Tile:7,Destroy,Tile:9,Tile:3,Tile:0-Tile:8,Destroy,Tile:7,Tile:5,Tile:7,Tile:5,Tile:0-Tile:13,Tile:0,Tile:10,Tile:8,Tile:8,Tile:11,Tile:10-Tile:hidden2,Tile:hidden1,Tile:nugget
Tile:0 6 5 1
Tile:11_flip 5 6 0
Tile:8 5 4 1
Tile:13 4 4 0
Tile:5 5 3 1
Tile:8 6 3 0
Tile:7 7 5 1
Tile:9 3 4 0
Map 12 7 1
Tile:10 7 6 0
Map 12 5 1
Tile:8 4 5 0
Map 12 3 1
Tile:6_flip 7 3 0
Drop 3 0 1
Tile:0 8 3 0
Malus 0 0 1
Drop 1 0 0
Tile:8 7 7 1
Drop 2 0 0
Tile:9 7 8 1
Drop 4 0 0
Tile:9_flip 8 7 1
Drop 5 0 0
