# Server version 0.08 running on 192.168.2.29:8123
# Game ID: 94
# Board class: Saboteur.SaboteurBoard
# Timeout: 20000
# First Move Timeout: 30000
# Date: Tue Apr 14 22:22:38 EDT 2020
# Player 1: Player-0, 'RandomPlayer', running on localhost
# Player 2: Player-1, 'RandomPlayer', running on localhost
START Player-0 RandomPlayer
START Player-1 RandomPlayer
BoardInit:Tile:0,Tile:1,Tile:0,Map,Tile:4,Map,Destroy,Tile:2,Tile:8,Bonus,Map,Bonus,Tile:8,Map,Tile:9,Tile:7,Tile:11,Tile:7,Tile:3,Destroy,Tile:13,Tile:10,Tile:5,Malus,Bonus,Tile:8,Tile:8,Tile:9,Tile:9,Tile:8,Tile:9,Tile:5,Tile:15,Tile:5,Tile:10,Tile:0,Tile:6,Tile:10,Tile:5,Tile:7,Tile:6-Tile:6,Tile:7,Bonus,Tile:6,Tile:7,Destroy,Map-Tile:0,Tile:14,Map,Tile:12,Malus,Tile:9,Tile:6-Tile:nugget,Tile:hidden1,Tile:hidden2
Tile:6 5 6 1
Tile:6_flip 6 5 0
Tile:6_flip 4 5 1
Tile:0 3 5 0
Destroy 4 5 1
Map 12 3 0
Tile:0 4 5 1
Map 12 5 0
Map 12 3 1
Tile:2 4 6 0
Tile:7_flip 4 7 1
Tile:1 5 7 0
Drop 6 0 1
Tile:9_flip 6 7 0
Drop 2 0 1
Map 12 7 0
Tile:4 5 4 1
Map 12 5 0
Tile:11 2 5 1
Tile:14 7 5 0
Tile:8 6 6 1
Tile:7 7 6 0
Tile:9_flip 7 4 1
Destroy 7 6 0
Tile:5 3 6 1
Malus 0 0 0
Bonus 0 0 1
Drop 0 0 0
Tile:7 7 6 1
Tile:7_flip 7 7 0
Drop 2 0 1
Tile:8 6 8 0
Destroy 2 5 1
Tile:5_flip 3 7 0
Tile:9 6 9 1
Tile:9 7 3 0
Tile:13 6 10 1
Tile:8 7 2 0
Tile:6 7 9 1
Tile:10 6 11 0
Tile:5 5 8 1
Tile:0 8 3 0
Tile:9_flip 5 9 1
Tile:7_flip 6 4 0
Tile:8 8 7 1
Tile:5 7 1 0
Tile:8 8 1 1
Drop 2 0 0
Tile:10 6 3 1
Tile:10 6 12 0
Tile:6_flip 7 8 1
Drop 0 0 0
Tile:15 8 6 1
Drop 0 0 0
Drop 0 0 1
GAMEOVER DRAW
# Game ended: Tue Apr 14 22:22:38 EDT 2020
