# Server version 0.08 running on 192.168.2.29:8123
# Game ID: 114
# Board class: Saboteur.SaboteurBoard
# Timeout: 20000
# First Move Timeout: 30000
# Date: Tue Apr 14 22:23:04 EDT 2020
# Player 1: Player-0, 'RandomPlayer', running on localhost
# Player 2: Player-1, 'RandomPlayer', running on localhost
START Player-0 RandomPlayer
START Player-1 RandomPlayer
BoardInit:Tile:7,Tile:7,Map,Tile:7,Tile:14,Map,Malus,Map,Tile:4,Bonus,Tile:10,Tile:8,Bonus,Tile:7,Tile:8,Bonus,Malus,Tile:5,Tile:10,Map,Tile:9,Tile:6,Tile:12,Tile:8,Tile:2,Tile:6,Tile:10,Tile:9,Map,Tile:0,Tile:1,Tile:3,Tile:5,Destroy,Tile:11,Tile:5,Tile:8,Tile:15,Tile:7,Tile:9,Destroy-Tile:6,Tile:9,Tile:6,Destroy,Tile:9,Tile:0,Map-Bonus,Tile:0,Tile:6,Tile:5,Tile:8,Tile:0,Tile:13-Tile:nugget,Tile:hidden1,Tile:hidden2
Tile:6_flip 6 5 1
Tile:0 4 5 0
Drop 1 0 1
Tile:0 7 5 0
Tile:0 8 5 1
Tile:13 6 6 0
Drop 6 0 1
Drop 6 0 0
Tile:9_flip 6 7 1
Tile:6_flip 5 4 0
Tile:9 5 6 1
Tile:5 3 5 0
Destroy 6 6 1
Drop 4 0 0
Map 12 7 1
Tile:8 6 6 0
Tile:7_flip 6 8 1
Drop 0 0 0
Map 12 5 1
Tile:7_flip 4 4 0
Tile:8 7 8 1
Tile:8 4 3 0
Tile:10 7 9 1
Tile:7 8 8 0
Tile:4 7 7 1
Tile:7_flip 5 7 0
Tile:12 9 5 1
Tile:6 6 4 0
Tile:2 4 2 1
Tile:9 8 9 0
Tile:9 7 10 1
Tile:5 3 2 0
Tile:1 7 6 1
Tile:6_flip 5 2 0
Tile:10 6 3 1
Destroy 6 7 0
Map 12 5 1
Tile:3_flip 7 11 0
Tile:8 8 10 1
Tile:8 9 9 0
Drop 4 0 1
Tile:9_flip 3 6 0
Drop 0 0 1
Tile:15 9 8 0
Drop 5 0 1
Drop 3 0 0
Tile:7 6 2 1
Tile:5_flip 8 11 0
Tile:10 9 7 1
Map 12 7 0
Tile:11_flip 6 7 1
Drop 0 0 0
Malus 0 0 1
Drop 0 0 0
Drop 0 0 1
GAMEOVER DRAW
# Game ended: Tue Apr 14 22:23:04 EDT 2020
