# Server version 0.08 running on 192.168.2.29:8123
# Game ID: 268
# Board class: Saboteur.SaboteurBoard
# Timeout: 20000
# First Move Timeout: 30000
# Date: Wed Apr 15 23:27:53 EDT 2020
# Player 1: Player-0, '260803297', running on localhost
# Player 2: Player-1, 'RandomPlayer', running on localhost
START Player-0 260803297
START Player-1 RandomPlayer
BoardInit:Destroy,Tile:10,Bonus,Tile:7,Tile:5,Tile:14,Tile:0,Tile:8,Tile:0,Bonus,Tile:6,Destroy,Map,Map,Tile:13,Tile:9,Tile:10,Tile:7,Destroy,Bonus,Tile:12,Tile:5,Malus,Malus,Tile:6,Bonus,Tile:9,Tile:0,Tile:5,Tile:6,Tile:11,Map,Tile:0,Tile:15,Tile:1,Tile:3,Tile:5,Tile:6,Tile:9,Map,Tile:7-Map,Tile:8,Map,Tile:7,Tile:9,Tile:2,Tile:10-Tile:8,Tile:7,Tile:9,Tile:4,Tile:6,Tile:8,Tile:8-Tile:hidden2,Tile:hidden1,Tile:nugget
Tile:7 5 4 1
Tile:6 6 5 0
Tile:2 4 5 1
Tile:8 7 5 0
Drop 1 0 1
Drop 4 0 0
Destroy 5 4 1
Tile:7_flip 4 6 0
Tile:10 7 4 1
Tile:14 7 6 0
Tile:9_flip 5 6 1
Tile:8 5 4 0
Tile:5_flip 8 5 1
Tile:10 5 3 0
Tile:6 3 5 1
Map 12 3 0
Drop 6 0 1
Tile:9 2 5 0
Map 12 3 1
Tile:7 2 4 0
Destroy 3 5 1
Tile:9_flip 6 4 0
Tile:0 4 4 1
Tile:4 5 2 0
Tile:12_flip 1 4 1
Malus 0 0 0
Map 12 5 1
Destroy 2 5 0
Drop 2 0 1
Tile:7_flip 5 7 0
Drop 4 0 1
Tile:5 3 4 0
Drop 6 0 1
Map 12 5 0
Drop 4 0 1
Tile:15 2 5 0
Drop 3 0 1
Tile:8 2 6 0
Drop 0 0 1
Tile:6_flip 1 6 0
Drop 2 0 1
Map 12 5 0
Drop 0 0 1
Tile:6_flip 0 6 0
Drop 4 0 1
Drop 0 0 0
Drop 2 0 1
Tile:3_flip 1 7 0
Drop 0 0 1
Drop 1 0 0
Drop 0 0 1
Drop 0 0 0
Drop 1 0 1
Drop 0 0 0
Drop 0 0 1
GAMEOVER DRAW
# Game ended: Wed Apr 15 23:27:53 EDT 2020
