# Server version 0.08 running on 192.168.2.29:8123
# Game ID: 145
# Board class: Saboteur.SaboteurBoard
# Timeout: 20000
# First Move Timeout: 30000
# Date: Wed Apr 15 00:58:11 EDT 2020
# Player 1: Player-0, 'RandomPlayer', running on localhost
# Player 2: Player-1, 'RandomPlayer', running on localhost
START Player-0 RandomPlayer
START Player-1 RandomPlayer
BoardInit:Tile:11,Tile:0,Malus,Tile:10,Tile:15,Tile:9,Tile:8,Map,Tile:10,Map,Tile:0,Tile:5,Tile:8,Tile:7,Bonus,Tile:8,Tile:5,Tile:8,Tile:7,Tile:9,Tile:1,Bonus,Map,Tile:9,Bonus,Tile:6,Tile:14,Tile:12,Destroy,Tile:2,Tile:7,Tile:5,Tile:9,Tile:10,Map,Tile:7,Map,Tile:6,Tile:3,Tile:5,Tile:0-Tile:4,Tile:6,Tile:13,Tile:9,Destroy,Map,Tile:6-Destroy,Tile:0,Tile:7,Tile:8,Tile:6,Bonus,Malus-Tile:hidden2,Tile:hidden1,Tile:nugget
Tile:6 6 5 1
Drop 3 0 0
Drop 1 0 1
Tile:7 7 5 0
Drop 1 0 1
Tile:10 6 4 0
Drop 4 0 1
Tile:9_flip 5 6 0
Drop 2 0 1
Tile:6 5 7 0
Drop 0 0 1
Drop 4 0 0
Drop 2 0 1
Map 12 7 0
Drop 5 0 1
Drop 3 0 0
Tile:10 6 3 1
Tile:8 7 6 0
Tile:5 4 7 1
Drop 5 0 0
Tile:15 4 8 1
Destroy 5 6 0
Tile:6 8 6 1
Tile:9 7 7 0
Tile:8 6 2 1
Tile:5 8 5 0
Map 12 5 1
Tile:0 9 5 0
Tile:1 4 5 1
Tile:6_flip 8 7 0
Destroy 8 6 1
Map 12 3 0
Tile:7_flip 7 8 1
Tile:2 6 6 0
Destroy 7 5 1
Tile:12 10 5 0
Tile:14 6 7 1
Tile:10 5 4 0
Map 12 3 1
Tile:9 5 2 0
Tile:8 5 6 1
Tile:6_flip 6 1 0
Drop 0 0 1
Tile:5_flip 8 6 0
Tile:9 5 1 1
Drop 3 0 0
Tile:0 7 1 1
Tile:8 8 8 0
Tile:7 7 2 1
Drop 1 0 0
Map 12 3 1
Tile:5 3 5 0
Drop 1 0 1
Drop 0 0 0
Drop 0 0 1
GAMEOVER DRAW
# Game ended: Wed Apr 15 00:58:11 EDT 2020
