# Server version 0.08 running on 192.168.2.29:8123
# Game ID: 155
# Board class: Saboteur.SaboteurBoard
# Timeout: 20000
# First Move Timeout: 30000
# Date: Wed Apr 15 00:58:26 EDT 2020
# Player 1: Player-0, 'RandomPlayer', running on localhost
# Player 2: Player-1, 'RandomPlayer', running on localhost
START Player-0 RandomPlayer
START Player-1 RandomPlayer
BoardInit:Tile:0,Tile:7,Tile:9,Malus,Tile:5,Bonus,Tile:9,Tile:5,Tile:5,Tile:0,Map,Bonus,Tile:6,Tile:7,Tile:4,Tile:12,Tile:5,Tile:9,Tile:6,Map,Bonus,Tile:15,Destroy,Tile:8,Map,Tile:9,Tile:8,Tile:1,Destroy,Tile:7,Tile:6,Bonus,Tile:11,Tile:8,Map,Tile:6,Map,Tile:7,Tile:2,Tile:0,Tile:13-Map,Tile:7,Malus,Destroy,Tile:8,Tile:9,Tile:3-Tile:8,Tile:10,Tile:14,Tile:10,Tile:0,Tile:10,Tile:6-Tile:hidden1,Tile:nugget,Tile:hidden2
Map 12 5 1
Tile:8 5 6 0
Tile:9_flip 6 6 1
Tile:6_flip 6 5 0
Drop 1 0 1
Tile:7_flip 5 7 0
Tile:3 5 4 1
Tile:0 4 5 0
Tile:5_flip 7 5 1
Drop 3 0 0
Tile:8 7 4 1
Drop 1 0 0
Tile:0 4 6 1
Drop 0 0 0
Tile:9_flip 7 3 1
Drop 1 0 0
Tile:6 8 4 1
Tile:5 3 6 0
Tile:9_flip 7 2 1
Tile:7_flip 6 4 0
Tile:7_flip 3 5 1
Tile:9 3 7 0
Tile:4_flip 3 8 1
Tile:0 4 4 0
Destroy 6 6 1
Drop 0 0 0
Map 12 3 1
Tile:9 6 3 0
Destroy 7 3 1
Drop 3 0 0
Tile:6_flip 3 4 1
Tile:8 7 3 0
Tile:6_flip 9 4 1
Tile:7_flip 9 5 0
Tile:8 6 2 1
Drop 4 0 0
Tile:11_flip 6 6 1
Tile:12_flip 2 4 0
Destroy 5 6 1
Tile:7 10 5 0
Map 12 5 1
Tile:6 6 7 0
Drop 0 0 1
Tile:15 7 1 0
Tile:13 5 6 1
Drop 3 0 0
Tile:2 7 7 1
Tile:0 8 7 0
Drop 1 0 1
Drop 2 0 0
Map 12 3 1
Drop 0 0 0
Tile:5_flip 9 7 1
Drop 0 0 0
Map 12 5 1
GAMEOVER DRAW
# Game ended: Wed Apr 15 00:58:26 EDT 2020
