# Server version 0.08 running on 192.168.2.29:8123
# Game ID: 348
# Board class: Saboteur.SaboteurBoard
# Timeout: 20000
# First Move Timeout: 30000
# Date: Wed Apr 15 23:42:33 EDT 2020
# Player 1: Player-0, '260803297', running on localhost
# Player 2: Player-1, 'RandomPlayer', running on localhost
START Player-0 260803297
START Player-1 RandomPlayer
BoardInit:Malus,Tile:7,Tile:6,Destroy,Map,Tile:3,Tile:0,Malus,Bonus,Bonus,Map,Tile:6,Map,Bonus,Tile:10,Map,Tile:9,Tile:13,Tile:0,Tile:7,Tile:8,Tile:8,Tile:0,Tile:5,Bonus,Tile:8,Tile:1,Tile:10,Tile:12,Map,Tile:5,Tile:9,Tile:5,Destroy,Tile:7,Tile:6,Map,Tile:8,Tile:14,Tile:9,Tile:2-Tile:7,Tile:5,Tile:10,Tile:8,Tile:6,Tile:0,Tile:6-Tile:4,Tile:15,Tile:9,Tile:7,Tile:9,Destroy,Tile:11-Tile:nugget,Tile:hidden2,Tile:hidden1
Tile:8 5 4 1
Tile:9_flip 5 6 0
Tile:6 4 5 1
Drop 1 0 0
Tile:5 3 5 1
Tile:7_flip 3 6 0
Tile:6_flip 5 3 1
Drop 6 0 0
Tile:0 6 5 1
Malus 0 0 0
Malus 0 0 1
Bonus 0 0 0
Drop 0 0 1
Drop 0 0 0
Drop 3 0 1
Tile:6_flip 7 5 0
Map 12 7 1
Map 12 3 0
Drop 3 0 1
Tile:11 4 4 0
Drop 6 0 1
Destroy 3 5 0
Map 12 3 1
Drop 5 0 0
Drop 5 0 1
Tile:8 7 6 0
Drop 5 0 1
Tile:13 6 3 0
Drop 2 0 1
Tile:9_flip 5 7 0
Drop 1 0 1
Tile:5 6 2 0
Drop 4 0 1
Tile:9_flip 7 7 0
Drop 0 0 1
Destroy 6 2 0
Drop 4 0 1
Tile:8 8 6 0
Map 12 5 1
Drop 4 0 0
Drop 4 0 1
Tile:9_flip 9 6 0
Drop 5 0 1
Drop 2 0 0
Drop 4 0 1
Tile:8 7 8 0
Drop 3 0 1
Tile:7_flip 4 7 0
Drop 2 0 1
Tile:6 6 4 0
Drop 0 0 1
Drop 1 0 0
Drop 1 0 1
Drop 0 0 0
Drop 0 0 1
GAMEOVER DRAW
# Game ended: Wed Apr 15 23:42:34 EDT 2020
