# Server version 0.08 running on 192.168.2.29:8123
# Game ID: 109
# Board class: Saboteur.SaboteurBoard
# Timeout: 20000
# First Move Timeout: 30000
# Date: Tue Apr 14 22:22:58 EDT 2020
# Player 1: Player-0, 'RandomPlayer', running on localhost
# Player 2: Player-1, 'RandomPlayer', running on localhost
START Player-0 RandomPlayer
START Player-1 RandomPlayer
BoardInit:Tile:3,Tile:4,Tile:2,Tile:9,Tile:8,Tile:0,Malus,Tile:6,Malus,Tile:10,Tile:5,Tile:5,Tile:7,Tile:9,Map,Tile:6,Tile:8,Tile:7,Tile:9,Bonus,Tile:0,Bonus,Tile:6,Destroy,Tile:1,Tile:0,Tile:6,Tile:11,Tile:8,Tile:10,Tile:12,Map,Tile:7,Map,Tile:5,Tile:10,Map,Tile:9,Tile:15,Destroy,Tile:14-Tile:8,Destroy,Map,Tile:7,Map,Tile:5,Tile:7-Tile:13,Tile:0,Tile:6,Bonus,Tile:8,Bonus,Tile:9-Tile:nugget,Tile:hidden2,Tile:hidden1
Tile:8 5 6 1
Tile:13 6 6 0
Destroy 5 6 1
Tile:9 5 6 0
Tile:2 6 5 1
Tile:9_flip 7 6 0
Drop 6 0 1
Tile:6_flip 5 4 0
Tile:3_flip 4 4 1
Tile:0 6 4 0
Tile:7_flip 5 7 1
Drop 2 0 0
Tile:7_flip 7 7 1
Tile:0 4 5 0
Tile:5 3 5 1
Tile:9_flip 7 5 0
Malus 0 0 1
Drop 1 0 0
Tile:8 8 7 1
Drop 3 0 0
Tile:5 8 6 1
Drop 4 0 0
Tile:7 4 3 1
Bonus 0 0 0
Tile:0 9 6 1
Tile:5_flip 8 8 0
Tile:9_flip 3 6 1
Tile:7 9 7 0
Drop 6 0 1
Tile:4_flip 9 8 0
Tile:6_flip 3 3 1
Tile:11_flip 3 7 0
Map 12 5 1
Destroy 7 7 0
Tile:12 10 6 1
Drop 4 0 0
Tile:7_flip 7 7 1
Tile:6_flip 2 6 0
Tile:5 1 6 1
Tile:9_flip 7 4 0
Map 12 3 1
Destroy 6 4 0
Tile:8 1 7 1
Tile:0 6 4 0
Drop 4 0 1
Drop 3 0 0
Tile:14_flip 0 7 1
Tile:10 0 8 0
Map 12 5 1
Map 12 7 0
Tile:1 7 8 1
Drop 0 0 0
Map 12 7 1
Drop 0 0 0
Malus 0 0 1
GAMEOVER DRAW
# Game ended: Tue Apr 14 22:22:58 EDT 2020
