# Server version 0.08 running on 192.168.2.29:8123
# Game ID: 292
# Board class: Saboteur.SaboteurBoard
# Timeout: 20000
# First Move Timeout: 30000
# Date: Wed Apr 15 23:35:42 EDT 2020
# Player 1: Player-0, '260803297', running on localhost
# Player 2: Player-1, 'RandomPlayer', running on localhost
START Player-0 260803297
START Player-1 RandomPlayer
BoardInit:Tile:8,Tile:5,Tile:5,Tile:9,Bonus,Malus,Tile:7,Tile:2,Tile:14,Tile:8,Tile:8,Tile:9,Tile:10,Tile:0,Tile:8,Tile:11,Tile:0,Tile:0,Tile:1,Tile:5,Tile:7,Tile:6,Tile:13,Bonus,Tile:7,Destroy,Map,Tile:12,Tile:10,Tile:7,Tile:15,Map,Map,Bonus,Tile:7,Tile:3,Tile:10,Tile:9,Destroy,Tile:4,Bonus-Tile:5,Map,Map,Destroy,Tile:9,Tile:9,Tile:6-Tile:6,Tile:6,Tile:8,Malus,Map,Tile:6,Tile:0-Tile:nugget,Tile:hidden1,Tile:hidden2
Tile:9 5 4 1
Map 12 3 0
Tile:6 6 5 1
Tile:6 5 6 0
Tile:5_flip 7 5 1
Tile:0 6 6 0
Tile:5 5 3 1
Tile:9 7 4 0
Tile:7_flip 4 5 1
Tile:6_flip 4 6 0
Tile:9 3 6 1
Tile:2_flip 8 4 0
Drop 0 0 1
Tile:8 3 7 0
Tile:8 4 7 1
Tile:0 5 7 0
Tile:8 9 4 1
Tile:6_flip 7 6 0
Tile:8 7 7 1
Tile:11_flip 4 4 0
Map 12 7 1
Tile:5_flip 7 8 0
Tile:0 6 7 1
Tile:5_flip 3 8 0
Destroy 3 8 1
Tile:8 8 3 0
Tile:7 9 3 1
Tile:9 8 2 0
Tile:14 8 7 1
Destroy 7 7 0
Drop 3 0 1
Tile:6 9 2 0
Drop 6 0 1
Tile:12_flip 6 8 0
Tile:10 4 3 1
Tile:7_flip 3 8 0
Tile:7 10 4 1
Map 12 3 0
Tile:7_flip 9 5 1
Tile:3 8 6 0
Destroy 6 6 1
Tile:9 2 7 0
Tile:10 8 1 1
Drop 0 0 0
Tile:10 3 5 1
Drop 2 0 0
Tile:1 6 6 1
Drop 2 0 0
Drop 2 0 1
Tile:4 8 0 0
Map 12 3 1
Drop 0 0 0
Drop 1 0 1
Tile:0 6 3 0
Drop 0 0 1
GAMEOVER DRAW
# Game ended: Wed Apr 15 23:35:43 EDT 2020
