# Server version 0.08 running on 192.168.2.29:8123
# Game ID: 302
# Board class: Saboteur.SaboteurBoard
# Timeout: 20000
# First Move Timeout: 30000
# Date: Wed Apr 15 23:36:11 EDT 2020
# Player 1: Player-0, '260803297', running on localhost
# Player 2: Player-1, 'RandomPlayer', running on localhost
START Player-0 260803297
START Player-1 RandomPlayer
BoardInit:Destroy,Tile:13,Tile:7,Destroy,Tile:6,Tile:15,Map,Map,Tile:6,Tile:0,Tile:6,Map,Tile:10,Bonus,Tile:0,Tile:14,Tile:0,Tile:7,Bonus,Bonus,Tile:1,Tile:11,Tile:2,Tile:9,Tile:9,Malus,Tile:3,Map,Tile:9,Tile:9,Map,Tile:8,Tile:10,Tile:9,Tile:5,Tile:5,Tile:7,Tile:8,Tile:4,Tile:0,Tile:7-Destroy,Malus,Tile:12,Map,Tile:7,Tile:10,Bonus-Tile:8,Tile:8,Tile:6,Tile:5,Tile:5,Tile:6,Tile:8-Tile:hidden2,Tile:hidden1,Tile:nugget
Tile:7 6 5 1
Tile:6 4 5 0
Tile:10 6 6 1
Tile:5 5 4 0
Tile:12_flip 3 5 1
Tile:13 6 7 0
Tile:6_flip 7 7 1
Tile:5_flip 6 8 0
Drop 2 0 1
Map 12 3 0
Tile:7 4 4 1
Destroy 3 5 0
Map 12 3 1
Map 12 5 0
Malus 0 0 1
Bonus 0 0 0
Tile:6_flip 3 5 1
Tile:8 3 6 0
Tile:6_flip 5 8 1
Tile:14 3 7 0
Tile:0 2 7 1
Tile:0 6 4 0
Tile:0 1 7 1
Tile:6 5 7 0
Destroy 6 7 1
Tile:8 5 9 0
Tile:1 8 7 1
Malus 0 0 0
Destroy 5 9 1
Map 12 5 0
Drop 4 0 1
Tile:7_flip 2 6 0
Drop 3 0 1
Tile:11 5 9 0
Bonus 0 0 1
Tile:9 4 8 0
Tile:10 7 8 1
Tile:8 0 7 0
Drop 2 0 1
Tile:9 4 7 0
Tile:7 6 9 1
Tile:15 0 6 0
Tile:3_flip 7 9 1
Tile:9 0 8 0
Tile:7 4 6 1
Tile:8 0 5 0
Tile:5_flip 6 10 1
Tile:5_flip 4 9 0
Tile:10 5 6 1
Tile:8 0 4 0
Tile:4 0 3 1
Tile:0 1 8 0
Map 12 3 1
Drop 0 0 0
Drop 0 0 1
GAMEOVER DRAW
# Game ended: Wed Apr 15 23:36:12 EDT 2020
