# Server version 0.08 running on 192.168.2.29:8123
# Game ID: 203
# Board class: Saboteur.SaboteurBoard
# Timeout: 20000
# First Move Timeout: 30000
# Date: Wed Apr 15 01:02:01 EDT 2020
# Player 1: Player-0, 'RandomPlayer', running on localhost
# Player 2: Player-1, 'RandomPlayer', running on localhost
START Player-0 RandomPlayer
START Player-1 RandomPlayer
BoardInit:Bonus,Tile:3,Tile:9,Map,Tile:7,Tile:2,Tile:7,Tile:1,Tile:0,Malus,Map,Bonus,Map,Tile:10,Tile:8,Tile:8,Map,Tile:7,Tile:9,Tile:11,Tile:0,Tile:5,Map,Tile:8,Tile:6,Tile:5,Bonus,Destroy,Tile:5,Tile:14,Tile:8,Tile:8,Destroy,Tile:7,Tile:7,Tile:6,Tile:9,Tile:0,Tile:0,Destroy,Malus-Tile:13,Tile:6,Tile:12,Tile:9,Tile:10,Tile:5,Tile:9-Bonus,Tile:6,Tile:4,Map,Tile:10,Tile:6,Tile:15-Tile:hidden2,Tile:nugget,Tile:hidden1
Tile:6_flip 4 5 1
Tile:6 6 5 0
Tile:13 4 6 1
Tile:6_flip 6 4 0
Tile:12_flip 3 5 1
Drop 3 0 0
Tile:5_flip 7 5 1
Tile:2 7 4 0
Tile:9 5 4 1
Drop 3 0 0
Tile:9 5 3 1
Tile:4 5 2 0
Tile:9_flip 4 7 1
Map 12 3 0
Tile:0 3 6 1
Tile:1 2 6 0
Map 12 7 1
Tile:8 8 4 0
Drop 3 0 1
Tile:10 8 5 0
Tile:10 4 8 1
Tile:11 4 9 0
Map 12 5 1
Map 12 5 0
Tile:7 9 4 1
Drop 4 0 0
Tile:0 1 6 1
Tile:8 8 3 0
Tile:8 8 2 1
Destroy 4 6 0
Map 12 5 1
Tile:5_flip 9 3 0
Tile:6 6 3 1
Tile:14 5 9 0
Destroy 4 7 1
Tile:7_flip 5 6 0
Tile:7 6 6 1
Tile:6_flip 8 1 0
Tile:5 4 7 1
Tile:5_flip 9 1 0
Tile:9 7 1 1
Tile:8 7 0 0
Tile:9_flip 4 10 1
Destroy 2 6 0
Drop 4 0 1
Tile:0 7 3 0
Tile:8 0 6 1
Drop 0 0 0
Map 12 3 1
Tile:3 0 5 0
Drop 0 0 1
Malus 0 0 0
Drop 0 0 1
Drop 0 0 0
Malus 0 0 1
GAMEOVER DRAW
# Game ended: Wed Apr 15 01:02:02 EDT 2020
