# Server version 0.08 running on 192.168.2.29:8123
# Game ID: 135
# Board class: Saboteur.SaboteurBoard
# Timeout: 20000
# First Move Timeout: 30000
# Date: Wed Apr 15 00:57:57 EDT 2020
# Player 1: Player-0, 'RandomPlayer', running on localhost
# Player 2: Player-1, 'RandomPlayer', running on localhost
START Player-0 RandomPlayer
START Player-1 RandomPlayer
BoardInit:Tile:9,Tile:9,Tile:6,Bonus,Tile:9,Bonus,Map,Destroy,Tile:7,Tile:8,Tile:9,Tile:5,Tile:6,Tile:10,Tile:8,Tile:8,Tile:8,Tile:2,Tile:7,Tile:10,Tile:5,Tile:6,Tile:7,Tile:13,Tile:7,Destroy,Tile:6,Tile:0,Tile:8,Tile:0,Map,Bonus,Map,Tile:15,Tile:11,Tile:1,Map,Tile:0,Tile:12,Map,Tile:5-Tile:3,Malus,Tile:14,Tile:4,Tile:0,Malus,Destroy-Tile:6,Tile:10,Bonus,Map,Tile:7,Tile:5,Tile:9-Tile:hidden2,Tile:nugget,Tile:hidden1
Tile:4_flip 5 6 1
Tile:6_flip 5 4 0
Tile:9_flip 6 4 1
Tile:9_flip 6 5 0
Malus 0 0 1
Drop 6 0 0
Drop 2 0 1
Map 12 3 0
Destroy 6 4 1
Drop 6 0 0
Tile:6_flip 6 4 1
Drop 4 0 0
Tile:7 7 4 1
Drop 3 0 0
Tile:14_flip 4 5 1
Drop 2 0 0
Tile:3_flip 4 4 1
Drop 6 0 0
Tile:9 7 5 1
Drop 2 0 0
Map 12 5 1
Drop 2 0 0
Tile:6 7 6 1
Drop 3 0 0
Drop 4 0 1
Drop 5 0 0
Tile:5 4 3 1
Drop 5 0 0
Tile:7 8 5 1
Destroy 4 3 0
Tile:7_flip 6 6 1
Drop 1 0 0
Malus 0 0 1
Drop 4 0 0
Drop 2 0 1
Drop 0 0 0
Map 12 7 1
Drop 4 0 0
Tile:6 8 6 1
Drop 6 0 0
Drop 2 0 1
Drop 6 0 0
Map 12 3 1
Drop 1 0 0
Tile:9 4 3 1
Drop 3 0 0
Drop 3 0 1
Drop 0 0 0
Map 12 5 1
Drop 2 0 0
Tile:5 4 2 1
Drop 0 0 0
Tile:11_flip 9 6 1
Drop 0 0 0
Drop 0 0 1
GAMEOVER DRAW
# Game ended: Wed Apr 15 00:57:57 EDT 2020
