# Server version 0.08 running on 192.168.2.29:8123
# Game ID: 240
# Board class: Saboteur.SaboteurBoard
# Timeout: 20000
# First Move Timeout: 30000
# Date: Wed Apr 15 13:51:28 EDT 2020
# Player 1: Player-0, '260803297', running on localhost
# Player 2: Player-1, 'RandomPlayer', running on localhost
START Player-0 260803297
START Player-1 RandomPlayer
BoardInit:Tile:1,Tile:0,Tile:9,Tile:0,Map,Tile:9,Tile:8,Tile:12,Tile:5,Map,Tile:5,Bonus,Tile:11,Tile:10,Tile:7,Tile:5,Tile:7,Tile:9,Map,Malus,Tile:9,Tile:9,Map,Map,Tile:6,Tile:3,Tile:15,Tile:8,Tile:6,Malus,Tile:0,Bonus,Tile:6,Destroy,Tile:4,Tile:0,Tile:8,Bonus,Tile:8,Tile:2,Tile:8-Tile:10,Tile:14,Bonus,Tile:5,Tile:7,Destroy,Destroy-Tile:10,Tile:6,Tile:6,Map,Tile:13,Tile:7,Tile:7-Tile:hidden2,Tile:hidden1,Tile:nugget
Tile:7 5 4 1
Map 12 3 0
Drop 1 0 1
Tile:6 5 6 0
Destroy 5 4 1
Tile:13 5 4 0
Drop 2 0 1
Tile:0 4 4 0
Tile:9 3 4 1
Tile:9_flip 3 3 0
Tile:1 4 6 1
Map 12 5 0
Tile:8 6 5 1
Tile:6_flip 3 6 0
Tile:5_flip 6 6 1
Tile:0 2 6 0
Tile:11_flip 6 4 1
Tile:7 5 3 0
Tile:7_flip 4 3 1
Tile:7_flip 1 6 0
Destroy 6 5 1
Malus 0 0 0
Bonus 0 0 1
Tile:9_flip 1 5 0
Tile:9_flip 6 5 1
Map 12 5 0
Tile:5_flip 3 5 1
Tile:10 3 2 0
Map 12 5 1
Tile:12_flip 2 5 0
Tile:15 6 3 1
Malus 0 0 0
Map 12 7 1
Tile:5 0 5 0
Drop 3 0 1
Tile:3 1 4 0
Drop 2 0 1
Destroy 2 6 0
Drop 6 0 1
Tile:9 6 2 0
Drop 2 0 1
Tile:0 0 4 0
Drop 0 0 1
Tile:2_flip 3 7 0
Drop 4 0 1
Tile:10 4 2 0
Drop 2 0 1
Tile:8 7 2 0
Drop 0 0 1
Drop 0 0 0
Drop 0 0 1
Drop 1 0 0
Drop 1 0 1
Drop 0 0 0
Drop 0 0 1
GAMEOVER DRAW
# Game ended: Wed Apr 15 13:51:28 EDT 2020
