# Server version 0.08 running on 192.168.2.29:8123
# Game ID: 134
# Board class: Saboteur.SaboteurBoard
# Timeout: 20000
# First Move Timeout: 30000
# Date: Tue Apr 14 22:23:30 EDT 2020
# Player 1: Player-0, 'RandomPlayer', running on localhost
# Player 2: Player-1, 'RandomPlayer', running on localhost
START Player-0 RandomPlayer
START Player-1 RandomPlayer
BoardInit:Bonus,Tile:14,Tile:5,Tile:12,Tile:2,Tile:0,Tile:4,Bonus,Tile:5,Tile:7,Tile:7,Tile:8,Tile:6,Tile:0,Tile:7,Tile:8,Tile:9,Tile:10,Tile:7,Map,Tile:5,Tile:8,Destroy,Bonus,Map,Map,Tile:5,Tile:3,Tile:6,Tile:15,Malus,Destroy,Tile:10,Tile:6,Tile:7,Tile:8,Tile:9,Tile:6,Map,Tile:0,Tile:9-Tile:1,Bonus,Map,Tile:13,Map,Tile:9,Tile:8-Tile:9,Tile:11,Tile:10,Tile:6,Tile:0,Malus,Destroy-Tile:hidden2,Tile:nugget,Tile:hidden1
Tile:1 4 5 1
Tile:0 3 5 0
Tile:8 5 6 1
Drop 5 0 0
Tile:5 4 6 1
Tile:9_flip 6 5 0
Tile:13 6 6 1
Tile:10 6 7 0
Tile:2 6 4 1
Tile:0 7 4 0
Tile:9_flip 6 8 1
Drop 3 0 0
Drop 6 0 1
Tile:12_flip 2 5 0
Map 12 5 1
Tile:7_flip 4 7 0
Drop 0 0 1
Tile:0 7 6 0
Tile:6_flip 5 4 1
Tile:11_flip 5 7 0
Tile:9_flip 8 4 1
Tile:6 5 8 0
Tile:5_flip 8 6 1
Tile:8 8 5 0
Drop 2 0 1
Tile:8 8 3 0
Map 12 5 1
Drop 3 0 0
Tile:5 4 8 1
Tile:3_flip 7 3 0
Destroy 4 8 1
Drop 3 0 0
Drop 1 0 1
Destroy 6 5 0
Drop 4 0 1
Drop 3 0 0
Tile:5 4 8 1
Drop 6 0 0
Tile:9_flip 9 3 1
Map 12 7 0
Tile:7 8 2 1
Tile:15 9 2 0
Tile:7 9 1 1
Tile:0 4 4 0
Tile:9 9 4 1
Tile:6 10 4 0
Malus 0 0 1
Drop 2 0 0
Map 12 7 1
Drop 1 0 0
Tile:10 10 3 1
Malus 0 0 0
Map 12 7 1
Drop 0 0 0
Bonus 0 0 1
GAMEOVER DRAW
# Game ended: Tue Apr 14 22:23:30 EDT 2020
