# Server version 0.08 running on 192.168.2.29:8123
# Game ID: 340
# Board class: Saboteur.SaboteurBoard
# Timeout: 20000
# First Move Timeout: 30000
# Date: Wed Apr 15 23:42:11 EDT 2020
# Player 1: Player-0, '260803297', running on localhost
# Player 2: Player-1, 'RandomPlayer', running on localhost
START Player-0 260803297
START Player-1 RandomPlayer
BoardInit:Tile:4,Tile:8,Map,Tile:9,Tile:6,Tile:6,Tile:5,Destroy,Tile:2,Tile:0,Tile:9,Destroy,Tile:9,Map,Tile:7,Map,Tile:8,Tile:7,Tile:11,Tile:15,Tile:8,Malus,Bonus,Tile:0,Destroy,Tile:5,Tile:9,Tile:10,Tile:9,Tile:0,Tile:10,Bonus,Map,Tile:5,Tile:7,Tile:3,Tile:14,Tile:6,Tile:7,Map,Tile:6-Tile:1,Map,Malus,Tile:7,Bonus,Tile:10,Tile:5-Tile:12,Tile:8,Tile:6,Tile:0,Tile:13,Tile:8,Bonus-Tile:hidden2,Tile:nugget,Tile:hidden1
Tile:10 5 6 1
Tile:12_flip 4 5 0
Tile:5_flip 5 7 1
Tile:0 6 5 0
Drop 2 0 1
Tile:8 5 4 0
Drop 2 0 1
Drop 4 0 0
Map 12 5 1
Tile:13 7 5 0
Tile:5 4 7 1
Tile:0 8 5 0
Tile:4 5 3 1
Tile:6 7 6 0
Map 12 5 1
Map 12 3 0
Tile:2_flip 9 5 1
Map 12 5 0
Tile:9 7 4 1
Destroy 5 6 0
Tile:8 5 6 1
Tile:7 7 3 0
Tile:6 4 4 1
Tile:8 9 4 0
Tile:9_flip 10 5 1
Tile:0 4 6 0
Destroy 7 6 1
Drop 5 0 0
Tile:8 4 8 1
Tile:5_flip 4 9 0
Tile:11 7 6 1
Tile:6_flip 10 4 0
Drop 4 0 1
Drop 0 0 0
Tile:7_flip 10 6 1
Tile:9_flip 11 4 0
Tile:7 9 3 1
Tile:5 3 8 0
Tile:10 4 3 1
Destroy 11 4 0
Drop 0 0 1
Drop 3 0 0
Tile:9 6 3 1
Tile:0 5 8 0
Drop 4 0 1
Drop 2 0 0
Tile:6_flip 8 6 1
Map 12 3 0
Map 12 3 1
Drop 1 0 0
Tile:14 6 4 1
Tile:6 3 9 0
Drop 1 0 1
Tile:15 8 7 0
Drop 0 0 1
GAMEOVER DRAW
# Game ended: Wed Apr 15 23:42:12 EDT 2020
