# Server version 0.08 running on 192.168.2.29:8123
# Game ID: 304
# Board class: Saboteur.SaboteurBoard
# Timeout: 20000
# First Move Timeout: 30000
# Date: Wed Apr 15 23:36:17 EDT 2020
# Player 1: Player-0, '260803297', running on localhost
# Player 2: Player-1, 'RandomPlayer', running on localhost
START Player-0 260803297
START Player-1 RandomPlayer
BoardInit:Tile:2,Tile:10,Tile:14,Bonus,Tile:3,Tile:1,Destroy,Map,Tile:6,Destroy,Tile:7,Tile:5,Destroy,Tile:11,Tile:5,Tile:9,Tile:7,Map,Tile:13,Tile:0,Tile:6,Tile:12,Tile:7,Map,Tile:4,Map,Tile:9,Malus,Tile:0,Bonus,Tile:0,Tile:9,Tile:9,Tile:10,Tile:6,Tile:6,Tile:0,Map,Tile:5,Tile:8,Bonus-Tile:8,Tile:8,Tile:7,Map,Tile:8,Bonus,Malus-Tile:7,Tile:10,Tile:8,Tile:5,Tile:15,Tile:6,Tile:9-Tile:nugget,Tile:hidden1,Tile:hidden2
Tile:8 4 5 1
Tile:15 4 4 0
Tile:7_flip 5 6 1
Tile:5 3 5 0
Tile:8 6 5 1
Tile:7 7 5 0
Tile:3_flip 7 6 1
Tile:9 3 6 0
Tile:2_flip 3 7 1
Map 12 3 0
Tile:6_flip 8 6 1
Tile:6 4 7 0
Destroy 3 7 1
Destroy 5 6 0
Destroy 4 4 1
Tile:8 5 4 0
Tile:7_flip 3 7 1
Tile:11_flip 8 7 0
Drop 1 0 1
Tile:9_flip 4 6 0
Tile:7 6 4 1
Tile:10 5 6 0
Tile:6_flip 5 3 1
Tile:10 8 8 0
Tile:14 6 3 1
Tile:5 6 2 0
Tile:13 4 3 1
Tile:0 7 2 0
Tile:4_flip 6 6 1
Map 12 3 0
Map 12 3 1
Tile:12_flip 3 3 0
Tile:5 7 7 1
Drop 0 0 0
Tile:9 4 4 1
Tile:10 7 8 0
Tile:7_flip 8 9 1
Drop 3 0 0
Tile:0 9 9 1
Tile:9_flip 7 9 0
Drop 6 0 1
Tile:6 5 7 0
Drop 0 0 1
Drop 0 0 0
Drop 4 0 1
Drop 2 0 0
Tile:9 7 10 1
Map 12 3 0
Tile:6_flip 8 2 1
Map 12 3 0
Tile:0 8 10 1
Tile:8 9 6 0
Malus 0 0 1
Map 12 5 0
Drop 0 0 1
GAMEOVER DRAW
# Game ended: Wed Apr 15 23:36:18 EDT 2020
