# Server version 0.08 running on 192.168.2.29:8123
# Game ID: 319
# Board class: Saboteur.SaboteurBoard
# Timeout: 20000
# First Move Timeout: 30000
# Date: Wed Apr 15 23:40:55 EDT 2020
# Player 1: Player-0, 'RandomPlayer', running on localhost
# Player 2: Player-1, '260803297', running on localhost
START Player-0 RandomPlayer
START Player-1 260803297
BoardInit:Tile:2,Tile:6,Tile:15,Tile:3,Tile:0,Tile:6,Tile:14,Tile:0,Tile:7,Tile:8,Tile:1,Tile:7,Tile:4,Tile:10,Map,Tile:11,Tile:6,Destroy,Tile:6,Bonus,Malus,Bonus,Tile:10,Tile:10,Tile:0,Tile:8,Tile:13,Map,Map,Tile:8,Tile:5,Tile:5,Tile:12,Tile:9,Destroy,Tile:9,Bonus,Tile:7,Map,Tile:9,Tile:8-Tile:5,Tile:7,Bonus,Destroy,Tile:8,Tile:5,Tile:0-Map,Map,Tile:9,Tile:9,Tile:7,Tile:6,Malus-Tile:hidden1,Tile:hidden2,Tile:nugget
Drop 2 0 1
Tile:9_flip 5 6 0
Tile:0 6 5 1
Drop 1 0 0
Tile:5_flip 5 7 1
Tile:6_flip 4 6 0
Tile:2 7 5 1
Tile:9 4 7 0
Tile:0 8 5 1
Tile:3 9 5 0
Tile:5_flip 9 6 1
Tile:6_flip 5 4 0
Tile:8 4 8 1
Tile:6_flip 3 6 0
Tile:7 5 8 1
Tile:7_flip 4 5 0
Map 12 3 1
Tile:11_flip 3 7 0
Tile:6_flip 4 4 1
Map 12 7 0
Tile:4_flip 7 6 1
Tile:8 2 7 0
Malus 0 0 1
Destroy 7 5 0
Tile:6_flip 2 6 1
Drop 4 0 0
Tile:14 4 9 1
Drop 5 0 0
Destroy 3 6 1
Drop 2 0 0
Map 12 3 1
Malus 0 0 0
Drop 0 0 1
Map 12 7 0
Drop 1 0 1
Drop 0 0 0
Drop 3 0 1
Drop 4 0 0
Bonus 0 0 1
Drop 0 0 0
Map 12 3 1
Drop 4 0 0
Tile:0 6 4 1
Bonus 0 0 0
Tile:8 3 6 1
Tile:8 1 7 0
Tile:5_flip 1 8 1
Tile:7_flip 5 9 0
Destroy 2 7 1
Tile:9 1 6 0
Tile:7_flip 3 9 1
Drop 0 0 0
Drop 0 0 1
Tile:9 3 8 0
Tile:12 6 9 1
GAMEOVER DRAW
# Game ended: Wed Apr 15 23:40:55 EDT 2020
