# Server version 0.08 running on 192.168.0.168:8123
# Game ID: 7
# Board class: Saboteur.SaboteurBoard
# Timeout: 20000
# First Move Timeout: 30000
# Date: Tue Apr 07 23:59:22 EDT 2020
# Player 1: Player-0, 'RandomPlayer', running on 192.168.0.168
# Player 2: Player-1, 'Human', running on 192.168.0.168
START Player-0 RandomPlayer
START Player-1 Human
BoardInit:Map,Tile:10,Tile:7,Bonus,Map,Tile:11,Destroy,Tile:0,Tile:6,Tile:7,Tile:0,Malus,Tile:1,Bonus,Tile:5,Map,Tile:7,Tile:3,Tile:8,Tile:4,Map,Bonus,Tile:13,Malus,Tile:2,Tile:6,Tile:7,Tile:9,Tile:6,Tile:0,Tile:7,Destroy,Bonus,Tile:8,Tile:9,Tile:5,Tile:5,Tile:10,Tile:5,Tile:6,Tile:14-Destroy,Tile:12,Tile:9,Tile:8,Tile:10,Tile:6,Tile:8-Tile:9,Tile:8,Tile:0,Tile:9,Tile:15,Map,Map-Tile:nugget,Tile:hidden1,Tile:hidden2
Tile:8 5 6 1
Tile:9_flip 5 4 0
Map 12 5 1
Tile:9_flip 6 5 0
Tile:9 5 7 1
Tile:8 4 5 0
Map 12 7 1
Tile:11_flip 6 6 0
Tile:6 5 8 1
Map 12 3 0
Tile:8 6 8 1
Drop 2 0 0
Tile:6 7 8 1
Tile:0 4 8 0
Drop 4 0 1
Tile:7 5 3 0
Drop 5 0 1
Tile:0 8 8 0
Tile:0 9 8 1
Tile:3 10 8 0
Tile:10 7 7 1
Map 12 3 0
Map 12 3 1
Drop 1 0 0
