# Server version 0.08 running on 192.168.2.29:8123
# Game ID: 216
# Board class: Saboteur.SaboteurBoard
# Timeout: 20000
# First Move Timeout: 30000
# Date: Wed Apr 15 01:02:20 EDT 2020
# Player 1: Player-0, 'RandomPlayer', running on localhost
# Player 2: Player-1, 'RandomPlayer', running on localhost
START Player-0 RandomPlayer
START Player-1 RandomPlayer
BoardInit:Tile:9,Tile:12,Tile:4,Tile:0,Tile:7,Tile:5,Malus,Tile:7,Destroy,Tile:11,Malus,Tile:10,Tile:5,Tile:13,Tile:8,Tile:8,Destroy,Tile:8,Tile:9,Map,Bonus,Tile:6,Map,Tile:1,Map,Tile:6,Tile:8,Tile:7,Map,Destroy,Tile:8,Tile:14,Tile:10,Tile:15,Bonus,Tile:0,Tile:0,Tile:6,Tile:6,Tile:6,Tile:5-Tile:7,Tile:0,Tile:3,Tile:9,Bonus,Map,Bonus-Tile:10,Tile:5,Tile:2,Tile:9,Tile:9,Tile:7,Map-Tile:nugget,Tile:hidden2,Tile:hidden1
Tile:7_flip 5 6 1
Tile:9_flip 6 6 0
Tile:0 4 5 1
Tile:7 5 4 0
Tile:3_flip 4 4 1
Tile:2 4 3 0
Tile:9_flip 6 7 1
Tile:0 3 5 0
Drop 3 0 1
Tile:5_flip 6 8 0
Destroy 3 5 1
Tile:12 5 3 0
Map 12 3 1
Tile:7_flip 5 8 0
Malus 0 0 1
Map 12 7 0
Tile:5 3 3 1
Drop 5 0 0
Destroy 5 3 1
Drop 3 0 0
Tile:9 3 5 1
Map 12 7 0
Tile:8 6 5 1
Drop 0 0 0
Drop 3 0 1
Drop 2 0 0
Map 12 5 1
Drop 0 0 0
Drop 5 0 1
Drop 5 0 0
Tile:8 7 5 1
Destroy 3 3 0
Tile:4 6 4 1
Drop 6 0 0
Map 12 7 1
Drop 3 0 0
Tile:10 3 6 1
Drop 3 0 0
Tile:0 5 3 1
Drop 6 0 0
Tile:6_flip 3 3 1
Drop 2 0 0
Tile:5 7 4 1
Drop 1 0 0
Drop 4 0 1
Drop 3 0 0
Drop 3 0 1
Drop 0 0 0
Drop 2 0 1
Drop 2 0 0
Drop 0 0 1
Drop 0 0 0
Drop 1 0 1
Drop 0 0 0
Drop 0 0 1
GAMEOVER DRAW
# Game ended: Wed Apr 15 01:02:20 EDT 2020
