# Server version 0.08 running on 192.168.2.29:8123
# Game ID: 261
# Board class: Saboteur.SaboteurBoard
# Timeout: 20000
# First Move Timeout: 30000
# Date: Wed Apr 15 23:26:04 EDT 2020
# Player 1: Player-0, '260803297', running on localhost
# Player 2: Player-1, 'RandomPlayer', running on localhost
START Player-0 260803297
START Player-1 RandomPlayer
BoardInit:Destroy,Map,Tile:10,Tile:7,Tile:6,Bonus,Tile:10,Map,Tile:7,Tile:5,Tile:2,Tile:9,Bonus,Map,Tile:5,Tile:9,Tile:14,Tile:8,Tile:0,Tile:5,Tile:0,Map,Bonus,Tile:6,Tile:8,Destroy,Tile:8,Tile:9,Map,Tile:1,Malus,Bonus,Tile:15,Tile:8,Tile:0,Tile:3,Tile:11,Tile:7,Tile:6,Tile:13,Tile:9-Tile:12,Map,Tile:9,Tile:6,Tile:0,Malus,Tile:10-Tile:7,Tile:7,Tile:4,Tile:6,Tile:5,Destroy,Tile:8-Tile:hidden1,Tile:hidden2,Tile:nugget
Tile:12_flip 4 5 1
Tile:7_flip 5 6 0
Tile:9_flip 6 5 1
Map 12 3 0
Tile:10 5 4 1
Tile:8 6 6 0
Tile:10 6 4 1
Tile:7 7 6 0
Destroy 6 4 1
Map 12 3 0
Tile:6_flip 5 3 1
Destroy 6 6 0
Tile:6 4 3 1
Tile:9_flip 6 3 0
Tile:2_flip 6 6 1
Map 12 3 0
Tile:10 6 4 1
Drop 1 0 0
Drop 5 0 1
Drop 6 0 0
Tile:14 7 7 1
Drop 1 0 0
Tile:0 6 7 1
Map 12 3 0
Drop 4 0 1
Drop 0 0 0
Drop 3 0 1
Tile:6 3 3 0
Tile:8 3 2 1
Destroy 5 6 0
Map 12 3 1
Tile:5 2 2 0
Map 12 5 1
Tile:9 2 3 0
Tile:7_flip 5 6 1
Tile:7_flip 2 4 0
Tile:8 6 2 1
Tile:9_flip 3 1 0
Tile:11_flip 6 1 1
Drop 2 0 0
Tile:0 7 2 1
Tile:3_flip 2 1 0
Tile:9_flip 8 2 1
Tile:7_flip 5 2 0
Drop 4 0 1
Tile:13 3 0 0
Drop 1 0 1
Tile:8 5 1 0
Malus 0 0 1
Bonus 0 0 0
Tile:15 6 0 1
Tile:5 8 1 0
Drop 1 0 1
Drop 0 0 0
Malus 0 0 1
GAMEOVER DRAW
# Game ended: Wed Apr 15 23:26:04 EDT 2020
