# Server version 0.08 running on 192.168.2.29:8123
# Game ID: 89
# Board class: Saboteur.SaboteurBoard
# Timeout: 20000
# First Move Timeout: 30000
# Date: Tue Apr 14 22:22:31 EDT 2020
# Player 1: Player-0, 'RandomPlayer', running on localhost
# Player 2: Player-1, 'RandomPlayer', running on localhost
START Player-0 RandomPlayer
START Player-1 RandomPlayer
BoardInit:Tile:7,Tile:1,Tile:9,Tile:9,Tile:0,Tile:14,Tile:8,Tile:8,Tile:6,Map,Tile:8,Tile:6,Tile:7,Tile:13,Map,Tile:9,Bonus,Tile:6,Tile:6,Tile:0,Tile:10,Map,Map,Tile:5,Tile:4,Tile:0,Bonus,Tile:7,Map,Tile:5,Tile:10,Tile:9,Tile:0,Destroy,Tile:9,Map,Destroy,Tile:11,Tile:6,Tile:7,Tile:15-Bonus,Tile:2,Malus,Tile:8,Tile:5,Tile:3,Tile:12-Tile:7,Destroy,Tile:8,Tile:5,Malus,Bonus,Tile:10-Tile:hidden2,Tile:nugget,Tile:hidden1
Drop 3 0 1
Tile:5 5 4 0
Tile:2 6 4 1
Drop 1 0 0
Tile:5_flip 5 6 1
Tile:1 7 4 0
Drop 3 0 1
Tile:8 8 4 0
Drop 2 0 1
Tile:14 8 5 0
Drop 0 0 1
Map 12 7 0
Tile:8 4 6 1
Tile:8 4 5 0
Tile:6_flip 9 4 1
Tile:7 8 3 0
Tile:7 10 4 1
Tile:9 9 5 0
Tile:7_flip 3 6 1
Tile:6 6 5 0
Tile:9 4 7 1
Tile:6_flip 5 7 0
Tile:10 4 4 1
Tile:13 5 8 0
Tile:8 10 5 1
Tile:9_flip 9 6 0
Tile:6_flip 8 6 1
Tile:0 11 5 0
Tile:4_flip 10 6 1
Map 12 5 0
Malus 0 0 1
Drop 4 0 0
Tile:10 9 7 1
Drop 6 0 0
Tile:0 7 5 1
Destroy 10 5 0
Map 12 7 1
Drop 0 0 0
Destroy 5 7 1
Map 12 5 0
Tile:0 7 6 1
Drop 4 0 0
Tile:15 8 7 1
Bonus 0 0 0
Tile:9_flip 9 8 1
Tile:11 4 3 0
Tile:6_flip 3 5 1
Tile:7_flip 7 3 0
Drop 2 0 1
Tile:10 5 9 0
Map 12 3 1
Tile:5 2 5 0
Map 12 3 1
Tile:7 5 7 0
Drop 0 0 1
GAMEOVER DRAW
# Game ended: Tue Apr 14 22:22:31 EDT 2020
