# Server version 0.08 running on 192.168.2.29:8123
# Game ID: 176
# Board class: Saboteur.SaboteurBoard
# Timeout: 20000
# First Move Timeout: 30000
# Date: Wed Apr 15 00:58:58 EDT 2020
# Player 1: Player-0, 'RandomPlayer', running on localhost
# Player 2: Player-1, 'RandomPlayer', running on localhost
START Player-0 RandomPlayer
START Player-1 RandomPlayer
BoardInit:Tile:10,Tile:5,Tile:12,Tile:6,Destroy,Tile:6,Map,Tile:10,Bonus,Bonus,Tile:10,Malus,Tile:11,Map,Tile:9,Tile:6,Tile:8,Tile:6,Tile:14,Tile:0,Tile:7,Tile:5,Tile:0,Tile:0,Tile:3,Tile:15,Tile:4,Tile:7,Tile:8,Tile:7,Map,Destroy,Tile:9,Tile:8,Tile:5,Tile:2,Tile:9,Destroy,Map,Tile:8,Malus-Tile:6,Tile:1,Tile:13,Tile:8,Bonus,Bonus,Tile:9-Tile:7,Map,Tile:7,Map,Tile:9,Tile:0,Tile:5-Tile:hidden1,Tile:hidden2,Tile:nugget
Tile:6 6 5 1
Tile:5 5 4 0
Tile:8 5 6 1
Tile:7 6 4 0
Tile:1 4 6 1
Map 12 5 0
Tile:10 5 7 1
Tile:9_flip 7 5 0
Drop 0 0 1
Tile:6 3 6 0
Tile:9 7 4 1
Tile:5_flip 7 6 0
Destroy 4 6 1
Tile:6 5 8 0
Tile:10 3 5 1
Tile:0 6 6 0
Map 12 7 1
Drop 1 0 0
Drop 1 0 1
Malus 0 0 0
Drop 4 0 1
Tile:6_flip 4 8 0
Drop 5 0 1
Drop 1 0 0
Drop 0 0 1
Tile:0 4 6 0
Drop 0 0 1
Tile:6 6 8 0
Drop 6 0 1
Drop 6 0 0
Drop 1 0 1
Tile:5 6 7 0
Map 12 7 1
Tile:7_flip 2 6 0
Drop 0 0 1
Tile:7_flip 3 8 0
Drop 3 0 1
Tile:8 7 3 0
Drop 6 0 1
Destroy 5 4 0
Drop 6 0 1
Tile:2 5 4 0
Drop 5 0 1
Map 12 5 0
Drop 4 0 1
Drop 3 0 0
Drop 3 0 1
Drop 2 0 0
Drop 2 0 1
Tile:8 3 4 0
Drop 0 0 1
Tile:0 8 3 0
Malus 0 0 1
Drop 0 0 0
Drop 0 0 1
GAMEOVER DRAW
# Game ended: Wed Apr 15 00:58:58 EDT 2020
