# Server version 0.08 running on 192.168.2.29:8123
# Game ID: 156
# Board class: Saboteur.SaboteurBoard
# Timeout: 20000
# First Move Timeout: 30000
# Date: Wed Apr 15 00:58:27 EDT 2020
# Player 1: Player-0, 'RandomPlayer', running on localhost
# Player 2: Player-1, 'RandomPlayer', running on localhost
START Player-0 RandomPlayer
START Player-1 RandomPlayer
BoardInit:Tile:0,Tile:6,Tile:5,Tile:0,Tile:6,Tile:4,Tile:5,Destroy,Tile:15,Tile:9,Tile:6,Tile:7,Tile:8,Tile:9,Bonus,Tile:5,Tile:1,Tile:7,Destroy,Tile:11,Tile:7,Bonus,Tile:9,Tile:7,Map,Tile:5,Tile:6,Tile:13,Tile:2,Bonus,Tile:9,Tile:8,Tile:3,Tile:8,Tile:0,Tile:0,Bonus,Tile:10,Tile:7,Malus,Tile:8-Map,Tile:6,Tile:14,Map,Tile:12,Malus,Map-Tile:9,Map,Destroy,Tile:10,Map,Tile:8,Tile:10-Tile:hidden2,Tile:nugget,Tile:hidden1
Map 12 5 1
Map 12 5 0
Drop 1 0 1
Tile:9 5 4 0
Tile:6 6 5 1
Tile:6_flip 6 4 0
Drop 2 0 1
Tile:0 7 4 0
Drop 2 0 1
Tile:4 5 3 0
Tile:12 7 5 1
Drop 2 0 0
Tile:5_flip 8 4 1
Destroy 7 5 0
Tile:5 8 3 1
Drop 1 0 0
Tile:6 4 5 1
Tile:10 4 4 0
Tile:15 5 6 1
Destroy 7 4 0
Tile:6 3 5 1
Tile:10 3 4 0
Tile:0 7 4 1
Tile:7 4 3 0
Tile:8 9 3 1
Tile:5_flip 5 7 0
Destroy 5 7 1
Tile:5 3 3 0
Tile:6 2 5 1
Tile:7_flip 9 4 0
Tile:2 7 5 1
Tile:9 1 5 0
Tile:9_flip 10 4 1
Tile:9_flip 10 3 0
Drop 5 0 1
Tile:8 1 4 0
Tile:1 8 5 1
Drop 6 0 0
Tile:3_flip 0 4 1
Tile:7 10 2 0
Tile:7_flip 5 7 1
Tile:8 0 3 0
Tile:0 6 7 1
Tile:11 1 6 0
Drop 4 0 1
Tile:13 1 7 0
Tile:8 9 2 1
Tile:10 7 6 0
Drop 2 0 1
Malus 0 0 0
Bonus 0 0 1
Drop 0 0 0
Map 12 3 1
Drop 0 0 0
Drop 0 0 1
GAMEOVER DRAW
# Game ended: Wed Apr 15 00:58:27 EDT 2020
