# Server version 0.08 running on 192.168.2.29:8123
# Game ID: 307
# Board class: Saboteur.SaboteurBoard
# Timeout: 20000
# First Move Timeout: 30000
# Date: Wed Apr 15 23:36:25 EDT 2020
# Player 1: Player-0, 'RandomPlayer', running on localhost
# Player 2: Player-1, '260803297', running on localhost
START Player-0 RandomPlayer
START Player-1 260803297
BoardInit:Tile:8,Tile:5,Tile:5,Tile:13,Destroy,Bonus,Bonus,Tile:14,Tile:9,Tile:3,Tile:2,Tile:0,Tile:8,Tile:11,Tile:5,Tile:6,Malus,Map,Tile:8,Tile:6,Bonus,Tile:7,Tile:10,Tile:5,Tile:0,Tile:7,Tile:9,Tile:9,Tile:0,Tile:10,Destroy,Bonus,Tile:7,Tile:9,Map,Tile:9,Tile:6,Tile:12,Tile:8,Map,Tile:7-Tile:6,Map,Tile:8,Tile:6,Tile:7,Tile:4,Malus-Map,Tile:15,Tile:1,Destroy,Tile:0,Tile:10,Map-Tile:nugget,Tile:hidden2,Tile:hidden1
Map 12 3 1
Tile:10 5 6 0
Malus 0 0 1
Drop 1 0 0
Tile:6 6 5 1
Map 12 3 0
Tile:8 5 4 1
Map 12 7 0
Tile:7_flip 4 4 1
Drop 6 0 0
Tile:9_flip 6 4 1
Drop 3 0 0
Tile:8 7 5 1
Drop 0 0 0
Tile:6_flip 5 3 1
Bonus 0 0 0
Tile:8 6 3 1
Tile:11_flip 6 2 0
Tile:2_flip 5 2 1
Tile:6_flip 4 5 0
Tile:5_flip 8 5 1
Destroy 5 2 0
Tile:5_flip 5 7 1
Tile:13 7 3 0
Tile:10 7 2 1
Tile:0 4 7 0
Destroy 4 7 1
Tile:7_flip 4 7 0
Tile:9_flip 4 6 1
Tile:5 4 3 0
Tile:0 8 3 1
Tile:6 3 5 0
Tile:0 3 6 1
Tile:3_flip 2 6 0
Destroy 6 4 1
Tile:9_flip 7 4 0
Tile:7_flip 5 2 1
Tile:10 7 1 0
Drop 6 0 1
Tile:9_flip 6 1 0
Tile:8 2 5 1
Tile:7 3 4 0
Map 12 7 1
Map 12 7 0
Tile:8 6 4 1
Tile:9_flip 6 0 0
Drop 0 0 1
Tile:12_flip 1 5 0
Tile:7 9 3 1
Map 12 5 0
Drop 1 0 1
Tile:0 5 0 0
Drop 1 0 1
Drop 0 0 0
Drop 0 0 1
GAMEOVER DRAW
# Game ended: Wed Apr 15 23:36:27 EDT 2020
