# Server version 0.08 running on 192.168.2.29:8123
# Game ID: 201
# Board class: Saboteur.SaboteurBoard
# Timeout: 20000
# First Move Timeout: 30000
# Date: Wed Apr 15 01:01:59 EDT 2020
# Player 1: Player-0, 'RandomPlayer', running on localhost
# Player 2: Player-1, 'RandomPlayer', running on localhost
START Player-0 RandomPlayer
START Player-1 RandomPlayer
BoardInit:Tile:7,Destroy,Tile:12,Tile:8,Map,Tile:6,Tile:9,Bonus,Tile:6,Tile:5,Tile:8,Tile:0,Tile:9,Tile:14,Tile:15,Tile:6,Tile:8,Destroy,Tile:10,Map,Tile:8,Tile:3,Bonus,Tile:5,Tile:0,Tile:7,Tile:0,Malus,Tile:2,Tile:6,Map,Malus,Tile:0,Map,Tile:7,Tile:10,Tile:10,Tile:9,Destroy,Tile:7,Tile:11-Bonus,Tile:1,Tile:9,Tile:5,Bonus,Tile:8,Tile:7-Tile:13,Map,Tile:9,Tile:6,Map,Tile:5,Tile:4-Tile:nugget,Tile:hidden2,Tile:hidden1
Tile:9_flip 6 5 1
Tile:9 4 5 0
Tile:7_flip 6 6 1
Tile:6_flip 4 4 0
Tile:8 5 4 1
Drop 2 0 0
Tile:5_flip 5 6 1
Tile:8 6 4 0
Drop 0 0 1
Tile:6 7 6 0
Tile:9 3 4 1
Drop 1 0 0
Tile:12 7 4 1
Destroy 5 6 0
Tile:9_flip 8 6 1
Tile:14 3 5 0
Tile:6_flip 6 3 1
Tile:5_flip 5 6 0
Tile:15 3 3 1
Destroy 6 3 0
Tile:8 4 6 1
Tile:5 2 5 0
Tile:10 5 3 1
Tile:4 6 3 0
Tile:8 2 6 1
Drop 2 0 0
Tile:7 3 2 1
Tile:3_flip 4 7 0
Tile:1 2 2 1
Drop 6 0 0
Tile:2 5 7 1
Map 12 3 0
Map 12 7 1
Tile:6_flip 6 7 0
Drop 4 0 1
Tile:6_flip 7 7 0
Drop 6 0 1
Tile:7_flip 6 8 0
Tile:0 1 2 1
Tile:9_flip 7 8 0
Drop 2 0 1
Drop 2 0 0
Tile:8 8 7 1
Tile:7_flip 8 8 0
Tile:10 5 8 1
Drop 0 0 0
Destroy 8 8 1
Tile:10 7 9 0
Tile:11 8 5 1
Map 12 5 0
Map 12 3 1
Malus 0 0 0
Bonus 0 0 1
Drop 0 0 0
Tile:0 1 6 1
GAMEOVER DRAW
# Game ended: Wed Apr 15 01:01:59 EDT 2020
