# Server version 0.08 running on 192.168.2.29:8123
# Game ID: 209
# Board class: Saboteur.SaboteurBoard
# Timeout: 20000
# First Move Timeout: 30000
# Date: Wed Apr 15 01:02:10 EDT 2020
# Player 1: Player-0, 'RandomPlayer', running on localhost
# Player 2: Player-1, 'RandomPlayer', running on localhost
START Player-0 RandomPlayer
START Player-1 RandomPlayer
BoardInit:Destroy,Destroy,Tile:13,Tile:9,Tile:10,Map,Bonus,Tile:7,Tile:10,Map,Tile:7,Tile:6,Tile:8,Tile:5,Tile:14,Tile:10,Tile:0,Map,Malus,Destroy,Tile:8,Bonus,Malus,Tile:15,Tile:6,Tile:9,Tile:6,Map,Tile:9,Tile:0,Tile:4,Tile:0,Tile:0,Tile:6,Tile:3,Tile:9,Tile:2,Bonus,Tile:1,Tile:12,Tile:5-Map,Bonus,Tile:7,Tile:9,Tile:7,Tile:5,Tile:5-Tile:8,Tile:11,Tile:7,Tile:6,Tile:8,Map,Tile:8-Tile:hidden2,Tile:hidden1,Tile:nugget
Tile:5_flip 5 6 1
Map 12 7 0
Drop 1 0 1
Tile:6_flip 4 5 0
Tile:9 4 6 1
Tile:8 4 7 0
Tile:5_flip 6 5 1
Tile:7_flip 4 8 0
Drop 2 0 1
Destroy 5 6 0
Drop 1 0 1
Drop 1 0 0
Drop 6 0 1
Tile:8 5 6 0
Drop 3 0 1
Tile:6 5 8 0
Tile:14_flip 6 4 1
Tile:9_flip 5 4 0
Tile:13 3 7 1
Drop 1 0 0
Tile:0 6 6 1
Tile:11_flip 3 8 0
Tile:8 7 4 1
Tile:7_flip 4 4 0
Destroy 6 6 1
Tile:10 4 3 0
Tile:10 5 3 1
Tile:5 3 5 0
Tile:6_flip 2 8 1
Drop 0 0 0
Tile:6 2 7 1
Tile:15 3 6 0
Tile:4_flip 3 9 1
Map 12 7 0
Tile:9_flip 5 7 1
Tile:9 5 2 0
Tile:8 7 3 1
Tile:0 8 4 0
Tile:2_flip 8 3 1
Destroy 4 7 0
Tile:3_flip 1 8 1
Tile:9_flip 6 8 0
Tile:0 6 6 1
Tile:12_flip 6 3 0
Tile:5_flip 6 9 1
Drop 3 0 0
Map 12 7 1
Tile:0 7 6 0
Malus 0 0 1
Bonus 0 0 0
Tile:1 6 2 1
Map 12 7 0
Malus 0 0 1
Drop 0 0 0
Drop 0 0 1
GAMEOVER DRAW
# Game ended: Wed Apr 15 01:02:10 EDT 2020
