# Server version 0.08 running on 192.168.2.29:8123
# Game ID: 84
# Board class: Saboteur.SaboteurBoard
# Timeout: 20000
# First Move Timeout: 30000
# Date: Tue Apr 14 21:29:02 EDT 2020
# Player 1: Player-0, 'RandomPlayer', running on localhost
# Player 2: Player-1, 'RandomPlayer', running on localhost
START Player-0 RandomPlayer
START Player-1 RandomPlayer
BoardInit:Tile:7,Map,Tile:6,Tile:6,Tile:6,Tile:5,Tile:1,Map,Tile:4,Bonus,Tile:7,Tile:3,Tile:13,Tile:5,Tile:8,Tile:9,Destroy,Tile:9,Tile:0,Map,Tile:14,Tile:2,Tile:6,Tile:7,Tile:0,Malus,Tile:9,Destroy,Tile:10,Tile:10,Bonus,Map,Tile:8,Malus,Tile:6,Tile:7,Tile:5,Tile:11,Tile:15,Tile:8,Tile:8-Tile:0,Tile:10,Tile:0,Destroy,Tile:8,Bonus,Tile:9-Map,Tile:12,Map,Tile:7,Tile:9,Bonus,Tile:5-Tile:hidden2,Tile:hidden1,Tile:nugget
Tile:9 5 6 1
Tile:9_flip 5 7 0
Tile:8 4 7 1
Tile:7_flip 5 8 0
Tile:7 5 4 1
Map 12 7 0
Tile:6 3 7 1
Tile:6 2 7 0
Tile:10 3 6 1
Tile:5 4 4 0
Tile:1 6 5 1
Drop 4 0 0
Tile:6 4 5 1
Drop 0 0 0
Destroy 5 4 1
Drop 1 0 0
Tile:0 6 6 1
Map 12 5 0
Destroy 4 5 1
Drop 1 0 0
Tile:0 6 8 1
Map 12 7 0
Tile:7 5 4 1
Tile:9_flip 7 6 0
Tile:8 1 7 1
Tile:9_flip 2 6 0
Tile:4 2 5 1
Tile:5_flip 4 8 0
Tile:0 3 8 1
Drop 4 0 0
Tile:14_flip 3 5 1
Tile:3 7 5 0
Tile:9 1 6 1
Destroy 4 4 0
Tile:0 2 8 1
Map 12 5 0
Tile:10 4 6 1
Tile:2_flip 7 8 0
Tile:6 1 8 1
Tile:10 7 7 0
Drop 2 0 1
Tile:7_flip 0 8 0
Tile:8 8 8 1
Map 12 7 0
Drop 4 0 1
Tile:8 8 9 0
Tile:8 4 5 1
Tile:11 4 4 0
Tile:6 9 9 1
Drop 1 0 0
Tile:5 0 7 1
Malus 0 0 0
Bonus 0 0 1
Drop 0 0 0
Tile:13 8 10 1
GAMEOVER DRAW
# Game ended: Tue Apr 14 21:29:02 EDT 2020
