# Server version 0.08 running on 192.168.2.29:8123
# Game ID: 294
# Board class: Saboteur.SaboteurBoard
# Timeout: 20000
# First Move Timeout: 30000
# Date: Wed Apr 15 23:35:48 EDT 2020
# Player 1: Player-0, '260803297', running on localhost
# Player 2: Player-1, 'RandomPlayer', running on localhost
START Player-0 260803297
START Player-1 RandomPlayer
BoardInit:Tile:10,Bonus,Tile:6,Tile:1,Tile:5,Malus,Tile:0,Destroy,Map,Tile:9,Tile:10,Tile:9,Tile:3,Map,Tile:8,Tile:0,Tile:15,Tile:6,Tile:8,Tile:9,Tile:6,Tile:7,Tile:5,Tile:7,Destroy,Destroy,Tile:0,Tile:7,Tile:4,Tile:5,Bonus,Tile:2,Map,Tile:9,Tile:5,Bonus,Tile:8,Map,Tile:6,Map,Tile:0-Malus,Tile:14,Tile:7,Tile:7,Map,Tile:9,Tile:11-Tile:13,Tile:6,Tile:10,Tile:8,Bonus,Tile:12,Tile:8-Tile:hidden2,Tile:nugget,Tile:hidden1
Tile:7 6 5 1
Drop 3 0 0
Tile:9_flip 6 6 1
Tile:6 5 6 0
Tile:14_flip 5 4 1
Tile:1 4 6 0
Tile:7_flip 4 5 1
Malus 0 0 0
Map 12 5 1
Drop 6 0 0
Drop 1 0 1
Tile:9_flip 4 4 0
Drop 6 0 1
Drop 4 0 0
Map 12 5 1
Map 12 3 0
Drop 1 0 1
Tile:10 6 7 0
Drop 3 0 1
Tile:9_flip 6 8 0
Drop 2 0 1
Drop 0 0 0
Drop 3 0 1
Tile:0 6 4 0
Drop 5 0 1
Tile:9 3 6 0
Destroy 6 7 1
Tile:6 5 8 0
Drop 6 0 1
Tile:7 4 3 0
Drop 1 0 1
Destroy 6 4 0
Drop 6 0 1
Tile:7_flip 6 9 0
Drop 4 0 1
Tile:12 6 4 0
Map 12 7 1
Tile:2_flip 7 9 0
Drop 0 0 1
Map 12 5 0
Drop 2 0 1
Tile:9 7 8 0
Drop 0 0 1
Tile:5_flip 8 9 0
Drop 4 0 1
Drop 0 0 0
Drop 2 0 1
Drop 1 0 0
Drop 0 0 1
Map 12 7 0
Drop 0 0 1
Drop 0 0 0
Drop 1 0 1
Drop 0 0 0
Drop 0 0 1
GAMEOVER DRAW
# Game ended: Wed Apr 15 23:35:50 EDT 2020
