# Server version 0.08 running on 192.168.2.29:8123
# Game ID: 274
# Board class: Saboteur.SaboteurBoard
# Timeout: 20000
# First Move Timeout: 30000
# Date: Wed Apr 15 23:28:08 EDT 2020
# Player 1: Player-0, '260803297', running on localhost
# Player 2: Player-1, 'RandomPlayer', running on localhost
START Player-0 260803297
START Player-1 RandomPlayer
BoardInit:Tile:0,Tile:5,Tile:15,Tile:3,Tile:6,Tile:8,Tile:7,Tile:0,Tile:8,Map,Bonus,Tile:13,Malus,Tile:9,Bonus,Destroy,Tile:7,Tile:10,Tile:10,Tile:0,Tile:6,Tile:12,Tile:6,Tile:7,Bonus,Tile:8,Tile:4,Tile:7,Destroy,Map,Tile:9,Tile:10,Tile:7,Tile:8,Map,Tile:5,Tile:6,Tile:6,Tile:14,Tile:9,Tile:5-Map,Tile:9,Destroy,Tile:11,Tile:8,Tile:0,Tile:1-Tile:9,Bonus,Tile:5,Map,Malus,Map,Tile:2-Tile:nugget,Tile:hidden2,Tile:hidden1
Tile:11 5 6 1
Map 12 3 0
Destroy 5 6 1
Tile:5 5 4 0
Tile:8 6 4 1
Map 12 5 0
Drop 2 0 1
Drop 2 0 0
Tile:1 4 5 1
Tile:2_flip 6 5 0
Tile:7 7 4 1
Tile:3_flip 5 6 0
Tile:6_flip 6 3 1
Drop 2 0 0
Malus 0 0 1
Drop 5 0 0
Tile:0 6 6 1
Drop 3 0 0
Tile:7_flip 5 3 1
Drop 1 0 0
Tile:9_flip 7 5 1
Map 12 3 0
Tile:6 7 6 1
Drop 6 0 0
Tile:6 7 3 1
Destroy 7 6 0
Drop 3 0 1
Drop 0 0 0
Drop 6 0 1
Drop 1 0 0
Drop 2 0 1
Drop 3 0 0
Destroy 6 6 1
Map 12 3 0
Drop 2 0 1
Drop 4 0 0
Tile:7 5 2 1
Drop 5 0 0
Tile:9 7 2 1
Drop 6 0 0
Map 12 7 1
Drop 3 0 0
Tile:6_flip 8 2 1
Drop 1 0 0
Map 12 3 1
Drop 1 0 0
Drop 1 0 1
Drop 1 0 0
Tile:14_flip 7 1 1
Drop 0 0 0
Tile:5_flip 8 1 1
Drop 0 0 0
Drop 0 0 1
Drop 0 0 0
Drop 0 0 1
GAMEOVER DRAW
# Game ended: Wed Apr 15 23:28:13 EDT 2020
