# Server version 0.08 running on 192.168.2.29:8123
# Game ID: 232
# Board class: Saboteur.SaboteurBoard
# Timeout: 20000
# First Move Timeout: 30000
# Date: Wed Apr 15 01:02:46 EDT 2020
# Player 1: Player-0, 'RandomPlayer', running on localhost
# Player 2: Player-1, 'RandomPlayer', running on localhost
START Player-0 RandomPlayer
START Player-1 RandomPlayer
BoardInit:Map,Destroy,Bonus,Map,Tile:8,Tile:7,Tile:5,Map,Tile:7,Tile:9,Tile:3,Tile:11,Tile:0,Malus,Tile:10,Tile:5,Bonus,Tile:6,Tile:9,Tile:8,Destroy,Tile:6,Bonus,Tile:6,Tile:6,Map,Tile:10,Tile:5,Tile:6,Tile:1,Destroy,Tile:14,Malus,Tile:5,Tile:4,Tile:13,Tile:8,Map,Tile:15,Tile:0,Tile:8-Bonus,Map,Tile:9,Tile:12,Tile:7,Tile:7,Tile:0-Tile:2,Tile:8,Tile:7,Tile:0,Tile:9,Tile:9,Tile:10-Tile:nugget,Tile:hidden2,Tile:hidden1
Drop 3 0 1
Tile:8 4 5 0
Tile:9_flip 5 4 1
Tile:9 3 5 0
Tile:7_flip 4 6 1
Drop 1 0 0
Tile:8 5 3 1
Destroy 4 5 0
Map 12 7 1
Drop 0 0 0
Tile:7 5 2 1
Tile:7_flip 4 2 0
Map 12 3 1
Tile:9_flip 5 6 0
Drop 2 0 1
Drop 5 0 0
Tile:0 6 5 1
Tile:9 4 1 0
Tile:3 3 4 1
Tile:0 4 3 0
Tile:5_flip 5 1 1
Tile:5_flip 3 6 0
Tile:9 5 7 1
Tile:8 4 5 0
Destroy 4 1 1
Tile:6_flip 2 6 0
Tile:6 3 3 1
Tile:10 2 7 0
Tile:7 7 5 1
Drop 0 0 0
Tile:0 1 6 1
Tile:6_flip 6 3 0
Tile:6_flip 4 1 1
Tile:14 5 8 0
Destroy 3 6 1
Tile:5 0 6 0
Tile:4_flip 6 4 1
Drop 3 0 0
Tile:8 7 3 1
Map 12 5 0
Tile:10 0 7 1
Tile:13 2 4 0
Drop 0 0 1
Tile:6 7 6 0
Drop 2 0 1
Tile:5 6 6 0
Tile:8 0 8 1
Tile:1 1 4 0
Malus 0 0 1
Map 12 5 0
Tile:15 0 9 1
Malus 0 0 0
Drop 0 0 1
Drop 0 0 0
Bonus 0 0 1
GAMEOVER DRAW
# Game ended: Wed Apr 15 01:02:46 EDT 2020
