# Server version 0.08 running on 192.168.2.29:8123
# Game ID: 321
# Board class: Saboteur.SaboteurBoard
# Timeout: 20000
# First Move Timeout: 30000
# Date: Wed Apr 15 23:40:59 EDT 2020
# Player 1: Player-0, 'RandomPlayer', running on localhost
# Player 2: Player-1, '260803297', running on localhost
START Player-0 RandomPlayer
START Player-1 260803297
BoardInit:Map,Tile:1,Tile:7,Tile:10,Tile:9,Bonus,Map,Tile:10,Bonus,Tile:8,Tile:8,Tile:6,Tile:5,Bonus,Tile:6,Tile:8,Tile:11,Malus,Tile:0,Tile:7,Tile:13,Tile:4,Tile:7,Destroy,Tile:7,Tile:6,Map,Tile:0,Tile:2,Malus,Tile:9,Tile:9,Tile:8,Tile:10,Tile:5,Tile:9,Tile:9,Tile:8,Bonus,Destroy,Tile:5-Map,Map,Tile:5,Destroy,Tile:6,Tile:15,Tile:3-Tile:6,Tile:0,Tile:14,Tile:12,Tile:7,Map,Tile:0-Tile:hidden1,Tile:hidden2,Tile:nugget
Map 12 3 1
Tile:14_flip 5 4 0
Map 12 3 1
Tile:0 4 5 0
Map 12 3 1
Drop 4 0 0
Tile:9 3 5 1
Map 12 7 0
Map 12 3 1
Tile:10 5 6 0
Tile:15 5 7 1
Drop 2 0 0
Tile:3_flip 3 6 1
Tile:6 6 5 0
Destroy 5 6 1
Drop 1 0 0
Tile:8 6 4 1
Drop 0 0 0
Tile:5_flip 7 4 1
Tile:10 5 6 0
Drop 0 0 1
Tile:7 3 4 0
Tile:6 2 4 1
Tile:4_flip 5 8 0
Tile:7 2 3 1
Malus 0 0 0
Bonus 0 0 1
Destroy 5 7 0
Map 12 3 1
Drop 5 0 0
Tile:5 1 4 1
Drop 0 0 0
Tile:9_flip 1 5 1
Tile:9_flip 5 7 0
Tile:7 6 3 1
Tile:0 7 5 0
Tile:2 0 5 1
Drop 6 0 0
Tile:13 4 7 1
Tile:8 1 6 0
Drop 0 0 1
Tile:10 7 3 0
Tile:9_flip 2 6 1
Malus 0 0 0
Bonus 0 0 1
Destroy 1 4 0
Tile:8 2 7 1
Tile:8 1 4 0
Tile:5_flip 4 8 1
Tile:6 0 4 0
Tile:5 1 3 1
Tile:8 0 6 0
Tile:0 3 8 1
Drop 0 0 0
Tile:7_flip 2 8 1
GAMEOVER DRAW
# Game ended: Wed Apr 15 23:41:00 EDT 2020
