# Server version 0.08 running on 192.168.2.29:8123
# Game ID: 154
# Board class: Saboteur.SaboteurBoard
# Timeout: 20000
# First Move Timeout: 30000
# Date: Wed Apr 15 00:58:24 EDT 2020
# Player 1: Player-0, 'RandomPlayer', running on localhost
# Player 2: Player-1, 'RandomPlayer', running on localhost
START Player-0 RandomPlayer
START Player-1 RandomPlayer
BoardInit:Tile:5,Tile:10,Tile:3,Destroy,Bonus,Malus,Tile:6,Tile:8,Tile:14,Tile:8,Tile:5,Tile:7,Tile:7,Tile:15,Tile:8,Tile:4,Tile:1,Bonus,Tile:11,Tile:0,Tile:6,Tile:0,Map,Tile:9,Tile:6,Tile:7,Map,Tile:9,Destroy,Tile:9,Tile:8,Tile:7,Tile:7,Bonus,Malus,Tile:0,Tile:6,Map,Tile:0,Map,Tile:10-Bonus,Tile:2,Tile:5,Tile:9,Destroy,Tile:6,Map-Map,Tile:10,Tile:9,Tile:5,Tile:8,Tile:13,Tile:12-Tile:nugget,Tile:hidden1,Tile:hidden2
Tile:6_flip 5 4 1
Tile:8 4 4 0
Tile:5 4 3 1
Tile:13 3 4 0
Tile:2_flip 5 3 1
Tile:9_flip 3 5 0
Tile:9_flip 5 2 1
Tile:10 3 3 0
Tile:6 4 2 1
Tile:5_flip 6 4 0
Tile:3 6 3 1
Tile:8 5 6 0
Tile:5 2 5 1
Destroy 3 3 0
Destroy 3 5 1
Map 12 3 0
Tile:7 6 6 1
Tile:7_flip 2 4 0
Tile:1 6 5 1
Drop 5 0 0
Tile:11_flip 3 3 1
Tile:8 4 1 0
Tile:6 5 7 1
Drop 5 0 0
Tile:5 4 7 1
Tile:9 4 8 0
Tile:6 7 5 1
Tile:15 2 6 0
Tile:14 6 7 1
Tile:9_flip 3 5 0
Map 12 3 1
Tile:7 5 1 0
Destroy 4 7 1
Tile:9 3 6 0
Tile:7 5 8 1
Drop 2 0 0
Tile:8 3 7 1
Tile:7_flip 2 7 0
Tile:6_flip 3 1 1
Tile:12 8 5 0
Tile:8 3 2 1
Drop 2 0 0
Tile:0 2 1 1
Tile:10 4 0 0
Map 12 3 1
Drop 0 0 0
Tile:10 5 9 1
Map 12 7 0
Map 12 3 1
Tile:0 2 2 0
Drop 0 0 1
Map 12 7 0
Malus 0 0 1
Drop 0 0 0
Drop 0 0 1
GAMEOVER DRAW
# Game ended: Wed Apr 15 00:58:24 EDT 2020
