# Server version 0.08 running on 192.168.2.29:8123
# Game ID: 184
# Board class: Saboteur.SaboteurBoard
# Timeout: 20000
# First Move Timeout: 30000
# Date: Wed Apr 15 00:59:13 EDT 2020
# Player 1: Player-0, 'RandomPlayer', running on localhost
# Player 2: Player-1, 'RandomPlayer', running on localhost
START Player-0 RandomPlayer
START Player-1 RandomPlayer
BoardInit:Tile:2,Tile:12,Tile:8,Tile:7,Destroy,Tile:15,Bonus,Tile:7,Tile:10,Tile:0,Tile:10,Tile:9,Tile:9,Tile:0,Tile:6,Malus,Tile:0,Tile:5,Tile:3,Tile:14,Tile:5,Tile:6,Tile:9,Tile:4,Tile:8,Tile:11,Tile:8,Tile:7,Tile:10,Tile:0,Tile:6,Map,Tile:7,Tile:8,Tile:1,Map,Tile:7,Destroy,Map,Bonus,Tile:9-Tile:6,Map,Malus,Tile:9,Tile:13,Tile:5,Bonus-Destroy,Tile:6,Bonus,Tile:8,Map,Tile:5,Map-Tile:nugget,Tile:hidden1,Tile:hidden2
Tile:5 5 4 1
Tile:6 6 4 0
Map 12 7 1
Tile:12 7 4 0
Drop 4 0 1
Destroy 7 4 0
Tile:2 6 3 1
Tile:8 4 5 0
Tile:9_flip 5 6 1
Tile:7_flip 4 6 0
Destroy 6 3 1
Drop 1 0 0
Tile:6 5 7 1
Drop 2 0 0
Tile:10 4 4 1
Tile:9 3 5 0
Tile:6 7 4 1
Tile:7 4 3 0
Tile:8 8 4 1
Drop 1 0 0
Tile:9_flip 9 4 1
Tile:5 4 7 0
Tile:10 4 8 1
Tile:15 9 5 0
Tile:9_flip 6 3 1
Tile:4_flip 9 6 0
Tile:3 6 7 1
Tile:14_flip 7 3 0
Tile:8 9 3 1
Tile:7_flip 5 3 0
Tile:10 6 2 1
Tile:11 6 1 0
Tile:13 8 3 1
Tile:0 7 1 0
Tile:6_flip 8 2 1
Tile:0 10 3 0
Tile:1 8 1 1
Tile:8 3 3 0
Tile:5 2 3 1
Tile:6_flip 6 5 0
Tile:7 9 1 1
Destroy 4 8 0
Tile:7_flip 6 8 1
Tile:0 7 5 0
Tile:9 2 4 1
Drop 3 0 0
Map 12 3 1
Map 12 3 0
Drop 1 0 1
Malus 0 0 0
Drop 0 0 1
Drop 0 0 0
Drop 1 0 1
Drop 0 0 0
Drop 0 0 1
GAMEOVER DRAW
# Game ended: Wed Apr 15 00:59:13 EDT 2020
