# Server version 0.08 running on 192.168.2.29:8123
# Game ID: 212
# Board class: Saboteur.SaboteurBoard
# Timeout: 20000
# First Move Timeout: 30000
# Date: Wed Apr 15 01:02:14 EDT 2020
# Player 1: Player-0, 'RandomPlayer', running on localhost
# Player 2: Player-1, 'RandomPlayer', running on localhost
START Player-0 RandomPlayer
START Player-1 RandomPlayer
BoardInit:Tile:8,Tile:10,Tile:9,Bonus,Malus,Tile:5,Map,Bonus,Tile:11,Tile:0,Tile:10,Bonus,Tile:10,Tile:8,Tile:6,Tile:5,Tile:0,Map,Tile:6,Tile:4,Tile:8,Destroy,Tile:8,Tile:9,Tile:5,Tile:1,Malus,Tile:7,Tile:7,Map,Map,Tile:14,Tile:12,Tile:13,Tile:7,Tile:7,Destroy,Tile:6,Tile:15,Map,Destroy-Tile:0,Tile:9,Tile:8,Tile:2,Tile:6,Map,Tile:9-Tile:0,Tile:9,Tile:6,Tile:7,Bonus,Tile:3,Tile:5-Tile:hidden2,Tile:hidden1,Tile:nugget
Tile:6 4 5 1
Tile:5 3 5 0
Tile:0 6 5 1
Tile:6 3 6 0
Tile:9_flip 7 5 1
Tile:9_flip 5 6 0
Tile:2 4 6 1
Tile:5_flip 5 7 0
Tile:9 5 4 1
Tile:3 7 4 0
Tile:9_flip 4 4 1
Drop 1 0 0
Tile:8 4 7 1
Tile:0 6 4 0
Tile:8 4 3 1
Drop 5 0 0
Map 12 3 1
Tile:10 7 6 0
Malus 0 0 1
Drop 1 0 0
Tile:6 4 8 1
Drop 1 0 0
Tile:10 4 2 1
Destroy 5 6 0
Tile:6_flip 5 8 1
Drop 5 0 0
Tile:8 3 8 1
Map 12 5 0
Tile:11_flip 5 6 1
Drop 6 0 0
Tile:7_flip 2 8 1
Drop 3 0 0
Map 12 3 1
Map 12 7 0
Tile:5_flip 3 9 1
Drop 0 0 0
Drop 3 0 1
Drop 3 0 0
Tile:7 5 3 1
Drop 6 0 0
Destroy 5 4 1
Drop 6 0 0
Destroy 4 2 1
Drop 1 0 0
Tile:12_flip 2 9 1
Drop 3 0 0
Tile:0 3 3 1
Drop 0 0 0
Tile:10 2 7 1
Drop 2 0 0
Map 12 3 1
Drop 0 0 0
Tile:8 4 2 1
Drop 0 0 0
Tile:15 5 9 1
GAMEOVER DRAW
# Game ended: Wed Apr 15 01:02:15 EDT 2020
