# Server version 0.08 running on 192.168.2.29:8123
# Game ID: 219
# Board class: Saboteur.SaboteurBoard
# Timeout: 20000
# First Move Timeout: 30000
# Date: Wed Apr 15 01:02:25 EDT 2020
# Player 1: Player-0, 'RandomPlayer', running on localhost
# Player 2: Player-1, 'RandomPlayer', running on localhost
START Player-0 RandomPlayer
START Player-1 RandomPlayer
BoardInit:Tile:13,Tile:5,Malus,Destroy,Tile:7,Tile:8,Map,Tile:8,Tile:3,Map,Bonus,Tile:10,Tile:7,Tile:9,Tile:8,Map,Map,Tile:7,Tile:9,Tile:0,Tile:6,Bonus,Tile:6,Tile:4,Tile:15,Tile:8,Map,Tile:6,Tile:9,Tile:5,Tile:5,Tile:6,Tile:7,Tile:12,Tile:10,Tile:0,Bonus,Tile:10,Tile:1,Tile:9,Tile:2-Tile:6,Tile:7,Malus,Tile:0,Bonus,Destroy,Tile:14-Tile:8,Tile:0,Tile:9,Tile:11,Map,Tile:5,Destroy-Tile:hidden2,Tile:hidden1,Tile:nugget
Tile:6_flip 6 5 1
Tile:5_flip 5 6 0
Tile:13 4 6 1
Tile:9 5 4 0
Drop 4 0 1
Tile:0 6 4 0
Drop 2 0 1
Destroy 4 6 0
Tile:7 5 3 1
Tile:8 7 5 0
Tile:14_flip 4 5 1
Tile:8 8 5 0
Tile:3 7 4 1
Map 12 5 0
Malus 0 0 1
Drop 3 0 0
Drop 0 0 1
Destroy 6 4 0
Tile:8 4 6 1
Drop 1 0 0
Tile:7_flip 3 6 1
Map 12 3 0
Tile:6 6 4 1
Map 12 5 0
Drop 2 0 1
Drop 5 0 0
Tile:7_flip 6 6 1
Drop 0 0 0
Drop 6 0 1
Drop 5 0 0
Tile:6 4 3 1
Drop 0 0 0
Tile:9 8 6 1
Drop 6 0 0
Tile:9_flip 3 5 1
Drop 3 0 0
Tile:7 9 6 1
Drop 3 0 0
Tile:5_flip 9 5 1
Drop 6 0 0
Tile:15 9 4 1
Drop 2 0 0
Map 12 7 1
Drop 1 0 0
Drop 4 0 1
Drop 3 0 0
Tile:2_flip 4 7 1
Drop 0 0 0
Tile:10 8 4 1
Drop 2 0 0
Drop 1 0 1
Drop 0 0 0
Malus 0 0 1
Drop 0 0 0
Drop 0 0 1
GAMEOVER DRAW
# Game ended: Wed Apr 15 01:02:25 EDT 2020
