# Server version 0.08 running on 192.168.2.29:8123
# Game ID: 64
# Board class: Saboteur.SaboteurBoard
# Timeout: 20000
# First Move Timeout: 30000
# Date: Tue Apr 14 19:31:07 EDT 2020
# Player 1: Player-0, 'RandomPlayer', running on localhost
# Player 2: Player-1, 'RandomPlayer', running on localhost
START Player-0 RandomPlayer
START Player-1 RandomPlayer
BoardInit:Map,Map,Bonus,Tile:9,Tile:12,Tile:0,Tile:0,Tile:6,Tile:7,Destroy,Bonus,Tile:2,Tile:6,Destroy,Destroy,Tile:11,Tile:8,Tile:5,Tile:6,Tile:10,Tile:3,Tile:7,Tile:5,Tile:7,Tile:8,Map,Tile:0,Tile:7,Bonus,Tile:8,Tile:15,Tile:1,Tile:14,Malus,Tile:4,Map,Tile:5,Tile:9,Tile:9,Map,Tile:13-Bonus,Tile:9,Tile:10,Tile:5,Tile:7,Tile:8,Tile:0-Tile:8,Tile:6,Malus,Map,Tile:6,Tile:9,Tile:10-Tile:nugget,Tile:hidden1,Tile:hidden2
Tile:9 5 6 1
Tile:8 6 6 0
Tile:8 5 7 1
Tile:6 6 7 0
Tile:5_flip 5 8 1
Tile:6 7 6 0
Drop 2 0 1
Tile:9 5 4 0
Tile:0 6 4 1
Tile:0 7 7 0
Map 12 7 1
Drop 3 0 0
Tile:10 7 5 1
Destroy 6 6 0
Tile:0 4 5 1
Destroy 5 7 0
Tile:12_flip 3 5 1
Tile:11 5 7 0
Drop 5 0 1
Tile:5 5 3 0
Tile:8 7 4 1
Tile:2 6 6 0
Tile:6 6 3 1
Tile:9_flip 6 2 0
Tile:7_flip 4 8 1
Tile:10 4 7 0
Tile:3 8 7 1
Malus 0 0 0
Drop 4 0 1
Tile:7_flip 5 2 0
Drop 3 0 1
Tile:7 4 6 0
Bonus 0 0 1
Tile:1 8 6 0
Drop 3 0 1
Tile:7 8 4 0
Tile:4_flip 8 5 1
Tile:6_flip 7 3 0
Tile:5_flip 9 6 1
Tile:9_flip 6 1 0
Tile:15 8 8 1
Drop 2 0 0
Tile:13 8 9 1
Drop 5 0 0
Tile:9_flip 8 10 1
Drop 0 0 0
Tile:14 8 3 1
Malus 0 0 0
Bonus 0 0 1
Drop 2 0 0
Tile:8 6 0 1
Tile:8 7 10 0
Drop 1 0 1
Tile:10 8 11 0
Drop 0 0 1
GAMEOVER DRAW
# Game ended: Tue Apr 14 19:31:07 EDT 2020
