# Server version 0.08 running on 192.168.2.29:8123
# Game ID: 153
# Board class: Saboteur.SaboteurBoard
# Timeout: 20000
# First Move Timeout: 30000
# Date: Wed Apr 15 00:58:23 EDT 2020
# Player 1: Player-0, 'RandomPlayer', running on localhost
# Player 2: Player-1, 'RandomPlayer', running on localhost
START Player-0 RandomPlayer
START Player-1 RandomPlayer
BoardInit:Tile:12,Tile:5,Destroy,Bonus,Tile:8,Tile:3,Tile:6,Tile:6,Tile:9,Map,Map,Tile:9,Map,Bonus,Tile:10,Tile:0,Tile:14,Map,Malus,Tile:8,Tile:10,Bonus,Tile:6,Tile:1,Map,Tile:6,Tile:5,Tile:15,Tile:7,Tile:7,Tile:7,Tile:8,Tile:10,Tile:11,Destroy,Destroy,Tile:0,Tile:0,Map,Tile:9,Tile:5-Tile:8,Tile:2,Bonus,Tile:0,Tile:7,Tile:9,Tile:8-Malus,Tile:9,Tile:6,Tile:13,Tile:7,Tile:5,Tile:4-Tile:hidden2,Tile:hidden1,Tile:nugget
Tile:9_flip 5 4 1
Tile:13 4 5 0
Tile:7_flip 3 5 1
Tile:5_flip 5 6 0
Destroy 4 5 1
Tile:7 3 4 0
Drop 6 0 1
Tile:9_flip 6 5 0
Tile:8 4 5 1
Tile:5 4 4 0
Tile:2_flip 4 6 1
Drop 1 0 0
Tile:9 6 4 1
Tile:3_flip 6 6 0
Drop 3 0 1
Tile:9_flip 7 6 0
Tile:8 7 7 1
Tile:6 7 8 0
Tile:14 8 7 1
Tile:0 6 7 0
Tile:6 2 4 1
Tile:8 5 3 0
Tile:0 6 8 1
Tile:4 5 2 0
Tile:10 7 5 1
Map 12 5 0
Tile:6_flip 3 6 1
Tile:1 5 8 0
Tile:5 8 6 1
Tile:6_flip 4 8 0
Map 12 3 1
Drop 0 0 0
Tile:7_flip 1 4 1
Map 12 3 0
Tile:7_flip 4 3 1
Tile:8 2 6 0
Destroy 3 5 1
Tile:11_flip 7 4 0
Drop 2 0 1
Destroy 5 6 0
Tile:10 3 7 1
Tile:9_flip 5 6 0
Tile:0 8 8 1
Tile:7 9 6 0
Drop 4 0 1
Tile:15 9 7 0
Tile:5_flip 4 9 1
Drop 2 0 0
Drop 1 0 1
Drop 1 0 0
Map 12 3 1
Tile:0 3 9 0
Tile:10 7 3 1
Drop 0 0 0
Drop 0 0 1
GAMEOVER DRAW
# Game ended: Wed Apr 15 00:58:23 EDT 2020
