# Server version 0.08 running on 192.168.2.29:8123
# Game ID: 227
# Board class: Saboteur.SaboteurBoard
# Timeout: 20000
# First Move Timeout: 30000
# Date: Wed Apr 15 01:02:37 EDT 2020
# Player 1: Player-0, 'RandomPlayer', running on localhost
# Player 2: Player-1, 'RandomPlayer', running on localhost
START Player-0 RandomPlayer
START Player-1 RandomPlayer
BoardInit:Tile:9,Tile:8,Tile:5,Map,Tile:7,Tile:1,Tile:9,Tile:6,Tile:15,Tile:5,Tile:12,Map,Map,Tile:11,Map,Tile:7,Tile:8,Tile:8,Tile:10,Tile:6,Map,Tile:0,Tile:7,Tile:5,Tile:7,Tile:0,Tile:9,Destroy,Malus,Tile:9,Tile:14,Tile:9,Tile:5,Malus,Tile:4,Tile:7,Tile:10,Bonus,Tile:3,Destroy,Tile:6-Map,Tile:8,Tile:6,Tile:13,Tile:0,Tile:2,Bonus-Bonus,Tile:0,Bonus,Tile:6,Tile:10,Destroy,Tile:8-Tile:hidden2,Tile:hidden1,Tile:nugget
Tile:2 5 4 1
Tile:6 6 5 0
Tile:9 4 5 1
Tile:8 6 4 0
Tile:6 5 6 1
Tile:0 6 6 0
Tile:13 4 6 1
Tile:10 6 3 0
Tile:5_flip 4 7 1
Tile:8 3 7 0
Tile:0 7 6 1
Drop 1 0 0
Drop 0 0 1
Destroy 5 6 0
Tile:9 4 4 1
Map 12 7 0
Drop 1 0 1
Tile:11 2 7 0
Tile:8 3 6 1
Tile:8 4 3 0
Map 12 5 1
Tile:6 3 8 0
Tile:8 5 6 1
Tile:5 2 6 0
Drop 5 0 1
Drop 5 0 0
Tile:7 8 6 1
Drop 3 0 0
Tile:15 5 7 1
Destroy 3 7 0
Tile:7 3 5 1
Tile:6 3 3 0
Tile:10 3 2 1
Tile:5 2 3 0
Tile:5_flip 5 3 1
Tile:9 5 2 0
Drop 3 0 1
Tile:9 8 7 0
Drop 6 0 1
Tile:7 9 7 0
Tile:4 4 2 1
Destroy 2 6 0
Tile:7 6 2 1
Tile:1 7 4 0
Drop 4 0 1
Drop 0 0 0
Tile:6_flip 4 8 1
Tile:0 7 5 0
Tile:14 8 5 1
Map 12 7 0
Map 12 7 1
Malus 0 0 0
Malus 0 0 1
Drop 0 0 0
Drop 0 0 1
GAMEOVER DRAW
# Game ended: Wed Apr 15 01:02:38 EDT 2020
