# Server version 0.08 running on 192.168.0.168:8123
# Game ID: 253
# Board class: Saboteur.SaboteurBoard
# Timeout: 20000
# First Move Timeout: 30000
# Date: Wed Apr 15 14:22:32 EDT 2020
# Player 1: Player-0, '260803297', running on localhost
# Player 2: Player-1, 'RandomPlayer', running on localhost
START Player-0 260803297
START Player-1 RandomPlayer
BoardInit:Tile:11,Map,Tile:9,Tile:8,Tile:6,Tile:0,Destroy,Tile:8,Malus,Tile:8,Map,Tile:14,Tile:6,Tile:8,Tile:10,Tile:5,Malus,Tile:10,Tile:7,Destroy,Tile:13,Tile:7,Tile:0,Map,Tile:5,Tile:7,Tile:12,Tile:9,Tile:1,Tile:5,Tile:9,Bonus,Tile:7,Tile:15,Tile:10,Bonus,Tile:0,Tile:6,Tile:5,Map,Destroy-Tile:6,Tile:0,Tile:3,Tile:4,Tile:9,Map,Bonus-Tile:7,Map,Bonus,Tile:2,Tile:9,Tile:6,Tile:8-Tile:hidden1,Tile:hidden2,Tile:nugget
Tile:3_flip 5 6 1
Map 12 3 0
Map 12 5 1
Map 12 3 0
Tile:6 6 6 1
Tile:2_flip 4 5 0
Tile:9_flip 6 5 1
Tile:8 3 5 0
Tile:11 3 4 1
Tile:8 5 4 0
Tile:6_flip 3 3 1
Drop 2 0 0
Tile:9 3 6 1
Tile:8 4 4 0
Drop 3 0 1
Tile:7 4 3 0
Map 12 3 1
Tile:14 3 7 0
Tile:6_flip 2 7 1
Drop 5 0 0
Tile:7 4 6 1
Destroy 3 5 0
Drop 5 0 1
Tile:8 3 5 0
Tile:13 6 4 1
Map 12 3 0
Tile:0 2 3 1
Tile:7 7 6 0
Drop 5 0 1
Tile:0 2 5 0
Tile:1 1 5 1
Tile:5 1 7 0
Tile:9_flip 6 3 1
Tile:9_flip 7 4 0
Tile:7 6 2 1
Drop 6 0 0
Drop 6 0 1
Tile:6 0 5 0
Tile:0 1 3 1
Tile:8 0 4 0
Drop 2 0 1
Map 12 3 0
Tile:5 0 3 1
Tile:7_flip 7 7 0
Destroy 7 7 1
Tile:10 1 8 0
Tile:4_flip 4 7 1
Tile:6 5 2 0
Tile:10 2 8 1
Drop 0 0 0
Tile:12 1 4 1
Drop 1 0 0
Drop 0 0 1
Drop 0 0 0
Drop 0 0 1
GAMEOVER DRAW
# Game ended: Wed Apr 15 14:22:33 EDT 2020
