# Server version 0.08 running on 192.168.2.29:8123
# Game ID: 39
# Board class: Saboteur.SaboteurBoard
# Timeout: 20000
# First Move Timeout: 30000
# Date: Tue Apr 14 19:30:23 EDT 2020
# Player 1: Player-0, 'RandomPlayer', running on localhost
# Player 2: Player-1, 'RandomPlayer', running on localhost
START Player-0 RandomPlayer
START Player-1 RandomPlayer
BoardInit:Bonus,Tile:5,Destroy,Map,Tile:8,Tile:6,Destroy,Tile:8,Tile:0,Map,Tile:13,Tile:6,Tile:10,Tile:0,Tile:7,Tile:0,Map,Tile:12,Tile:0,Bonus,Tile:10,Tile:7,Tile:8,Destroy,Bonus,Map,Tile:15,Tile:6,Tile:6,Tile:9,Malus,Tile:7,Map,Tile:9,Tile:5,Tile:6,Tile:7,Tile:5,Tile:7,Tile:8,Tile:2-Tile:14,Bonus,Tile:9,Tile:3,Tile:10,Tile:11,Tile:1-Tile:9,Tile:4,Malus,Map,Tile:9,Tile:8,Tile:5-Tile:hidden2,Tile:hidden1,Tile:nugget
Tile:11_flip 5 6 1
Malus 0 0 0
Bonus 0 0 1
Tile:5 5 4 0
Tile:9 4 5 1
Drop 2 0 0
Tile:14 6 5 1
Tile:8 5 7 0
Tile:8 4 6 1
Tile:9_flip 5 8 0
Destroy 4 6 1
Tile:8 4 6 0
Drop 2 0 1
Tile:5_flip 5 9 0
Destroy 4 6 1
Tile:6 4 8 0
Drop 0 0 1
Map 12 7 0
Tile:0 4 9 1
Map 12 5 0
Tile:13 4 6 1
Tile:0 6 7 0
Map 12 7 1
Tile:7 6 4 0
Tile:8 3 6 1
Destroy 5 7 0
Tile:10 3 5 1
Tile:9_flip 3 4 0
Tile:7 3 3 1
Tile:6_flip 2 3 0
Tile:6 7 7 1
Tile:12_flip 2 6 0
Tile:10 4 7 1
Tile:9 3 8 0
Tile:15 7 6 1
Tile:9 2 4 0
Tile:5_flip 2 5 1
Tile:6 1 3 0
Tile:0 8 7 1
Map 12 7 0
Tile:7_flip 0 3 1
Tile:7 0 2 0
Map 12 3 1
Tile:6 3 9 0
Tile:10 1 2 1
Tile:5 1 5 0
Tile:2 9 7 1
Tile:8 2 9 0
Drop 0 0 1
Drop 0 0 0
Tile:7 1 1 1
Tile:0 0 1 0
Malus 0 0 1
Drop 0 0 0
Drop 0 0 1
GAMEOVER DRAW
# Game ended: Tue Apr 14 19:30:23 EDT 2020
