# Server version 0.08 running on 192.168.2.29:8123
# Game ID: 342
# Board class: Saboteur.SaboteurBoard
# Timeout: 20000
# First Move Timeout: 30000
# Date: Wed Apr 15 23:42:16 EDT 2020
# Player 1: Player-0, '260803297', running on localhost
# Player 2: Player-1, 'RandomPlayer', running on localhost
START Player-0 260803297
START Player-1 RandomPlayer
BoardInit:Tile:10,Tile:3,Tile:8,Tile:9,Map,Tile:7,Bonus,Tile:6,Map,Tile:8,Tile:14,Tile:10,Tile:5,Destroy,Tile:12,Map,Tile:0,Destroy,Tile:6,Tile:5,Tile:8,Malus,Tile:9,Tile:9,Tile:9,Destroy,Tile:2,Tile:9,Tile:6,Map,Tile:15,Map,Tile:6,Tile:0,Tile:4,Tile:7,Tile:8,Tile:7,Bonus,Map,Tile:13-Tile:5,Tile:1,Tile:0,Tile:10,Tile:7,Tile:7,Tile:8-Bonus,Tile:5,Tile:0,Tile:11,Bonus,Tile:6,Malus-Tile:nugget,Tile:hidden2,Tile:hidden1
Tile:5 4 5 1
Malus 0 0 0
Drop 1 0 1
Drop 3 0 0
Drop 4 0 1
Drop 1 0 0
Map 12 5 1
Tile:9 5 4 0
Drop 5 0 1
Drop 2 0 0
Drop 1 0 1
Tile:6 4 6 0
Drop 6 0 1
Drop 1 0 0
Map 12 5 1
Tile:8 5 6 0
Drop 1 0 1
Map 12 3 0
Drop 3 0 1
Drop 2 0 0
Drop 2 0 1
Drop 0 0 0
Drop 0 0 1
Tile:6 3 6 0
Drop 2 0 1
Tile:10 3 5 0
Drop 0 0 1
Tile:9_flip 5 3 0
Drop 5 0 1
Destroy 5 6 0
Drop 0 0 1
Destroy 3 5 0
Drop 6 0 1
Tile:3_flip 4 3 0
Drop 3 0 1
Drop 3 0 0
Drop 3 0 1
Tile:0 6 5 0
Drop 6 0 1
Drop 0 0 0
Drop 4 0 1
Destroy 5 3 0
Drop 5 0 1
Map 12 3 0
Drop 4 0 1
Map 12 5 0
Drop 2 0 1
Tile:7 5 3 0
Drop 0 0 1
Drop 1 0 0
Drop 0 0 1
Malus 0 0 0
Drop 1 0 1
Drop 0 0 0
Drop 0 0 1
GAMEOVER DRAW
# Game ended: Wed Apr 15 23:42:17 EDT 2020
