# Server version 0.08 running on 192.168.2.29:8123
# Game ID: 86
# Board class: Saboteur.SaboteurBoard
# Timeout: 20000
# First Move Timeout: 30000
# Date: Tue Apr 14 22:22:27 EDT 2020
# Player 1: Player-0, 'RandomPlayer', running on localhost
# Player 2: Player-1, 'RandomPlayer', running on localhost
START Player-0 RandomPlayer
START Player-1 RandomPlayer
BoardInit:Bonus,Tile:6,Tile:11,Map,Tile:6,Tile:7,Tile:0,Bonus,Malus,Tile:5,Tile:15,Tile:9,Tile:8,Tile:9,Destroy,Tile:4,Map,Tile:8,Tile:8,Malus,Tile:6,Tile:5,Destroy,Tile:7,Tile:10,Bonus,Tile:13,Tile:8,Tile:1,Tile:8,Tile:9,Tile:7,Map,Tile:6,Tile:10,Tile:3,Tile:9,Tile:6,Destroy,Map,Map-Bonus,Map,Tile:10,Tile:7,Tile:12,Tile:0,Tile:0-Tile:0,Tile:7,Tile:9,Tile:5,Tile:14,Tile:5,Tile:2-Tile:hidden2,Tile:nugget,Tile:hidden1
Tile:7_flip 4 5 1
Tile:14 5 6 0
Drop 1 0 1
Tile:9_flip 6 5 0
Tile:0 4 6 1
Map 12 3 0
Tile:12_flip 3 6 1
Tile:6_flip 6 4 0
Tile:6 7 4 1
Tile:5 4 4 0
Tile:11 7 3 1
Drop 1 0 0
Tile:0 8 3 1
Drop 6 0 0
Tile:10 7 2 1
Tile:7 7 1 0
Tile:0 6 1 1
Tile:0 8 4 0
Map 12 7 1
Drop 3 0 0
Tile:8 5 4 1
Tile:8 5 3 0
Tile:8 9 3 1
Tile:4_flip 6 6 0
Destroy 5 6 1
Tile:9 9 2 0
Destroy 7 4 1
Tile:5 5 2 0
Drop 3 0 1
Tile:5_flip 9 4 0
Tile:13 10 2 1
Tile:7 9 1 0
Tile:6 10 3 1
Tile:7_flip 5 1 0
Drop 2 0 1
Tile:8 11 2 0
Drop 6 0 1
Drop 6 0 0
Tile:9_flip 12 2 1
Tile:6 4 3 0
Destroy 9 4 1
Tile:6 7 4 0
Tile:1 3 3 1
Tile:2 12 1 0
Tile:10 4 2 1
Tile:8 9 4 0
Tile:9_flip 5 0 1
Map 12 3 0
Drop 2 0 1
Malus 0 0 0
Map 12 5 1
Drop 0 0 0
Drop 0 0 1
Drop 0 0 0
Bonus 0 0 1
GAMEOVER DRAW
# Game ended: Tue Apr 14 22:22:27 EDT 2020
