# Server version 0.08 running on 192.168.2.29:8123
# Game ID: 264
# Board class: Saboteur.SaboteurBoard
# Timeout: 20000
# First Move Timeout: 30000
# Date: Wed Apr 15 23:26:59 EDT 2020
# Player 1: Player-0, 'RandomPlayer', running on localhost
# Player 2: Player-1, '260803297', running on localhost
START Player-0 RandomPlayer
START Player-1 260803297
BoardInit:Tile:2,Tile:0,Map,Tile:10,Tile:5,Tile:5,Tile:5,Destroy,Bonus,Tile:14,Tile:7,Tile:1,Tile:9,Map,Map,Map,Map,Tile:5,Malus,Tile:13,Tile:10,Tile:11,Tile:8,Malus,Tile:7,Bonus,Tile:7,Tile:8,Tile:8,Tile:9,Tile:0,Tile:8,Bonus,Tile:0,Tile:9,Tile:3,Tile:9,Destroy,Tile:7,Tile:6,Tile:9-Map,Tile:15,Tile:0,Tile:6,Tile:12,Tile:4,Tile:10-Tile:6,Tile:6,Tile:6,Tile:8,Tile:7,Bonus,Destroy-Tile:hidden1,Tile:hidden2,Tile:nugget
Map 12 3 1
Tile:8 5 6 0
Tile:0 6 6 1
Tile:6 7 6 0
Map 12 3 1
Tile:6_flip 4 5 0
Tile:12 6 5 1
Drop 4 0 0
Tile:6 5 7 1
Destroy 5 7 0
Tile:4_flip 5 7 1
Tile:6 4 6 0
Tile:2_flip 3 6 1
Tile:5 5 4 0
Tile:5 3 5 1
Drop 3 0 0
Map 12 3 1
Drop 6 0 0
Map 12 3 1
Map 12 7 0
Malus 0 0 1
Drop 2 0 0
Tile:10 7 5 1
Drop 3 0 0
Tile:8 8 6 1
Drop 0 0 0
Drop 0 0 1
Drop 3 0 0
Tile:5_flip 9 6 1
Drop 4 0 0
Tile:10 8 5 1
Drop 4 0 0
Tile:9 9 5 1
Drop 4 0 0
Tile:7 9 4 1
Drop 0 0 0
Tile:8 10 5 1
Drop 3 0 0
Tile:7_flip 8 7 1
Drop 3 0 0
Tile:9 8 4 1
Drop 0 0 0
Tile:9_flip 11 5 1
Drop 5 0 0
Tile:7_flip 10 6 1
Destroy 3 5 0
Tile:7 7 4 1
Drop 0 0 0
Tile:9 3 5 1
Drop 2 0 0
Drop 0 0 1
Drop 0 0 0
Drop 0 0 1
Drop 0 0 0
Drop 0 0 1
GAMEOVER DRAW
# Game ended: Wed Apr 15 23:26:59 EDT 2020
