# Server version 0.08 running on 192.168.2.29:8123
# Game ID: 29
# Board class: Saboteur.SaboteurBoard
# Timeout: 20000
# First Move Timeout: 30000
# Date: Tue Apr 14 19:30:06 EDT 2020
# Player 1: Player-0, 'RandomPlayer', running on localhost
# Player 2: Player-1, 'RandomPlayer', running on localhost
START Player-0 RandomPlayer
START Player-1 RandomPlayer
BoardInit:Tile:7,Tile:0,Tile:9,Tile:2,Tile:6,Tile:5,Tile:10,Map,Destroy,Tile:13,Bonus,Tile:6,Bonus,Tile:9,Tile:10,Tile:1,Tile:9,Tile:0,Tile:8,Tile:6,Tile:7,Tile:7,Tile:11,Map,Tile:4,Map,Tile:0,Tile:3,Tile:15,Tile:8,Tile:7,Tile:6,Tile:9,Bonus,Tile:8,Tile:5,Map,Tile:12,Tile:14,Map,Destroy-Tile:0,Tile:10,Tile:5,Tile:9,Tile:8,Destroy,Bonus-Tile:7,Malus,Map,Tile:6,Malus,Tile:8,Tile:5-Tile:hidden2,Tile:nugget,Tile:hidden1
Drop 2 0 1
Tile:6 4 5 0
Tile:8 6 5 1
Tile:8 5 6 0
Tile:9_flip 5 4 1
Tile:2_flip 6 6 0
Tile:10 5 3 1
Tile:5 6 4 0
Destroy 5 3 1
Drop 2 0 0
Drop 1 0 1
Tile:5 4 4 0
Tile:0 7 6 1
Drop 2 0 0
Tile:6 5 7 1
Tile:13 5 3 0
Tile:10 5 2 1
Tile:7_flip 4 3 0
Tile:9_flip 5 1 1
Tile:1 3 5 0
Destroy 7 6 1
Tile:9_flip 7 4 0
Tile:10 4 2 1
Drop 5 0 0
Tile:11_flip 7 5 1
Tile:7_flip 4 7 0
Tile:7 5 0 1
Tile:6_flip 2 5 0
Drop 5 0 1
Tile:0 6 3 0
Tile:8 4 1 1
Map 12 7 0
Tile:9_flip 7 3 1
Tile:8 1 5 0
Tile:7_flip 2 6 1
Tile:0 6 7 0
Tile:15 1 4 1
Tile:5 4 0 0
Tile:7_flip 3 1 1
Tile:6 7 6 0
Tile:9 1 3 1
Tile:3 3 6 0
Destroy 6 5 1
Tile:12 2 3 0
Drop 4 0 1
Drop 3 0 0
Tile:14_flip 4 6 1
Map 12 7 0
Tile:0 0 5 1
Drop 1 0 0
Tile:8 6 5 1
Malus 0 0 0
Drop 0 0 1
Map 12 7 0
Bonus 0 0 1
GAMEOVER DRAW
# Game ended: Tue Apr 14 19:30:07 EDT 2020
