# Server version 0.08 running on 192.168.2.29:8123
# Game ID: 54
# Board class: Saboteur.SaboteurBoard
# Timeout: 20000
# First Move Timeout: 30000
# Date: Tue Apr 14 19:30:51 EDT 2020
# Player 1: Player-0, 'RandomPlayer', running on localhost
# Player 2: Player-1, 'RandomPlayer', running on localhost
START Player-0 RandomPlayer
START Player-1 RandomPlayer
BoardInit:Tile:1,Map,Tile:9,Tile:7,Tile:9,Tile:10,Tile:14,Tile:15,Tile:0,Tile:3,Tile:10,Tile:5,Tile:9,Tile:6,Bonus,Map,Tile:4,Bonus,Tile:13,Tile:5,Map,Tile:6,Tile:10,Tile:2,Tile:8,Map,Tile:0,Tile:6,Tile:0,Tile:9,Tile:6,Tile:8,Map,Tile:0,Tile:7,Tile:11,Tile:5,Tile:8,Tile:7,Destroy,Malus-Tile:7,Tile:8,Map,Tile:6,Bonus,Tile:5,Destroy-Tile:9,Bonus,Tile:7,Destroy,Tile:12,Malus,Tile:8-Tile:nugget,Tile:hidden1,Tile:hidden2
Drop 3 0 1
Tile:9_flip 5 6 0
Tile:7 6 5 1
Tile:7_flip 6 6 0
Tile:8 5 7 1
Tile:7_flip 4 6 0
Destroy 6 6 1
Tile:10 5 4 0
Tile:1 6 7 1
Drop 0 0 0
Drop 0 0 1
Drop 1 0 0
Drop 4 0 1
Tile:8 4 5 0
Tile:0 3 5 1
Drop 5 0 0
Tile:9_flip 4 4 1
Destroy 5 6 0
Tile:5 2 5 1
Tile:15 5 8 0
Tile:9_flip 5 3 1
Drop 4 0 0
Tile:9 5 9 1
Tile:5_flip 7 7 0
Drop 4 0 1
Tile:3_flip 3 4 0
Tile:4_flip 6 6 1
Tile:2 3 3 0
Drop 3 0 1
Tile:6_flip 4 3 0
Tile:10 2 6 1
Tile:9 7 6 0
Tile:10 5 10 1
Tile:6 6 9 0
Tile:6_flip 7 9 1
Tile:8 7 10 0
Drop 6 0 1
Tile:11_flip 5 6 0
Tile:5 6 8 1
Tile:8 7 11 0
Tile:0 8 11 1
Map 12 7 0
Tile:0 4 7 1
Tile:6_flip 9 11 0
Tile:7_flip 6 11 1
Destroy 6 7 0
Tile:8 8 6 1
Tile:0 8 10 0
Map 12 3 1
Map 12 5 0
Drop 0 0 1
Malus 0 0 0
Drop 0 0 1
Drop 0 0 0
Malus 0 0 1
GAMEOVER DRAW
# Game ended: Tue Apr 14 19:30:51 EDT 2020
