# Server version 0.08 running on 192.168.2.29:8123
# Game ID: 82
# Board class: Saboteur.SaboteurBoard
# Timeout: 20000
# First Move Timeout: 30000
# Date: Tue Apr 14 21:28:59 EDT 2020
# Player 1: Player-0, 'RandomPlayer', running on localhost
# Player 2: Player-1, 'RandomPlayer', running on localhost
START Player-0 RandomPlayer
START Player-1 RandomPlayer
BoardInit:Tile:9,Tile:10,Tile:5,Tile:14,Malus,Map,Tile:7,Tile:13,Tile:7,Tile:10,Map,Destroy,Tile:9,Tile:5,Map,Malus,Tile:11,Tile:0,Tile:6,Tile:6,Tile:0,Bonus,Tile:6,Tile:9,Tile:7,Tile:9,Tile:8,Tile:7,Tile:0,Map,Tile:8,Map,Tile:6,Tile:3,Tile:8,Bonus,Tile:9,Tile:8,Tile:8,Tile:0,Tile:2-Tile:4,Bonus,Bonus,Destroy,Tile:1,Map,Tile:12-Tile:7,Tile:5,Tile:10,Tile:15,Tile:6,Tile:5,Destroy-Tile:nugget,Tile:hidden2,Tile:hidden1
Drop 0 0 1
Tile:7 6 5 0
Tile:9_flip 5 4 1
Tile:6_flip 5 3 0
Destroy 6 5 1
Tile:5_flip 6 5 0
Tile:12 6 3 1
Tile:15 5 6 0
Tile:5 4 3 1
Drop 0 0 0
Malus 0 0 1
Destroy 5 3 0
Drop 6 0 1
Map 12 7 0
Tile:9_flip 5 7 1
Drop 2 0 0
Tile:7_flip 4 5 1
Destroy 5 4 0
Tile:11 5 4 1
Drop 3 0 0
Map 12 5 1
Drop 2 0 0
Drop 1 0 1
Drop 5 0 0
Tile:7 6 4 1
Drop 0 0 0
Tile:6_flip 5 3 1
Drop 5 0 0
Map 12 3 1
Drop 2 0 0
Tile:8 5 8 1
Drop 3 0 0
Tile:8 5 9 1
Map 12 7 0
Tile:6_flip 4 7 1
Drop 3 0 0
Tile:6 4 9 1
Bonus 0 0 0
Tile:9_flip 5 10 1
Tile:8 6 9 0
Tile:8 6 8 1
Tile:10 6 7 0
Tile:0 7 8 1
Tile:5 4 10 0
Tile:1 7 9 1
Tile:0 3 7 0
Tile:2 3 9 1
Tile:3_flip 2 7 0
Tile:0 2 9 1
Drop 0 0 0
Tile:7 8 9 1
Tile:0 1 9 0
Tile:8 4 8 1
Map 12 7 0
Drop 0 0 1
GAMEOVER DRAW
# Game ended: Tue Apr 14 21:28:59 EDT 2020
