# Server version 0.08 running on 192.168.2.29:8123
# Game ID: 344
# Board class: Saboteur.SaboteurBoard
# Timeout: 20000
# First Move Timeout: 30000
# Date: Wed Apr 15 23:42:21 EDT 2020
# Player 1: Player-0, '260803297', running on localhost
# Player 2: Player-1, 'RandomPlayer', running on localhost
START Player-0 260803297
START Player-1 RandomPlayer
BoardInit:Tile:6,Map,Tile:0,Tile:8,Bonus,Tile:14,Tile:9,Tile:11,Map,Tile:7,Tile:0,Map,Tile:7,Tile:7,Tile:0,Tile:5,Tile:8,Tile:5,Tile:2,Map,Destroy,Tile:9,Malus,Map,Tile:1,Tile:6,Tile:5,Tile:10,Tile:8,Tile:10,Tile:8,Tile:6,Tile:6,Tile:4,Bonus,Tile:0,Tile:9,Bonus,Destroy,Tile:7,Tile:6-Tile:3,Tile:13,Tile:15,Tile:8,Destroy,Tile:7,Tile:5-Bonus,Tile:9,Map,Tile:12,Malus,Tile:9,Tile:10-Tile:nugget,Tile:hidden2,Tile:hidden1
Tile:3 6 5 1
Map 12 3 0
Tile:8 6 6 1
Tile:10 6 7 0
Tile:7_flip 5 6 1
Tile:9 4 5 0
Drop 2 0 1
Drop 4 0 0
Drop 2 0 1
Tile:11_flip 6 8 0
Tile:15 6 9 1
Drop 2 0 0
Tile:6 7 6 1
Tile:8 4 4 0
Tile:7 5 4 1
Tile:14_flip 4 3 0
Drop 1 0 1
Tile:5 7 5 0
Tile:9 5 8 1
Tile:9_flip 4 6 0
Map 12 7 1
Tile:5_flip 8 6 0
Drop 1 0 1
Drop 4 0 0
Destroy 8 6 1
Tile:7 5 7 0
Tile:2 3 6 1
Tile:12_flip 3 4 0
Tile:13 4 7 1
Tile:9_flip 4 8 0
Tile:5 3 8 1
Map 12 5 0
Tile:0 5 3 1
Tile:10 5 9 0
Tile:8 3 9 1
Tile:6 2 6 0
Tile:6 2 9 1
Tile:6_flip 8 5 0
Tile:9_flip 8 6 1
Tile:10 8 7 0
Tile:8 2 5 1
Tile:7_flip 1 9 0
Tile:6 1 5 1
Tile:4_flip 8 8 0
Destroy 2 6 1
Tile:0 6 3 0
Tile:8 7 3 1
Map 12 5 0
Tile:0 0 5 1
Map 12 7 0
Malus 0 0 1
Bonus 0 0 0
Drop 0 0 1
Drop 0 0 0
Drop 0 0 1
GAMEOVER DRAW
# Game ended: Wed Apr 15 23:42:22 EDT 2020
