# Server version 0.08 running on 192.168.2.29:8123
# Game ID: 315
# Board class: Saboteur.SaboteurBoard
# Timeout: 20000
# First Move Timeout: 30000
# Date: Wed Apr 15 23:40:46 EDT 2020
# Player 1: Player-0, 'RandomPlayer', running on localhost
# Player 2: Player-1, '260803297', running on localhost
START Player-0 RandomPlayer
START Player-1 260803297
BoardInit:Destroy,Tile:0,Map,Tile:14,Bonus,Tile:8,Tile:0,Tile:5,Tile:2,Tile:9,Tile:9,Tile:15,Bonus,Tile:8,Tile:7,Tile:5,Map,Tile:6,Map,Tile:10,Tile:11,Malus,Tile:8,Tile:7,Bonus,Tile:6,Bonus,Destroy,Tile:6,Destroy,Tile:6,Tile:12,Tile:13,Map,Tile:7,Map,Tile:5,Tile:9,Tile:1,Tile:0,Tile:0-Tile:7,Tile:3,Malus,Tile:8,Tile:7,Tile:9,Tile:8-Tile:5,Tile:4,Tile:6,Map,Tile:9,Tile:10,Tile:10-Tile:hidden2,Tile:nugget,Tile:hidden1
Malus 0 0 1
Map 12 3 0
Tile:9_flip 5 4 1
Drop 1 0 0
Map 12 3 1
Drop 4 0 0
Tile:3_flip 4 5 1
Drop 5 0 0
Tile:8 6 5 1
Drop 1 0 0
Tile:2 4 4 1
Drop 4 0 0
Tile:0 3 4 1
Drop 0 0 0
Tile:8 7 5 1
Drop 0 0 0
Tile:7_flip 6 6 1
Drop 5 0 0
Map 12 5 1
Drop 3 0 0
Tile:9_flip 8 5 1
Drop 2 0 0
Tile:7 5 3 1
Drop 3 0 0
Tile:7_flip 8 6 1
Drop 5 0 0
Tile:11 6 4 1
Drop 0 0 0
Drop 1 0 1
Drop 2 0 0
Destroy 4 5 1
Destroy 6 5 0
Tile:8 8 4 1
Destroy 8 6 0
Tile:6_flip 7 4 1
Drop 3 0 0
Map 12 3 1
Drop 5 0 0
Tile:13 6 5 1
Map 12 5 0
Drop 0 0 1
Drop 2 0 0
Tile:6 7 6 1
Drop 1 0 0
Tile:0 4 3 1
Drop 3 0 0
Tile:1 9 4 1
Drop 0 0 0
Drop 1 0 1
Drop 2 0 0
Tile:7_flip 2 4 1
Drop 0 0 0
Tile:5 8 3 1
Drop 0 0 0
Drop 0 0 1
GAMEOVER DRAW
# Game ended: Wed Apr 15 23:40:46 EDT 2020
