# Server version 0.08 running on 192.168.2.29:8123
# Game ID: 324
# Board class: Saboteur.SaboteurBoard
# Timeout: 20000
# First Move Timeout: 30000
# Date: Wed Apr 15 23:41:06 EDT 2020
# Player 1: Player-0, '260803297', running on localhost
# Player 2: Player-1, 'RandomPlayer', running on localhost
START Player-0 260803297
START Player-1 RandomPlayer
BoardInit:Tile:13,Destroy,Tile:5,Bonus,Tile:8,Map,Tile:8,Tile:2,Map,Bonus,Tile:7,Map,Destroy,Tile:0,Map,Tile:10,Map,Tile:9,Tile:8,Tile:8,Map,Tile:7,Tile:11,Tile:7,Bonus,Tile:6,Tile:15,Tile:9,Tile:4,Tile:5,Tile:5,Tile:6,Tile:9,Tile:6,Bonus,Tile:12,Malus,Tile:0,Destroy,Tile:6,Tile:3-Tile:9,Tile:5,Tile:0,Tile:1,Malus,Tile:9,Tile:7-Tile:0,Tile:10,Tile:8,Tile:14,Tile:10,Tile:7,Tile:6-Tile:hidden2,Tile:hidden1,Tile:nugget
Tile:9_flip 5 6 1
Tile:8 4 6 0
Tile:13 3 6 1
Tile:14_flip 4 5 0
Tile:5_flip 6 5 1
Tile:10 4 7 0
Tile:9_flip 5 4 1
Map 12 3 0
Tile:7_flip 4 4 1
Tile:7_flip 2 6 0
Drop 4 0 1
Tile:10 6 4 0
Tile:5 2 5 1
Map 12 5 0
Map 12 7 1
Drop 3 0 0
Tile:7_flip 5 7 1
Destroy 4 5 0
Malus 0 0 1
Bonus 0 0 0
Map 12 7 1
Tile:9_flip 3 5 0
Destroy 3 6 1
Tile:6_flip 6 7 0
Drop 2 0 1
Tile:8 3 6 0
Tile:11 5 3 1
Tile:6_flip 6 3 0
Tile:15 3 4 1
Tile:0 7 3 0
Drop 2 0 1
Tile:9_flip 3 7 0
Tile:5_flip 6 8 1
Drop 3 0 0
Tile:4 4 3 1
Tile:7_flip 4 8 0
Tile:1 5 8 1
Tile:6 8 3 0
Tile:0 7 7 1
Tile:5 4 5 0
Destroy 2 6 1
Tile:6 2 6 0
Drop 0 0 1
Drop 5 0 0
Drop 4 0 1
Tile:0 1 6 0
Tile:9 5 2 1
Tile:10 3 8 0
Tile:3 9 3 1
Tile:0 2 7 0
Map 12 3 1
Drop 0 0 0
Drop 1 0 1
Drop 0 0 0
Drop 0 0 1
GAMEOVER DRAW
# Game ended: Wed Apr 15 23:41:06 EDT 2020
