# Server version 0.08 running on 192.168.2.29:8123
# Game ID: 122
# Board class: Saboteur.SaboteurBoard
# Timeout: 20000
# First Move Timeout: 30000
# Date: Tue Apr 14 22:23:15 EDT 2020
# Player 1: Player-0, 'RandomPlayer', running on localhost
# Player 2: Player-1, 'RandomPlayer', running on localhost
START Player-0 RandomPlayer
START Player-1 RandomPlayer
BoardInit:Tile:9,Tile:8,Map,Tile:3,Tile:9,Bonus,Tile:6,Tile:0,Malus,Tile:9,Destroy,Tile:0,Tile:7,Bonus,Bonus,Tile:5,Tile:7,Tile:6,Tile:6,Tile:13,Tile:5,Tile:7,Tile:10,Tile:6,Tile:10,Tile:11,Tile:5,Tile:4,Destroy,Map,Tile:1,Tile:0,Tile:8,Tile:0,Destroy,Tile:14,Malus,Tile:15,Bonus,Tile:6,Tile:10-Tile:2,Map,Tile:7,Map,Tile:7,Tile:8,Tile:8-Tile:8,Tile:12,Map,Tile:9,Map,Tile:9,Tile:5-Tile:hidden1,Tile:nugget,Tile:hidden2
Tile:7 6 5 1
Map 12 5 0
Map 12 7 1
Tile:9_flip 5 6 0
Drop 1 0 1
Tile:9_flip 5 4 0
Tile:7_flip 5 7 1
Tile:3_flip 4 5 0
Tile:9 6 6 1
Map 12 7 0
Tile:9 4 4 1
Tile:5_flip 7 6 0
Tile:8 5 3 1
Tile:8 4 3 0
Tile:8 6 3 1
Drop 3 0 0
Destroy 5 7 1
Tile:8 3 3 0
Tile:2 2 3 1
Tile:5 4 6 0
Tile:6 7 3 1
Tile:9 2 4 0
Tile:7_flip 1 3 1
Tile:7_flip 6 4 0
Tile:10 5 7 1
Drop 2 0 0
Tile:10 2 5 1
Tile:11 7 2 0
Tile:6_flip 7 1 1
Tile:4 3 2 0
Destroy 6 6 1
Tile:6 2 6 0
Drop 4 0 1
Tile:6 6 1 0
Tile:5 7 5 1
Tile:0 1 6 0
Destroy 5 7 1
Tile:12 7 4 0
Tile:1 8 3 1
Tile:15 4 2 0
Tile:7_flip 5 1 1
Tile:13 8 5 0
Tile:8 5 0 1
Tile:14 8 2 0
Malus 0 0 1
Drop 3 0 0
Malus 0 0 1
Map 12 7 0
Map 12 7 1
Drop 1 0 0
Tile:10 4 7 1
Bonus 0 0 0
Drop 1 0 1
Drop 0 0 0
Drop 0 0 1
GAMEOVER DRAW
# Game ended: Tue Apr 14 22:23:15 EDT 2020
