# Server version 0.08 running on 192.168.0.168:8123
# Game ID: 19
# Board class: Saboteur.SaboteurBoard
# Timeout: 20000
# First Move Timeout: 30000
# Date: Fri Apr 10 21:46:43 EDT 2020
# Player 1: Player-0, 'RandomPlayer', running on 192.168.0.168
# Player 2: Player-1, 'Human', running on 192.168.0.168
START Player-0 RandomPlayer
START Player-1 Human
BoardInit:Tile:0,Tile:7,Destroy,Tile:12,Tile:9,Tile:8,Map,Tile:13,Map,Tile:4,Tile:9,Tile:7,Bonus,Tile:7,Tile:6,Tile:0,Destroy,Tile:8,Tile:9,Map,Tile:1,Tile:15,Tile:9,Tile:10,Tile:11,Tile:2,Malus,Tile:8,Tile:5,Tile:0,Tile:5,Map,Tile:6,Malus,Tile:8,Tile:10,Tile:7,Tile:0,Tile:6,Map,Tile:10-Tile:3,Bonus,Destroy,Map,Tile:5,Bonus,Bonus-Tile:8,Tile:7,Tile:6,Tile:9,Tile:5,Tile:14,Tile:6-Tile:hidden2,Tile:nugget,Tile:hidden1
Map 12 5 1
Tile:7 5 4 0
Tile:0 4 4 1
Tile:6_flip 6 5 0
Tile:5 3 4 1
Tile:12_flip 4 5 0
Drop 3 0 1
Tile:8 7 5 0
Drop 3 0 1
Tile:8 8 5 0
Tile:9 8 6 1
Tile:13 9 6 0
Destroy 8 5 1
Tile:4 9 5 0
Tile:9 8 7 1
Tile:7_flip 6 6 0
Tile:6 9 7 1
Tile:7 10 7 0
Destroy 9 6 1
Tile:8 9 6 0
Tile:9 10 8 1
Tile:9 10 9 0
Drop 4 0 1
Tile:6_flip 7 4 0
Drop 3 0 1
Tile:10 3 5 0
Map 12 7 1
Tile:15 3 6 0
Tile:3 8 5 1
Tile:0 10 6 0
Tile:9_flip 11 6 1
Drop 6 0 0
Tile:5 11 5 1
Map 12 3 0
Tile:6 8 8 1
Tile:14 3 7 0
Tile:8 7 8 1
Tile:7 11 8 0
Malus 0 0 1
Map 12 7 0
Tile:6_flip 6 8 1
Drop 2 0 0
Tile:7_flip 5 8 1
Drop 3 0 0
Tile:10 5 6 1
Drop 0 0 0
Drop 4 0 1
Map 12 3 0
Destroy 7 4 1
Malus 0 0 0
Bonus 0 0 1
Drop 0 0 0
Tile:11 5 7 1
Drop 0 0 0
Drop 0 0 1
GAMEOVER DRAW
# Game ended: Fri Apr 10 21:50:21 EDT 2020
