# Server version 0.08 running on 192.168.2.29:8123
# Game ID: 96
# Board class: Saboteur.SaboteurBoard
# Timeout: 20000
# First Move Timeout: 30000
# Date: Tue Apr 14 22:22:40 EDT 2020
# Player 1: Player-0, 'RandomPlayer', running on localhost
# Player 2: Player-1, 'RandomPlayer', running on localhost
START Player-0 RandomPlayer
START Player-1 RandomPlayer
BoardInit:Tile:10,Tile:0,Tile:13,Tile:6,Tile:9,Tile:8,Tile:15,Bonus,Map,Tile:3,Tile:6,Tile:5,Tile:8,Tile:7,Tile:14,Tile:0,Tile:8,Map,Tile:5,Tile:7,Map,Destroy,Tile:7,Tile:11,Tile:6,Tile:10,Tile:7,Tile:9,Tile:9,Tile:6,Destroy,Tile:0,Tile:5,Malus,Map,Map,Tile:4,Tile:8,Bonus,Tile:9,Tile:6-Map,Tile:1,Tile:10,Tile:9,Bonus,Destroy,Tile:8-Tile:2,Tile:5,Tile:7,Malus,Bonus,Tile:12,Tile:0-Tile:nugget,Tile:hidden1,Tile:hidden2
Tile:1 4 5 1
Tile:2 6 5 0
Tile:8 5 4 1
Tile:7_flip 3 5 0
Tile:9_flip 3 4 1
Drop 1 0 0
Destroy 3 4 1
Tile:0 4 4 0
Tile:13 5 3 1
Tile:8 3 4 0
Tile:15 5 6 1
Drop 3 0 0
Tile:6_flip 2 4 1
Tile:3 6 3 0
Tile:9_flip 3 3 1
Tile:7_flip 2 3 0
Tile:14 7 5 1
Tile:5 7 4 0
Drop 1 0 1
Tile:5 5 2 0
Tile:10 2 2 1
Tile:12 6 2 0
Drop 5 0 1
Destroy 6 5 0
Map 12 7 1
Tile:6_flip 6 5 0
Tile:7_flip 1 4 1
Tile:11_flip 2 5 0
Drop 5 0 1
Map 12 3 0
Tile:7 2 1 1
Tile:0 1 5 0
Tile:9 3 2 1
Tile:9 2 6 0
Tile:5 3 1 1
Tile:6 1 1 0
Destroy 2 3 1
Drop 3 0 0
Drop 2 0 1
Tile:8 5 7 0
Tile:4_flip 2 7 1
Drop 2 0 0
Tile:6_flip 8 4 1
Tile:0 0 5 0
Drop 1 0 1
Malus 0 0 0
Map 12 3 1
Drop 2 0 0
Drop 3 0 1
Tile:9 8 5 0
Drop 1 0 1
Drop 0 0 0
Map 12 7 1
Drop 0 0 0
Bonus 0 0 1
GAMEOVER DRAW
# Game ended: Tue Apr 14 22:22:41 EDT 2020
