# Server version 0.08 running on 192.168.2.29:8123
# Game ID: 119
# Board class: Saboteur.SaboteurBoard
# Timeout: 20000
# First Move Timeout: 30000
# Date: Tue Apr 14 22:23:11 EDT 2020
# Player 1: Player-0, 'RandomPlayer', running on localhost
# Player 2: Player-1, 'RandomPlayer', running on localhost
START Player-0 RandomPlayer
START Player-1 RandomPlayer
BoardInit:Map,Tile:7,Tile:8,Tile:0,Tile:6,Bonus,Tile:9,Map,Tile:1,Tile:8,Tile:0,Tile:8,Destroy,Tile:7,Tile:10,Tile:8,Tile:13,Tile:7,Tile:9,Tile:4,Tile:5,Tile:9,Tile:12,Tile:6,Map,Tile:10,Bonus,Tile:8,Malus,Tile:11,Map,Bonus,Tile:2,Tile:15,Tile:10,Destroy,Tile:9,Map,Malus,Tile:14,Tile:7-Tile:9,Destroy,Tile:7,Tile:6,Tile:5,Tile:6,Tile:6-Bonus,Tile:0,Tile:3,Map,Tile:5,Tile:5,Tile:0-Tile:hidden1,Tile:nugget,Tile:hidden2
Tile:6 4 5 1
Tile:0 6 5 0
Drop 5 0 1
Tile:5 5 4 0
Tile:6 6 4 1
Tile:0 3 5 0
Tile:9_flip 5 6 1
Tile:0 4 6 0
Tile:9_flip 7 4 1
Tile:3 6 3 0
Drop 1 0 1
Drop 2 0 0
Tile:6 5 3 1
Tile:8 2 5 0
Destroy 7 4 1
Map 12 3 0
Destroy 6 3 1
Tile:7 4 4 0
Drop 1 0 1
Tile:7_flip 2 6 0
Tile:9_flip 6 3 1
Tile:8 2 4 0
Tile:5 5 2 1
Tile:4_flip 5 7 0
Tile:0 7 4 1
Tile:6_flip 6 2 0
Tile:1 7 5 1
Tile:8 1 4 0
Tile:8 8 5 1
Tile:7 8 4 0
Tile:12 9 5 1
Map 12 3 0
Tile:10 1 3 1
Tile:11 1 5 0
Map 12 3 1
Drop 4 0 0
Drop 3 0 1
Destroy 5 3 0
Tile:9 8 6 1
Tile:9 8 7 0
Tile:2 3 6 1
Drop 4 0 0
Tile:7_flip 8 8 1
Map 12 5 0
Tile:10 1 6 1
Tile:10 2 3 0
Tile:13 9 8 1
Drop 2 0 0
Tile:5 1 2 1
Drop 2 0 0
Drop 1 0 1
Drop 0 0 0
Malus 0 0 1
Drop 0 0 0
Drop 0 0 1
GAMEOVER DRAW
# Game ended: Tue Apr 14 22:23:11 EDT 2020
