# Server version 0.08 running on 192.168.2.29:8123
# Game ID: 311
# Board class: Saboteur.SaboteurBoard
# Timeout: 20000
# First Move Timeout: 30000
# Date: Wed Apr 15 23:40:36 EDT 2020
# Player 1: Player-0, 'RandomPlayer', running on localhost
# Player 2: Player-1, '260803297', running on localhost
START Player-0 RandomPlayer
START Player-1 260803297
BoardInit:Tile:8,Tile:15,Tile:10,Tile:8,Tile:7,Tile:0,Tile:10,Tile:0,Tile:2,Map,Tile:5,Tile:6,Tile:6,Tile:8,Tile:6,Tile:6,Tile:9,Tile:9,Map,Map,Tile:3,Map,Malus,Tile:7,Tile:7,Destroy,Tile:9,Tile:12,Tile:9,Destroy,Tile:6,Tile:1,Tile:7,Tile:9,Bonus,Map,Bonus,Malus,Map,Tile:5,Tile:14-Bonus,Tile:5,Bonus,Tile:5,Tile:0,Tile:11,Tile:8-Tile:4,Tile:13,Destroy,Tile:7,Tile:0,Tile:10,Tile:8-Tile:nugget,Tile:hidden2,Tile:hidden1
Tile:5_flip 6 5 1
Destroy 6 5 0
Tile:8 6 5 1
Tile:10 6 6 0
Tile:11 6 4 1
Tile:8 7 5 0
Tile:0 8 5 1
Tile:4_flip 7 6 0
Tile:7 7 4 1
Tile:13 6 7 0
Drop 0 0 1
Tile:8 9 5 0
Tile:10 5 6 1
Tile:6 9 6 0
Tile:6_flip 7 7 1
Tile:0 4 5 0
Tile:5 8 6 1
Tile:8 10 6 0
Tile:10 9 4 1
Tile:9 5 7 0
Map 12 3 1
Tile:15 9 3 0
Tile:9 9 2 1
Tile:7_flip 6 8 0
Drop 5 0 1
Tile:6 10 7 0
Tile:6 7 8 1
Destroy 7 5 0
Tile:2 11 6 1
Tile:0 9 7 0
Drop 5 0 1
Destroy 7 6 0
Tile:8 3 5 1
Tile:12 12 6 0
Tile:5_flip 11 7 1
Tile:7 8 8 0
Tile:6 3 6 1
Tile:9 2 6 0
Tile:7 3 4 1
Map 12 5 0
Tile:7 10 5 1
Tile:1 10 2 0
Tile:9_flip 6 3 1
Map 12 5 0
Tile:14 8 9 1
Tile:5 6 2 0
Drop 0 0 1
Tile:0 5 3 0
Map 12 3 1
Drop 1 0 0
Malus 0 0 1
Map 12 3 0
Drop 0 0 1
Drop 0 0 0
Drop 0 0 1
GAMEOVER DRAW
# Game ended: Wed Apr 15 23:40:37 EDT 2020
