# Server version 0.08 running on 192.168.0.168:8123
# Game ID: 27
# Board class: Saboteur.SaboteurBoard
# Timeout: 20000
# First Move Timeout: 30000
# Date: Mon Apr 13 15:17:38 EDT 2020
# Player 1: Player-0, 'RandomPlayer', running on 192.168.0.168
# Player 2: Player-1, 'Human', running on 192.168.0.168
START Player-0 RandomPlayer
START Player-1 Human
BoardInit:Map,Tile:7,Tile:9,Tile:5,Tile:5,Tile:0,Tile:0,Tile:9,Tile:6,Tile:1,Tile:0,Tile:8,Tile:8,Tile:7,Tile:8,Tile:9,Tile:9,Destroy,Tile:10,Tile:7,Map,Tile:7,Map,Tile:6,Bonus,Bonus,Tile:13,Map,Malus,Destroy,Tile:15,Bonus,Tile:10,Tile:11,Tile:8,Destroy,Tile:14,Tile:0,Tile:8,Tile:9,Bonus-Malus,Tile:2,Tile:3,Tile:5,Tile:4,Tile:7,Map-Tile:12,Tile:6,Tile:6,Tile:10,Map,Tile:5,Tile:6-Tile:hidden1,Tile:hidden2,Tile:nugget
Map 12 7 1
Map 12 3 0
Map 12 5 1
Tile:6 4 5 0
Tile:9 5 6 1
Tile:6_flip 4 4 0
Tile:3 6 5 1
Tile:5_flip 6 6 0
Tile:5_flip 5 7 1
Tile:7 5 4 0
Tile:6 4 7 1
Tile:6 3 5 0
Tile:0 3 7 1
Tile:5 3 4 0
Tile:0 2 7 1
Tile:0 1 7 0
Tile:8 2 5 1
Tile:1 0 7 0
Tile:9 1 5 1
Destroy 4 5 0
Tile:10 2 4 1
Tile:9_flip 1 4 0
Tile:5 2 3 1
Tile:7_flip 2 6 0
