# Server version 0.08 running on 192.168.2.29:8123
# Game ID: 204
# Board class: Saboteur.SaboteurBoard
# Timeout: 20000
# First Move Timeout: 30000
# Date: Wed Apr 15 01:02:03 EDT 2020
# Player 1: Player-0, 'RandomPlayer', running on localhost
# Player 2: Player-1, 'RandomPlayer', running on localhost
START Player-0 RandomPlayer
START Player-1 RandomPlayer
BoardInit:Tile:1,Tile:10,Destroy,Tile:15,Tile:0,Tile:5,Tile:3,Bonus,Tile:6,Tile:9,Tile:14,Map,Tile:8,Tile:5,Tile:0,Tile:13,Map,Tile:4,Tile:2,Tile:10,Tile:7,Tile:5,Tile:9,Tile:7,Map,Tile:6,Tile:9,Tile:6,Tile:7,Malus,Destroy,Tile:0,Tile:6,Map,Tile:5,Malus,Bonus,Tile:8,Bonus,Tile:8,Map-Tile:8,Tile:10,Tile:9,Tile:8,Tile:9,Destroy,Tile:6-Map,Tile:7,Tile:11,Bonus,Tile:7,Tile:12,Tile:0-Tile:hidden2,Tile:nugget,Tile:hidden1
Tile:9_flip 5 6 1
Tile:7_flip 4 6 0
Tile:9 5 7 1
Drop 1 0 0
Destroy 5 7 1
Drop 3 0 0
Tile:6_flip 6 5 1
Tile:15 6 6 0
Drop 0 0 1
Tile:5 4 5 0
Drop 1 0 1
Tile:10 5 7 0
Tile:6 7 5 1
Tile:9_flip 5 4 0
Tile:14 8 5 1
Drop 2 0 0
Tile:0 4 4 1
Tile:5 5 3 0
Destroy 5 3 1
Map 12 5 0
Tile:1 3 4 1
Map 12 5 0
Tile:7 5 3 1
Tile:10 6 7 0
Drop 2 0 1
Tile:4 8 4 0
Map 12 7 1
Drop 3 0 0
Drop 6 0 1
Drop 3 0 0
Drop 3 0 1
Tile:0 2 4 0
Tile:7 7 4 1
Tile:0 1 4 0
Destroy 4 4 1
Tile:6_flip 4 3 0
Tile:3_flip 6 4 1
Drop 3 0 0
Tile:6 3 3 1
Tile:8 5 8 0
Tile:9_flip 5 9 1
Drop 0 0 0
Map 12 7 1
Malus 0 0 0
Drop 4 0 1
Drop 0 0 0
Drop 0 0 1
Tile:8 4 8 0
Bonus 0 0 1
Tile:7_flip 3 8 0
Tile:0 0 4 1
Map 12 3 0
Tile:5 6 3 1
Drop 0 0 0
Map 12 5 1
GAMEOVER DRAW
# Game ended: Wed Apr 15 01:02:03 EDT 2020
