# Server version 0.08 running on 192.168.2.29:8123
# Game ID: 93
# Board class: Saboteur.SaboteurBoard
# Timeout: 20000
# First Move Timeout: 30000
# Date: Tue Apr 14 22:22:36 EDT 2020
# Player 1: Player-0, 'RandomPlayer', running on localhost
# Player 2: Player-1, 'RandomPlayer', running on localhost
START Player-0 RandomPlayer
START Player-1 RandomPlayer
BoardInit:Tile:9,Map,Tile:0,Bonus,Bonus,Map,Destroy,Tile:10,Tile:2,Tile:15,Destroy,Tile:9,Tile:7,Tile:6,Tile:12,Malus,Tile:5,Tile:5,Tile:8,Destroy,Tile:6,Tile:9,Tile:13,Malus,Tile:7,Tile:7,Tile:7,Tile:8,Map,Tile:8,Map,Tile:1,Map,Tile:11,Tile:8,Tile:8,Tile:10,Tile:9,Tile:7,Tile:5,Tile:3-Bonus,Tile:0,Tile:6,Tile:4,Tile:9,Tile:0,Tile:6-Map,Tile:5,Bonus,Tile:10,Tile:6,Tile:14,Tile:0-Tile:hidden2,Tile:nugget,Tile:hidden1
Tile:6 4 5 1
Tile:14 6 5 0
Tile:9_flip 4 4 1
Tile:6_flip 4 3 0
Tile:6_flip 3 5 1
Drop 4 0 0
Drop 4 0 1
Map 12 3 0
Drop 0 0 1
Map 12 5 0
Tile:0 3 4 1
Drop 1 0 0
Destroy 3 4 1
Tile:15 3 6 0
Tile:0 3 3 1
Tile:10 3 7 0
Tile:0 3 4 1
Tile:5_flip 5 6 0
Tile:12_flip 4 6 1
Tile:6 2 4 0
Destroy 3 7 1
Tile:9 1 4 0
Tile:2_flip 3 7 1
Drop 1 0 0
Tile:8 6 4 1
Tile:9_flip 7 4 0
Tile:7 7 3 1
Tile:5_flip 1 5 0
Tile:7 4 7 1
Drop 6 0 0
Tile:5 5 4 1
Tile:7_flip 7 5 0
Drop 1 0 1
Tile:1 5 3 0
Tile:13 8 5 1
Tile:8 6 3 0
Tile:6_flip 2 7 1
Destroy 3 7 0
Tile:7 9 5 1
Tile:9_flip 8 6 0
Tile:7 1 3 1
Malus 0 0 0
Drop 3 0 1
Tile:5 2 3 0
Drop 4 0 1
Tile:11 4 8 0
Map 12 3 1
Drop 2 0 0
Map 12 7 1
Tile:10 2 8 0
Drop 0 0 1
Tile:8 0 3 0
Drop 1 0 1
Drop 0 0 0
Drop 0 0 1
GAMEOVER DRAW
# Game ended: Tue Apr 14 22:22:36 EDT 2020
