# Server version 0.08 running on 192.168.2.29:8123
# Game ID: 158
# Board class: Saboteur.SaboteurBoard
# Timeout: 20000
# First Move Timeout: 30000
# Date: Wed Apr 15 00:58:30 EDT 2020
# Player 1: Player-0, 'RandomPlayer', running on localhost
# Player 2: Player-1, 'RandomPlayer', running on localhost
START Player-0 RandomPlayer
START Player-1 RandomPlayer
BoardInit:Destroy,Map,Bonus,Map,Tile:0,Malus,Tile:10,Malus,Tile:6,Tile:1,Tile:5,Tile:15,Tile:6,Tile:9,Tile:6,Tile:7,Tile:8,Map,Tile:8,Bonus,Map,Tile:5,Map,Tile:9,Tile:0,Tile:7,Tile:9,Tile:8,Tile:2,Tile:14,Tile:11,Tile:10,Tile:8,Map,Tile:7,Tile:6,Bonus,Tile:7,Tile:4,Tile:3,Tile:9-Destroy,Tile:10,Tile:8,Tile:5,Tile:7,Tile:12,Bonus-Destroy,Tile:9,Tile:13,Tile:5,Tile:6,Tile:0,Tile:0-Tile:hidden2,Tile:nugget,Tile:hidden1
Tile:7 6 5 1
Tile:13 4 5 0
Destroy 6 5 1
Tile:6_flip 4 4 0
Tile:8 5 6 1
Tile:0 6 5 0
Tile:12 7 5 1
Drop 2 0 0
Destroy 7 5 1
Destroy 5 6 0
Tile:6_flip 7 5 1
Tile:9 5 6 0
Tile:10 5 7 1
Tile:1 6 6 0
Tile:6_flip 8 5 1
Map 12 5 0
Tile:5_flip 5 8 1
Drop 1 0 0
Tile:8 3 5 1
Drop 1 0 0
Tile:0 9 5 1
Tile:9_flip 10 5 0
Tile:8 2 5 1
Tile:15 4 6 0
Map 12 7 1
Tile:5_flip 3 6 0
Tile:10 2 4 1
Tile:9 2 3 0
Tile:9 3 4 1
Tile:7 5 4 0
Tile:5 2 2 1
Tile:14 4 7 0
Tile:11 1 5 1
Tile:10 10 6 0
Tile:2_flip 7 6 1
Drop 4 0 0
Map 12 3 1
Tile:6 2 6 0
Tile:7_flip 1 6 1
Tile:7 10 4 0
Tile:0 4 8 1
Tile:8 8 6 0
Tile:9_flip 1 4 1
Tile:3_flip 10 7 0
Tile:4 1 3 1
Drop 3 0 0
Tile:8 8 7 1
Map 12 7 0
Tile:6_flip 3 7 1
Drop 0 0 0
Drop 0 0 1
Malus 0 0 0
Drop 0 0 1
Map 12 7 0
Bonus 0 0 1
GAMEOVER DRAW
# Game ended: Wed Apr 15 00:58:30 EDT 2020
