# Server version 0.08 running on 192.168.2.29:8123
# Game ID: 52
# Board class: Saboteur.SaboteurBoard
# Timeout: 20000
# First Move Timeout: 30000
# Date: Tue Apr 14 19:30:47 EDT 2020
# Player 1: Player-0, 'RandomPlayer', running on localhost
# Player 2: Player-1, 'RandomPlayer', running on localhost
START Player-0 RandomPlayer
START Player-1 RandomPlayer
BoardInit:Tile:2,Tile:8,Tile:5,Tile:6,Tile:6,Tile:0,Tile:9,Tile:13,Tile:7,Destroy,Tile:7,Tile:0,Tile:5,Tile:3,Tile:14,Destroy,Tile:9,Destroy,Tile:5,Tile:6,Map,Tile:7,Tile:1,Tile:6,Tile:0,Tile:10,Tile:4,Bonus,Tile:10,Map,Tile:0,Tile:9,Tile:8,Tile:9,Malus,Bonus,Tile:12,Tile:8,Map,Tile:5,Tile:7-Tile:10,Tile:9,Bonus,Tile:8,Bonus,Tile:8,Malus-Tile:6,Map,Map,Map,Tile:7,Tile:11,Tile:15-Tile:hidden2,Tile:hidden1,Tile:nugget
Tile:9 4 5 1
Tile:11 4 4 0
Tile:10 4 3 1
Tile:7 5 4 0
Tile:5_flip 4 6 1
Tile:6 6 5 0
Tile:6 7 5 1
Drop 2 0 0
Drop 0 0 1
Map 12 5 0
Tile:8 4 2 1
Tile:13 8 5 0
Tile:8 3 6 1
Tile:8 9 5 0
Tile:9 5 6 1
Tile:6_flip 10 5 0
Tile:7_flip 3 7 1
Tile:3_flip 10 6 0
Tile:5 7 4 1
Tile:0 3 2 0
Tile:9 2 6 1
Destroy 10 5 0
Drop 5 0 1
Tile:15 5 7 0
Map 12 5 1
Tile:6_flip 9 4 0
Tile:0 5 2 1
Tile:10 6 4 0
Tile:14 2 7 1
Tile:6 1 7 0
Malus 0 0 1
Map 12 3 0
Drop 1 0 1
Destroy 9 4 0
Tile:0 6 6 1
Map 12 3 0
Tile:8 10 5 1
Destroy 5 7 0
Tile:7 8 4 1
Bonus 0 0 0
Tile:1 11 5 1
Tile:7 11 6 0
Tile:10 8 6 1
Tile:9_flip 10 4 0
Tile:7_flip 8 7 1
Tile:9_flip 2 5 0
Tile:4 3 5 1
Tile:8 6 2 0
Tile:12_flip 0 7 1
Tile:5 10 3 0
Drop 1 0 1
Tile:0 4 7 0
Map 12 3 1
Drop 0 0 0
Drop 0 0 1
GAMEOVER DRAW
# Game ended: Tue Apr 14 19:30:48 EDT 2020
