# Server version 0.08 running on 192.168.2.29:8123
# Game ID: 233
# Board class: Saboteur.SaboteurBoard
# Timeout: 20000
# First Move Timeout: 30000
# Date: Wed Apr 15 01:02:48 EDT 2020
# Player 1: Player-0, 'RandomPlayer', running on localhost
# Player 2: Player-1, 'RandomPlayer', running on localhost
START Player-0 RandomPlayer
START Player-1 RandomPlayer
BoardInit:Tile:6,Tile:9,Tile:9,Tile:7,Destroy,Tile:0,Destroy,Tile:0,Tile:10,Tile:11,Bonus,Map,Map,Tile:5,Map,Tile:2,Tile:10,Tile:0,Malus,Destroy,Tile:7,Tile:5,Tile:7,Bonus,Tile:8,Tile:10,Tile:9,Tile:9,Tile:5,Tile:8,Tile:12,Map,Tile:4,Malus,Tile:8,Bonus,Tile:5,Map,Tile:14,Tile:6,Map-Tile:1,Tile:6,Bonus,Tile:7,Tile:13,Tile:0,Tile:7-Tile:9,Tile:8,Tile:6,Tile:3,Tile:8,Tile:6,Tile:15-Tile:hidden1,Tile:hidden2,Tile:nugget
Tile:1 4 5 1
Tile:6_flip 5 4 0
Tile:6 5 6 1
Tile:6_flip 4 6 0
Tile:13 6 4 1
Tile:9_flip 6 5 0
Tile:0 7 4 1
Drop 2 0 0
Destroy 4 6 1
Tile:0 4 4 0
Drop 0 0 1
Drop 0 0 0
Drop 2 0 1
Tile:7 8 4 0
Tile:7 6 3 1
Tile:0 4 6 0
Tile:10 8 5 1
Tile:9 3 5 0
Tile:9 3 4 1
Tile:15 3 3 0
Destroy 3 3 1
Tile:5_flip 6 6 0
Malus 0 0 1
Drop 5 0 0
Tile:7 3 3 1
Drop 5 0 0
Tile:7_flip 5 3 1
Map 12 7 0
Drop 3 0 1
Drop 6 0 0
Tile:9 3 6 1
Drop 1 0 0
Map 12 7 1
Map 12 7 0
Tile:8 8 6 1
Drop 4 0 0
Tile:7_flip 2 3 1
Drop 2 0 0
Tile:5_flip 8 7 1
Map 12 7 0
Tile:5 2 2 1
Drop 6 0 0
Map 12 7 1
Malus 0 0 0
Drop 4 0 1
Drop 3 0 0
Drop 0 0 1
Drop 2 0 0
Map 12 7 1
Bonus 0 0 0
Drop 0 0 1
Tile:2 9 6 0
Drop 1 0 1
Tile:3_flip 7 7 0
Drop 0 0 1
GAMEOVER DRAW
# Game ended: Wed Apr 15 01:02:48 EDT 2020
