# Server version 0.08 running on 192.168.2.29:8123
# Game ID: 323
# Board class: Saboteur.SaboteurBoard
# Timeout: 20000
# First Move Timeout: 30000
# Date: Wed Apr 15 23:41:04 EDT 2020
# Player 1: Player-0, 'RandomPlayer', running on localhost
# Player 2: Player-1, '260803297', running on localhost
START Player-0 RandomPlayer
START Player-1 260803297
BoardInit:Tile:10,Tile:0,Tile:5,Tile:10,Tile:5,Tile:10,Destroy,Bonus,Map,Map,Tile:3,Map,Destroy,Tile:8,Map,Tile:6,Tile:5,Map,Tile:6,Tile:4,Tile:9,Tile:0,Destroy,Tile:9,Tile:11,Tile:6,Tile:7,Tile:8,Bonus,Tile:15,Tile:6,Map,Tile:12,Tile:0,Tile:8,Bonus,Tile:7,Tile:1,Tile:7,Bonus,Tile:9-Tile:9,Tile:8,Malus,Tile:7,Tile:6,Tile:0,Tile:9-Tile:14,Tile:7,Tile:8,Tile:13,Tile:2,Malus,Tile:5-Tile:hidden1,Tile:nugget,Tile:hidden2
Malus 0 0 1
Drop 3 0 0
Tile:8 4 5 1
Drop 1 0 0
Tile:10 4 4 1
Drop 4 0 0
Tile:5 5 4 1
Drop 3 0 0
Tile:9_flip 6 4 1
Drop 5 0 0
Map 12 3 1
Drop 1 0 0
Destroy 6 4 1
Drop 0 0 0
Tile:9_flip 5 6 1
Bonus 0 0 0
Map 12 3 1
Map 12 7 0
Tile:7_flip 5 7 1
Tile:6_flip 6 7 0
Tile:3_flip 4 6 1
Tile:10 4 3 0
Tile:9 3 5 1
Tile:0 7 7 0
Destroy 4 5 1
Tile:8 4 5 0
Tile:6_flip 8 7 1
Tile:4 4 2 0
Drop 5 0 1
Tile:2_flip 9 7 0
Destroy 6 7 1
Tile:15 3 6 0
Drop 3 0 1
Tile:6 6 5 0
Tile:7_flip 8 8 1
Tile:8 6 7 0
Tile:6_flip 9 6 1
Tile:0 10 6 0
Tile:5_flip 6 8 1
Tile:1 10 7 0
Drop 3 0 1
Tile:9_flip 11 7 0
Tile:7_flip 11 8 1
Map 12 5 0
Tile:7 11 6 1
Drop 3 0 0
Drop 0 0 1
Tile:0 9 8 0
Tile:9_flip 7 5 1
Drop 2 0 0
Drop 1 0 1
Map 12 3 0
Tile:8 6 4 1
Map 12 7 0
Tile:5_flip 7 6 1
GAMEOVER DRAW
# Game ended: Wed Apr 15 23:41:04 EDT 2020
