# Server version 0.08 running on 192.168.2.29:8123
# Game ID: 30
# Board class: Saboteur.SaboteurBoard
# Timeout: 20000
# First Move Timeout: 30000
# Date: Tue Apr 14 19:30:08 EDT 2020
# Player 1: Player-0, 'RandomPlayer', running on localhost
# Player 2: Player-1, 'RandomPlayer', running on localhost
START Player-0 RandomPlayer
START Player-1 RandomPlayer
BoardInit:Tile:0,Tile:0,Tile:8,Tile:5,Destroy,Tile:10,Bonus,Tile:1,Tile:9,Map,Tile:0,Tile:6,Tile:8,Tile:9,Tile:7,Tile:15,Tile:2,Map,Map,Malus,Tile:13,Tile:9,Tile:6,Tile:11,Tile:4,Tile:12,Tile:6,Tile:3,Bonus,Tile:5,Tile:0,Bonus,Tile:10,Tile:7,Tile:9,Tile:7,Destroy,Tile:14,Tile:6,Tile:6,Map-Tile:8,Tile:8,Bonus,Tile:7,Malus,Tile:9,Map-Tile:8,Tile:5,Destroy,Tile:5,Tile:10,Tile:7,Map-Tile:hidden1,Tile:nugget,Tile:hidden2
Tile:8 5 6 1
Tile:5_flip 6 5 0
Tile:9 5 7 1
Tile:0 4 5 0
Tile:0 4 6 1
Tile:5_flip 5 8 0
Destroy 6 5 1
Drop 4 0 0
Drop 0 0 1
Tile:1 3 5 0
Drop 1 0 1
Tile:8 2 5 0
Tile:8 6 6 1
Map 12 3 0
Drop 2 0 1
Destroy 3 5 0
Tile:9_flip 6 5 1
Tile:7_flip 4 8 0
Tile:7_flip 3 6 1
Tile:15 2 6 0
Tile:2 2 4 1
Tile:6_flip 3 5 0
Map 12 7 1
Map 12 5 0
Tile:6 1 4 1
Tile:11_flip 1 3 0
Tile:8 7 6 1
Tile:9 6 4 0
Tile:6 3 4 1
Tile:5_flip 7 4 0
Malus 0 0 1
Drop 1 0 0
Tile:4 7 5 1
Drop 6 0 0
Tile:13 7 7 1
Drop 0 0 0
Drop 3 0 1
Drop 4 0 0
Tile:9_flip 8 7 1
Drop 0 0 0
Tile:0 1 5 1
Drop 2 0 0
Destroy 3 5 1
Drop 1 0 0
Tile:6 2 7 1
Drop 3 0 0
Drop 3 0 1
Drop 0 0 0
Map 12 3 1
Drop 2 0 0
Tile:0 0 4 1
Drop 0 0 0
Drop 1 0 1
Drop 0 0 0
Drop 0 0 1
GAMEOVER DRAW
# Game ended: Tue Apr 14 19:30:09 EDT 2020
