# Server version 0.08 running on 192.168.2.29:8123
# Game ID: 53
# Board class: Saboteur.SaboteurBoard
# Timeout: 20000
# First Move Timeout: 30000
# Date: Tue Apr 14 19:30:49 EDT 2020
# Player 1: Player-0, 'RandomPlayer', running on localhost
# Player 2: Player-1, 'RandomPlayer', running on localhost
START Player-0 RandomPlayer
START Player-1 RandomPlayer
BoardInit:Tile:5,Tile:7,Tile:8,Tile:9,Bonus,Tile:10,Tile:8,Map,Tile:10,Tile:4,Tile:8,Destroy,Map,Tile:8,Tile:5,Tile:7,Malus,Tile:8,Map,Tile:0,Destroy,Tile:13,Bonus,Tile:7,Tile:6,Bonus,Map,Tile:5,Map,Tile:9,Destroy,Tile:3,Map,Tile:2,Bonus,Tile:14,Tile:0,Malus,Tile:6,Tile:9,Tile:7-Tile:0,Tile:5,Tile:6,Tile:9,Tile:1,Tile:7,Tile:6-Tile:6,Tile:12,Tile:0,Tile:10,Tile:9,Tile:15,Tile:11-Tile:nugget,Tile:hidden1,Tile:hidden2
Tile:6_flip 5 4 1
Tile:11 5 6 0
Tile:6_flip 4 4 1
Tile:6 3 4 0
Tile:5_flip 6 5 1
Tile:9_flip 5 7 0
Tile:8 2 4 1
Tile:10 5 8 0
Tile:5_flip 2 5 1
Tile:15 3 3 0
Tile:7_flip 4 5 1
Tile:10 2 3 0
Tile:8 6 4 1
Tile:9 2 2 0
Drop 5 0 1
Map 12 3 0
Tile:0 7 4 1
Tile:7_flip 5 9 0
Map 12 3 1
Tile:12 6 6 0
Tile:9_flip 3 2 1
Tile:8 4 7 0
Destroy 4 5 1
Tile:4_flip 4 8 0
Map 12 7 1
Tile:8 1 4 0
Tile:1 0 4 1
Destroy 5 6 0
Tile:10 2 1 1
Tile:5 3 1 0
Map 12 5 1
Tile:7 6 9 0
Destroy 0 4 1
Tile:3_flip 3 7 0
Map 12 5 1
Tile:2_flip 8 4 0
Tile:5 8 3 1
Tile:13 1 5 0
Tile:6 9 4 1
Tile:9_flip 6 10 0
Tile:6 1 6 1
Tile:9 6 3 0
Tile:7 2 6 1
Tile:7 6 2 0
Tile:0 0 4 1
Tile:14 2 7 0
Drop 0 0 1
Tile:0 5 2 0
Malus 0 0 1
Drop 1 0 0
Map 12 3 1
Malus 0 0 0
Drop 0 0 1
Drop 0 0 0
Bonus 0 0 1
GAMEOVER DRAW
# Game ended: Tue Apr 14 19:30:49 EDT 2020
