# Server version 0.08 running on 192.168.0.168:8123
# Game ID: 5
# Board class: Saboteur.SaboteurBoard
# Timeout: 20000
# First Move Timeout: 30000
# Date: Tue Apr 07 23:44:59 EDT 2020
# Player 1: Player-0, 'RandomPlayer', running on 192.168.0.168
# Player 2: Player-1, 'Human', running on 192.168.0.168
START Player-0 RandomPlayer
START Player-1 Human
BoardInit:Tile:12,Tile:1,Map,Tile:8,Tile:11,Tile:5,Tile:14,Tile:0,Malus,Tile:8,Tile:9,Tile:6,Tile:5,Tile:6,Destroy,Bonus,Tile:9,Tile:10,Tile:2,Map,Map,Tile:9,Tile:6,Tile:3,Tile:9,Tile:9,Tile:10,Tile:7,Tile:7,Tile:0,Tile:8,Malus,Tile:7,Tile:15,Tile:13,Tile:0,Tile:10,Tile:6,Map,Tile:8,Bonus-Tile:4,Tile:7,Tile:7,Tile:5,Tile:6,Destroy,Tile:8-Map,Bonus,Tile:0,Map,Destroy,Tile:5,Bonus-Tile:nugget,Tile:hidden2,Tile:hidden1
Tile:8 6 5 1
Destroy 6 5 0
Tile:6 6 5 1
Drop 5 0 0
Tile:5_flip 7 5 1
Tile:8 4 5 0
Tile:7 4 4 1
Drop 2 0 0
Tile:7_flip 5 6 1
Drop 2 0 0
Map 12 5 1
Map 12 3 0
