# Server version 0.08 running on 192.168.2.29:8123
# Game ID: 214
# Board class: Saboteur.SaboteurBoard
# Timeout: 20000
# First Move Timeout: 30000
# Date: Wed Apr 15 01:02:17 EDT 2020
# Player 1: Player-0, 'RandomPlayer', running on localhost
# Player 2: Player-1, 'RandomPlayer', running on localhost
START Player-0 RandomPlayer
START Player-1 RandomPlayer
BoardInit:Tile:8,Bonus,Tile:1,Tile:9,Tile:2,Map,Tile:0,Tile:0,Tile:0,Tile:6,Tile:10,Tile:9,Tile:9,Tile:15,Tile:4,Tile:6,Tile:5,Tile:13,Tile:11,Tile:7,Malus,Tile:8,Tile:6,Map,Malus,Tile:7,Tile:5,Tile:0,Destroy,Tile:6,Bonus,Tile:12,Tile:7,Destroy,Tile:7,Bonus,Tile:8,Map,Tile:5,Tile:10,Bonus-Tile:8,Map,Map,Tile:3,Tile:9,Tile:6,Tile:9-Destroy,Tile:8,Map,Tile:7,Tile:5,Tile:14,Tile:10-Tile:hidden1,Tile:nugget,Tile:hidden2
Tile:9 4 5 1
Tile:7 5 4 0
Tile:9 4 6 1
Map 12 5 0
Tile:8 5 6 1
Tile:14_flip 4 4 0
Tile:2_flip 5 7 1
Tile:9_flip 6 5 0
Tile:0 6 7 1
Tile:5 6 4 0
Drop 1 0 1
Drop 1 0 0
Tile:8 7 4 1
Tile:6 4 7 0
Tile:9 3 7 1
Drop 5 0 0
Map 12 3 1
Tile:10 7 5 0
Tile:3 3 6 1
Drop 5 0 0
Tile:4_flip 7 6 1
Map 12 5 0
Tile:5_flip 6 6 1
Destroy 6 4 0
Tile:6_flip 7 7 1
Drop 4 0 0
Tile:11_flip 7 8 1
Tile:8 7 3 0
Drop 2 0 1
Tile:0 6 8 0
Tile:1 2 6 1
Tile:0 5 8 0
Tile:6_flip 1 6 1
Tile:6 1 7 0
Destroy 4 5 1
Drop 3 0 0
Tile:7 2 7 1
Destroy 6 7 0
Drop 6 0 1
Map 12 5 0
Tile:5 4 8 1
Tile:7_flip 6 3 0
Tile:5 6 4 1
Tile:13 8 4 0
Tile:7 9 4 1
Drop 3 0 0
Tile:0 6 7 1
Tile:10 2 8 0
Drop 0 0 1
Drop 0 0 0
Drop 0 0 1
Tile:15 8 5 0
Drop 1 0 1
Tile:12_flip 0 7 0
Drop 0 0 1
GAMEOVER DRAW
# Game ended: Wed Apr 15 01:02:18 EDT 2020
