# Server version 0.08 running on 192.168.2.29:8123
# Game ID: 241
# Board class: Saboteur.SaboteurBoard
# Timeout: 20000
# First Move Timeout: 30000
# Date: Wed Apr 15 13:54:21 EDT 2020
# Player 1: Player-0, '260803297', running on localhost
# Player 2: Player-1, 'RandomPlayer', running on localhost
START Player-0 260803297
START Player-1 RandomPlayer
BoardInit:Tile:6,Tile:0,Tile:8,Tile:7,Malus,Destroy,Tile:4,Tile:2,Tile:9,Tile:7,Bonus,Tile:7,Tile:6,Tile:7,Tile:10,Tile:6,Bonus,Bonus,Tile:9,Tile:5,Tile:11,Destroy,Tile:5,Tile:0,Tile:9,Tile:3,Malus,Tile:10,Tile:8,Tile:0,Tile:1,Tile:8,Tile:12,Tile:9,Bonus,Map,Map,Tile:8,Map,Tile:8,Tile:6-Destroy,Tile:14,Tile:7,Tile:9,Tile:6,Map,Tile:5-Tile:0,Tile:15,Tile:13,Tile:5,Map,Map,Tile:10-Tile:hidden1,Tile:nugget,Tile:hidden2
Map 12 7 1
Map 12 3 0
Tile:9 4 5 1
Map 12 3 0
Drop 2 0 1
Tile:0 6 5 0
Malus 0 0 1
Drop 0 0 0
Tile:6_flip 5 4 1
Drop 0 0 0
Tile:9_flip 7 5 1
Drop 5 0 0
Tile:8 7 4 1
Drop 1 0 0
Tile:14 7 6 1
Drop 1 0 0
Tile:4 7 3 1
Destroy 7 5 0
Tile:6 6 4 1
Bonus 0 0 0
Drop 4 0 1
Tile:7 6 3 0
Drop 1 0 1
Tile:6 5 6 0
Drop 2 0 1
Tile:5 4 4 0
Tile:11 4 6 1
Tile:0 6 6 0
Destroy 6 3 1
Drop 0 0 0
Drop 2 0 1
Tile:3 6 3 0
Malus 0 0 1
Destroy 4 4 0
Tile:9 4 4 1
Drop 0 0 0
Tile:8 4 3 1
Map 12 3 0
Tile:1 5 3 1
Drop 2 0 0
Drop 2 0 1
Drop 0 0 0
Map 12 7 1
Drop 1 0 0
Tile:6_flip 3 3 1
Drop 0 0 0
Map 12 3 1
Drop 2 0 0
Drop 0 0 1
Drop 0 0 0
Drop 0 0 1
Drop 1 0 0
Drop 0 0 1
Drop 0 0 0
Drop 0 0 1
GAMEOVER DRAW
# Game ended: Wed Apr 15 13:54:21 EDT 2020
