# Server version 0.08 running on 192.168.2.29:8123
# Game ID: 258
# Board class: Saboteur.SaboteurBoard
# Timeout: 20000
# First Move Timeout: 30000
# Date: Wed Apr 15 23:24:36 EDT 2020
# Player 1: Player-0, '260803297', running on localhost
# Player 2: Player-1, 'RandomPlayer', running on localhost
START Player-0 260803297
START Player-1 RandomPlayer
BoardInit:Map,Map,Tile:6,Bonus,Tile:9,Tile:6,Destroy,Malus,Tile:9,Tile:7,Bonus,Tile:10,Tile:6,Tile:12,Tile:11,Tile:0,Bonus,Tile:9,Bonus,Malus,Tile:8,Tile:10,Tile:9,Map,Destroy,Tile:0,Tile:8,Destroy,Tile:15,Tile:0,Tile:8,Tile:7,Map,Tile:13,Tile:8,Map,Tile:7,Tile:9,Tile:14,Tile:3,Tile:10-Tile:5,Tile:0,Tile:4,Tile:1,Tile:6,Tile:2,Tile:7-Tile:5,Tile:8,Tile:5,Map,Tile:5,Tile:6,Tile:7-Tile:nugget,Tile:hidden1,Tile:hidden2
Tile:2_flip 5 6 1
Map 12 3 0
Tile:6_flip 5 4 1
Tile:6 6 6 0
Tile:6_flip 6 5 1
Tile:7_flip 4 5 0
Tile:9 4 4 1
Tile:5_flip 6 4 0
Drop 2 0 1
Tile:6_flip 7 6 0
Destroy 6 4 1
Tile:8 7 7 0
Map 12 5 1
Drop 0 0 0
Tile:6_flip 4 3 1
Tile:7 8 6 0
Tile:7_flip 7 8 1
Tile:0 4 6 0
Drop 1 0 1
Tile:9_flip 8 7 0
Tile:1 3 6 1
Tile:5 6 7 0
Tile:5_flip 6 8 1
Tile:12 7 5 0
Tile:8 3 3 1
Malus 0 0 0
Bonus 0 0 1
Map 12 5 0
Tile:8 3 2 1
Tile:10 3 1 0
Tile:9 3 0 1
Tile:0 6 4 0
Tile:8 8 8 1
Malus 0 0 0
Drop 3 0 1
Tile:13 5 8 0
Destroy 3 3 1
Tile:0 2 2 0
Map 12 5 1
Map 12 7 0
Drop 4 0 1
Tile:9 4 8 0
Bonus 0 0 1
Destroy 6 7 0
Tile:7_flip 3 3 1
Tile:3_flip 4 9 0
Tile:14_flip 6 7 1
Tile:7 5 7 0
Tile:11 8 9 1
Drop 2 0 0
Drop 0 0 1
Drop 1 0 0
Drop 0 0 1
Drop 0 0 0
Tile:10 8 10 1
GAMEOVER DRAW
# Game ended: Wed Apr 15 23:24:39 EDT 2020
