# Server version 0.08 running on 192.168.2.29:8123
# Game ID: 189
# Board class: Saboteur.SaboteurBoard
# Timeout: 20000
# First Move Timeout: 30000
# Date: Wed Apr 15 01:01:40 EDT 2020
# Player 1: Player-0, 'RandomPlayer', running on localhost
# Player 2: Player-1, 'RandomPlayer', running on localhost
START Player-0 RandomPlayer
START Player-1 RandomPlayer
BoardInit:Bonus,Tile:5,Map,Tile:3,Tile:8,Tile:0,Destroy,Tile:0,Tile:2,Bonus,Tile:6,Tile:11,Tile:6,Tile:8,Tile:5,Map,Map,Tile:7,Malus,Tile:4,Tile:5,Tile:13,Tile:15,Tile:9,Tile:1,Tile:5,Map,Tile:6,Tile:7,Tile:10,Map,Tile:9,Tile:12,Bonus,Malus,Bonus,Tile:7,Tile:10,Tile:6,Tile:7,Tile:8-Tile:6,Tile:8,Tile:7,Tile:10,Destroy,Tile:8,Destroy-Tile:9,Map,Tile:9,Tile:0,Tile:0,Tile:14,Tile:9-Tile:nugget,Tile:hidden1,Tile:hidden2
Tile:8 5 6 1
Tile:9_flip 5 4 0
Destroy 5 4 1
Tile:9 4 5 0
Tile:7_flip 4 6 1
Tile:3_flip 5 7 0
Drop 2 0 1
Tile:5_flip 6 7 0
Tile:6_flip 5 4 1
Tile:9_flip 6 6 0
Destroy 5 7 1
Drop 1 0 0
Destroy 4 6 1
Map 12 7 0
Tile:6 4 6 1
Tile:11 5 7 0
Tile:2_flip 3 6 1
Tile:8 4 4 0
Tile:8 2 6 1
Map 12 3 0
Tile:10 4 3 1
Tile:7 6 5 0
Map 12 5 1
Tile:14 6 4 0
Tile:6_flip 3 4 1
Drop 4 0 0
Tile:15 3 5 1
Tile:9 5 8 0
Map 12 5 1
Tile:6 2 4 0
Drop 3 0 1
Tile:13 2 3 0
Drop 1 0 1
Tile:10 2 2 0
Tile:7 6 8 1
Tile:0 1 6 0
Map 12 5 1
Tile:0 1 4 0
Tile:7_flip 5 9 1
Drop 2 0 0
Tile:12 3 3 1
Drop 2 0 0
Tile:1 1 3 1
Tile:0 0 6 0
Tile:8 0 3 1
Drop 3 0 0
Tile:6_flip 4 2 1
Tile:7 2 5 0
Drop 3 0 1
Drop 2 0 0
Drop 1 0 1
Drop 0 0 0
Map 12 3 1
Drop 0 0 0
Drop 0 0 1
GAMEOVER DRAW
# Game ended: Wed Apr 15 01:01:40 EDT 2020
