# Server version 0.08 running on 192.168.2.29:8123
# Game ID: 331
# Board class: Saboteur.SaboteurBoard
# Timeout: 20000
# First Move Timeout: 30000
# Date: Wed Apr 15 23:41:48 EDT 2020
# Player 1: Player-0, 'RandomPlayer', running on localhost
# Player 2: Player-1, '260803297', running on localhost
START Player-0 RandomPlayer
START Player-1 260803297
BoardInit:Tile:9,Tile:8,Tile:7,Tile:8,Bonus,Tile:8,Map,Tile:5,Tile:7,Tile:9,Tile:5,Tile:1,Map,Tile:6,Bonus,Tile:9,Tile:11,Tile:0,Tile:7,Tile:6,Malus,Tile:2,Tile:6,Tile:5,Destroy,Tile:12,Tile:14,Tile:10,Tile:7,Tile:0,Map,Malus,Tile:4,Bonus,Map,Tile:5,Map,Tile:10,Tile:6,Bonus,Map-Tile:9,Tile:0,Tile:8,Destroy,Tile:3,Tile:0,Tile:10-Tile:8,Destroy,Tile:15,Tile:6,Tile:13,Tile:9,Tile:7-Tile:hidden1,Tile:nugget,Tile:hidden2
Tile:0 4 5 1
Tile:9_flip 6 5 0
Drop 1 0 1
Tile:13 6 6 0
Tile:9 3 5 1
Drop 3 0 0
Drop 6 0 1
Tile:8 6 7 0
Map 12 3 1
Tile:8 5 6 0
Tile:9 6 8 1
Tile:7 6 4 0
Destroy 3 5 1
Tile:8 6 9 0
Map 12 3 1
Tile:9 5 7 0
Tile:5 5 9 1
Tile:5_flip 5 8 0
Tile:11 3 5 1
Tile:0 4 6 0
Tile:7_flip 6 10 1
Tile:9 4 8 0
Malus 0 0 1
Destroy 6 8 0
Tile:7_flip 3 6 1
Drop 2 0 0
Tile:3 7 10 1
Drop 0 0 0
Tile:10 5 10 1
Drop 5 0 0
Tile:7 4 7 1
Drop 0 0 0
Map 12 3 1
Drop 4 0 0
Tile:4_flip 4 9 1
Drop 4 0 0
Map 12 3 1
Drop 3 0 0
Map 12 3 1
Malus 0 0 0
Bonus 0 0 1
Drop 4 0 0
Map 12 3 1
Drop 4 0 0
Tile:0 7 9 1
Drop 3 0 0
Drop 1 0 1
Drop 1 0 0
Tile:7 8 9 1
Bonus 0 0 0
Tile:6_flip 3 4 1
Tile:6_flip 7 6 0
Tile:6 7 7 1
Tile:2 2 4 0
Drop 0 0 1
GAMEOVER DRAW
# Game ended: Wed Apr 15 23:41:49 EDT 2020
