# Server version 0.08 running on 192.168.2.29:8123
# Game ID: 97
# Board class: Saboteur.SaboteurBoard
# Timeout: 20000
# First Move Timeout: 30000
# Date: Tue Apr 14 22:22:42 EDT 2020
# Player 1: Player-0, 'RandomPlayer', running on localhost
# Player 2: Player-1, 'RandomPlayer', running on localhost
START Player-0 RandomPlayer
START Player-1 RandomPlayer
BoardInit:Bonus,Tile:8,Tile:7,Tile:1,Tile:9,Tile:11,Tile:5,Map,Tile:8,Tile:0,Tile:6,Tile:7,Map,Tile:9,Tile:3,Tile:9,Tile:15,Bonus,Tile:8,Destroy,Map,Malus,Tile:0,Bonus,Tile:2,Tile:13,Tile:7,Tile:6,Map,Tile:8,Tile:6,Tile:7,Tile:5,Tile:14,Tile:5,Tile:10,Tile:6,Tile:10,Tile:6,Tile:10,Tile:7-Tile:0,Destroy,Map,Tile:12,Malus,Tile:5,Map-Tile:0,Tile:9,Tile:9,Tile:4,Bonus,Tile:8,Destroy-Tile:hidden1,Tile:hidden2,Tile:nugget
Tile:5 5 4 1
Tile:0 4 5 0
Drop 5 0 1
Drop 1 0 0
Map 12 7 1
Tile:8 6 4 0
Tile:9_flip 6 5 1
Tile:11_flip 6 6 0
Drop 0 0 1
Tile:9 6 3 0
Tile:8 6 2 1
Tile:4 6 1 0
Destroy 6 4 1
Drop 0 0 0
Drop 3 0 1
Tile:7_flip 5 6 0
Tile:3_flip 6 7 1
Tile:9_flip 7 7 0
Tile:12_flip 3 5 1
Tile:8 6 4 0
Tile:5 7 6 1
Map 12 5 0
Tile:8 7 2 1
Destroy 5 4 0
Drop 4 0 1
Tile:0 8 6 0
Tile:2 5 4 1
Tile:1 4 4 0
Tile:6 8 2 1
Drop 4 0 0
Drop 2 0 1
Drop 3 0 0
Map 12 7 1
Destroy 6 6 0
Tile:6 7 8 1
Tile:14_flip 6 8 0
Drop 3 0 1
Tile:9_flip 9 2 0
Tile:5_flip 9 3 1
Tile:8 8 8 0
Tile:6 7 4 1
Tile:13 9 8 0
Tile:5_flip 9 6 1
Tile:6_flip 8 3 0
Drop 4 0 1
Tile:10 9 1 0
Tile:0 10 8 1
Tile:10 9 0 0
Tile:7 9 7 1
Tile:7 9 5 0
Drop 1 0 1
Tile:10 7 1 0
Map 12 7 1
Drop 0 0 0
Malus 0 0 1
GAMEOVER DRAW
# Game ended: Tue Apr 14 22:22:42 EDT 2020
