# Server version 0.08 running on 192.168.2.29:8123
# Game ID: 265
# Board class: Saboteur.SaboteurBoard
# Timeout: 20000
# First Move Timeout: 30000
# Date: Wed Apr 15 23:27:01 EDT 2020
# Player 1: Player-0, '260803297', running on localhost
# Player 2: Player-1, 'RandomPlayer', running on localhost
START Player-0 260803297
START Player-1 RandomPlayer
BoardInit:Tile:6,Destroy,Tile:9,Tile:5,Map,Map,Tile:7,Destroy,Tile:7,Bonus,Tile:8,Map,Tile:2,Tile:8,Tile:15,Tile:7,Tile:8,Tile:11,Tile:5,Tile:0,Tile:5,Tile:6,Tile:6,Tile:7,Malus,Tile:12,Tile:10,Tile:10,Tile:9,Map,Tile:6,Tile:14,Tile:0,Tile:1,Tile:4,Bonus,Tile:3,Tile:0,Tile:7,Tile:8,Map-Tile:0,Tile:8,Bonus,Tile:9,Tile:5,Map,Tile:9-Tile:10,Tile:6,Bonus,Destroy,Tile:13,Tile:9,Malus-Tile:nugget,Tile:hidden2,Tile:hidden1
Tile:9 5 4 1
Malus 0 0 0
Drop 5 0 1
Tile:9_flip 6 4 0
Map 12 5 1
Tile:6_flip 6 3 0
Drop 2 0 1
Map 12 3 0
Map 12 5 1
Drop 4 0 0
Drop 4 0 1
Tile:13 5 6 0
Drop 0 0 1
Destroy 5 6 0
Drop 0 0 1
Tile:5_flip 5 6 0
Drop 5 0 1
Map 12 5 0
Drop 3 0 1
Destroy 5 4 0
Drop 2 0 1
Tile:8 5 4 0
Drop 0 0 1
Drop 3 0 0
Drop 2 0 1
Tile:11 4 5 0
Drop 0 0 1
Tile:7_flip 4 6 0
Drop 6 0 1
Drop 4 0 0
Drop 1 0 1
Map 12 7 0
Drop 4 0 1
Drop 5 0 0
Drop 3 0 1
Tile:14_flip 4 4 0
Drop 3 0 1
Tile:0 7 3 0
Drop 6 0 1
Drop 3 0 0
Drop 2 0 1
Tile:8 6 5 0
Drop 4 0 1
Tile:1 8 3 0
Drop 1 0 1
Drop 2 0 0
Map 12 5 1
Drop 2 0 0
Drop 0 0 1
Drop 1 0 0
Drop 0 0 1
Drop 0 0 0
Drop 1 0 1
Drop 0 0 0
Drop 0 0 1
GAMEOVER DRAW
# Game ended: Wed Apr 15 23:27:01 EDT 2020
