# Server version 0.08 running on 192.168.2.29:8123
# Game ID: 218
# Board class: Saboteur.SaboteurBoard
# Timeout: 20000
# First Move Timeout: 30000
# Date: Wed Apr 15 01:02:23 EDT 2020
# Player 1: Player-0, 'RandomPlayer', running on localhost
# Player 2: Player-1, 'RandomPlayer', running on localhost
START Player-0 RandomPlayer
START Player-1 RandomPlayer
BoardInit:Tile:9,Tile:0,Tile:8,Tile:6,Tile:9,Tile:8,Tile:6,Tile:12,Map,Tile:0,Tile:2,Bonus,Destroy,Tile:7,Bonus,Tile:3,Tile:7,Tile:1,Tile:11,Tile:0,Tile:8,Bonus,Malus,Map,Destroy,Tile:15,Tile:6,Tile:10,Tile:13,Tile:7,Malus,Tile:7,Map,Tile:14,Tile:10,Tile:5,Tile:5,Tile:8,Map,Tile:5,Bonus-Tile:4,Tile:0,Tile:6,Map,Tile:10,Tile:9,Tile:9-Tile:9,Tile:6,Tile:7,Tile:8,Tile:5,Destroy,Map-Tile:nugget,Tile:hidden2,Tile:hidden1
Tile:9 5 6 1
Tile:9_flip 6 5 0
Drop 1 0 1
Tile:5 4 5 0
Tile:10 5 7 1
Tile:6 5 8 0
Tile:9_flip 5 4 1
Map 12 5 0
Tile:9_flip 4 6 1
Tile:8 6 6 0
Tile:6 4 4 1
Destroy 4 4 0
Tile:8 5 3 1
Tile:7 7 6 0
Tile:9_flip 6 3 1
Tile:0 4 4 0
Tile:2_flip 6 8 1
Tile:7 5 2 0
Tile:4_flip 4 7 1
Tile:3_flip 4 2 0
Map 12 7 1
Tile:0 4 3 0
Tile:6 7 8 1
Tile:6_flip 4 8 0
Tile:11 6 7 1
Tile:8 3 4 0
Destroy 6 3 1
Drop 0 0 0
Drop 0 0 1
Drop 3 0 0
Drop 6 0 1
Tile:15 3 5 0
Tile:8 3 8 1
Tile:7 3 7 0
Destroy 3 4 1
Tile:7_flip 3 9 0
Tile:6 4 9 1
Drop 6 0 0
Tile:5_flip 6 3 1
Tile:8 2 7 0
Tile:7_flip 2 8 1
Tile:14_flip 6 4 0
Drop 5 0 1
Tile:0 3 3 0
Drop 4 0 1
Tile:5 3 4 0
Map 12 3 1
Tile:1 5 9 0
Drop 0 0 1
Drop 1 0 0
Drop 0 0 1
Tile:10 2 6 0
Malus 0 0 1
Drop 0 0 0
Drop 0 0 1
GAMEOVER DRAW
# Game ended: Wed Apr 15 01:02:23 EDT 2020
