# Server version 0.08 running on 192.168.2.29:8123
# Game ID: 318
# Board class: Saboteur.SaboteurBoard
# Timeout: 20000
# First Move Timeout: 30000
# Date: Wed Apr 15 23:40:53 EDT 2020
# Player 1: Player-0, '260803297', running on localhost
# Player 2: Player-1, 'RandomPlayer', running on localhost
START Player-0 260803297
START Player-1 RandomPlayer
BoardInit:Tile:13,Tile:6,Tile:6,Map,Tile:10,Tile:1,Tile:14,Tile:11,Tile:5,Tile:0,Destroy,Tile:3,Tile:5,Tile:9,Tile:6,Bonus,Destroy,Tile:6,Map,Tile:8,Tile:0,Tile:7,Tile:4,Tile:7,Tile:8,Tile:8,Tile:8,Destroy,Tile:9,Tile:5,Tile:7,Tile:9,Tile:12,Map,Bonus,Tile:5,Tile:2,Tile:6,Bonus,Bonus,Map-Map,Tile:0,Tile:15,Malus,Tile:0,Tile:8,Tile:7-Tile:10,Map,Tile:7,Tile:9,Tile:9,Malus,Tile:10-Tile:nugget,Tile:hidden1,Tile:hidden2
Drop 2 0 1
Map 12 3 0
Tile:13 6 5 1
Tile:9 5 4 0
Tile:7 5 3 1
Tile:6_flip 6 4 0
Tile:10 6 6 1
Tile:10 5 6 0
Tile:14 5 7 1
Tile:9 4 3 0
Tile:6_flip 7 4 1
Tile:11 6 7 0
Destroy 6 5 1
Tile:7 4 2 0
Tile:5 4 7 1
Tile:9_flip 4 4 0
Tile:5_flip 4 8 1
Drop 1 0 0
Destroy 5 4 1
Tile:1 3 2 0
Map 12 7 1
Tile:6 4 5 0
Tile:6_flip 3 5 1
Tile:8 2 5 0
Tile:8 1 5 1
Tile:3_flip 3 8 0
Tile:8 1 6 1
Tile:8 6 5 0
Tile:8 3 6 1
Destroy 4 2 0
Tile:0 0 5 1
Tile:7 1 4 0
Tile:9_flip 7 5 1
Tile:5 0 6 0
Tile:4_flip 7 6 1
Map 12 3 0
Tile:12 7 7 1
Tile:5 2 2 0
Tile:2_flip 1 7 1
Tile:6 2 6 0
Drop 2 0 1
Map 12 7 0
Tile:7 4 2 1
Tile:0 0 4 0
Drop 4 0 1
Tile:9 2 4 0
Map 12 3 1
Drop 2 0 0
Drop 1 0 1
Malus 0 0 0
Drop 0 0 1
Drop 0 0 0
Bonus 0 0 1
Drop 0 0 0
Drop 0 0 1
GAMEOVER DRAW
# Game ended: Wed Apr 15 23:40:53 EDT 2020
