# Server version 0.08 running on 192.168.2.29:8123
# Game ID: 102
# Board class: Saboteur.SaboteurBoard
# Timeout: 20000
# First Move Timeout: 30000
# Date: Tue Apr 14 22:22:49 EDT 2020
# Player 1: Player-0, 'RandomPlayer', running on localhost
# Player 2: Player-1, 'RandomPlayer', running on localhost
START Player-0 RandomPlayer
START Player-1 RandomPlayer
BoardInit:Destroy,Tile:13,Map,Tile:0,Map,Malus,Tile:8,Tile:6,Tile:7,Tile:7,Tile:10,Tile:15,Tile:12,Tile:5,Bonus,Map,Destroy,Tile:6,Tile:5,Bonus,Bonus,Tile:6,Tile:8,Tile:1,Malus,Bonus,Tile:3,Tile:9,Tile:5,Tile:8,Tile:9,Tile:0,Destroy,Tile:4,Tile:2,Tile:8,Tile:10,Map,Tile:11,Tile:9,Tile:9-Tile:7,Tile:9,Tile:8,Map,Tile:6,Tile:0,Tile:0-Tile:7,Map,Tile:7,Tile:10,Tile:6,Tile:5,Tile:14-Tile:hidden1,Tile:nugget,Tile:hidden2
Tile:6_flip 4 5 1
Tile:6_flip 3 5 0
Tile:8 4 6 1
Drop 5 0 0
Tile:9_flip 4 7 1
Tile:5 3 7 0
Drop 2 0 1
Tile:7_flip 4 8 0
Map 12 3 1
Tile:6 5 6 0
Map 12 7 1
Tile:7_flip 3 6 0
Drop 4 0 1
Tile:7 6 5 0
Drop 1 0 1
Tile:10 5 4 0
Tile:7 5 8 1
Map 12 3 0
Destroy 4 8 1
Map 12 5 0
Tile:7_flip 4 8 1
Tile:5_flip 6 6 0
Destroy 5 6 1
Tile:13 5 6 0
Drop 2 0 1
Tile:6_flip 5 3 0
Malus 0 0 1
Drop 3 0 0
Tile:5 4 3 1
Drop 2 0 0
Map 12 3 1
Drop 4 0 0
Tile:5_flip 4 4 1
Drop 4 0 0
Destroy 4 4 1
Drop 0 0 0
Tile:8 5 9 1
Drop 4 0 0
Tile:10 3 8 1
Map 12 5 0
Tile:3 6 9 1
Drop 4 0 0
Tile:2_flip 3 9 1
Malus 0 0 0
Drop 3 0 1
Drop 3 0 0
Drop 4 0 1
Drop 0 0 0
Drop 0 0 1
Drop 2 0 0
Drop 0 0 1
Drop 0 0 0
Drop 1 0 1
Drop 0 0 0
Drop 0 0 1
GAMEOVER DRAW
# Game ended: Tue Apr 14 22:22:49 EDT 2020
