# Server version 0.08 running on 192.168.2.29:8123
# Game ID: 231
# Board class: Saboteur.SaboteurBoard
# Timeout: 20000
# First Move Timeout: 30000
# Date: Wed Apr 15 01:02:44 EDT 2020
# Player 1: Player-0, 'RandomPlayer', running on localhost
# Player 2: Player-1, 'RandomPlayer', running on localhost
START Player-0 RandomPlayer
START Player-1 RandomPlayer
BoardInit:Tile:15,Destroy,Tile:0,Bonus,Tile:8,Tile:8,Tile:7,Tile:6,Map,Map,Tile:7,Tile:6,Tile:7,Tile:6,Tile:9,Tile:10,Tile:5,Tile:6,Tile:10,Tile:0,Bonus,Tile:5,Bonus,Tile:0,Destroy,Tile:3,Destroy,Map,Tile:12,Tile:7,Bonus,Tile:9,Tile:9,Tile:13,Tile:8,Tile:6,Map,Tile:8,Tile:4,Map,Tile:9-Tile:10,Tile:11,Tile:5,Malus,Tile:14,Tile:0,Tile:9-Tile:1,Tile:5,Tile:8,Tile:7,Tile:2,Malus,Map-Tile:nugget,Tile:hidden1,Tile:hidden2
Tile:9 5 4 1
Tile:8 6 4 0
Tile:11_flip 6 3 1
Tile:2 7 4 0
Tile:5_flip 8 4 1
Drop 4 0 0
Tile:8 5 3 1
Tile:7_flip 4 3 0
Tile:15 5 6 1
Destroy 4 3 0
Tile:7_flip 5 7 1
Tile:8 4 5 0
Tile:7 6 7 1
Tile:6 4 3 0
Drop 5 0 1
Tile:6 7 5 0
Tile:7_flip 6 8 1
Tile:10 4 6 0
Tile:9_flip 6 2 1
Tile:6_flip 5 2 0
Tile:14_flip 3 5 1
Tile:6_flip 8 5 0
Tile:5_flip 4 7 1
Tile:5 3 7 0
Tile:0 7 8 1
Drop 0 0 0
Destroy 4 6 1
Tile:5_flip 8 6 0
Tile:10 4 6 1
Tile:0 7 6 0
Tile:12 8 8 1
Tile:3_flip 3 8 0
Tile:0 3 3 1
Tile:7_flip 6 6 0
Destroy 3 8 1
Tile:13 6 5 0
Tile:8 4 2 1
Drop 6 0 0
Drop 3 0 1
Map 12 5 0
Tile:9 8 3 1
Tile:9 4 1 0
Tile:10 3 8 1
Map 12 5 0
Drop 2 0 1
Drop 0 0 0
Tile:9_flip 8 2 1
Tile:8 9 5 0
Malus 0 0 1
Map 12 5 0
Map 12 7 1
Bonus 0 0 0
Tile:4_flip 3 9 1
Tile:0 9 3 0
Drop 0 0 1
GAMEOVER DRAW
# Game ended: Wed Apr 15 01:02:44 EDT 2020
