# Server version 0.08 running on 192.168.2.29:8123
# Game ID: 113
# Board class: Saboteur.SaboteurBoard
# Timeout: 20000
# First Move Timeout: 30000
# Date: Tue Apr 14 22:23:03 EDT 2020
# Player 1: Player-0, 'RandomPlayer', running on localhost
# Player 2: Player-1, 'RandomPlayer', running on localhost
START Player-0 RandomPlayer
START Player-1 RandomPlayer
BoardInit:Map,Tile:5,Tile:4,Tile:6,Map,Tile:8,Tile:7,Tile:6,Destroy,Tile:11,Tile:7,Map,Tile:0,Tile:8,Tile:7,Tile:9,Destroy,Tile:13,Tile:5,Malus,Tile:6,Tile:0,Tile:9,Tile:8,Tile:8,Tile:1,Tile:7,Tile:7,Destroy,Tile:15,Map,Tile:10,Bonus,Tile:0,Tile:9,Tile:6,Bonus,Map,Tile:3,Tile:12,Tile:9-Bonus,Tile:10,Malus,Tile:9,Tile:8,Tile:5,Tile:5-Tile:0,Tile:2,Tile:6,Bonus,Map,Tile:14,Tile:10-Tile:hidden2,Tile:nugget,Tile:hidden1
Drop 3 0 1
Tile:6 4 5 0
Tile:10 5 4 1
Tile:0 3 5 0
Tile:8 5 3 1
Tile:2_flip 4 3 0
Drop 2 0 1
Tile:5 5 2 0
Drop 2 0 1
Tile:6_flip 6 3 0
Drop 0 0 1
Tile:6 6 5 0
Tile:4 4 4 1
Drop 0 0 0
Tile:0 3 3 1
Tile:14_flip 2 3 0
Tile:7 7 3 1
Tile:8 2 4 0
Destroy 3 3 1
Tile:9 6 4 0
Tile:7_flip 1 4 1
Tile:11 2 5 0
Tile:5_flip 5 6 1
Map 12 7 0
Destroy 5 2 1
Tile:10 2 6 0
Tile:9_flip 4 2 1
Tile:8 3 2 0
Tile:7 3 1 1
Tile:13 3 3 0
Tile:6 7 5 1
Tile:15 1 3 0
Destroy 3 3 1
Tile:10 4 1 0
Drop 3 0 1
Tile:7 1 2 0
Map 12 5 1
Tile:8 3 3 0
Tile:7_flip 2 7 1
Tile:1 0 2 0
Tile:9 5 2 1
Map 12 5 0
Tile:3_flip 2 2 1
Map 12 5 0
Tile:9 5 1 1
Tile:6 6 2 0
Drop 3 0 1
Drop 0 0 0
Malus 0 0 1
Drop 2 0 0
Map 12 3 1
Drop 0 0 0
Map 12 3 1
Drop 0 0 0
Drop 0 0 1
GAMEOVER DRAW
# Game ended: Tue Apr 14 22:23:03 EDT 2020
