# Server version 0.08 running on 192.168.2.29:8123
# Game ID: 242
# Board class: Saboteur.SaboteurBoard
# Timeout: 20000
# First Move Timeout: 30000
# Date: Wed Apr 15 14:02:31 EDT 2020
# Player 1: Player-0, '260803297', running on localhost
# Player 2: Player-1, 'RandomPlayer', running on localhost
START Player-0 260803297
START Player-1 RandomPlayer
BoardInit:Tile:8,Tile:7,Tile:7,Bonus,Destroy,Tile:6,Destroy,Tile:7,Tile:12,Tile:9,Tile:5,Map,Tile:9,Tile:10,Tile:7,Tile:3,Tile:14,Tile:2,Tile:0,Tile:10,Malus,Tile:1,Tile:7,Tile:8,Tile:9,Tile:8,Tile:6,Tile:6,Tile:13,Tile:0,Tile:4,Tile:6,Tile:0,Destroy,Map,Tile:9,Tile:5,Map,Tile:8,Malus,Tile:15-Tile:10,Tile:5,Bonus,Map,Bonus,Tile:5,Bonus-Tile:11,Tile:0,Map,Tile:8,Tile:9,Map,Tile:6-Tile:hidden1,Tile:hidden2,Tile:nugget
Tile:10 5 4 1
Map 12 3 0
Drop 5 0 1
Map 12 3 0
Tile:5 5 3 1
Tile:8 6 5 0
Map 12 5 1
Tile:9 6 4 0
Tile:8 7 5 1
Tile:11_flip 5 6 0
Tile:5 4 5 1
Drop 5 0 0
Tile:7_flip 4 6 1
Map 12 3 0
Drop 3 0 1
Tile:9_flip 7 6 0
Tile:7 6 3 1
Tile:0 8 5 0
Drop 3 0 1
Tile:6_flip 7 4 0
Tile:9_flip 5 7 1
Drop 2 0 0
Tile:14 7 7 1
Tile:3_flip 6 6 0
Destroy 5 3 1
Tile:1 8 4 0
Drop 0 0 1
Tile:8 5 8 0
Tile:5_flip 9 5 1
Tile:2 6 8 0
Tile:0 4 7 1
Tile:6_flip 5 3 0
Tile:4_flip 6 9 1
Tile:0 4 3 0
Tile:6_flip 4 8 1
Destroy 7 6 0
Tile:7_flip 3 3 1
Tile:9_flip 4 9 0
Tile:9_flip 7 6 1
Map 12 3 0
Tile:0 3 8 1
Malus 0 0 0
Malus 0 0 1
Bonus 0 0 0
Drop 4 0 1
Tile:7 7 8 0
Drop 0 0 1
Drop 1 0 0
Map 12 7 1
Tile:6 4 10 0
Drop 0 0 1
Drop 1 0 0
Drop 1 0 1
Tile:10 5 9 0
Drop 0 0 1
GAMEOVER DRAW
# Game ended: Wed Apr 15 14:02:32 EDT 2020
