# Server version 0.08 running on 192.168.2.29:8123
# Game ID: 85
# Board class: Saboteur.SaboteurBoard
# Timeout: 20000
# First Move Timeout: 30000
# Date: Tue Apr 14 22:22:25 EDT 2020
# Player 1: Player-0, 'RandomPlayer', running on localhost
# Player 2: Player-1, 'RandomPlayer', running on localhost
START Player-0 RandomPlayer
START Player-1 RandomPlayer
BoardInit:Tile:5,Map,Tile:8,Tile:8,Tile:9,Tile:8,Tile:7,Tile:9,Destroy,Tile:1,Tile:11,Tile:9,Tile:10,Bonus,Destroy,Tile:8,Tile:5,Bonus,Tile:0,Bonus,Tile:6,Tile:2,Tile:7,Tile:5,Tile:10,Tile:7,Map,Map,Tile:10,Tile:5,Tile:7,Tile:12,Tile:3,Tile:6,Map,Malus,Tile:6,Tile:6,Tile:13,Tile:9,Tile:14-Tile:9,Tile:8,Tile:7,Tile:0,Tile:15,Tile:0,Destroy-Tile:6,Bonus,Tile:4,Map,Map,Tile:0,Malus-Tile:hidden1,Tile:nugget,Tile:hidden2
Tile:8 5 6 1
Tile:4 5 4 0
Tile:0 6 6 1
Tile:0 4 6 0
Tile:8 3 6 1
Tile:6 4 5 0
Tile:9_flip 4 4 1
Drop 2 0 0
Tile:7_flip 3 4 1
Tile:8 5 7 0
Tile:5 4 7 1
Map 12 3 0
Destroy 4 6 1
Tile:9_flip 4 3 0
Drop 3 0 1
Tile:9_flip 7 6 0
Tile:10 4 2 1
Tile:8 4 8 0
Tile:0 3 8 1
Tile:1 6 5 0
Tile:9_flip 7 7 1
Tile:8 5 8 0
Destroy 4 2 1
Drop 5 0 0
Tile:11 2 6 1
Tile:2 6 7 0
Tile:6_flip 3 5 1
Tile:7_flip 2 7 0
Tile:0 4 6 1
Tile:5 2 5 0
Destroy 6 5 1
Drop 2 0 0
Tile:10 4 9 1
Tile:12 6 5 0
Tile:3 4 2 1
Tile:6_flip 2 8 0
Tile:7_flip 7 8 1
Tile:5_flip 6 8 0
Tile:6_flip 3 3 1
Tile:6_flip 2 3 0
Tile:15 5 9 1
Drop 6 0 0
Tile:5_flip 3 7 1
Map 12 7 0
Drop 4 0 1
Drop 3 0 0
Tile:14_flip 1 8 1
Drop 2 0 0
Tile:10 7 5 1
Drop 1 0 0
Map 12 3 1
Malus 0 0 0
Map 12 3 1
Drop 0 0 0
Drop 0 0 1
GAMEOVER DRAW
# Game ended: Tue Apr 14 22:22:26 EDT 2020
