# Server version 0.08 running on 192.168.2.29:8123
# Game ID: 137
# Board class: Saboteur.SaboteurBoard
# Timeout: 20000
# First Move Timeout: 30000
# Date: Wed Apr 15 00:58:00 EDT 2020
# Player 1: Player-0, 'RandomPlayer', running on localhost
# Player 2: Player-1, 'RandomPlayer', running on localhost
START Player-0 RandomPlayer
START Player-1 RandomPlayer
BoardInit:Destroy,Tile:6,Tile:5,Bonus,Tile:5,Tile:4,Destroy,Tile:6,Tile:9,Tile:5,Tile:1,Map,Tile:0,Map,Tile:10,Tile:13,Tile:8,Bonus,Map,Tile:9,Malus,Tile:9,Tile:2,Bonus,Map,Tile:6,Tile:0,Tile:11,Tile:15,Tile:14,Tile:7,Tile:8,Tile:10,Tile:6,Tile:3,Tile:0,Tile:7,Destroy,Map,Tile:8,Tile:7-Tile:10,Tile:12,Tile:8,Tile:9,Malus,Tile:9,Tile:8-Map,Tile:7,Bonus,Tile:6,Tile:7,Tile:0,Tile:5-Tile:nugget,Tile:hidden1,Tile:hidden2
Tile:9_flip 5 6 1
Tile:7 5 4 0
Tile:8 4 4 1
Map 12 3 0
Tile:5_flip 5 7 1
Tile:0 4 6 0
Drop 2 0 1
Tile:7_flip 4 5 0
Tile:8 4 3 1
Tile:6_flip 3 3 0
Tile:9_flip 6 5 1
Drop 3 0 0
Tile:5 4 7 1
Tile:5 6 4 0
Destroy 4 5 1
Tile:6 4 5 0
Tile:0 5 3 1
Tile:6 2 3 0
Tile:10 4 8 1
Tile:13 3 4 0
Tile:10 2 2 1
Map 12 5 0
Drop 5 0 1
Tile:5 3 6 0
Drop 4 0 1
Map 12 3 0
Tile:2 4 2 1
Tile:9 2 1 0
Destroy 5 7 1
Tile:11_flip 3 7 0
Tile:9_flip 3 8 1
Drop 3 0 0
Tile:7_flip 6 6 1
Tile:14_flip 2 7 0
Tile:1 2 4 1
Drop 3 0 0
Tile:0 7 4 1
Tile:6 3 5 0
Tile:3_flip 3 9 1
Tile:8 7 6 0
Drop 2 0 1
Tile:4 2 0 0
Drop 0 0 1
Tile:6_flip 1 3 0
Tile:7_flip 0 3 1
Destroy 3 8 0
Tile:15 7 7 1
Tile:0 8 4 0
Tile:7 9 4 1
Tile:8 5 7 0
Tile:10 5 8 1
Drop 0 0 0
Map 12 7 1
Drop 0 0 0
Malus 0 0 1
GAMEOVER DRAW
# Game ended: Wed Apr 15 00:58:00 EDT 2020
