# Server version 0.08 running on 192.168.2.29:8123
# Game ID: 335
# Board class: Saboteur.SaboteurBoard
# Timeout: 20000
# First Move Timeout: 30000
# Date: Wed Apr 15 23:41:59 EDT 2020
# Player 1: Player-0, 'RandomPlayer', running on localhost
# Player 2: Player-1, '260803297', running on localhost
START Player-0 RandomPlayer
START Player-1 260803297
BoardInit:Tile:9,Tile:2,Tile:1,Malus,Map,Tile:8,Bonus,Tile:0,Tile:13,Tile:7,Tile:5,Tile:8,Tile:7,Tile:5,Tile:4,Tile:0,Tile:6,Tile:11,Tile:8,Tile:5,Tile:7,Tile:8,Tile:15,Tile:10,Bonus,Tile:0,Tile:10,Tile:6,Tile:0,Destroy,Tile:6,Destroy,Tile:7,Destroy,Tile:9,Tile:6,Tile:6,Tile:14,Tile:7,Tile:10,Bonus-Malus,Tile:9,Tile:5,Map,Tile:3,Map,Tile:9-Tile:9,Tile:12,Map,Map,Bonus,Map,Tile:8-Tile:hidden1,Tile:hidden2,Tile:nugget
Map 12 3 1
Drop 3 0 0
Map 12 3 1
Tile:8 4 5 0
Malus 0 0 1
Map 12 5 0
Map 12 3 1
Map 12 3 0
Tile:9 4 4 1
Drop 0 0 0
Tile:9_flip 4 6 1
Drop 4 0 0
Tile:3 5 4 1
Drop 3 0 0
Tile:1 3 5 1
Drop 5 0 0
Tile:7_flip 5 6 1
Drop 1 0 0
Tile:5_flip 6 5 1
Drop 3 0 0
Tile:5 2 5 1
Drop 2 0 0
Drop 3 0 1
Drop 0 0 0
Drop 1 0 1
Drop 2 0 0
Tile:8 4 7 1
Drop 0 0 0
Tile:6_flip 6 6 1
Drop 5 0 0
Tile:9_flip 6 7 1
Destroy 5 4 0
Tile:15 6 4 1
Destroy 6 5 0
Tile:7 4 3 1
Destroy 4 7 0
Tile:10 4 7 1
Drop 3 0 0
Tile:6 6 5 1
Drop 6 0 0
Tile:7 5 4 1
Drop 2 0 0
Tile:6 3 3 1
Drop 1 0 0
Tile:13 7 5 1
Drop 3 0 0
Tile:9 2 6 1
Drop 0 0 0
Tile:7_flip 4 8 1
Drop 2 0 0
Tile:0 2 3 1
Drop 0 0 0
Drop 1 0 1
Drop 0 0 0
Drop 0 0 1
GAMEOVER DRAW
# Game ended: Wed Apr 15 23:41:59 EDT 2020
