# Server version 0.08 running on 192.168.2.29:8123
# Game ID: 138
# Board class: Saboteur.SaboteurBoard
# Timeout: 20000
# First Move Timeout: 30000
# Date: Wed Apr 15 00:58:01 EDT 2020
# Player 1: Player-0, 'RandomPlayer', running on localhost
# Player 2: Player-1, 'RandomPlayer', running on localhost
START Player-0 RandomPlayer
START Player-1 RandomPlayer
BoardInit:Tile:8,Bonus,Tile:6,Tile:0,Tile:12,Tile:6,Tile:7,Tile:9,Destroy,Tile:6,Tile:5,Malus,Bonus,Malus,Tile:8,Tile:4,Tile:9,Bonus,Tile:8,Map,Tile:15,Tile:8,Tile:10,Tile:11,Tile:5,Tile:6,Tile:3,Map,Tile:1,Tile:7,Tile:6,Map,Tile:7,Tile:9,Tile:7,Map,Tile:14,Bonus,Tile:10,Destroy,Tile:2-Tile:0,Destroy,Tile:13,Tile:0,Tile:7,Tile:10,Tile:0-Map,Tile:8,Tile:9,Tile:9,Tile:5,Tile:5,Map-Tile:hidden2,Tile:nugget,Tile:hidden1
Tile:7_flip 4 5 1
Tile:5_flip 6 5 0
Drop 1 0 1
Tile:9 6 4 0
Tile:0 7 4 1
Drop 4 0 0
Tile:10 4 4 1
Map 12 5 0
Drop 0 0 1
Tile:8 5 6 0
Tile:7 6 6 1
Drop 1 0 0
Tile:6_flip 8 4 1
Tile:6 9 4 0
Tile:12 10 4 1
Tile:6_flip 4 6 0
Tile:8 3 6 1
Tile:9_flip 4 7 0
Tile:0 2 6 1
Tile:9 8 5 0
Tile:8 3 7 1
Tile:4_flip 3 8 0
Destroy 4 5 1
Drop 5 0 0
Drop 3 0 1
Tile:11_flip 8 6 0
Tile:5 9 3 1
Tile:8 3 5 0
Tile:10 5 4 1
Tile:0 9 5 0
Tile:15 6 7 1
Tile:6_flip 5 3 0
Tile:0 1 6 1
Map 12 3 0
Tile:3_flip 0 6 1
Tile:7 6 3 0
Tile:7_flip 7 6 1
Drop 3 0 0
Tile:14_flip 4 3 1
Drop 3 0 0
Tile:7_flip 4 8 1
Destroy 3 7 0
Tile:5_flip 10 3 1
Tile:9 8 7 0
Drop 2 0 1
Drop 3 0 0
Tile:2_flip 6 8 1
Drop 2 0 0
Tile:6_flip 9 7 1
Malus 0 0 0
Drop 0 0 1
Drop 0 0 0
Drop 1 0 1
Drop 0 0 0
Drop 0 0 1
GAMEOVER DRAW
# Game ended: Wed Apr 15 00:58:01 EDT 2020
