# Server version 0.08 running on 192.168.2.29:8123
# Game ID: 74
# Board class: Saboteur.SaboteurBoard
# Timeout: 20000
# First Move Timeout: 30000
# Date: Tue Apr 14 21:28:49 EDT 2020
# Player 1: Player-0, 'RandomPlayer', running on localhost
# Player 2: Player-1, 'RandomPlayer', running on localhost
START Player-0 RandomPlayer
START Player-1 RandomPlayer
BoardInit:Tile:5,Tile:12,Tile:7,Tile:10,Tile:7,Tile:2,Bonus,Bonus,Tile:0,Map,Tile:9,Tile:7,Destroy,Tile:0,Tile:6,Tile:6,Tile:5,Tile:13,Tile:6,Destroy,Tile:8,Tile:4,Tile:6,Tile:15,Map,Tile:1,Tile:8,Tile:8,Malus,Tile:9,Tile:6,Bonus,Tile:14,Tile:0,Map,Tile:7,Tile:5,Map,Tile:9,Tile:9,Map-Tile:10,Tile:10,Tile:7,Tile:9,Tile:5,Tile:8,Tile:8-Map,Tile:11,Destroy,Tile:3,Malus,Tile:0,Bonus-Tile:nugget,Tile:hidden2,Tile:hidden1
Tile:8 5 6 1
Tile:11_flip 6 6 0
Tile:7_flip 4 6 1
Drop 6 0 0
Tile:5_flip 6 7 1
Tile:3_flip 5 7 0
Tile:7 5 4 1
Tile:2 6 5 0
Tile:5 4 5 1
Tile:0 4 4 0
Drop 1 0 1
Map 12 7 0
Tile:9 3 4 1
Tile:10 3 3 0
Tile:7 3 2 1
Drop 2 0 0
Drop 0 0 1
Destroy 3 2 0
Tile:5_flip 7 5 1
Map 12 5 0
Destroy 5 7 1
Destroy 4 4 0
Tile:6 4 4 1
Drop 1 0 0
Tile:8 5 7 1
Tile:7 7 4 0
Tile:6 5 8 1
Tile:4 4 3 0
Tile:6_flip 4 7 1
Drop 3 0 0
Drop 0 0 1
Malus 0 0 0
Malus 0 0 1
Drop 4 0 0
Drop 3 0 1
Drop 0 0 0
Drop 2 0 1
Drop 4 0 0
Map 12 5 1
Map 12 5 0
Drop 2 0 1
Drop 2 0 0
Drop 4 0 1
Drop 1 0 0
Drop 1 0 1
Drop 3 0 0
Map 12 5 1
Drop 0 0 0
Drop 0 0 1
Drop 2 0 0
Drop 0 0 1
Drop 0 0 0
Drop 1 0 1
Drop 0 0 0
Drop 0 0 1
GAMEOVER DRAW
# Game ended: Tue Apr 14 21:28:49 EDT 2020
