# Server version 0.08 running on 192.168.0.168:8123
# Game ID: 23
# Board class: Saboteur.SaboteurBoard
# Timeout: 20000
# First Move Timeout: 30000
# Date: Sun Apr 12 20:41:22 EDT 2020
# Player 1: Player-0, 'RandomPlayer', running on 192.168.0.168
# Player 2: Player-1, 'Human', running on 192.168.0.168
START Player-0 RandomPlayer
START Player-1 Human
BoardInit:Tile:10,Tile:7,Tile:2,Tile:6,Destroy,Bonus,Tile:13,Map,Tile:9,Tile:15,Tile:0,Tile:10,Tile:10,Tile:9,Tile:5,Tile:9,Tile:8,Tile:8,Tile:5,Malus,Tile:6,Tile:3,Tile:6,Tile:9,Malus,Map,Tile:14,Tile:7,Tile:1,Tile:5,Map,Tile:0,Tile:8,Bonus,Tile:6,Destroy,Destroy,Tile:5,Tile:4,Tile:8,Map-Tile:7,Tile:7,Tile:6,Tile:8,Map,Tile:11,Tile:0-Bonus,Map,Tile:12,Bonus,Tile:9,Tile:0,Tile:7-Tile:nugget,Tile:hidden2,Tile:hidden1
Map 12 5 1
Tile:12_flip 4 5 0
Tile:0 6 5 1
Drop 5 0 0
Tile:8 7 5 1
Drop 4 0 0
Tile:10 7 6 1
Map 12 5 0
Tile:6 7 7 1
Tile:7 8 5 0
Tile:7 8 7 1
Tile:15 8 8 0
Destroy 8 8 1
Map 12 3 0
Tile:0 6 7 1
Tile:9_flip 7 4 0
Tile:9 7 3 1
Tile:9 7 2 0
Tile:8 8 3 1
Tile:9 5 7 0
Tile:7 9 3 1
Tile:8 8 2 0
Tile:10 9 4 1
Tile:10 5 6 0
Tile:5 8 1 1
Tile:6_flip 5 4 0
