# Server version 0.08 running on 192.168.0.168:8123
# Game ID: 21
# Board class: Saboteur.SaboteurBoard
# Timeout: 20000
# First Move Timeout: 30000
# Date: Sun Apr 12 20:38:01 EDT 2020
# Player 1: Player-0, 'RandomPlayer', running on 192.168.0.168
# Player 2: Player-1, 'Human', running on 192.168.0.168
START Player-0 RandomPlayer
START Player-1 Human
BoardInit:Bonus,Malus,Tile:5,Tile:0,Tile:9,Tile:7,Tile:6,Destroy,Tile:9,Tile:0,Tile:0,Tile:6,Tile:7,Map,Tile:5,Tile:9,Tile:9,Tile:10,Bonus,Tile:6,Tile:7,Map,Tile:8,Tile:8,Tile:9,Map,Tile:11,Tile:6,Tile:8,Tile:14,Tile:6,Tile:10,Tile:13,Tile:15,Map,Map,Tile:7,Tile:5,Tile:4,Tile:3,Map-Bonus,Tile:8,Tile:0,Destroy,Malus,Tile:7,Destroy-Tile:1,Tile:10,Tile:12,Tile:5,Tile:8,Tile:2,Bonus-Tile:hidden2,Tile:hidden1,Tile:nugget
Tile:8 6 5 1
Tile:5 6 4 0
Tile:7 7 5 1
Tile:1 4 5 0
Tile:0 3 5 1
Tile:12 7 4 0
Malus 0 0 1
Drop 5 0 0
Destroy 3 5 1
Malus 0 0 0
Bonus 0 0 1
Drop 3 0 0
Destroy 4 5 1
Drop 6 0 0
Tile:0 4 5 1
Map 12 7 0
Tile:9 7 6 1
Drop 0 0 0
Tile:9 7 7 1
Drop 3 0 0
Tile:6 8 7 1
Drop 2 0 0
Tile:7 9 7 1
Map 12 7 0
Tile:9 9 8 1
Drop 2 0 0
Tile:8 10 8 1
Drop 3 0 0
Tile:9_flip 11 8 1
Drop 4 0 0
Tile:5 11 7 1
GAMEOVER WINNER 1
# Game ended: Sun Apr 12 20:39:07 EDT 2020
