# Server version 0.08 running on 192.168.2.29:8123
# Game ID: 129
# Board class: Saboteur.SaboteurBoard
# Timeout: 20000
# First Move Timeout: 30000
# Date: Tue Apr 14 22:23:24 EDT 2020
# Player 1: Player-0, 'RandomPlayer', running on localhost
# Player 2: Player-1, 'RandomPlayer', running on localhost
START Player-0 RandomPlayer
START Player-1 RandomPlayer
BoardInit:Tile:9,Tile:12,Tile:3,Tile:10,Map,Bonus,Tile:0,Tile:0,Destroy,Tile:9,Tile:6,Tile:9,Malus,Tile:8,Tile:2,Map,Tile:6,Tile:5,Tile:5,Tile:6,Tile:5,Tile:8,Tile:7,Tile:7,Tile:6,Tile:11,Tile:9,Bonus,Malus,Tile:1,Tile:7,Map,Tile:7,Tile:0,Tile:7,Destroy,Tile:14,Map,Map,Tile:6,Tile:8-Tile:10,Tile:15,Tile:8,Tile:10,Tile:4,Tile:0,Tile:5-Bonus,Tile:8,Map,Bonus,Tile:13,Tile:9,Destroy-Tile:hidden1,Tile:nugget,Tile:hidden2
Drop 2 0 1
Map 12 3 0
Tile:9_flip 5 6 1
Drop 1 0 0
Tile:5 5 4 1
Tile:12_flip 4 5 0
Drop 5 0 1
Destroy 4 5 0
Tile:0 4 5 1
Tile:0 6 5 0
Tile:10 5 7 1
Tile:13 3 5 0
Drop 0 0 1
Tile:9_flip 5 8 0
Tile:6 2 5 1
Tile:8 7 5 0
Tile:2 4 8 1
Tile:9 3 4 0
Tile:6_flip 4 6 1
Map 12 7 0
Tile:4 2 4 1
Tile:6 5 9 0
Tile:5_flip 4 4 1
Drop 1 0 0
Drop 5 0 1
Tile:7_flip 1 5 0
Tile:6_flip 6 9 1
Tile:5_flip 6 10 0
Destroy 6 9 1
Tile:11_flip 6 9 0
Tile:10 1 4 1
Tile:8 4 3 0
Map 12 3 1
Tile:9_flip 4 2 0
Drop 3 0 1
Tile:0 6 4 0
Tile:7 7 4 1
Tile:1 3 2 0
Malus 0 0 1
Destroy 3 4 0
Malus 0 0 1
Drop 1 0 0
Tile:7 1 3 1
Map 12 5 0
Drop 1 0 1
Drop 3 0 0
Tile:8 4 9 1
Drop 3 0 0
Tile:14_flip 3 9 1
Bonus 0 0 0
Drop 1 0 1
Bonus 0 0 0
Tile:0 8 5 1
Drop 0 0 0
Map 12 5 1
GAMEOVER DRAW
# Game ended: Tue Apr 14 22:23:24 EDT 2020
