# Server version 0.08 running on 192.168.2.29:8123
# Game ID: 334
# Board class: Saboteur.SaboteurBoard
# Timeout: 20000
# First Move Timeout: 30000
# Date: Wed Apr 15 23:41:56 EDT 2020
# Player 1: Player-0, '260803297', running on localhost
# Player 2: Player-1, 'RandomPlayer', running on localhost
START Player-0 260803297
START Player-1 RandomPlayer
BoardInit:Tile:7,Bonus,Tile:13,Bonus,Tile:5,Tile:12,Tile:0,Tile:9,Tile:14,Tile:5,Destroy,Destroy,Map,Tile:0,Tile:9,Tile:7,Tile:6,Tile:5,Tile:0,Tile:11,Tile:6,Tile:6,Tile:9,Map,Map,Tile:10,Malus,Tile:6,Tile:8,Tile:9,Tile:7,Tile:3,Tile:4,Tile:15,Bonus,Map,Tile:10,Map,Tile:1,Tile:10,Malus-Bonus,Tile:5,Tile:8,Destroy,Map,Tile:8,Tile:2-Tile:6,Tile:9,Tile:0,Tile:7,Tile:8,Tile:7,Tile:8-Tile:hidden2,Tile:nugget,Tile:hidden1
Drop 3 0 1
Tile:9_flip 5 4 0
Tile:2 5 3 1
Tile:0 6 3 0
Drop 2 0 1
Tile:7 6 5 0
Tile:13 4 3 1
Tile:8 4 5 0
Tile:0 3 5 1
Tile:7 7 3 0
Tile:7_flip 5 6 1
Tile:9_flip 4 6 0
Tile:14 6 6 1
Destroy 4 3 0
Tile:5 4 4 1
Tile:12_flip 4 3 0
Drop 1 0 1
Drop 6 0 0
Drop 1 0 1
Tile:0 2 5 0
Tile:6_flip 3 6 1
Tile:5_flip 3 7 0
Tile:6 2 7 1
Tile:8 7 4 0
Destroy 5 6 1
Map 12 3 0
Tile:9 7 5 1
Tile:5 1 7 0
Drop 2 0 1
Tile:11 7 6 0
Tile:8 1 8 1
Tile:6 0 8 0
Tile:7_flip 7 7 1
Drop 6 0 0
Tile:9_flip 0 7 1
Drop 6 0 0
Tile:4_flip 4 7 1
Map 12 5 0
Tile:10 0 6 1
Tile:9 0 5 0
Tile:0 8 6 1
Tile:6_flip 8 7 0
Drop 0 0 1
Tile:6 8 4 0
Tile:1 9 6 1
Drop 2 0 0
Tile:5 2 6 1
Map 12 5 0
Drop 3 0 1
Drop 0 0 0
Drop 1 0 1
Drop 1 0 0
Map 12 3 1
Drop 0 0 0
Drop 0 0 1
GAMEOVER DRAW
# Game ended: Wed Apr 15 23:41:57 EDT 2020
