# Server version 0.08 running on 192.168.2.29:8123
# Game ID: 177
# Board class: Saboteur.SaboteurBoard
# Timeout: 20000
# First Move Timeout: 30000
# Date: Wed Apr 15 00:59:01 EDT 2020
# Player 1: Player-0, 'RandomPlayer', running on localhost
# Player 2: Player-1, 'RandomPlayer', running on localhost
START Player-0 RandomPlayer
START Player-1 RandomPlayer
BoardInit:Tile:10,Destroy,Tile:10,Bonus,Tile:9,Tile:8,Bonus,Tile:0,Tile:5,Tile:7,Tile:6,Tile:4,Tile:2,Tile:8,Tile:15,Bonus,Malus,Tile:1,Tile:0,Bonus,Tile:9,Tile:12,Map,Tile:6,Map,Tile:0,Map,Map,Tile:8,Tile:14,Tile:6,Tile:0,Tile:6,Destroy,Tile:7,Map,Tile:7,Tile:5,Tile:7,Malus,Tile:11-Tile:8,Destroy,Tile:5,Tile:9,Tile:10,Tile:8,Tile:5-Tile:7,Tile:9,Map,Tile:9,Tile:13,Tile:6,Tile:3-Tile:nugget,Tile:hidden2,Tile:hidden1
Tile:5 5 4 1
Tile:3 6 4 0
Drop 1 0 1
Map 12 7 0
Tile:8 4 5 1
Destroy 5 4 0
Tile:9_flip 4 6 1
Drop 5 0 0
Tile:10 4 7 1
Tile:6_flip 5 4 0
Tile:10 5 6 1
Tile:7_flip 5 7 0
Tile:6 6 5 1
Tile:7_flip 3 5 0
Tile:2 3 6 1
Tile:8 6 7 0
Tile:5_flip 4 8 1
Tile:4 3 4 0
Tile:9_flip 7 7 1
Tile:9 4 4 0
Tile:15 7 8 1
Tile:9 2 6 0
Tile:10 6 8 1
Tile:0 3 8 0
Tile:5_flip 3 7 1
Tile:1 2 8 0
Map 12 5 1
Tile:6_flip 4 3 0
Tile:9 1 8 1
Drop 3 0 0
Drop 2 0 1
Tile:14 7 9 0
Tile:6_flip 7 6 1
Tile:13 1 9 0
Tile:6_flip 1 7 1
Tile:0 5 3 0
Tile:7 2 9 1
Map 12 3 0
Tile:7 8 6 1
Tile:12 7 5 0
Tile:8 6 9 1
Destroy 5 4 0
Map 12 3 1
Tile:0 0 9 0
Tile:0 3 3 1
Tile:8 6 10 0
Tile:11_flip 2 10 1
Map 12 7 0
Map 12 3 1
Tile:5 0 7 0
Drop 1 0 1
Malus 0 0 0
Bonus 0 0 1
Drop 0 0 0
Tile:7_flip 1 10 1
GAMEOVER DRAW
# Game ended: Wed Apr 15 00:59:02 EDT 2020
