# Server version 0.08 running on 192.168.0.168:8123
# Game ID: 26
# Board class: Saboteur.SaboteurBoard
# Timeout: 20000
# First Move Timeout: 30000
# Date: Mon Apr 13 14:02:09 EDT 2020
# Player 1: Player-0, 'RandomPlayer', running on 192.168.0.168
# Player 2: Player-1, 'Human', running on 192.168.0.168
START Player-0 RandomPlayer
START Player-1 Human
BoardInit:Bonus,Tile:5,Bonus,Tile:7,Tile:15,Bonus,Destroy,Destroy,Tile:2,Bonus,Map,Tile:0,Tile:8,Tile:0,Malus,Tile:10,Tile:8,Tile:12,Tile:5,Tile:11,Tile:6,Tile:9,Map,Tile:10,Tile:7,Tile:6,Tile:7,Tile:8,Malus,Tile:10,Tile:6,Tile:7,Tile:9,Tile:4,Tile:14,Tile:0,Tile:8,Destroy,Tile:1,Tile:9,Tile:9-Tile:6,Tile:5,Tile:9,Map,Tile:5,Map,Tile:3-Tile:6,Tile:0,Tile:13,Map,Tile:8,Map,Tile:7-Tile:nugget,Tile:hidden2,Tile:hidden1
Tile:6 6 5 1
Tile:13 5 4 0
Drop 4 0 1
Tile:6 4 4 0
Drop 2 0 1
Tile:7 6 4 0
Tile:5 5 3 1
Drop 2 0 0
Tile:9 5 6 1
Destroy 4 4 0
Tile:5_flip 5 7 1
Drop 1 0 0
Drop 3 0 1
Tile:5 4 7 0
Tile:8 7 5 1
Drop 3 0 0
Drop 2 0 1
Tile:0 4 5 0
Malus 0 0 1
Bonus 0 0 0
Tile:8 8 5 1
Tile:11 7 4 0
Tile:6 9 5 1
Tile:10 7 6 0
Drop 3 0 1
Tile:10 4 8 0
Tile:7 9 4 1
Tile:6_flip 8 4 0
Tile:7 10 5 1
Tile:8 7 7 0
Tile:5_flip 10 6 1
Map 12 3 0
Malus 0 0 1
Drop 6 0 0
Destroy 10 6 1
Drop 3 0 0
Tile:6 10 6 1
Drop 3 0 0
Tile:9_flip 11 6 1
Destroy 4 5 0
Tile:8 11 7 1
Drop 2 0 0
Tile:9 11 5 1
Drop 1 0 0
Map 12 3 1
Drop 3 0 0
