# Server version 0.08 running on 192.168.0.168:8123
# Game ID: 3
# Board class: Saboteur.SaboteurBoard
# Timeout: 20000
# First Move Timeout: 30000
# Date: Tue Apr 07 19:58:47 EDT 2020
# Player 1: Player-0, 'RandomPlayer', running on 192.168.0.168
# Player 2: Player-1, 'Human', running on 192.168.0.168
START Player-0 RandomPlayer
START Player-1 Human
BoardInit:Tile:8,Tile:7,Tile:9,Tile:8,Tile:9,Map,Tile:5,Tile:6,Tile:6,Destroy,Map,Map,Tile:7,Malus,Bonus,Tile:1,Tile:7,Tile:0,Map,Tile:0,Malus,Tile:9,Tile:3,Tile:14,Tile:9,Map,Tile:11,Destroy,Tile:6,Bonus,Tile:5,Tile:15,Tile:7,Tile:10,Tile:10,Tile:8,Tile:7,Tile:9,Tile:13,Tile:4,Tile:8-Tile:6,Bonus,Tile:0,Destroy,Tile:6,Tile:5,Tile:2-Tile:5,Tile:8,Tile:12,Tile:0,Tile:10,Map,Bonus-Tile:hidden2,Tile:nugget,Tile:hidden1
Tile:6 6 5 1
Tile:8 4 5 0
Tile:0 7 5 1
Tile:0 3 5 0
Tile:6 8 5 1
Tile:10 4 6 0
Tile:8 9 5 1
Tile:7 8 4 0
Tile:2 10 5 1
Tile:5_flip 9 6 0
Tile:6 2 5 1
Tile:6 7 4 0
Tile:9 1 5 1
Destroy 1 5 0
Tile:9 1 5 1
Drop 1 0 0
Map 12 5 1
Drop 0 0 0
Tile:7 11 5 1
Map 12 3 0
Drop 6 0 1
Drop 4 0 0
Tile:7_flip 1 6 1
Tile:9 9 4 0
Tile:3 1 4 1
Drop 2 0 0
Tile:9 0 4 1
Tile:0 8 6 0
Tile:5_flip 0 5 1
Destroy 9 4 0
Tile:6 4 7 1
Drop 3 0 0
Tile:5 5 4 1
Drop 1 0 0
Tile:11 5 6 1
Tile:14_flip 2 4 0
Tile:10 10 6 1
Drop 6 0 0
Tile:5_flip 10 7 1
Tile:15 11 6 0
Tile:7 2 6 1
Tile:10 7 3 0
Tile:8 2 7 1
Tile:9 9 4 0
Malus 0 0 1
Drop 3 0 0
Tile:7 7 2 1
Map 12 7 0
Tile:13 6 2 1
Drop 1 0 0
Destroy 9 5 1
Bonus 0 0 0
GAMEOVER USER CANCEL UNDECIDED
# Game ended: Tue Apr 07 20:04:43 EDT 2020
