# Server version 0.08 running on 192.168.2.29:8123
# Game ID: 205
# Board class: Saboteur.SaboteurBoard
# Timeout: 20000
# First Move Timeout: 30000
# Date: Wed Apr 15 01:02:04 EDT 2020
# Player 1: Player-0, 'RandomPlayer', running on localhost
# Player 2: Player-1, 'RandomPlayer', running on localhost
START Player-0 RandomPlayer
START Player-1 RandomPlayer
BoardInit:Tile:8,Tile:8,Malus,Tile:9,Bonus,Tile:4,Tile:0,Tile:7,Malus,Map,Bonus,Tile:11,Tile:3,Map,Tile:6,Tile:12,Tile:5,Tile:6,Tile:15,Map,Bonus,Tile:9,Tile:0,Map,Destroy,Tile:7,Tile:10,Tile:13,Destroy,Tile:10,Tile:9,Tile:8,Tile:9,Tile:2,Tile:8,Tile:6,Tile:14,Tile:7,Tile:6,Destroy,Bonus-Map,Tile:0,Tile:5,Tile:1,Tile:7,Tile:5,Tile:7-Tile:9,Tile:6,Tile:10,Tile:8,Map,Tile:0,Tile:5-Tile:nugget,Tile:hidden1,Tile:hidden2
Tile:1 4 5 1
Tile:0 6 5 0
Tile:7 7 5 1
Tile:6_flip 3 5 0
Tile:8 5 4 1
Tile:5_flip 5 6 0
Tile:5 4 6 1
Drop 6 0 0
Map 12 5 1
Tile:8 2 5 0
Tile:5_flip 7 6 1
Map 12 7 0
Tile:7_flip 4 4 1
Tile:10 4 7 0
Malus 0 0 1
Drop 2 0 0
Tile:3 2 4 1
Drop 0 0 0
Tile:0 6 4 1
Drop 1 0 0
Tile:5 1 5 1
Map 12 5 0
Tile:15 1 6 1
Drop 1 0 0
Tile:6 1 4 1
Drop 3 0 0
Destroy 4 7 1
Map 12 7 0
Malus 0 0 1
Drop 5 0 0
Tile:0 0 4 1
Map 12 7 0
Tile:9 4 7 1
Map 12 3 0
Destroy 5 4 1
Drop 3 0 0
Drop 6 0 1
Drop 3 0 0
Tile:14 4 8 1
Drop 6 0 0
Tile:10 3 6 1
Drop 1 0 0
Tile:6_flip 5 4 1
Destroy 3 6 0
Drop 4 0 1
Drop 3 0 0
Tile:0 5 7 1
Drop 0 0 0
Drop 0 0 1
Drop 2 0 0
Drop 0 0 1
Drop 0 0 0
Drop 1 0 1
Drop 0 0 0
Drop 0 0 1
GAMEOVER DRAW
# Game ended: Wed Apr 15 01:02:05 EDT 2020
