# Server version 0.08 running on 192.168.2.29:8123
# Game ID: 284
# Board class: Saboteur.SaboteurBoard
# Timeout: 20000
# First Move Timeout: 30000
# Date: Wed Apr 15 23:28:36 EDT 2020
# Player 1: Player-0, '260803297', running on localhost
# Player 2: Player-1, 'RandomPlayer', running on localhost
START Player-0 260803297
START Player-1 RandomPlayer
BoardInit:Tile:0,Map,Tile:11,Tile:7,Tile:9,Malus,Tile:7,Tile:12,Tile:0,Destroy,Tile:14,Tile:5,Tile:13,Tile:2,Tile:3,Tile:4,Tile:6,Tile:8,Tile:8,Tile:6,Map,Tile:10,Map,Tile:9,Bonus,Bonus,Tile:0,Map,Tile:6,Tile:7,Malus,Tile:5,Tile:6,Tile:8,Tile:10,Map,Tile:0,Tile:9,Tile:5,Map,Tile:5-Bonus,Tile:8,Tile:9,Tile:10,Tile:1,Tile:6,Bonus-Tile:15,Tile:8,Destroy,Destroy,Tile:9,Tile:7,Tile:7-Tile:nugget,Tile:hidden1,Tile:hidden2
Tile:9_flip 5 4 1
Tile:7_flip 5 6 0
Tile:8 5 3 1
Map 12 3 0
Drop 1 0 1
Tile:8 5 2 0
Tile:1 4 2 1
Tile:7_flip 4 5 0
Tile:7 5 1 1
Tile:9 4 4 0
Tile:0 6 6 1
Tile:7_flip 3 2 0
Tile:14_flip 3 1 1
Tile:12 6 3 0
Tile:13 7 6 1
Drop 0 0 0
Tile:0 4 1 1
Destroy 5 6 0
Drop 1 0 1
Destroy 4 1 0
Tile:6 5 6 1
Drop 3 0 0
Drop 1 0 1
Tile:8 8 6 0
Tile:11_flip 8 7 1
Tile:6 7 7 0
Tile:9 7 5 1
Destroy 7 6 0
Tile:3 8 5 1
Tile:9 8 8 0
Tile:8 7 6 1
Tile:5_flip 6 5 0
Drop 1 0 1
Tile:7 9 6 0
Drop 5 0 1
Malus 0 0 0
Drop 0 0 1
Tile:5 6 7 0
Map 12 7 1
Tile:10 8 9 0
Drop 4 0 1
Map 12 5 0
Drop 5 0 1
Tile:4_flip 8 10 0
Drop 4 0 1
Tile:9 7 4 0
Drop 3 0 1
Drop 2 0 0
Drop 2 0 1
Tile:8 9 8 0
Drop 0 0 1
Map 12 3 0
Drop 1 0 1
Drop 0 0 0
Drop 0 0 1
GAMEOVER DRAW
# Game ended: Wed Apr 15 23:28:38 EDT 2020
