# Server version 0.08 running on 192.168.2.29:8123
# Game ID: 118
# Board class: Saboteur.SaboteurBoard
# Timeout: 20000
# First Move Timeout: 30000
# Date: Tue Apr 14 22:23:09 EDT 2020
# Player 1: Player-0, 'RandomPlayer', running on localhost
# Player 2: Player-1, 'RandomPlayer', running on localhost
START Player-0 RandomPlayer
START Player-1 RandomPlayer
BoardInit:Bonus,Tile:8,Tile:10,Tile:6,Tile:6,Tile:6,Tile:5,Tile:7,Tile:0,Tile:15,Tile:10,Map,Malus,Tile:8,Tile:6,Tile:0,Tile:8,Tile:9,Tile:9,Tile:0,Tile:9,Tile:5,Bonus,Destroy,Tile:0,Tile:9,Tile:11,Tile:14,Tile:9,Tile:3,Tile:6,Map,Tile:10,Tile:8,Destroy,Tile:7,Tile:13,Map,Map,Tile:7,Malus-Tile:7,Tile:5,Tile:2,Bonus,Destroy,Map,Map-Tile:12,Tile:4,Tile:5,Bonus,Tile:7,Tile:1,Tile:8-Tile:nugget,Tile:hidden2,Tile:hidden1
Tile:5_flip 6 5 1
Tile:5 5 4 0
Drop 1 0 1
Drop 5 0 0
Drop 2 0 1
Tile:8 6 4 0
Drop 3 0 1
Tile:6 5 6 0
Tile:6 4 6 1
Tile:12 7 4 0
Drop 1 0 1
Drop 4 0 0
Map 12 7 1
Tile:1 6 6 0
Malus 0 0 1
Map 12 5 0
Tile:5 4 5 1
Drop 1 0 0
Tile:8 7 6 1
Drop 3 0 0
Tile:6_flip 3 6 1
Drop 2 0 0
Drop 5 0 1
Drop 0 0 0
Tile:0 8 6 1
Drop 0 0 0
Tile:7 6 3 1
Destroy 7 6 0
Tile:9 2 6 1
Drop 5 0 0
Tile:0 7 6 1
Drop 0 0 0
Tile:6_flip 9 6 1
Map 12 3 0
Tile:9_flip 10 6 1
Drop 3 0 0
Destroy 6 4 1
Drop 3 0 0
Tile:13 2 7 1
Map 12 5 0
Drop 2 0 1
Drop 2 0 0
Drop 0 0 1
Drop 1 0 0
Drop 4 0 1
Drop 3 0 0
Tile:10 2 8 1
Drop 0 0 0
Tile:10 2 5 1
Drop 2 0 0
Tile:11 2 4 1
Drop 0 0 0
Malus 0 0 1
Drop 0 0 0
Drop 0 0 1
GAMEOVER DRAW
# Game ended: Tue Apr 14 22:23:10 EDT 2020
