# Server version 0.08 running on 192.168.2.29:8123
# Game ID: 103
# Board class: Saboteur.SaboteurBoard
# Timeout: 20000
# First Move Timeout: 30000
# Date: Tue Apr 14 22:22:50 EDT 2020
# Player 1: Player-0, 'RandomPlayer', running on localhost
# Player 2: Player-1, 'RandomPlayer', running on localhost
START Player-0 RandomPlayer
START Player-1 RandomPlayer
BoardInit:Tile:0,Tile:6,Tile:14,Tile:9,Map,Tile:7,Tile:0,Destroy,Tile:8,Tile:7,Tile:5,Malus,Tile:10,Tile:9,Tile:8,Map,Bonus,Tile:8,Tile:7,Tile:7,Tile:4,Tile:0,Tile:10,Tile:3,Destroy,Tile:6,Tile:6,Tile:2,Tile:6,Tile:12,Tile:1,Map,Tile:6,Map,Malus,Tile:13,Tile:11,Bonus,Map,Tile:8,Destroy-Tile:9,Tile:9,Tile:5,Tile:10,Bonus,Tile:8,Tile:5-Tile:9,Tile:0,Tile:15,Tile:7,Map,Bonus,Tile:5-Tile:nugget,Tile:hidden2,Tile:hidden1
Tile:8 5 6 1
Tile:7 6 6 0
Drop 5 0 1
Tile:6 6 5 0
Tile:9 6 4 1
Tile:0 7 5 0
Tile:14 8 5 1
Tile:9 8 4 0
Tile:9_flip 8 3 1
Tile:5 4 6 0
Tile:0 4 5 1
Tile:7 6 3 0
Tile:8 5 3 1
Tile:9 3 5 0
Tile:10 5 4 1
Tile:7 5 2 0
Tile:10 3 4 1
Malus 0 0 0
Drop 5 0 1
Tile:8 4 3 0
Drop 1 0 1
Tile:9_flip 9 4 0
Map 12 5 1
Destroy 8 4 0
Drop 5 0 1
Tile:15 9 5 0
Destroy 5 2 1
Tile:3_flip 7 3 0
Drop 6 0 1
Drop 6 0 0
Drop 1 0 1
Map 12 3 0
Drop 4 0 1
Tile:6_flip 7 2 0
Drop 0 0 1
Map 12 5 0
Drop 3 0 1
Tile:13 5 7 0
Bonus 0 0 1
Map 12 5 0
Drop 1 0 1
Tile:8 4 2 0
Destroy 7 2 1
Map 12 5 0
Drop 1 0 1
Drop 0 0 0
Tile:5_flip 6 7 1
Tile:12 7 4 0
Tile:11_flip 7 2 1
Drop 0 0 0
Tile:6_flip 5 2 1
Tile:0 3 2 0
Map 12 7 1
Drop 0 0 0
Malus 0 0 1
GAMEOVER DRAW
# Game ended: Tue Apr 14 22:22:50 EDT 2020
