# Server version 0.08 running on 192.168.2.29:8123
# Game ID: 48
# Board class: Saboteur.SaboteurBoard
# Timeout: 20000
# First Move Timeout: 30000
# Date: Tue Apr 14 19:30:41 EDT 2020
# Player 1: Player-0, 'RandomPlayer', running on localhost
# Player 2: Player-1, 'RandomPlayer', running on localhost
START Player-0 RandomPlayer
START Player-1 RandomPlayer
BoardInit:Tile:6,Destroy,Bonus,Tile:1,Tile:9,Tile:6,Tile:5,Map,Tile:7,Tile:10,Bonus,Tile:0,Map,Malus,Tile:10,Tile:3,Tile:7,Tile:4,Tile:6,Tile:0,Tile:7,Map,Tile:7,Tile:6,Tile:10,Tile:9,Tile:5,Tile:8,Tile:6,Tile:5,Tile:2,Tile:8,Bonus,Tile:0,Destroy,Tile:12,Tile:0,Tile:13,Destroy,Malus,Tile:11-Tile:8,Map,Tile:8,Tile:5,Tile:9,Tile:9,Tile:9-Tile:15,Map,Bonus,Tile:8,Map,Tile:14,Tile:7-Tile:hidden1,Tile:nugget,Tile:hidden2
Tile:9_flip 6 5 1
Tile:14_flip 6 4 0
Drop 5 0 1
Tile:15 5 6 0
Tile:6 5 7 1
Map 12 7 0
Drop 4 0 1
Drop 4 0 0
Tile:5 4 5 1
Drop 0 0 0
Tile:9_flip 4 6 1
Tile:1 6 7 0
Drop 6 0 1
Drop 2 0 0
Tile:8 7 7 1
Drop 3 0 0
Tile:7 5 4 1
Drop 5 0 0
Tile:8 7 6 1
Tile:3_flip 4 7 0
Drop 4 0 1
Tile:6 4 4 0
Map 12 7 1
Tile:10 4 3 0
Tile:7_flip 3 4 1
Map 12 5 0
Drop 3 0 1
Tile:6_flip 8 7 0
Tile:5_flip 8 6 1
Tile:8 3 6 0
Drop 6 0 1
Map 12 7 0
Drop 4 0 1
Tile:8 9 7 0
Tile:7 3 3 1
Tile:5_flip 7 4 0
Destroy 4 6 1
Tile:4_flip 7 8 0
Tile:2_flip 2 6 1
Tile:8 2 3 0
Tile:7 3 5 1
Tile:0 1 3 0
Destroy 8 6 1
Drop 4 0 0
Tile:11_flip 4 6 1
Drop 3 0 0
Tile:5 1 6 1
Tile:0 8 6 0
Drop 3 0 1
Tile:9_flip 3 7 0
Map 12 3 1
Drop 0 0 0
Drop 1 0 1
Drop 0 0 0
Drop 0 0 1
GAMEOVER DRAW
# Game ended: Tue Apr 14 19:30:41 EDT 2020
