# Server version 0.08 running on 192.168.2.29:8123
# Game ID: 329
# Board class: Saboteur.SaboteurBoard
# Timeout: 20000
# First Move Timeout: 30000
# Date: Wed Apr 15 23:41:18 EDT 2020
# Player 1: Player-0, 'RandomPlayer', running on localhost
# Player 2: Player-1, '260803297', running on localhost
START Player-0 RandomPlayer
START Player-1 260803297
BoardInit:Map,Bonus,Malus,Tile:5,Tile:10,Tile:14,Bonus,Tile:5,Destroy,Tile:8,Map,Tile:7,Tile:7,Tile:6,Tile:0,Tile:3,Tile:2,Map,Tile:15,Destroy,Tile:13,Tile:0,Tile:11,Tile:0,Tile:9,Tile:1,Tile:0,Tile:8,Tile:6,Malus,Map,Tile:9,Tile:9,Map,Tile:9,Tile:7,Tile:8,Bonus,Tile:12,Tile:6,Tile:4-Tile:9,Tile:5,Tile:7,Tile:6,Tile:6,Tile:10,Bonus-Tile:7,Tile:8,Tile:10,Tile:8,Map,Destroy,Tile:5-Tile:nugget,Tile:hidden2,Tile:hidden1
Tile:7 5 4 1
Drop 3 0 0
Map 12 3 1
Drop 1 0 0
Tile:6 5 6 1
Tile:7_flip 4 4 0
Tile:5 4 3 1
Tile:14_flip 4 5 0
Tile:9 4 6 1
Drop 0 0 0
Drop 3 0 1
Drop 1 0 0
Destroy 4 3 1
Tile:8 6 5 0
Tile:6_flip 7 5 1
Tile:5_flip 4 7 0
Tile:0 8 5 1
Tile:6 7 6 0
Tile:10 4 3 1
Map 12 7 0
Tile:7 9 5 1
Destroy 6 5 0
Map 12 3 1
Tile:5 3 7 0
Tile:2 8 6 1
Tile:0 6 6 0
Drop 4 0 1
Tile:0 6 5 0
Drop 3 0 1
Map 12 3 0
Tile:9_flip 4 2 1
Drop 0 0 0
Tile:10 3 8 1
Tile:8 9 6 0
Tile:11 3 9 1
Malus 0 0 0
Bonus 0 0 1
Map 12 7 0
Tile:9_flip 10 6 1
Tile:7 4 1 0
Tile:8 8 7 1
Tile:5_flip 9 7 0
Tile:6 3 2 1
Tile:7_flip 8 8 0
Tile:0 4 9 1
Tile:9 3 1 0
Drop 3 0 1
Tile:3_flip 10 7 0
Tile:4 3 0 1
Tile:6 2 2 0
Map 12 3 1
Tile:1 7 7 0
Tile:9_flip 3 10 1
Drop 0 0 0
Drop 0 0 1
GAMEOVER DRAW
# Game ended: Wed Apr 15 23:41:19 EDT 2020
