# Server version 0.08 running on 192.168.2.29:8123
# Game ID: 161
# Board class: Saboteur.SaboteurBoard
# Timeout: 20000
# First Move Timeout: 30000
# Date: Wed Apr 15 00:58:34 EDT 2020
# Player 1: Player-0, 'RandomPlayer', running on localhost
# Player 2: Player-1, 'RandomPlayer', running on localhost
START Player-0 RandomPlayer
START Player-1 RandomPlayer
BoardInit:Map,Tile:6,Destroy,Tile:11,Map,Tile:5,Bonus,Tile:3,Destroy,Tile:5,Tile:10,Tile:9,Map,Tile:8,Tile:7,Tile:2,Map,Tile:6,Map,Tile:0,Tile:6,Bonus,Tile:10,Tile:0,Tile:7,Tile:5,Tile:8,Tile:6,Tile:1,Tile:7,Map,Tile:0,Tile:9,Destroy,Tile:5,Tile:9,Tile:7,Tile:7,Tile:13,Tile:8,Tile:10-Tile:9,Tile:14,Bonus,Tile:8,Tile:9,Tile:6,Tile:12-Malus,Bonus,Tile:4,Tile:15,Malus,Tile:8,Tile:0-Tile:hidden2,Tile:nugget,Tile:hidden1
Tile:8 5 4 1
Tile:8 4 5 0
Tile:14_flip 4 4 1
Tile:6_flip 6 4 0
Tile:6 4 6 1
Tile:11 3 5 0
Tile:9_flip 6 5 1
Drop 6 0 0
Drop 0 0 1
Tile:15 3 4 0
Drop 0 0 1
Tile:3_flip 3 6 0
Destroy 4 4 1
Tile:9 4 4 0
Map 12 7 1
Malus 0 0 0
Destroy 6 4 1
Tile:2_flip 6 6 0
Map 12 7 1
Drop 3 0 0
Map 12 3 1
Tile:4 5 3 0
Bonus 0 0 1
Drop 1 0 0
Drop 4 0 1
Tile:6_flip 6 4 0
Tile:6 7 6 1
Tile:5 7 5 0
Drop 2 0 1
Drop 2 0 0
Tile:12 7 4 1
Drop 2 0 0
Map 12 3 1
Tile:6 8 5 0
Drop 0 0 1
Tile:0 8 6 0
Tile:7 9 6 1
Drop 3 0 0
Tile:9_flip 9 7 1
Destroy 6 6 0
Tile:5_flip 9 5 1
Tile:8 6 6 0
Tile:10 4 3 1
Tile:9 4 2 0
Tile:7 9 4 1
Drop 3 0 0
Tile:10 3 3 1
Drop 2 0 0
Tile:13 4 1 1
Tile:8 5 1 0
Tile:8 5 6 1
Tile:5 4 0 0
Map 12 7 1
Drop 0 0 0
Tile:1 8 7 1
GAMEOVER DRAW
# Game ended: Wed Apr 15 00:58:34 EDT 2020
