# Server version 0.08 running on 192.168.2.29:8123
# Game ID: 45
# Board class: Saboteur.SaboteurBoard
# Timeout: 20000
# First Move Timeout: 30000
# Date: Tue Apr 14 19:30:34 EDT 2020
# Player 1: Player-0, 'RandomPlayer', running on localhost
# Player 2: Player-1, 'RandomPlayer', running on localhost
START Player-0 RandomPlayer
START Player-1 RandomPlayer
BoardInit:Tile:1,Malus,Tile:8,Tile:13,Tile:5,Tile:10,Map,Tile:9,Malus,Tile:8,Bonus,Tile:0,Tile:15,Tile:2,Destroy,Tile:12,Tile:8,Tile:6,Tile:5,Tile:9,Tile:10,Destroy,Map,Tile:7,Tile:7,Map,Tile:7,Destroy,Tile:0,Tile:9,Tile:4,Tile:7,Tile:5,Tile:9,Bonus,Tile:0,Tile:6,Map,Tile:3,Tile:10,Bonus-Bonus,Map,Map,Tile:6,Tile:5,Tile:6,Tile:8-Tile:0,Tile:7,Tile:9,Tile:14,Tile:8,Tile:6,Tile:11-Tile:hidden2,Tile:nugget,Tile:hidden1
Tile:6_flip 5 4 1
Tile:11_flip 6 4 0
Tile:6 4 5 1
Tile:7 6 3 0
Tile:1 5 3 1
Tile:13 3 5 0
Map 12 7 1
Malus 0 0 0
Map 12 3 1
Tile:9 3 4 0
Bonus 0 0 1
Drop 5 0 0
Tile:5_flip 6 5 1
Tile:8 4 4 0
Drop 1 0 1
Drop 3 0 0
Map 12 3 1
Tile:6 2 5 0
Drop 1 0 1
Tile:6 1 5 0
Tile:15 1 4 1
Tile:14_flip 1 3 0
Tile:8 0 5 1
Drop 1 0 0
Destroy 2 5 1
Tile:9 5 6 0
Tile:7 0 4 1
Tile:7_flip 5 7 0
Tile:8 2 3 1
Destroy 1 4 0
Malus 0 0 1
Map 12 7 0
Tile:4_flip 3 6 1
Destroy 4 4 0
Tile:5_flip 6 7 1
Drop 3 0 0
Tile:7 6 6 1
Drop 3 0 0
Drop 2 0 1
Map 12 5 0
Tile:6_flip 2 5 1
Drop 2 0 0
Drop 0 0 1
Drop 1 0 0
Tile:10 2 2 1
Drop 3 0 0
Tile:3_flip 0 6 1
Drop 0 0 0
Tile:0 4 3 1
Drop 2 0 0
Tile:5 2 1 1
Drop 0 0 0
Drop 1 0 1
Drop 0 0 0
Drop 0 0 1
GAMEOVER DRAW
# Game ended: Tue Apr 14 19:30:35 EDT 2020
