# Server version 0.08 running on 192.168.2.29:8123
# Game ID: 220
# Board class: Saboteur.SaboteurBoard
# Timeout: 20000
# First Move Timeout: 30000
# Date: Wed Apr 15 01:02:26 EDT 2020
# Player 1: Player-0, 'RandomPlayer', running on localhost
# Player 2: Player-1, 'RandomPlayer', running on localhost
START Player-0 RandomPlayer
START Player-1 RandomPlayer
BoardInit:Tile:2,Tile:0,Malus,Bonus,Bonus,Map,Tile:10,Tile:6,Map,Tile:14,Tile:6,Tile:3,Tile:10,Tile:9,Tile:9,Bonus,Tile:7,Map,Map,Tile:7,Destroy,Tile:12,Malus,Tile:15,Tile:6,Tile:7,Tile:8,Destroy,Tile:5,Tile:0,Tile:6,Tile:6,Tile:5,Tile:8,Tile:10,Tile:5,Tile:0,Bonus,Map,Tile:8,Tile:1-Tile:13,Tile:7,Tile:5,Tile:8,Map,Tile:9,Destroy-Tile:9,Tile:8,Tile:9,Tile:4,Tile:0,Tile:7,Tile:11-Tile:hidden1,Tile:nugget,Tile:hidden2
Tile:9 5 4 1
Drop 5 0 0
Map 12 5 1
Tile:11_flip 5 6 0
Tile:2_flip 4 6 1
Drop 2 0 0
Malus 0 0 1
Drop 2 0 0
Tile:8 4 5 1
Map 12 5 0
Tile:13 3 5 1
Bonus 0 0 0
Tile:6_flip 2 5 1
Tile:9 2 6 0
Destroy 5 6 1
Tile:8 2 7 0
Tile:9 5 3 1
Tile:6_flip 1 7 0
Tile:7 6 4 1
Drop 1 0 0
Tile:10 4 4 1
Tile:9 0 7 0
Tile:7_flip 1 5 1
Tile:14 6 5 0
Drop 2 0 1
Tile:3 3 7 0
Tile:5_flip 5 6 1
Tile:7 1 4 0
Drop 4 0 1
Drop 2 0 0
Drop 3 0 1
Destroy 6 4 0
Tile:6 3 8 1
Tile:7 6 3 0
Tile:6_flip 5 2 1
Tile:6 1 8 0
Tile:5_flip 6 2 1
Tile:12_flip 4 2 0
Tile:0 0 4 1
Tile:0 4 8 0
Tile:8 2 8 1
Tile:8 2 9 0
Drop 0 0 1
Tile:5 1 9 0
Tile:1 3 9 1
Tile:8 0 8 0
Tile:10 1 10 1
Tile:15 1 11 0
Tile:10 1 12 1
Tile:0 5 8 0
Drop 0 0 1
Drop 0 0 0
Tile:5_flip 0 9 1
Drop 0 0 0
Map 12 5 1
GAMEOVER DRAW
# Game ended: Wed Apr 15 01:02:26 EDT 2020
