# Server version 0.08 running on 192.168.2.29:8123
# Game ID: 196
# Board class: Saboteur.SaboteurBoard
# Timeout: 20000
# First Move Timeout: 30000
# Date: Wed Apr 15 01:01:51 EDT 2020
# Player 1: Player-0, 'RandomPlayer', running on localhost
# Player 2: Player-1, 'RandomPlayer', running on localhost
START Player-0 RandomPlayer
START Player-1 RandomPlayer
BoardInit:Tile:6,Tile:0,Tile:6,Map,Tile:7,Bonus,Tile:6,Destroy,Tile:10,Bonus,Tile:10,Map,Tile:9,Bonus,Tile:6,Tile:9,Tile:12,Tile:0,Tile:13,Tile:8,Tile:2,Tile:5,Tile:7,Tile:15,Malus,Tile:10,Tile:0,Tile:3,Bonus,Destroy,Tile:5,Map,Tile:5,Tile:7,Map,Tile:1,Tile:8,Tile:8,Tile:9,Tile:6,Tile:14-Tile:0,Tile:7,Tile:11,Map,Tile:7,Malus,Map-Destroy,Tile:8,Tile:9,Tile:8,Tile:5,Tile:9,Tile:4-Tile:hidden1,Tile:hidden2,Tile:nugget
Tile:11_flip 5 6 1
Tile:9_flip 6 5 0
Map 12 5 1
Tile:4_flip 5 7 0
Tile:6_flip 6 4 1
Tile:9 4 5 0
Tile:7_flip 6 6 1
Map 12 7 0
Tile:6 7 6 1
Destroy 6 6 0
Drop 0 0 1
Destroy 5 6 0
Tile:10 4 4 1
Tile:8 4 6 0
Tile:6_flip 3 6 1
Tile:8 6 6 0
Tile:9 5 4 1
Drop 1 0 0
Drop 5 0 1
Tile:9 7 5 0
Tile:7 8 6 1
Tile:8 5 6 0
Tile:12 8 5 1
Map 12 3 0
Tile:7_flip 2 6 1
Tile:15 4 7 0
Tile:2 7 4 1
Tile:5_flip 3 7 0
Tile:13 4 3 1
Drop 2 0 0
Tile:7 2 5 1
Tile:0 1 5 0
Tile:5_flip 8 4 1
Map 12 7 0
Tile:10 6 7 1
Destroy 3 6 0
Tile:5_flip 8 7 1
Tile:3 5 3 0
Drop 6 0 1
Tile:1 2 7 0
Malus 0 0 1
Drop 4 0 0
Tile:9_flip 4 2 1
Drop 4 0 0
Drop 4 0 1
Drop 3 0 0
Drop 3 0 1
Drop 2 0 0
Tile:14_flip 3 2 1
Drop 1 0 0
Map 12 3 1
Bonus 0 0 0
Malus 0 0 1
Drop 0 0 0
Drop 0 0 1
GAMEOVER DRAW
# Game ended: Wed Apr 15 01:01:51 EDT 2020
