# Server version 0.08 running on 192.168.2.29:8123
# Game ID: 337
# Board class: Saboteur.SaboteurBoard
# Timeout: 20000
# First Move Timeout: 30000
# Date: Wed Apr 15 23:42:04 EDT 2020
# Player 1: Player-0, 'RandomPlayer', running on localhost
# Player 2: Player-1, '260803297', running on localhost
START Player-0 RandomPlayer
START Player-1 260803297
BoardInit:Tile:4,Destroy,Destroy,Tile:5,Map,Tile:0,Malus,Destroy,Malus,Tile:0,Tile:5,Tile:8,Tile:10,Tile:7,Tile:7,Tile:12,Bonus,Tile:8,Map,Tile:6,Tile:8,Tile:14,Tile:11,Map,Tile:9,Bonus,Tile:5,Tile:10,Tile:9,Tile:7,Map,Tile:7,Tile:6,Tile:0,Tile:8,Bonus,Tile:9,Tile:9,Map,Tile:5,Tile:6-Tile:8,Tile:2,Map,Tile:0,Tile:10,Tile:3,Tile:6-Bonus,Tile:7,Tile:9,Tile:13,Tile:15,Tile:1,Tile:6-Tile:nugget,Tile:hidden2,Tile:hidden1
Map 12 3 1
Tile:6 4 5 0
Tile:6_flip 6 5 1
Tile:9 6 6 0
Drop 5 0 1
Tile:15 6 7 0
Tile:10 5 6 1
Drop 4 0 0
Tile:3 7 6 1
Drop 2 0 0
Drop 0 0 1
Destroy 6 7 0
Destroy 6 5 1
Tile:7 5 4 0
Tile:5_flip 5 7 1
Drop 1 0 0
Map 12 7 1
Tile:0 4 7 0
Tile:2 3 7 1
Drop 1 0 0
Drop 1 0 1
Drop 4 0 0
Tile:8 3 5 1
Tile:8 3 4 0
Tile:11_flip 6 5 1
Tile:14 3 6 0
Tile:0 2 6 1
Tile:7 3 3 0
Malus 0 0 1
Drop 2 0 0
Tile:9_flip 3 8 1
Bonus 0 0 0
Tile:5 2 8 1
Tile:0 2 7 0
Tile:7_flip 1 6 1
Tile:7_flip 2 4 0
Tile:8 2 9 1
Drop 3 0 0
Tile:9 6 4 1
Tile:0 1 7 0
Tile:6_flip 6 3 1
Tile:7_flip 5 3 0
Map 12 5 1
Tile:6 1 9 0
Tile:6_flip 7 3 1
Tile:9_flip 7 4 0
Map 12 3 1
Tile:5 0 7 0
Tile:10 7 7 1
Map 12 7 0
Tile:9 0 8 1
Drop 0 0 0
Drop 0 0 1
Drop 0 0 0
Map 12 5 1
GAMEOVER DRAW
# Game ended: Wed Apr 15 23:42:04 EDT 2020
