# Server version 0.08 running on 192.168.2.29:8123
# Game ID: 146
# Board class: Saboteur.SaboteurBoard
# Timeout: 20000
# First Move Timeout: 30000
# Date: Wed Apr 15 00:58:13 EDT 2020
# Player 1: Player-0, 'RandomPlayer', running on localhost
# Player 2: Player-1, 'RandomPlayer', running on localhost
START Player-0 RandomPlayer
START Player-1 RandomPlayer
BoardInit:Tile:13,Bonus,Tile:0,Tile:10,Tile:5,Map,Map,Tile:0,Bonus,Tile:5,Tile:2,Tile:9,Tile:15,Tile:6,Malus,Tile:6,Tile:9,Bonus,Tile:9,Map,Destroy,Tile:9,Tile:10,Tile:0,Tile:11,Map,Tile:10,Tile:8,Tile:0,Tile:7,Tile:5,Tile:6,Tile:8,Tile:12,Bonus,Tile:3,Destroy,Destroy,Malus,Map,Tile:5-Tile:7,Tile:6,Tile:8,Tile:8,Tile:6,Map,Tile:7-Tile:8,Tile:7,Tile:14,Tile:7,Tile:1,Tile:9,Tile:4-Tile:nugget,Tile:hidden2,Tile:hidden1
Map 12 7 1
Tile:9 5 6 0
Tile:8 5 4 1
Drop 1 0 0
Tile:7_flip 4 4 1
Tile:7 5 3 0
Tile:5 4 3 1
Tile:10 5 7 0
Tile:8 6 6 1
Tile:4_flip 5 8 0
Tile:13 6 5 1
Drop 1 0 0
Tile:7_flip 6 7 1
Tile:1 7 5 0
Drop 5 0 1
Drop 3 0 0
Tile:0 7 7 1
Drop 1 0 0
Tile:6 8 7 1
Tile:9_flip 6 4 0
Tile:9 6 3 1
Drop 4 0 0
Tile:6_flip 8 5 1
Tile:5 4 5 0
Drop 2 0 1
Map 12 5 0
Tile:11_flip 8 6 1
Tile:6_flip 9 7 0
Drop 6 0 1
Drop 5 0 0
Map 12 3 1
Drop 3 0 0
Tile:5_flip 9 5 1
Tile:7 7 3 0
Tile:0 7 6 1
Tile:6_flip 10 7 0
Destroy 6 7 1
Drop 6 0 0
Destroy 5 6 1
Destroy 9 7 0
Tile:10 9 4 1
Tile:8 5 6 0
Tile:9 4 6 1
Tile:8 6 2 0
Tile:5 9 3 1
Tile:0 7 2 0
Tile:8 9 7 1
Tile:12 8 2 0
Drop 0 0 1
Drop 2 0 0
Drop 0 0 1
Map 12 7 0
Malus 0 0 1
Drop 0 0 0
Drop 0 0 1
GAMEOVER DRAW
# Game ended: Wed Apr 15 00:58:13 EDT 2020
