# Server version 0.08 running on 192.168.2.29:8123
# Game ID: 83
# Board class: Saboteur.SaboteurBoard
# Timeout: 20000
# First Move Timeout: 30000
# Date: Tue Apr 14 21:29:00 EDT 2020
# Player 1: Player-0, 'RandomPlayer', running on localhost
# Player 2: Player-1, 'RandomPlayer', running on localhost
START Player-0 RandomPlayer
START Player-1 RandomPlayer
BoardInit:Tile:10,Map,Map,Tile:10,Tile:12,Tile:7,Bonus,Malus,Tile:5,Tile:0,Tile:6,Tile:0,Tile:9,Map,Tile:2,Tile:5,Tile:6,Tile:15,Tile:8,Map,Tile:5,Bonus,Tile:11,Destroy,Tile:4,Tile:9,Tile:8,Tile:7,Tile:6,Tile:3,Map,Destroy,Tile:9,Bonus,Tile:14,Tile:8,Bonus,Tile:7,Tile:1,Tile:6,Tile:10-Tile:7,Tile:8,Tile:6,Destroy,Tile:0,Malus,Tile:7-Tile:9,Tile:0,Map,Tile:9,Tile:13,Tile:8,Tile:5-Tile:nugget,Tile:hidden2,Tile:hidden1
Drop 3 0 1
Tile:9_flip 6 5 0
Tile:7 5 4 1
Tile:9 6 6 0
Tile:10 6 4 1
Tile:10 5 6 0
Drop 4 0 1
Tile:5_flip 5 7 0
Tile:8 4 7 1
Tile:13 6 3 0
Tile:5_flip 7 6 1
Map 12 5 0
Tile:6_flip 4 4 1
Tile:0 3 4 0
Tile:6 4 8 1
Map 12 5 0
Tile:2 7 3 1
Tile:0 3 8 0
Drop 1 0 1
Drop 1 0 0
Tile:9 7 5 1
Tile:0 2 8 0
Tile:12 5 8 1
Map 12 7 0
Tile:6 4 5 1
Tile:15 7 4 0
Tile:0 1 8 1
Destroy 4 7 0
Tile:8 0 8 1
Tile:5 2 4 0
Tile:11_flip 8 5 1
Tile:9 0 9 0
Tile:8 0 10 1
Tile:8 0 7 0
Drop 0 0 1
Tile:7_flip 5 3 0
Tile:14 1 7 1
Destroy 7 6 0
Tile:4_flip 8 6 1
Tile:7_flip 6 7 0
Drop 1 0 1
Drop 4 0 0
Tile:6_flip 4 7 1
Tile:3 1 6 0
Drop 4 0 1
Tile:6_flip 1 10 0
Tile:10 6 2 1
Map 12 5 0
Tile:9_flip 5 2 1
Tile:8 4 2 0
Map 12 3 1
Malus 0 0 0
Drop 0 0 1
Drop 0 0 0
Bonus 0 0 1
GAMEOVER DRAW
# Game ended: Tue Apr 14 21:29:00 EDT 2020
