# Server version 0.08 running on 192.168.2.29:8123
# Game ID: 66
# Board class: Saboteur.SaboteurBoard
# Timeout: 20000
# First Move Timeout: 30000
# Date: Tue Apr 14 19:31:11 EDT 2020
# Player 1: Player-0, 'RandomPlayer', running on localhost
# Player 2: Player-1, 'RandomPlayer', running on localhost
START Player-0 RandomPlayer
START Player-1 RandomPlayer
BoardInit:Tile:7,Map,Bonus,Tile:13,Tile:8,Tile:5,Tile:6,Tile:5,Tile:4,Tile:3,Tile:11,Malus,Tile:0,Tile:12,Bonus,Tile:9,Tile:7,Tile:8,Tile:9,Malus,Tile:7,Tile:10,Tile:5,Map,Tile:0,Destroy,Tile:6,Tile:7,Tile:7,Destroy,Tile:0,Tile:9,Tile:9,Map,Tile:9,Tile:10,Tile:6,Bonus,Bonus,Tile:10,Map-Tile:15,Map,Tile:6,Tile:0,Destroy,Tile:6,Tile:2-Tile:8,Tile:8,Map,Tile:8,Tile:1,Tile:5,Tile:14-Tile:hidden2,Tile:nugget,Tile:hidden1
Tile:2 5 4 1
Tile:14 5 6 0
Drop 1 0 1
Tile:1 6 4 0
Tile:0 6 5 1
Tile:8 4 6 0
Tile:8 4 5 1
Tile:8 3 6 0
Tile:6 3 7 1
Tile:13 2 7 0
Drop 3 0 1
Tile:8 4 4 0
Tile:15 2 8 1
Tile:5 2 6 0
Tile:11 3 5 1
Tile:12_flip 1 7 0
Tile:6 7 4 1
Map 12 7 0
Tile:0 8 4 1
Drop 1 0 0
Tile:6_flip 7 3 1
Tile:5_flip 8 3 0
Destroy 6 4 1
Tile:3_flip 6 3 0
Tile:9 6 2 1
Tile:9 3 4 0
Tile:7 4 3 1
Tile:8 4 7 0
Drop 2 0 1
Tile:7 7 5 0
Tile:4 6 1 1
Drop 3 0 0
Tile:0 6 4 1
Destroy 4 7 0
Tile:6 4 7 1
Tile:9 7 6 0
Tile:9_flip 7 7 1
Destroy 7 4 0
Tile:9_flip 7 8 1
Map 12 5 0
Tile:5_flip 9 4 1
Drop 1 0 0
Tile:6 7 4 1
Map 12 5 0
Map 12 3 1
Map 12 7 0
Tile:7_flip 7 9 1
Tile:10 9 3 0
Tile:7 8 6 1
Drop 2 0 0
Tile:0 7 2 1
Malus 0 0 0
Drop 0 0 1
Drop 0 0 0
Bonus 0 0 1
GAMEOVER DRAW
# Game ended: Tue Apr 14 19:31:11 EDT 2020
