# Server version 0.08 running on 192.168.0.168:8123
# Game ID: 252
# Board class: Saboteur.SaboteurBoard
# Timeout: 20000
# First Move Timeout: 30000
# Date: Wed Apr 15 14:21:32 EDT 2020
# Player 1: Player-0, '260803297', running on localhost
# Player 2: Player-1, 'RandomPlayer', running on localhost
START Player-0 260803297
START Player-1 RandomPlayer
BoardInit:Tile:1,Tile:6,Map,Tile:9,Tile:10,Map,Destroy,Bonus,Tile:12,Tile:14,Tile:7,Tile:4,Tile:3,Tile:9,Tile:9,Tile:11,Bonus,Map,Tile:10,Tile:7,Tile:5,Tile:6,Tile:0,Tile:6,Tile:2,Tile:0,Tile:8,Tile:15,Tile:5,Tile:5,Tile:7,Tile:9,Tile:7,Tile:0,Tile:5,Destroy,Map,Tile:7,Tile:8,Tile:13,Bonus-Tile:8,Tile:8,Bonus,Malus,Tile:6,Map,Tile:8-Tile:0,Destroy,Malus,Tile:10,Map,Tile:9,Tile:6-Tile:hidden2,Tile:nugget,Tile:hidden1
Tile:8 5 6 1
Map 12 3 0
Tile:6 6 6 1
Malus 0 0 0
Map 12 3 1
Tile:6 4 6 0
Malus 0 0 1
Map 12 5 0
Map 12 3 1
Drop 5 0 0
Drop 1 0 1
Drop 6 0 0
Drop 4 0 1
Drop 6 0 0
Drop 0 0 1
Destroy 6 6 0
Drop 5 0 1
Drop 6 0 0
Drop 3 0 1
Drop 2 0 0
Drop 2 0 1
Map 12 5 0
Drop 3 0 1
Bonus 0 0 0
Drop 5 0 1
Tile:9_flip 6 5 0
Drop 0 0 1
Tile:6_flip 3 6 0
Drop 6 0 1
Tile:6_flip 4 5 0
Drop 1 0 1
Tile:5 2 6 0
Drop 4 0 1
Tile:0 3 5 0
Drop 0 0 1
Tile:9 2 7 0
Drop 4 0 1
Tile:7_flip 2 8 0
Map 12 5 1
Tile:0 2 5 0
Drop 4 0 1
Tile:13 3 7 0
Bonus 0 0 1
Destroy 6 5 0
Tile:8 5 7 1
Tile:0 6 5 0
Tile:5_flip 3 8 1
Drop 0 0 0
Drop 3 0 1
Tile:7 5 4 0
Tile:10 5 8 1
Tile:6_flip 6 6 0
Tile:5_flip 5 9 1
Drop 0 0 0
Tile:0 4 4 1
GAMEOVER DRAW
# Game ended: Wed Apr 15 14:21:33 EDT 2020
