# Server version 0.08 running on 192.168.2.29:8123
# Game ID: 270
# Board class: Saboteur.SaboteurBoard
# Timeout: 20000
# First Move Timeout: 30000
# Date: Wed Apr 15 23:27:57 EDT 2020
# Player 1: Player-0, '260803297', running on localhost
# Player 2: Player-1, 'RandomPlayer', running on localhost
START Player-0 260803297
START Player-1 RandomPlayer
BoardInit:Tile:8,Tile:12,Tile:11,Tile:8,Tile:5,Tile:7,Tile:0,Map,Tile:7,Map,Tile:6,Destroy,Tile:9,Tile:5,Tile:6,Tile:15,Tile:0,Tile:5,Tile:7,Bonus,Tile:4,Destroy,Tile:10,Tile:0,Tile:6,Tile:7,Bonus,Tile:10,Tile:5,Map,Tile:9,Bonus,Destroy,Malus,Tile:8,Tile:7,Bonus,Tile:14,Malus,Tile:9,Tile:10-Tile:8,Map,Tile:9,Tile:9,Tile:3,Tile:13,Tile:1-Tile:8,Map,Tile:0,Tile:6,Map,Tile:2,Tile:6-Tile:nugget,Tile:hidden1,Tile:hidden2
Tile:9_flip 5 4 1
Map 12 3 0
Tile:9 5 6 1
Tile:6 6 5 0
Map 12 7 1
Tile:6_flip 6 6 0
Tile:8 4 4 1
Tile:8 5 7 0
Tile:0 4 7 1
Map 12 5 0
Tile:11_flip 7 5 1
Tile:2_flip 5 8 0
Tile:8 7 4 1
Tile:0 3 4 0
Tile:9_flip 6 7 1
Destroy 5 8 0
Tile:6_flip 8 4 1
Tile:15 8 5 0
Tile:7_flip 4 5 1
Tile:7 7 3 0
Tile:1 2 4 1
Tile:5 5 3 0
Tile:6 6 8 1
Tile:5_flip 8 6 0
Tile:13 5 8 1
Tile:8 7 6 0
Tile:6_flip 6 3 1
Tile:0 4 8 0
Tile:3_flip 5 9 1
Tile:10 4 3 0
Tile:5 1 4 1
Tile:7_flip 3 8 0
Tile:10 7 7 1
Destroy 4 8 0
Tile:9 1 5 1
Malus 0 0 0
Destroy 3 8 1
Tile:12_flip 3 7 0
Bonus 0 0 1
Map 12 7 0
Tile:4_flip 1 6 1
Tile:7 6 9 0
Drop 0 0 1
Tile:14 9 4 0
Tile:7_flip 6 10 1
Map 12 3 0
Tile:5 4 8 1
Drop 2 0 0
Tile:8 7 10 1
Tile:9_flip 9 3 0
Tile:10 4 2 1
Map 12 5 0
Malus 0 0 1
Drop 0 0 0
Drop 0 0 1
GAMEOVER DRAW
# Game ended: Wed Apr 15 23:27:59 EDT 2020
