# Server version 0.08 running on 192.168.2.29:8123
# Game ID: 127
# Board class: Saboteur.SaboteurBoard
# Timeout: 20000
# First Move Timeout: 30000
# Date: Tue Apr 14 22:23:21 EDT 2020
# Player 1: Player-0, 'RandomPlayer', running on localhost
# Player 2: Player-1, 'RandomPlayer', running on localhost
START Player-0 RandomPlayer
START Player-1 RandomPlayer
BoardInit:Tile:0,Tile:5,Tile:11,Tile:6,Tile:9,Tile:4,Tile:6,Tile:8,Tile:15,Malus,Tile:0,Tile:12,Tile:5,Tile:7,Tile:8,Tile:5,Tile:0,Bonus,Tile:5,Map,Tile:3,Tile:13,Tile:9,Map,Tile:0,Tile:9,Map,Malus,Tile:8,Map,Destroy,Tile:7,Tile:7,Tile:6,Tile:7,Tile:9,Tile:2,Tile:6,Bonus,Tile:14,Map-Tile:8,Tile:10,Tile:8,Bonus,Destroy,Tile:6,Tile:7-Tile:9,Map,Tile:10,Destroy,Tile:10,Bonus,Tile:1-Tile:hidden2,Tile:nugget,Tile:hidden1
Tile:8 5 6 1
Tile:9_flip 6 6 0
Destroy 5 6 1
Drop 6 0 0
Drop 1 0 1
Tile:6 6 7 0
Tile:7 6 5 1
Drop 4 0 0
Tile:11_flip 7 7 1
Tile:10 5 4 0
Tile:9 5 3 1
Destroy 5 4 0
Tile:15 7 6 1
Tile:10 5 4 0
Tile:6_flip 6 3 1
Tile:8 5 2 0
Tile:5_flip 6 2 1
Tile:4 6 1 0
Tile:6 5 6 1
Tile:12 7 3 0
Tile:10 7 5 1
Map 12 3 0
Tile:0 5 7 1
Tile:7 7 4 0
Tile:0 4 2 1
Tile:5_flip 7 8 0
Tile:3 5 1 1
Map 12 3 0
Tile:0 4 5 1
Drop 2 0 0
Tile:8 3 2 1
Tile:9_flip 3 3 0
Tile:9 3 5 1
Malus 0 0 0
Destroy 7 6 1
Tile:6_flip 2 2 0
Map 12 7 1
Drop 6 0 0
Drop 0 0 1
Tile:7_flip 3 6 0
Drop 4 0 1
Tile:6_flip 3 1 0
Map 12 7 1
Tile:1 4 1 0
Drop 4 0 1
Drop 3 0 0
Drop 3 0 1
Tile:13 3 4 0
Drop 2 0 1
Tile:14_flip 2 4 0
Drop 0 0 1
Map 12 3 0
Bonus 0 0 1
Drop 0 0 0
Tile:0 2 1 1
GAMEOVER DRAW
# Game ended: Tue Apr 14 22:23:21 EDT 2020
