# Server version 0.08 running on 192.168.2.29:8123
# Game ID: 187
# Board class: Saboteur.SaboteurBoard
# Timeout: 20000
# First Move Timeout: 30000
# Date: Wed Apr 15 01:01:37 EDT 2020
# Player 1: Player-0, 'RandomPlayer', running on localhost
# Player 2: Player-1, 'RandomPlayer', running on localhost
START Player-0 RandomPlayer
START Player-1 RandomPlayer
BoardInit:Map,Tile:6,Tile:2,Tile:5,Tile:15,Tile:6,Map,Tile:9,Tile:6,Map,Tile:10,Map,Destroy,Tile:9,Tile:4,Malus,Tile:7,Tile:7,Tile:5,Bonus,Tile:8,Malus,Tile:0,Tile:9,Tile:14,Destroy,Tile:12,Tile:8,Tile:7,Tile:9,Bonus,Tile:0,Tile:13,Tile:0,Tile:3,Tile:8,Tile:8,Tile:9,Bonus,Tile:6,Tile:10-Tile:5,Tile:11,Destroy,Tile:7,Map,Tile:7,Map-Tile:6,Tile:10,Tile:5,Tile:0,Tile:1,Tile:8,Bonus-Tile:hidden1,Tile:nugget,Tile:hidden2
Tile:7_flip 4 5 1
Drop 2 0 0
Tile:11_flip 6 5 1
Tile:6_flip 5 4 0
Tile:5_flip 5 6 1
Tile:0 4 6 0
Drop 2 0 1
Tile:10 6 6 0
Destroy 5 4 1
Tile:6_flip 3 6 0
Map 12 3 1
Drop 0 0 0
Drop 4 0 1
Tile:6_flip 6 4 0
Tile:6_flip 5 4 1
Tile:9 2 6 0
Destroy 5 4 1
Tile:8 2 5 0
Map 12 3 1
Tile:7_flip 1 5 0
Map 12 3 1
Map 12 5 0
Tile:2_flip 3 7 1
Tile:5_flip 3 5 0
Tile:0 4 7 1
Tile:9 3 4 0
Tile:15 1 4 1
Tile:9_flip 7 4 0
Tile:14_flip 5 4 1
Destroy 3 7 0
Tile:7_flip 3 7 1
Drop 2 0 0
Tile:8 1 3 1
Tile:9_flip 3 3 0
Tile:7 5 7 1
Map 12 3 0
Tile:10 2 4 1
Tile:8 1 2 0
Tile:13 2 3 1
Tile:9_flip 1 1 0
Tile:5 7 3 1
Drop 2 0 0
Tile:3 4 4 1
Tile:0 0 2 0
Drop 4 0 1
Tile:0 8 3 0
Tile:4_flip 2 7 1
Tile:6_flip 0 3 0
Tile:12 9 3 1
Tile:8 1 0 0
Tile:8 2 0 1
Drop 0 0 0
Tile:10 2 1 1
Drop 0 0 0
Drop 0 0 1
GAMEOVER DRAW
# Game ended: Wed Apr 15 01:01:37 EDT 2020
