# Server version 0.08 running on 192.168.2.29:8123
# Game ID: 162
# Board class: Saboteur.SaboteurBoard
# Timeout: 20000
# First Move Timeout: 30000
# Date: Wed Apr 15 00:58:36 EDT 2020
# Player 1: Player-0, 'RandomPlayer', running on localhost
# Player 2: Player-1, 'RandomPlayer', running on localhost
START Player-0 RandomPlayer
START Player-1 RandomPlayer
BoardInit:Destroy,Tile:6,Tile:11,Tile:3,Tile:7,Tile:0,Tile:0,Map,Map,Malus,Tile:9,Tile:12,Map,Bonus,Tile:4,Tile:10,Tile:9,Tile:5,Tile:9,Tile:7,Tile:7,Destroy,Bonus,Tile:14,Tile:6,Destroy,Tile:5,Tile:8,Tile:13,Tile:9,Tile:1,Malus,Tile:8,Tile:6,Tile:10,Tile:15,Tile:8,Map,Tile:6,Tile:7,Tile:10-Map,Bonus,Tile:9,Tile:0,Tile:5,Map,Tile:0-Bonus,Tile:6,Tile:8,Tile:2,Tile:7,Tile:8,Tile:5-Tile:hidden2,Tile:hidden1,Tile:nugget
Tile:9_flip 5 6 1
Drop 5 0 0
Tile:0 4 6 1
Tile:6 4 5 0
Tile:11 3 5 1
Tile:5_flip 6 5 0
Map 12 5 1
Tile:7_flip 3 6 0
Map 12 7 1
Tile:6_flip 3 4 0
Map 12 7 1
Drop 2 0 0
Destroy 3 6 1
Tile:3_flip 5 7 0
Tile:0 2 4 1
Drop 5 0 0
Tile:7 6 4 1
Tile:8 5 4 0
Tile:9_flip 6 7 1
Tile:10 6 8 0
Tile:0 1 4 1
Tile:5 6 6 0
Tile:9 3 6 1
Tile:0 7 6 0
Tile:4_flip 3 7 1
Drop 0 0 0
Tile:7 5 3 1
Destroy 6 8 0
Tile:9_flip 6 8 1
Malus 0 0 0
Bonus 0 0 1
Map 12 3 0
Tile:5_flip 8 6 1
Tile:8 4 4 0
Tile:1 5 8 1
Tile:6 4 8 0
Tile:5 8 5 1
Destroy 6 8 0
Drop 2 0 1
Tile:7 9 5 0
Tile:8 4 3 1
Tile:9 0 4 0
Tile:6_flip 4 2 1
Tile:14_flip 3 2 0
Tile:10 9 6 1
Map 12 3 0
Tile:10 0 3 1
Tile:7_flip 3 3 0
Drop 1 0 1
Tile:15 0 5 0
Tile:13 9 7 1
Malus 0 0 0
Map 12 3 1
Drop 0 0 0
Drop 0 0 1
GAMEOVER DRAW
# Game ended: Wed Apr 15 00:58:36 EDT 2020
