# Server version 0.08 running on 192.168.0.168:8123
# Game ID: 239
# Board class: Saboteur.SaboteurBoard
# Timeout: 20000
# First Move Timeout: 30000
# Date: Wed Apr 15 13:14:53 EDT 2020
# Player 1: Player-0, '260803297', running on localhost
# Player 2: Player-1, 'RandomPlayer', running on localhost
START Player-0 260803297
START Player-1 RandomPlayer
BoardInit:Destroy,Tile:7,Map,Tile:4,Bonus,Tile:6,Bonus,Destroy,Map,Bonus,Tile:7,Tile:8,Tile:9,Tile:6,Tile:1,Tile:6,Tile:11,Tile:5,Tile:0,Tile:10,Map,Tile:7,Map,Tile:10,Tile:8,Tile:5,Tile:2,Map,Malus,Tile:3,Tile:7,Tile:8,Malus,Tile:0,Tile:14,Tile:15,Tile:0,Map,Tile:9,Tile:5,Destroy-Tile:6,Tile:7,Tile:0,Bonus,Tile:13,Tile:5,Tile:9-Tile:8,Tile:9,Tile:6,Tile:10,Tile:8,Tile:9,Tile:12-Tile:hidden1,Tile:hidden2,Tile:nugget
Tile:5_flip 6 5 1
Tile:9 6 4 0
Tile:13 4 5 1
Tile:8 4 4 0
Tile:6 3 5 1
Drop 4 0 0
Tile:9 3 4 1
Tile:4 4 3 0
Map 12 7 1
Tile:10 3 3 0
Map 12 7 1
Tile:8 2 5 0
Drop 0 0 1
Tile:6_flip 6 3 0
Destroy 4 4 1
Tile:6_flip 7 3 0
Tile:7 2 4 1
Tile:6_flip 8 3 0
Tile:0 1 5 1
Tile:5_flip 2 6 0
Tile:9 0 5 1
Tile:9_flip 5 6 0
Tile:0 1 6 1
Tile:7_flip 4 6 0
Drop 0 0 1
Tile:7_flip 0 6 0
Map 12 3 1
Tile:5_flip 7 4 0
Tile:11 5 7 1
Map 12 3 0
Tile:8 4 4 1
Destroy 0 5 0
Tile:7 5 4 1
Tile:8 0 5 0
Malus 0 0 1
Bonus 0 0 0
Tile:14 9 3 1
Tile:3_flip 1 4 0
Drop 2 0 1
Map 12 3 0
Malus 0 0 1
Drop 5 0 0
Destroy 9 3 1
Drop 0 0 0
Drop 4 0 1
Drop 0 0 0
Tile:9 8 4 1
Drop 0 0 0
Drop 1 0 1
Drop 0 0 0
Tile:2 9 4 1
Drop 1 0 0
Map 12 3 1
Drop 0 0 0
Drop 0 0 1
GAMEOVER DRAW
# Game ended: Wed Apr 15 13:14:54 EDT 2020
