# Server version 0.08 running on 192.168.2.29:8123
# Game ID: 282
# Board class: Saboteur.SaboteurBoard
# Timeout: 20000
# First Move Timeout: 30000
# Date: Wed Apr 15 23:28:32 EDT 2020
# Player 1: Player-0, '260803297', running on localhost
# Player 2: Player-1, 'RandomPlayer', running on localhost
START Player-0 260803297
START Player-1 RandomPlayer
BoardInit:Tile:7,Tile:7,Tile:4,Tile:8,Malus,Tile:6,Tile:0,Destroy,Tile:9,Tile:6,Tile:5,Tile:0,Tile:8,Bonus,Tile:8,Malus,Map,Tile:13,Tile:12,Tile:15,Map,Bonus,Map,Tile:5,Tile:8,Tile:7,Tile:10,Tile:9,Tile:7,Tile:11,Tile:3,Tile:5,Tile:7,Tile:9,Map,Destroy,Tile:6,Tile:14,Bonus,Tile:9,Bonus-Destroy,Map,Tile:0,Tile:0,Tile:6,Tile:8,Map-Tile:1,Tile:2,Tile:5,Tile:10,Tile:6,Tile:10,Tile:9-Tile:hidden2,Tile:hidden1,Tile:nugget
Tile:6 5 6 1
Tile:2_flip 4 5 0
Tile:8 4 4 1
Tile:9 3 5 0
Destroy 4 5 1
Tile:7_flip 4 6 0
Map 12 3 1
Drop 2 0 0
Map 12 7 1
Tile:5_flip 6 5 0
Drop 1 0 1
Drop 3 0 0
Tile:0 6 6 1
Tile:6_flip 5 4 0
Tile:9_flip 4 3 1
Tile:0 7 6 0
Tile:4 4 2 1
Malus 0 0 0
Map 12 7 1
Tile:6 8 6 0
Drop 2 0 1
Tile:1 3 3 0
Map 12 3 1
Destroy 5 6 0
Drop 5 0 1
Tile:5 3 4 0
Map 12 5 1
Drop 4 0 0
Drop 6 0 1
Tile:13 4 5 0
Drop 1 0 1
Tile:11 2 3 0
Drop 6 0 1
Tile:7 2 2 0
Drop 3 0 1
Tile:9_flip 3 6 0
Drop 2 0 1
Destroy 2 3 0
Map 12 5 1
Tile:6 3 7 0
Drop 4 0 1
Drop 2 0 0
Bonus 0 0 1
Tile:9 8 5 0
Drop 1 0 1
Tile:5 2 7 0
Tile:8 1 2 1
Drop 2 0 0
Tile:6 2 6 1
Tile:9 8 4 0
Tile:7 9 5 1
Tile:10 1 1 0
Tile:7_flip 2 3 1
Drop 0 0 0
Drop 0 0 1
GAMEOVER DRAW
# Game ended: Wed Apr 15 23:28:33 EDT 2020
