# Server version 0.08 running on 192.168.2.29:8123
# Game ID: 210
# Board class: Saboteur.SaboteurBoard
# Timeout: 20000
# First Move Timeout: 30000
# Date: Wed Apr 15 01:02:12 EDT 2020
# Player 1: Player-0, 'RandomPlayer', running on localhost
# Player 2: Player-1, 'RandomPlayer', running on localhost
START Player-0 RandomPlayer
START Player-1 RandomPlayer
BoardInit:Tile:8,Tile:5,Tile:3,Bonus,Tile:7,Tile:5,Tile:5,Tile:8,Tile:9,Malus,Tile:9,Tile:8,Tile:9,Bonus,Tile:0,Map,Tile:11,Map,Tile:5,Tile:4,Tile:6,Map,Tile:6,Tile:6,Malus,Tile:10,Destroy,Tile:0,Tile:6,Tile:7,Tile:9,Tile:13,Tile:10,Tile:0,Tile:7,Tile:9,Tile:7,Destroy,Tile:1,Tile:14,Map-Tile:2,Bonus,Tile:8,Tile:10,Tile:12,Tile:8,Destroy-Tile:15,Tile:6,Map,Map,Tile:0,Tile:7,Bonus-Tile:hidden2,Tile:nugget,Tile:hidden1
Drop 2 0 1
Tile:6_flip 4 5 0
Tile:2 3 5 1
Tile:7_flip 5 6 0
Tile:3 6 5 1
Tile:5_flip 6 6 0
Tile:8 5 4 1
Tile:5 5 3 0
Tile:7 6 3 1
Map 12 7 0
Tile:12_flip 4 4 1
Drop 1 0 0
Tile:8 2 5 1
Drop 6 0 0
Tile:9 2 4 1
Tile:15 4 6 0
Tile:9_flip 3 6 1
Map 12 3 0
Drop 1 0 1
Tile:8 3 7 0
Drop 3 0 1
Drop 4 0 0
Tile:5_flip 3 4 1
Map 12 5 0
Tile:6 2 6 1
Drop 0 0 0
Destroy 4 6 1
Tile:6 6 4 0
Tile:11_flip 7 4 1
Drop 2 0 0
Malus 0 0 1
Bonus 0 0 0
Tile:6_flip 1 6 1
Tile:13 3 3 0
Destroy 3 7 1
Tile:4_flip 7 5 0
Tile:9 2 3 1
Drop 3 0 0
Tile:5_flip 4 3 1
Tile:9 7 3 0
Drop 2 0 1
Tile:14_flip 0 6 0
Tile:7 4 2 1
Destroy 2 4 0
Drop 2 0 1
Tile:10 1 7 0
Map 12 3 1
Map 12 7 0
Drop 1 0 1
Tile:7 7 2 0
Tile:7_flip 6 2 1
Tile:0 8 3 0
Tile:1 1 5 1
Drop 0 0 0
Drop 0 0 1
GAMEOVER DRAW
# Game ended: Wed Apr 15 01:02:12 EDT 2020
