# Server version 0.08 running on 192.168.2.29:8123
# Game ID: 269
# Board class: Saboteur.SaboteurBoard
# Timeout: 20000
# First Move Timeout: 30000
# Date: Wed Apr 15 23:27:55 EDT 2020
# Player 1: Player-0, 'RandomPlayer', running on localhost
# Player 2: Player-1, '260803297', running on localhost
START Player-0 RandomPlayer
START Player-1 260803297
BoardInit:Tile:12,Tile:5,Tile:7,Tile:9,Tile:6,Tile:9,Tile:6,Tile:0,Tile:7,Tile:8,Tile:1,Tile:9,Map,Tile:5,Tile:2,Tile:6,Tile:15,Map,Map,Tile:11,Tile:14,Tile:4,Tile:5,Destroy,Tile:9,Destroy,Tile:13,Tile:9,Destroy,Tile:8,Tile:0,Bonus,Tile:5,Tile:7,Map,Tile:8,Bonus,Tile:6,Map,Tile:7,Tile:8-Tile:0,Map,Tile:7,Tile:6,Tile:8,Malus,Malus-Tile:10,Tile:10,Tile:10,Bonus,Tile:3,Tile:0,Bonus-Tile:hidden2,Tile:hidden1,Tile:nugget
Map 12 3 1
Tile:3 6 5 0
Malus 0 0 1
Bonus 0 0 0
Malus 0 0 1
Drop 4 0 0
Tile:6 4 5 1
Drop 5 0 0
Tile:6 5 6 1
Drop 1 0 0
Tile:7 4 4 1
Drop 4 0 0
Tile:1 3 5 1
Drop 0 0 0
Map 12 5 1
Drop 0 0 0
Tile:2 4 6 1
Drop 5 0 0
Drop 0 0 1
Drop 3 0 0
Map 12 5 1
Map 12 7 0
Tile:6_flip 3 6 1
Drop 0 0 0
Tile:5 2 6 1
Destroy 3 6 0
Tile:7_flip 2 5 1
Destroy 2 6 0
Tile:14 6 6 1
Drop 5 0 0
Tile:9 2 4 1
Drop 0 0 0
Tile:8 4 7 1
Drop 4 0 0
Drop 2 0 1
Drop 0 0 0
Map 12 5 1
Drop 4 0 0
Destroy 4 4 1
Drop 6 0 0
Map 12 5 1
Drop 2 0 0
Drop 6 0 1
Drop 1 0 0
Drop 2 0 1
Drop 3 0 0
Tile:0 5 7 1
Drop 0 0 0
Tile:5 3 6 1
Drop 2 0 0
Tile:7 4 4 1
Drop 0 0 0
Tile:12 6 7 1
Drop 0 0 0
Drop 0 0 1
GAMEOVER DRAW
# Game ended: Wed Apr 15 23:27:55 EDT 2020
