# Server version 0.08 running on 192.168.2.29:8123
# Game ID: 285
# Board class: Saboteur.SaboteurBoard
# Timeout: 20000
# First Move Timeout: 30000
# Date: Wed Apr 15 23:28:40 EDT 2020
# Player 1: Player-0, 'RandomPlayer', running on localhost
# Player 2: Player-1, '260803297', running on localhost
START Player-0 RandomPlayer
START Player-1 260803297
BoardInit:Map,Tile:9,Tile:0,Destroy,Tile:10,Tile:7,Tile:8,Tile:8,Tile:7,Tile:8,Tile:7,Tile:7,Tile:15,Tile:9,Map,Tile:2,Tile:8,Tile:6,Map,Tile:9,Bonus,Destroy,Tile:7,Tile:6,Tile:14,Map,Tile:6,Tile:10,Tile:0,Tile:0,Tile:8,Tile:10,Tile:9,Destroy,Malus,Tile:6,Tile:9,Tile:6,Malus,Tile:5,Bonus-Tile:3,Map,Map,Tile:5,Bonus,Bonus,Tile:1-Tile:5,Tile:13,Tile:5,Tile:12,Tile:11,Tile:4,Tile:0-Tile:hidden2,Tile:nugget,Tile:hidden1
Map 12 3 1
Tile:4 5 4 0
Map 12 5 1
Drop 1 0 0
Tile:3 6 5 1
Tile:5_flip 6 6 0
Drop 2 0 1
Drop 2 0 0
Drop 1 0 1
Tile:8 4 5 0
Tile:7_flip 4 6 1
Destroy 6 5 0
Tile:10 4 4 1
Tile:8 6 5 0
Drop 2 0 1
Drop 3 0 0
Tile:15 4 3 1
Tile:0 7 5 0
Drop 3 0 1
Tile:7 4 2 0
Drop 0 0 1
Tile:7 8 5 0
Drop 1 0 1
Drop 1 0 0
Drop 4 0 1
Tile:6 5 6 0
Drop 1 0 1
Tile:9 3 2 0
Tile:7_flip 8 6 1
Map 12 7 0
Drop 3 0 1
Destroy 6 5 0
Drop 5 0 1
Tile:6 9 6 0
Tile:14_flip 9 5 1
Drop 5 0 0
Tile:9_flip 10 5 1
Drop 3 0 0
Tile:8 6 5 1
Tile:5 3 5 0
Tile:9_flip 10 6 1
Tile:5 3 1 0
Malus 0 0 1
Destroy 4 6 0
Map 12 5 1
Drop 3 0 0
Drop 2 0 1
Drop 0 0 0
Drop 2 0 1
Drop 2 0 0
Drop 1 0 1
Drop 0 0 0
Tile:1 4 1 1
Drop 0 0 0
Drop 0 0 1
GAMEOVER DRAW
# Game ended: Wed Apr 15 23:28:41 EDT 2020
