# Server version 0.08 running on 192.168.2.29:8123
# Game ID: 190
# Board class: Saboteur.SaboteurBoard
# Timeout: 20000
# First Move Timeout: 30000
# Date: Wed Apr 15 01:01:42 EDT 2020
# Player 1: Player-0, 'RandomPlayer', running on localhost
# Player 2: Player-1, 'RandomPlayer', running on localhost
START Player-0 RandomPlayer
START Player-1 RandomPlayer
BoardInit:Tile:9,Map,Tile:7,Tile:5,Map,Tile:7,Tile:5,Tile:10,Tile:13,Tile:11,Tile:8,Tile:14,Malus,Tile:8,Map,Tile:6,Tile:6,Tile:9,Map,Destroy,Bonus,Tile:8,Tile:7,Tile:5,Tile:7,Tile:0,Tile:7,Tile:1,Tile:6,Tile:6,Tile:10,Tile:5,Map,Destroy,Tile:4,Tile:0,Tile:6,Malus,Tile:8,Tile:8,Bonus-Tile:3,Tile:9,Tile:10,Tile:9,Tile:15,Bonus,Tile:0-Destroy,Map,Tile:0,Tile:2,Tile:12,Tile:9,Bonus-Tile:hidden1,Tile:nugget,Tile:hidden2
Tile:3 6 5 1
Drop 2 0 0
Tile:9_flip 5 6 1
Tile:9 4 6 0
Tile:9 6 6 1
Destroy 6 5 0
Tile:15 6 7 1
Tile:7_flip 6 8 0
Tile:5 4 5 1
Map 12 7 0
Tile:10 4 7 1
Tile:5_flip 4 8 0
Tile:7 7 6 1
Tile:2_flip 3 8 0
Map 12 5 1
Drop 3 0 0
Drop 0 0 1
Tile:6 2 8 0
Tile:6 7 8 1
Drop 5 0 0
Tile:13 1 8 1
Tile:9_flip 6 5 0
Tile:8 2 7 1
Destroy 4 8 0
Tile:9 1 7 1
Tile:11_flip 8 8 0
Tile:7_flip 1 9 1
Tile:14_flip 5 4 0
Tile:7 2 9 1
Tile:5 0 8 0
Tile:6 4 8 1
Map 12 3 0
Map 12 5 1
Tile:5_flip 5 8 0
Tile:10 7 7 1
Destroy 5 4 0
Map 12 5 1
Drop 6 0 0
Tile:6_flip 5 4 1
Drop 6 0 0
Drop 2 0 1
Tile:8 6 4 0
Map 12 7 1
Tile:1 4 4 0
Drop 4 0 1
Tile:8 7 4 0
Tile:4_flip 7 5 1
Tile:6 2 10 0
Tile:0 1 10 1
Tile:12 3 10 0
Drop 0 0 1
Tile:0 8 4 0
Tile:7 3 7 1
Drop 0 0 0
Drop 0 0 1
GAMEOVER DRAW
# Game ended: Wed Apr 15 01:01:42 EDT 2020
