# Server version 0.08 running on 192.168.2.29:8123
# Game ID: 65
# Board class: Saboteur.SaboteurBoard
# Timeout: 20000
# First Move Timeout: 30000
# Date: Tue Apr 14 19:31:09 EDT 2020
# Player 1: Player-0, 'RandomPlayer', running on localhost
# Player 2: Player-1, 'RandomPlayer', running on localhost
START Player-0 RandomPlayer
START Player-1 RandomPlayer
BoardInit:Bonus,Tile:8,Map,Tile:8,Map,Tile:9,Tile:7,Tile:10,Tile:13,Tile:7,Tile:7,Tile:5,Tile:6,Tile:9,Destroy,Bonus,Tile:0,Tile:7,Malus,Map,Tile:6,Tile:8,Tile:14,Malus,Tile:15,Tile:5,Tile:10,Map,Tile:5,Tile:8,Bonus,Destroy,Tile:4,Tile:9,Map,Map,Tile:6,Tile:3,Tile:1,Tile:0,Tile:10-Tile:0,Tile:0,Tile:9,Tile:11,Tile:9,Tile:6,Destroy-Tile:6,Tile:7,Tile:5,Tile:8,Tile:2,Bonus,Tile:12-Tile:hidden2,Tile:nugget,Tile:hidden1
Tile:11 5 4 1
Tile:6_flip 5 3 0
Drop 5 0 1
Tile:5_flip 6 5 0
Tile:6 6 3 1
Tile:8 6 2 0
Tile:9 4 5 1
Tile:7 6 4 0
Tile:7_flip 5 6 1
Tile:8 7 3 0
Tile:9_flip 4 4 1
Drop 5 0 0
Tile:13 4 3 1
Tile:12_flip 3 3 0
Tile:0 6 6 1
Tile:2 4 2 0
Destroy 5 6 1
Tile:5 3 4 0
Tile:0 3 2 1
Tile:8 5 6 0
Tile:7 7 6 1
Tile:9 4 6 0
Tile:6 5 2 1
Tile:9 5 1 0
Drop 0 0 1
Tile:7 6 1 0
Tile:15 3 5 1
Tile:8 5 7 0
Tile:6_flip 7 2 1
Tile:7_flip 2 2 0
Map 12 3 1
Map 12 3 0
Map 12 7 1
Destroy 4 5 0
Tile:14 8 2 1
Tile:5_flip 5 8 0
Tile:10 7 4 1
Drop 6 0 0
Tile:6_flip 8 1 1
Tile:8 7 7 0
Tile:4_flip 7 5 1
Tile:3_flip 7 1 0
Tile:0 8 3 1
Tile:9 4 5 0
Drop 4 0 1
Drop 0 0 0
Tile:5_flip 7 8 1
Tile:0 8 7 0
Map 12 3 1
Map 12 5 0
Malus 0 0 1
Malus 0 0 0
Bonus 0 0 1
Drop 0 0 0
Tile:10 3 6 1
GAMEOVER DRAW
# Game ended: Tue Apr 14 19:31:09 EDT 2020
