# Server version 0.08 running on 192.168.2.29:8123
# Game ID: 259
# Board class: Saboteur.SaboteurBoard
# Timeout: 20000
# First Move Timeout: 30000
# Date: Wed Apr 15 23:24:40 EDT 2020
# Player 1: Player-0, 'RandomPlayer', running on localhost
# Player 2: Player-1, '260803297', running on localhost
START Player-0 RandomPlayer
START Player-1 260803297
BoardInit:Tile:8,Tile:7,Tile:4,Tile:8,Bonus,Tile:5,Tile:0,Tile:9,Destroy,Tile:5,Tile:7,Tile:8,Tile:10,Tile:13,Tile:12,Map,Tile:5,Map,Map,Bonus,Destroy,Tile:7,Tile:11,Tile:9,Tile:6,Map,Tile:6,Tile:0,Tile:9,Tile:6,Map,Bonus,Map,Tile:10,Tile:15,Tile:9,Tile:9,Tile:6,Tile:7,Tile:0,Bonus-Tile:0,Tile:14,Tile:5,Tile:8,Destroy,Tile:7,Tile:1-Tile:6,Tile:2,Tile:8,Malus,Malus,Tile:3,Tile:10-Tile:hidden1,Tile:nugget,Tile:hidden2
Tile:5 4 5 1
Tile:8 4 6 0
Destroy 4 6 1
Tile:6 4 6 0
Tile:14_flip 3 6 1
Tile:10 3 7 0
Tile:8 5 6 1
Tile:5_flip 3 8 0
Tile:8 6 6 1
Tile:7_flip 2 8 0
Drop 2 0 1
Tile:9 5 7 0
Tile:7 6 5 1
Malus 0 0 0
Bonus 0 0 1
Drop 2 0 0
Destroy 5 7 1
Tile:8 6 7 0
Drop 0 0 1
Tile:13 5 7 0
Map 12 3 1
Tile:8 7 6 0
Destroy 2 8 1
Map 12 3 0
Tile:12_flip 2 8 1
Tile:5 4 7 0
Tile:10 4 8 1
Tile:7_flip 6 8 0
Tile:7 8 6 1
Map 12 7 0
Tile:5_flip 8 7 1
Tile:0 7 8 0
Map 12 3 1
Tile:9_flip 5 4 0
Map 12 3 1
Tile:10 4 9 0
Tile:4 7 5 1
Malus 0 0 0
Drop 1 0 1
Tile:6_flip 8 8 0
Drop 4 0 1
Tile:2_flip 8 9 0
Bonus 0 0 1
Tile:9_flip 9 8 0
Tile:9_flip 9 9 1
Drop 0 0 0
Tile:7_flip 4 10 1
Drop 2 0 0
Tile:6_flip 7 9 1
Map 12 3 0
Tile:6 4 4 1
Tile:0 3 4 0
Tile:9 9 7 1
Drop 0 0 0
Tile:0 6 9 1
GAMEOVER DRAW
# Game ended: Wed Apr 15 23:24:41 EDT 2020
