# Server version 0.08 running on 192.168.2.29:8123
# Game ID: 35
# Board class: Saboteur.SaboteurBoard
# Timeout: 20000
# First Move Timeout: 30000
# Date: Tue Apr 14 19:30:17 EDT 2020
# Player 1: Player-0, 'RandomPlayer', running on localhost
# Player 2: Player-1, 'RandomPlayer', running on localhost
START Player-0 RandomPlayer
START Player-1 RandomPlayer
BoardInit:Tile:2,Tile:7,Tile:5,Destroy,Tile:7,Tile:8,Map,Tile:10,Tile:14,Tile:7,Tile:0,Tile:10,Tile:12,Bonus,Destroy,Tile:7,Tile:8,Tile:3,Map,Tile:9,Bonus,Tile:8,Tile:5,Malus,Bonus,Tile:4,Tile:6,Tile:6,Tile:0,Tile:0,Tile:15,Tile:6,Map,Tile:7,Tile:9,Tile:8,Tile:13,Tile:8,Tile:9,Map,Bonus-Map,Destroy,Tile:9,Tile:1,Tile:0,Tile:6,Tile:6-Tile:5,Map,Tile:11,Tile:10,Tile:9,Tile:5,Malus-Tile:hidden1,Tile:nugget,Tile:hidden2
Tile:6 5 6 1
Tile:5 4 5 0
Tile:6 4 6 1
Map 12 3 0
Tile:5 5 4 1
Tile:5_flip 6 6 0
Drop 2 0 1
Destroy 5 6 0
Tile:2 3 6 1
Tile:11 2 6 0
Drop 2 0 1
Tile:7 6 5 0
Map 12 5 1
Tile:10 2 7 0
Drop 1 0 1
Tile:9_flip 2 8 0
Destroy 4 5 1
Tile:7_flip 3 7 0
Tile:14 6 4 1
Drop 3 0 0
Tile:0 4 7 1
Tile:7 6 3 0
Map 12 3 1
Tile:8 1 8 0
Tile:5_flip 2 9 1
Tile:3 5 7 0
Destroy 6 4 1
Tile:8 4 5 0
Tile:6 6 4 1
Tile:10 4 4 0
Tile:7 1 7 1
Tile:6 7 4 0
Tile:0 5 3 1
Tile:0 0 8 0
Tile:8 1 9 1
Tile:4_flip 1 10 0
Map 12 3 1
Tile:7_flip 3 5 0
Tile:15 5 8 1
Tile:6_flip 4 3 0
Map 12 3 1
Drop 2 0 0
Tile:12_flip 0 7 1
Map 12 7 0
Tile:9 7 3 1
Tile:8 7 2 0
Drop 1 0 1
Drop 2 0 0
Tile:13 3 3 1
Malus 0 0 0
Drop 0 0 1
Tile:8 3 2 0
Bonus 0 0 1
Drop 0 0 0
Tile:9 7 1 1
GAMEOVER DRAW
# Game ended: Tue Apr 14 19:30:17 EDT 2020
