# Server version 0.08 running on 192.168.2.29:8123
# Game ID: 106
# Board class: Saboteur.SaboteurBoard
# Timeout: 20000
# First Move Timeout: 30000
# Date: Tue Apr 14 22:22:54 EDT 2020
# Player 1: Player-0, 'RandomPlayer', running on localhost
# Player 2: Player-1, 'RandomPlayer', running on localhost
START Player-0 RandomPlayer
START Player-1 RandomPlayer
BoardInit:Tile:8,Tile:9,Bonus,Tile:9,Destroy,Tile:6,Tile:12,Tile:7,Tile:1,Map,Tile:9,Tile:6,Destroy,Tile:7,Tile:5,Tile:0,Tile:10,Tile:5,Malus,Tile:9,Tile:0,Tile:8,Tile:8,Tile:10,Map,Tile:0,Tile:7,Tile:7,Tile:13,Tile:6,Tile:15,Tile:5,Tile:9,Tile:2,Map,Tile:11,Tile:7,Tile:10,Bonus,Map,Malus-Bonus,Tile:8,Map,Tile:3,Tile:4,Map,Tile:5-Tile:6,Tile:6,Bonus,Tile:0,Tile:8,Destroy,Tile:14-Tile:hidden2,Tile:hidden1,Tile:nugget
Tile:3 5 4 1
Tile:8 6 5 0
Tile:5 6 4 1
Tile:6_flip 7 4 0
Map 12 5 1
Tile:9 5 6 0
Tile:8 7 5 1
Tile:6 4 4 0
Tile:4_flip 7 6 1
Tile:7_flip 3 4 0
Tile:8 3 3 1
Destroy 5 6 0
Drop 4 0 1
Tile:14_flip 2 3 0
Drop 5 0 1
Tile:9_flip 4 3 0
Destroy 3 4 1
Tile:6_flip 4 5 0
Drop 1 0 1
Tile:6 3 5 0
Tile:5_flip 8 4 1
Tile:9_flip 6 6 0
Destroy 6 4 1
Tile:5_flip 4 6 0
Drop 0 0 1
Tile:0 3 6 0
Tile:8 6 7 1
Tile:0 7 7 0
Map 12 5 1
Tile:7_flip 5 6 0
Tile:1 2 5 1
Tile:10 3 2 0
Drop 1 0 1
Tile:0 5 7 0
Tile:9 8 3 1
Tile:2 2 6 0
Tile:13 8 7 1
Tile:6_flip 8 5 0
Map 12 5 1
Tile:10 8 6 0
Drop 6 0 1
Tile:11 6 4 0
Tile:0 9 7 1
Map 12 7 0
Drop 4 0 1
Tile:7_flip 8 8 0
Tile:7 9 8 1
Tile:8 10 7 0
Drop 1 0 1
Tile:5_flip 6 8 0
Drop 1 0 1
Map 12 7 0
Malus 0 0 1
Drop 0 0 0
Drop 0 0 1
GAMEOVER DRAW
# Game ended: Tue Apr 14 22:22:54 EDT 2020
