# Server version 0.08 running on 192.168.2.29:8123
# Game ID: 87
# Board class: Saboteur.SaboteurBoard
# Timeout: 20000
# First Move Timeout: 30000
# Date: Tue Apr 14 22:22:28 EDT 2020
# Player 1: Player-0, 'RandomPlayer', running on localhost
# Player 2: Player-1, 'RandomPlayer', running on localhost
START Player-0 RandomPlayer
START Player-1 RandomPlayer
BoardInit:Tile:11,Tile:9,Tile:5,Bonus,Tile:7,Bonus,Tile:10,Malus,Tile:7,Tile:8,Tile:9,Tile:0,Tile:0,Tile:8,Tile:8,Tile:14,Bonus,Tile:6,Tile:15,Map,Tile:6,Tile:4,Map,Tile:2,Tile:8,Tile:12,Tile:5,Tile:13,Tile:3,Map,Tile:9,Tile:10,Tile:0,Map,Tile:5,Map,Tile:0,Tile:10,Tile:6,Tile:7,Tile:9-Malus,Tile:9,Destroy,Tile:6,Tile:7,Tile:7,Tile:1-Bonus,Tile:5,Destroy,Tile:8,Destroy,Tile:6,Map-Tile:nugget,Tile:hidden1,Tile:hidden2
Tile:6_flip 5 4 1
Tile:6_flip 4 5 0
Tile:9 4 6 1
Destroy 4 5 0
Tile:11 4 7 1
Drop 1 0 0
Tile:7_flip 4 8 1
Tile:9 4 5 0
Destroy 4 6 1
Destroy 4 8 0
Tile:5_flip 5 6 1
Drop 4 0 0
Tile:1 5 7 1
Tile:8 4 6 0
Tile:7_flip 3 6 1
Tile:8 6 5 0
Tile:9_flip 6 4 1
Tile:14 4 8 0
Tile:7_flip 6 6 1
Tile:6_flip 7 6 0
Tile:7 3 5 1
Map 12 7 0
Tile:6 7 5 1
Tile:0 8 5 0
Tile:15 7 4 1
Tile:2 4 4 0
Map 12 7 1
Drop 3 0 0
Tile:10 6 3 1
Tile:12_flip 3 8 0
Malus 0 0 1
Map 12 7 0
Tile:5 7 3 1
Malus 0 0 0
Drop 0 0 1
Map 12 5 0
Drop 4 0 1
Map 12 3 0
Drop 0 0 1
Map 12 5 0
Drop 4 0 1
Drop 4 0 0
Drop 5 0 1
Drop 4 0 0
Drop 4 0 1
Drop 3 0 0
Drop 3 0 1
Drop 2 0 0
Drop 2 0 1
Drop 1 0 0
Drop 0 0 1
Bonus 0 0 0
Drop 1 0 1
Tile:7 8 3 0
Drop 0 0 1
GAMEOVER DRAW
# Game ended: Tue Apr 14 22:22:29 EDT 2020
