# Server version 0.08 running on 192.168.2.29:8123
# Game ID: 163
# Board class: Saboteur.SaboteurBoard
# Timeout: 20000
# First Move Timeout: 30000
# Date: Wed Apr 15 00:58:38 EDT 2020
# Player 1: Player-0, 'RandomPlayer', running on localhost
# Player 2: Player-1, 'RandomPlayer', running on localhost
START Player-0 RandomPlayer
START Player-1 RandomPlayer
BoardInit:Tile:6,Tile:6,Tile:6,Tile:5,Tile:6,Tile:5,Tile:15,Tile:7,Tile:8,Tile:2,Map,Tile:9,Bonus,Tile:6,Destroy,Destroy,Tile:8,Map,Tile:9,Tile:7,Tile:8,Bonus,Tile:0,Map,Tile:9,Map,Tile:13,Tile:8,Tile:10,Tile:11,Tile:8,Tile:9,Map,Tile:4,Tile:12,Bonus,Tile:5,Tile:7,Tile:0,Tile:9,Tile:1-Tile:0,Tile:3,Tile:7,Tile:7,Bonus,Tile:10,Malus-Map,Malus,Tile:14,Destroy,Tile:0,Tile:5,Tile:10-Tile:hidden1,Tile:hidden2,Tile:nugget
Tile:3_flip 5 6 1
Tile:14 6 5 0
Tile:0 6 6 1
Drop 1 0 0
Tile:7 6 4 1
Destroy 6 5 0
Tile:6_flip 7 6 1
Tile:5 4 5 0
Drop 0 0 1
Tile:5_flip 6 5 0
Tile:6 7 7 1
Tile:5 5 4 0
Tile:6_flip 8 6 1
Drop 6 0 0
Tile:15 4 6 1
Tile:2_flip 9 6 0
Tile:8 10 6 1
Tile:6 8 7 0
Tile:8 11 6 1
Destroy 4 5 0
Destroy 7 7 1
Tile:6 12 6 0
Tile:8 4 5 1
Tile:10 11 5 0
Tile:10 4 4 1
Tile:7_flip 7 7 0
Tile:0 3 5 1
Tile:7 10 5 0
Tile:13 9 5 1
Tile:0 9 7 0
Tile:9_flip 4 7 1
Tile:8 10 7 0
Drop 1 0 1
Tile:11_flip 13 6 0
Tile:8 10 8 1
Tile:4 4 3 0
Tile:9_flip 11 7 1
Map 12 7 0
Tile:5 9 8 1
Tile:9 2 5 0
Tile:10 11 4 1
Tile:9 9 9 0
Map 12 3 1
Map 12 3 0
Tile:12_flip 8 5 1
Drop 0 0 0
Map 12 7 1
Tile:7_flip 3 7 0
Drop 0 0 1
Drop 2 0 0
Drop 0 0 1
Map 12 3 0
Drop 1 0 1
Map 12 7 0
Drop 0 0 1
GAMEOVER DRAW
# Game ended: Wed Apr 15 00:58:40 EDT 2020
