# Server version 0.08 running on 192.168.2.29:8123
# Game ID: 249
# Board class: Saboteur.SaboteurBoard
# Timeout: 20000
# First Move Timeout: 30000
# Date: Wed Apr 15 14:25:10 EDT 2020
# Player 1: Player-0, '260803297', running on localhost
# Player 2: Player-1, 'RandomPlayer', running on localhost
START Player-0 260803297
START Player-1 RandomPlayer
BoardInit:Tile:6,Tile:9,Map,Map,Tile:0,Tile:8,Tile:5,Tile:7,Tile:8,Tile:15,Tile:6,Tile:8,Map,Bonus,Map,Tile:5,Tile:6,Tile:13,Tile:10,Bonus,Destroy,Tile:4,Tile:9,Bonus,Destroy,Tile:11,Tile:1,Tile:8,Tile:2,Tile:3,Tile:7,Tile:14,Tile:5,Tile:7,Tile:10,Tile:12,Tile:8,Tile:6,Destroy,Map,Tile:9-Tile:7,Malus,Tile:9,Map,Tile:0,Tile:9,Tile:6-Bonus,Tile:10,Tile:5,Tile:0,Malus,Tile:0,Tile:7-Tile:hidden2,Tile:nugget,Tile:hidden1
Tile:9_flip 6 5 1
Malus 0 0 0
Drop 5 0 1
Tile:9 6 4 0
Drop 4 0 1
Map 12 3 0
Map 12 5 1
Tile:5_flip 6 6 0
Map 12 5 1
Tile:10 5 4 0
Malus 0 0 1
Bonus 0 0 0
Drop 0 0 1
Tile:8 5 6 0
Map 12 7 1
Tile:7_flip 4 6 0
Map 12 7 1
Tile:7 7 4 0
Drop 3 0 1
Tile:8 4 5 0
Drop 2 0 1
Tile:13 6 3 0
Destroy 7 4 1
Tile:5 6 2 0
Drop 2 0 1
Tile:15 5 7 0
Destroy 6 2 1
Tile:0 7 4 0
Drop 5 0 1
Drop 5 0 0
Drop 0 0 1
Tile:8 6 2 0
Drop 6 0 1
Tile:14 7 3 0
Drop 3 0 1
Drop 3 0 0
Drop 3 0 1
Drop 2 0 0
Drop 6 0 1
Drop 1 0 0
Drop 2 0 1
Map 12 5 0
Drop 5 0 1
Tile:6 3 5 0
Drop 4 0 1
Tile:3_flip 5 2 0
Drop 2 0 1
Tile:7 8 4 0
Drop 0 0 1
Drop 2 0 0
Drop 0 0 1
Drop 0 0 0
Drop 1 0 1
Drop 0 0 0
Drop 0 0 1
GAMEOVER DRAW
# Game ended: Wed Apr 15 14:25:10 EDT 2020
