# Server version 0.08 running on 192.168.2.29:8123
# Game ID: 287
# Board class: Saboteur.SaboteurBoard
# Timeout: 20000
# First Move Timeout: 30000
# Date: Wed Apr 15 23:28:45 EDT 2020
# Player 1: Player-0, 'RandomPlayer', running on localhost
# Player 2: Player-1, '260803297', running on localhost
START Player-0 RandomPlayer
START Player-1 260803297
BoardInit:Tile:13,Tile:6,Tile:6,Tile:0,Tile:7,Bonus,Tile:9,Tile:6,Tile:10,Tile:9,Tile:7,Tile:14,Malus,Tile:8,Tile:0,Tile:0,Tile:1,Tile:7,Tile:7,Map,Tile:5,Destroy,Tile:7,Map,Tile:10,Tile:11,Tile:9,Tile:2,Tile:9,Bonus,Map,Tile:12,Tile:5,Map,Tile:6,Tile:4,Tile:15,Tile:8,Map,Bonus,Malus-Tile:3,Tile:8,Bonus,Tile:5,Destroy,Destroy,Map-Tile:5,Tile:0,Tile:8,Tile:10,Tile:6,Tile:8,Tile:9-Tile:nugget,Tile:hidden1,Tile:hidden2
Map 12 3 1
Tile:10 5 4 0
Drop 2 0 1
Tile:9 5 6 0
Tile:13 4 5 1
Tile:0 3 5 0
Destroy 5 4 1
Tile:8 6 6 0
Tile:9 4 4 1
Tile:8 5 4 0
Tile:3_flip 5 7 1
Tile:6_flip 5 3 0
Drop 4 0 1
Tile:9_flip 6 3 0
Tile:5_flip 4 6 1
Tile:6_flip 6 5 0
Tile:6_flip 7 6 1
Tile:8 8 6 0
Tile:1 9 6 1
Tile:14 7 5 0
Tile:7_flip 8 7 1
Tile:7 6 2 0
Destroy 6 6 1
Tile:0 9 7 0
Tile:5 8 5 1
Tile:6_flip 10 6 0
Drop 2 0 1
Destroy 9 7 0
Tile:8 7 4 1
Map 12 7 0
Tile:9 2 5 1
Tile:0 5 2 0
Tile:7 2 4 1
Tile:2 11 6 0
Tile:0 9 7 1
Map 12 5 0
Tile:6_flip 4 3 1
Tile:12 12 6 0
Tile:10 11 7 1
Tile:11_flip 7 7 0
Drop 6 0 1
Tile:5 3 6 0
Tile:15 7 3 1
Drop 5 0 0
Tile:5_flip 10 7 1
Tile:8 6 7 0
Tile:10 7 2 1
Tile:4_flip 2 6 0
Tile:9_flip 7 8 1
Map 12 7 0
Drop 0 0 1
Drop 0 0 0
Malus 0 0 1
Drop 0 0 0
Map 12 3 1
GAMEOVER DRAW
# Game ended: Wed Apr 15 23:28:47 EDT 2020
