# Server version 0.08 running on 192.168.2.29:8123
# Game ID: 251
# Board class: Saboteur.SaboteurBoard
# Timeout: 20000
# First Move Timeout: 30000
# Date: Wed Apr 15 23:21:45 EDT 2020
# Player 1: Player-0, '260803297', running on localhost
# Player 2: Player-1, 'RandomPlayer', running on localhost
START Player-0 260803297
START Player-1 RandomPlayer
BoardInit:Map,Tile:10,Tile:6,Tile:4,Tile:9,Tile:0,Bonus,Malus,Tile:9,Tile:6,Tile:0,Tile:7,Tile:6,Tile:12,Tile:15,Tile:5,Tile:10,Tile:8,Destroy,Destroy,Destroy,Map,Tile:6,Tile:8,Tile:0,Tile:5,Tile:14,Map,Malus,Tile:2,Tile:8,Tile:11,Tile:7,Tile:10,Tile:5,Tile:7,Tile:0,Bonus,Tile:8,Map,Tile:6-Tile:5,Tile:8,Tile:13,Tile:1,Tile:9,Tile:9,Tile:9-Map,Tile:7,Tile:7,Bonus,Map,Tile:3,Bonus-Tile:hidden1,Tile:hidden2,Tile:nugget
Tile:9 4 5 1
Map 12 3 0
Drop 5 0 1
Map 12 3 0
Drop 1 0 1
Tile:3 4 4 0
Tile:9_flip 4 6 1
Tile:7_flip 3 6 0
Tile:5 3 4 1
Malus 0 0 0
Drop 1 0 1
Tile:10 5 6 0
Drop 6 0 1
Drop 2 0 0
Map 12 7 1
Drop 3 0 0
Drop 1 0 1
Drop 4 0 0
Drop 3 0 1
Tile:4_flip 4 7 0
Drop 4 0 1
Destroy 5 6 0
Destroy 3 6 1
Map 12 3 0
Destroy 4 4 1
Drop 1 0 0
Drop 0 0 1
Tile:5_flip 3 5 0
Drop 6 0 1
Map 12 3 0
Drop 4 0 1
Tile:12_flip 2 5 0
Drop 6 0 1
Tile:11 5 6 0
Drop 4 0 1
Tile:8 4 4 0
Drop 3 0 1
Tile:2 6 6 0
Bonus 0 0 1
Drop 6 0 0
Drop 4 0 1
Map 12 3 0
Malus 0 0 1
Drop 0 0 0
Tile:0 3 6 1
Drop 0 0 0
Drop 1 0 1
Drop 0 0 0
Tile:6 6 7 1
Drop 2 0 0
Tile:7 7 6 1
Drop 0 0 0
Tile:8 5 4 1
Drop 0 0 0
Tile:9 5 7 1
GAMEOVER DRAW
# Game ended: Wed Apr 15 23:21:46 EDT 2020
