# Server version 0.08 running on 192.168.2.29:8123
# Game ID: 76
# Board class: Saboteur.SaboteurBoard
# Timeout: 20000
# First Move Timeout: 30000
# Date: Tue Apr 14 21:28:51 EDT 2020
# Player 1: Player-0, 'RandomPlayer', running on localhost
# Player 2: Player-1, 'RandomPlayer', running on localhost
START Player-0 RandomPlayer
START Player-1 RandomPlayer
BoardInit:Map,Bonus,Tile:0,Tile:0,Tile:5,Map,Tile:7,Tile:13,Malus,Tile:6,Tile:3,Tile:8,Map,Tile:15,Bonus,Malus,Tile:2,Map,Tile:6,Tile:9,Destroy,Tile:6,Tile:7,Tile:7,Tile:7,Tile:4,Bonus,Tile:8,Bonus,Tile:14,Tile:7,Tile:1,Tile:12,Destroy,Tile:5,Tile:9,Tile:9,Tile:6,Tile:11,Destroy,Tile:9-Map,Tile:5,Tile:5,Tile:8,Map,Tile:10,Tile:9-Tile:10,Tile:10,Tile:8,Tile:0,Tile:6,Tile:8,Tile:0-Tile:hidden2,Tile:nugget,Tile:hidden1
Tile:10 5 6 1
Tile:10 5 7 0
Tile:9 5 4 1
Tile:0 4 5 0
Map 12 5 1
Tile:8 3 5 0
Tile:8 5 3 1
Tile:0 6 3 0
Tile:7 6 4 1
Tile:8 6 5 0
Map 12 7 1
Drop 3 0 0
Tile:3 7 5 1
Tile:6 5 8 0
Drop 5 0 1
Tile:6 4 8 0
Tile:5_flip 7 6 1
Tile:8 7 3 0
Map 12 3 1
Drop 3 0 0
Tile:5_flip 6 8 1
Tile:9 3 4 0
Tile:0 8 3 1
Tile:6_flip 3 3 0
Drop 4 0 1
Map 12 3 0
Tile:7_flip 3 8 1
Tile:7_flip 3 6 0
Destroy 5 7 1
Tile:15 4 7 0
Tile:2_flip 9 3 1
Tile:4 9 2 0
Tile:7 6 7 1
Tile:14 4 4 0
Tile:7_flip 7 4 1
Destroy 4 4 0
Tile:12_flip 2 3 1
Tile:8 7 2 0
Map 12 5 1
Tile:6_flip 8 4 0
Drop 4 0 1
Tile:1 2 5 0
Tile:9 5 7 1
Tile:9 7 1 0
Drop 4 0 1
Tile:10 8 5 0
Tile:5_flip 8 2 1
Destroy 6 7 0
Drop 3 0 1
Map 12 5 0
Drop 0 0 1
Malus 0 0 0
Drop 0 0 1
Drop 0 0 0
Bonus 0 0 1
GAMEOVER DRAW
# Game ended: Tue Apr 14 21:28:51 EDT 2020
