# Server version 0.08 running on 192.168.0.168:8123
# Game ID: 17
# Board class: Saboteur.SaboteurBoard
# Timeout: 20000
# First Move Timeout: 30000
# Date: Fri Apr 10 00:45:02 EDT 2020
# Player 1: Player-0, 'RandomPlayer', running on 192.168.0.168
# Player 2: Player-1, 'Human', running on 192.168.0.168
START Player-0 RandomPlayer
START Player-1 Human
BoardInit:Tile:10,Tile:12,Tile:14,Tile:5,Map,Tile:2,Bonus,Tile:0,Bonus,Tile:7,Tile:6,Tile:4,Tile:15,Tile:8,Tile:13,Map,Tile:8,Tile:5,Malus,Tile:6,Map,Tile:6,Tile:5,Tile:11,Tile:0,Map,Tile:7,Map,Tile:9,Tile:10,Tile:6,Tile:8,Tile:9,Tile:8,Map,Tile:8,Tile:3,Destroy,Tile:7,Tile:7,Tile:9-Destroy,Tile:9,Tile:0,Tile:10,Tile:1,Destroy,Malus-Bonus,Tile:5,Tile:9,Bonus,Tile:0,Tile:7,Tile:6-Tile:nugget,Tile:hidden2,Tile:hidden1
Tile:0 6 5 1
Tile:5 4 5 0
Tile:10 4 6 1
Tile:9_flip 5 4 0
Tile:9 4 7 1
Tile:5_flip 4 8 0
Map 12 7 1
Tile:12_flip 3 8 0
Tile:10 5 6 1
Tile:2 5 3 0
Tile:14 5 7 1
Tile:0 7 5 0
