# Server version 0.08 running on 192.168.2.29:8123
# Game ID: 71
# Board class: Saboteur.SaboteurBoard
# Timeout: 20000
# First Move Timeout: 30000
# Date: Tue Apr 14 21:28:45 EDT 2020
# Player 1: Player-0, 'RandomPlayer', running on localhost
# Player 2: Player-1, 'RandomPlayer', running on localhost
START Player-0 RandomPlayer
START Player-1 RandomPlayer
BoardInit:Tile:8,Tile:12,Tile:7,Bonus,Tile:15,Tile:1,Tile:6,Tile:14,Bonus,Tile:8,Tile:9,Tile:7,Tile:8,Bonus,Tile:10,Map,Tile:8,Destroy,Map,Malus,Tile:6,Bonus,Destroy,Map,Tile:0,Tile:8,Tile:0,Tile:9,Malus,Tile:10,Tile:7,Map,Tile:2,Tile:7,Tile:10,Tile:3,Tile:9,Tile:0,Tile:9,Tile:0,Tile:7-Tile:5,Tile:5,Tile:11,Map,Map,Tile:5,Tile:5-Tile:6,Tile:9,Tile:13,Tile:4,Tile:6,Destroy,Tile:6-Tile:hidden1,Tile:hidden2,Tile:nugget
Tile:11 4 5 1
Tile:9 5 4 0
Tile:5_flip 6 4 1
Tile:4 4 4 0
Tile:7 6 5 1
Tile:6 5 6 0
Drop 2 0 1
Tile:13 5 3 0
Tile:5_flip 6 6 1
Destroy 5 6 0
Drop 1 0 1
Tile:6 5 6 0
Tile:9 4 6 1
Tile:8 6 3 0
Drop 1 0 1
Tile:7_flip 4 3 0
Tile:10 6 2 1
Tile:12 7 3 0
Tile:6_flip 6 1 1
Destroy 6 1 0
Drop 4 0 1
Tile:6_flip 4 2 0
Tile:15 6 1 1
Malus 0 0 0
Destroy 7 3 1
Map 12 5 0
Map 12 3 1
Drop 3 0 0
Drop 6 0 1
Tile:9_flip 5 2 0
Bonus 0 0 1
Tile:1 3 2 0
Tile:6_flip 2 2 1
Map 12 7 0
Tile:2 7 3 1
Tile:7_flip 2 3 0
Drop 6 0 1
Tile:10 6 0 0
Tile:0 1 2 1
Drop 6 0 0
Tile:9 7 4 1
Tile:3_flip 7 5 0
Drop 0 0 1
Tile:14 8 4 0
Tile:8 8 3 1
Drop 0 0 0
Tile:7 3 3 1
Tile:0 0 2 0
Tile:9_flip 4 7 1
Drop 1 0 0
Drop 0 0 1
Map 12 7 0
Tile:7 5 1 1
Drop 0 0 0
Malus 0 0 1
GAMEOVER DRAW
# Game ended: Tue Apr 14 21:28:45 EDT 2020
