# Server version 0.08 running on 192.168.0.168:8123
# Game ID: 38
# Board class: Saboteur.SaboteurBoard
# Timeout: 20000
# First Move Timeout: 30000
# Date: Wed Apr 15 00:03:41 EDT 2020
# Player 1: Player-0, '260803297', running on localhost
# Player 2: Player-1, '260803297', running on localhost
START Player-0 260803297
START Player-1 260803297
BoardInit:Tile:8,Tile:8,Map,Tile:6,Destroy,Tile:8,Tile:8,Destroy,Malus,Map,Tile:7,Tile:9,Tile:0,Tile:6,Tile:0,Bonus,Tile:12,Map,Tile:3,Tile:9,Bonus,Tile:10,Tile:6,Map,Tile:5,Tile:9,Tile:13,Tile:8,Bonus,Tile:15,Tile:6,Tile:5,Tile:0,Destroy,Tile:10,Tile:7,Tile:10,Tile:7,Tile:5,Tile:14,Tile:6-Tile:5,Tile:9,Malus,Tile:9,Tile:1,Map,Tile:7-Tile:11,Tile:2,Bonus,Tile:4,Map,Tile:0,Tile:7-Tile:hidden1,Tile:hidden2,Tile:nugget
Map 12 3 1
Tile:2_flip 6 5 0
Tile:8 5 4 1
Tile:7 6 4 0
Tile:9 5 6 1
Tile:8 5 7 0
Tile:9_flip 5 3 1
Tile:8 5 8 0
Tile:1 4 3 1
Tile:6_flip 6 6 0
Map 12 5 1
Map 12 7 0
Tile:7 7 6 1
Tile:4_flip 7 7 0
Tile:7 5 2 1
Tile:9_flip 5 9 0
Tile:0 4 8 1
Destroy 5 3 0
Destroy 5 9 1
Tile:6_flip 3 8 0
Tile:12_flip 3 3 1
Tile:11 4 5 0
Tile:3_flip 4 2 1
Tile:9_flip 4 6 0
Tile:5_flip 6 7 1
Map 12 7 0
Tile:6 3 9 1
Tile:9_flip 4 1 0
Tile:8 5 3 1
Tile:0 6 8 0
Malus 0 0 1
Bonus 0 0 0
Drop 6 0 1
Tile:8 2 8 0
Tile:5_flip 7 5 1
Destroy 4 5 0
Tile:0 3 6 1
Tile:7_flip 1 8 0
Tile:0 2 6 1
Tile:5 7 4 0
Drop 2 0 1
Tile:7 8 4 0
Tile:6_flip 7 8 1
Tile:14_flip 1 6 0
Tile:5_flip 7 9 1
Drop 0 0 0
Tile:10 5 9 1
Tile:15 4 0 0
Drop 2 0 1
Map 12 7 0
Malus 0 0 1
Map 12 7 0
Drop 1 0 1
Drop 0 0 0
Drop 0 0 1
GAMEOVER DRAW
# Game ended: Wed Apr 15 00:03:41 EDT 2020
