# Server version 0.08 running on 192.168.2.29:8123
# Game ID: 133
# Board class: Saboteur.SaboteurBoard
# Timeout: 20000
# First Move Timeout: 30000
# Date: Tue Apr 14 22:23:29 EDT 2020
# Player 1: Player-0, 'RandomPlayer', running on localhost
# Player 2: Player-1, 'RandomPlayer', running on localhost
START Player-0 RandomPlayer
START Player-1 RandomPlayer
BoardInit:Tile:8,Map,Tile:9,Tile:8,Tile:4,Tile:6,Tile:8,Tile:7,Tile:6,Tile:8,Tile:10,Tile:0,Tile:2,Tile:6,Destroy,Tile:13,Tile:7,Bonus,Malus,Map,Bonus,Tile:5,Tile:5,Map,Tile:10,Tile:5,Tile:0,Tile:7,Tile:5,Malus,Tile:15,Tile:9,Tile:6,Tile:7,Tile:3,Destroy,Tile:0,Tile:9,Tile:8,Map,Tile:9-Tile:6,Tile:11,Bonus,Tile:9,Destroy,Tile:10,Map-Tile:1,Tile:14,Tile:7,Map,Tile:0,Tile:12,Bonus-Tile:hidden2,Tile:nugget,Tile:hidden1
Tile:11_flip 5 6 1
Tile:1 4 5 0
Tile:9 5 7 1
Tile:0 4 6 0
Drop 2 0 1
Tile:8 6 5 0
Tile:8 5 4 1
Drop 2 0 0
Tile:6_flip 3 5 1
Tile:7_flip 2 5 0
Tile:8 5 8 1
Drop 1 0 0
Tile:9 6 6 1
Tile:14_flip 5 3 0
Tile:10 2 4 1
Tile:6 7 6 0
Destroy 5 8 1
Tile:8 8 6 0
Map 12 7 1
Tile:13 6 4 0
Tile:7_flip 3 6 1
Drop 4 0 0
Tile:10 8 5 1
Tile:7 7 5 0
Drop 2 0 1
Tile:5_flip 7 4 0
Tile:4 2 3 1
Tile:5_flip 6 7 0
Tile:5_flip 9 6 1
Tile:7 6 3 0
Tile:2_flip 4 4 1
Map 12 5 0
Tile:10 9 5 1
Map 12 7 0
Tile:15 8 7 1
Drop 2 0 0
Tile:3 4 3 1
Drop 6 0 0
Tile:6 8 8 1
Tile:9 8 4 0
Drop 0 0 1
Tile:7 8 3 0
Tile:0 9 8 1
Drop 5 0 0
Drop 4 0 1
Drop 3 0 0
Tile:9 5 8 1
Tile:9_flip 5 9 0
Drop 3 0 1
Tile:0 6 8 0
Tile:5 7 3 1
Map 12 7 0
Malus 0 0 1
Drop 0 0 0
Drop 0 0 1
GAMEOVER DRAW
# Game ended: Tue Apr 14 22:23:29 EDT 2020
