# Server version 0.08 running on 192.168.0.168:8123
# Game ID: 32
# Board class: Saboteur.SaboteurBoard
# Timeout: 20000
# First Move Timeout: 30000
# Date: Tue Apr 14 18:52:35 EDT 2020
# Player 1: Player-0, 'RandomPlayer', running on localhost
# Player 2: Player-1, '260803297', running on localhost
START Player-0 RandomPlayer
START Player-1 260803297
BoardInit:Tile:10,Bonus,Tile:11,Tile:6,Tile:7,Tile:5,Map,Bonus,Tile:9,Map,Tile:9,Tile:0,Tile:1,Malus,Tile:12,Tile:0,Tile:13,Bonus,Tile:15,Tile:9,Tile:5,Tile:5,Tile:10,Malus,Tile:14,Tile:0,Tile:4,Tile:8,Tile:8,Tile:6,Bonus,Map,Tile:3,Tile:2,Map,Tile:5,Tile:6,Tile:7,Map,Tile:9,Tile:8-Tile:7,Destroy,Tile:9,Tile:6,Map,Tile:0,Destroy-Destroy,Tile:8,Tile:7,Tile:8,Tile:7,Tile:10,Tile:6-Tile:hidden1,Tile:nugget,Tile:hidden2
Drop 3 0 1
Tile:6 4 5 0
Tile:7 4 4 1
Drop 1 0 0
Tile:10 5 6 1
Tile:6 5 7 0
Destroy 4 4 1
Tile:5 5 4 0
Tile:11 3 5 1
Tile:7 3 4 0
Destroy 3 5 1
Destroy 5 6 0
Tile:0 6 4 1
Tile:7 6 7 0
Map 12 5 1
Malus 0 0 0
Map 12 7 1
Tile:0 7 4 0
Drop 3 0 1
Map 12 5 0
Drop 2 0 1
Tile:0 2 4 0
Drop 0 0 1
Drop 5 0 0
Drop 2 0 1
Tile:5 4 7 0
Drop 0 0 1
Tile:0 1 4 0
Drop 5 0 1
Malus 0 0 0
Drop 0 0 1
Tile:8 0 4 0
Drop 4 0 1
Tile:6 3 5 0
Drop 0 0 1
Tile:2 8 4 0
Map 12 7 1
Tile:10 4 4 0
Drop 0 0 1
Map 12 3 0
Drop 2 0 1
Drop 4 0 0
Map 12 7 1
Tile:7 4 3 0
Drop 4 0 1
Drop 3 0 0
Drop 3 0 1
Tile:9_flip 6 8 0
Drop 2 0 1
Drop 2 0 0
Drop 0 0 1
Drop 0 0 0
Drop 1 0 1
Drop 0 0 0
Drop 0 0 1
GAMEOVER DRAW
# Game ended: Tue Apr 14 18:52:35 EDT 2020
