# Server version 0.08 running on 192.168.2.29:8123
# Game ID: 199
# Board class: Saboteur.SaboteurBoard
# Timeout: 20000
# First Move Timeout: 30000
# Date: Wed Apr 15 01:01:56 EDT 2020
# Player 1: Player-0, 'RandomPlayer', running on localhost
# Player 2: Player-1, 'RandomPlayer', running on localhost
START Player-0 RandomPlayer
START Player-1 RandomPlayer
BoardInit:Tile:6,Tile:8,Tile:1,Tile:9,Tile:7,Tile:14,Tile:7,Tile:10,Map,Map,Tile:7,Map,Map,Tile:6,Tile:0,Tile:9,Tile:8,Tile:6,Destroy,Bonus,Tile:8,Tile:8,Tile:0,Bonus,Map,Tile:11,Tile:5,Tile:8,Tile:0,Destroy,Tile:10,Tile:5,Tile:6,Tile:13,Tile:10,Tile:5,Destroy,Tile:3,Tile:9,Bonus,Tile:15-Tile:9,Malus,Tile:7,Tile:7,Tile:4,Map,Bonus-Tile:0,Tile:12,Tile:2,Malus,Tile:5,Tile:6,Tile:9-Tile:nugget,Tile:hidden2,Tile:hidden1
Tile:7 5 4 1
Tile:2_flip 4 4 0
Tile:6 5 6 1
Tile:5 3 4 0
Tile:9_flip 6 5 1
Tile:9_flip 3 5 0
Drop 3 0 1
Tile:8 6 6 0
Tile:4_flip 6 7 1
Tile:14_flip 4 6 0
Tile:7_flip 2 5 1
Tile:10 3 6 0
Tile:7 2 4 1
Tile:6 4 7 0
Drop 1 0 1
Tile:6_flip 7 6 0
Drop 1 0 1
Tile:9 6 4 0
Drop 5 0 1
Drop 5 0 0
Destroy 3 6 1
Tile:0 8 6 0
Tile:7_flip 1 4 1
Tile:12_flip 4 5 0
Drop 4 0 1
Tile:8 9 6 0
Malus 0 0 1
Map 12 5 0
Tile:5 9 5 1
Drop 5 0 0
Tile:7_flip 9 7 1
Destroy 6 5 0
Tile:10 7 7 1
Map 12 5 0
Tile:6 10 7 1
Drop 3 0 0
Tile:0 11 7 1
Drop 3 0 0
Tile:8 6 3 1
Malus 0 0 0
Destroy 5 4 1
Drop 4 0 0
Drop 6 0 1
Drop 4 0 0
Drop 4 0 1
Drop 3 0 0
Map 12 5 1
Drop 2 0 0
Map 12 3 1
Drop 1 0 0
Drop 0 0 1
Bonus 0 0 0
Drop 1 0 1
Tile:6_flip 5 3 0
Drop 0 0 1
GAMEOVER DRAW
# Game ended: Wed Apr 15 01:01:56 EDT 2020
