# Server version 0.08 running on 192.168.2.29:8123
# Game ID: 247
# Board class: Saboteur.SaboteurBoard
# Timeout: 20000
# First Move Timeout: 30000
# Date: Wed Apr 15 14:23:27 EDT 2020
# Player 1: Player-0, '260803297', running on localhost
# Player 2: Player-1, 'RandomPlayer', running on localhost
START Player-0 260803297
START Player-1 RandomPlayer
BoardInit:Tile:3,Tile:1,Destroy,Malus,Tile:0,Tile:0,Tile:12,Tile:8,Tile:9,Tile:8,Map,Tile:15,Tile:8,Tile:8,Tile:4,Tile:6,Tile:14,Map,Tile:2,Tile:10,Tile:5,Tile:7,Bonus,Tile:5,Tile:11,Map,Tile:0,Tile:6,Tile:6,Tile:7,Tile:10,Map,Tile:5,Tile:8,Tile:13,Tile:6,Tile:9,Tile:10,Tile:9,Malus,Tile:5-Tile:7,Tile:7,Tile:6,Map,Tile:9,Bonus,Map-Tile:7,Destroy,Bonus,Destroy,Tile:9,Bonus,Tile:0-Tile:nugget,Tile:hidden2,Tile:hidden1
Tile:9 4 5 1
Tile:7_flip 5 6 0
Map 12 3 1
Tile:9 4 4 0
Destroy 4 4 1
Malus 0 0 0
Drop 2 0 1
Destroy 4 5 0
Map 12 5 1
Drop 5 0 0
Bonus 0 0 1
Tile:8 4 5 0
Drop 4 0 1
Destroy 4 5 0
Drop 3 0 1
Drop 6 0 0
Tile:3 5 4 1
Drop 2 0 0
Tile:8 6 5 1
Map 12 3 0
Tile:14_flip 4 4 1
Tile:6 6 6 0
Drop 5 0 1
Tile:7 7 5 0
Tile:5 6 4 1
Tile:1 7 4 0
Tile:9 4 5 1
Map 12 3 0
Tile:11_flip 4 6 1
Tile:6 8 4 0
Tile:7 8 3 1
Tile:7_flip 7 3 0
Tile:10 7 2 1
Tile:5 7 1 0
Drop 4 0 1
Tile:8 4 7 0
Tile:7_flip 4 8 1
Tile:6_flip 5 7 0
Tile:13 5 8 1
Map 12 5 0
Tile:5 3 6 1
Drop 6 0 0
Map 12 5 1
Tile:8 9 4 0
Tile:5_flip 10 4 1
Drop 4 0 0
Tile:9 3 7 1
Tile:15 3 8 0
Tile:6 6 8 1
Tile:10 9 5 0
Drop 1 0 1
Drop 0 0 0
Tile:9_flip 5 9 1
Drop 0 0 0
Drop 0 0 1
GAMEOVER DRAW
# Game ended: Wed Apr 15 14:23:27 EDT 2020
