# Server version 0.08 running on 192.168.2.29:8123
# Game ID: 175
# Board class: Saboteur.SaboteurBoard
# Timeout: 20000
# First Move Timeout: 30000
# Date: Wed Apr 15 00:58:56 EDT 2020
# Player 1: Player-0, 'RandomPlayer', running on localhost
# Player 2: Player-1, 'RandomPlayer', running on localhost
START Player-0 RandomPlayer
START Player-1 RandomPlayer
BoardInit:Tile:6,Tile:0,Tile:8,Tile:10,Tile:0,Tile:7,Bonus,Tile:9,Tile:8,Bonus,Map,Bonus,Tile:7,Tile:3,Tile:10,Tile:7,Tile:10,Map,Tile:5,Tile:5,Tile:11,Tile:7,Tile:15,Tile:12,Tile:5,Map,Tile:2,Tile:6,Destroy,Tile:9,Destroy,Tile:0,Tile:4,Tile:8,Map,Tile:6,Bonus,Tile:9,Tile:13,Tile:1,Map-Tile:8,Tile:9,Destroy,Tile:14,Malus,Tile:6,Map-Tile:7,Tile:8,Malus,Tile:6,Tile:9,Tile:0,Tile:5-Tile:nugget,Tile:hidden1,Tile:hidden2
Tile:6_flip 4 5 1
Tile:9 5 4 0
Tile:8 3 5 1
Tile:8 6 5 0
Tile:9 5 6 1
Tile:10 3 4 0
Drop 2 0 1
Tile:0 2 5 0
Tile:14 4 6 1
Tile:9 5 3 0
Drop 5 0 1
Tile:6_flip 6 4 0
Tile:6 3 6 1
Tile:5 5 2 0
Destroy 3 5 1
Drop 3 0 0
Tile:10 5 7 1
Tile:7_flip 5 8 0
Map 12 7 1
Tile:7 3 3 0
Tile:5 2 6 1
Tile:3_flip 2 7 0
Tile:8 3 5 1
Tile:0 6 8 0
Tile:0 7 8 1
Map 12 5 0
Tile:11_flip 6 6 1
Tile:7_flip 2 3 0
Tile:7 3 7 1
Tile:6 7 5 0
Drop 3 0 1
Malus 0 0 0
Destroy 7 8 1
Tile:5 2 2 0
Drop 4 0 1
Drop 0 0 0
Destroy 2 5 1
Tile:6_flip 7 4 0
Drop 6 0 1
Tile:8 7 8 0
Drop 0 0 1
Tile:9_flip 8 5 0
Drop 3 0 1
Tile:1 6 3 0
Drop 4 0 1
Tile:12 6 2 0
Map 12 3 1
Tile:0 7 3 0
Drop 2 0 1
Tile:9_flip 8 3 0
Map 12 3 1
Map 12 7 0
Drop 1 0 1
Drop 0 0 0
Drop 0 0 1
GAMEOVER DRAW
# Game ended: Wed Apr 15 00:58:57 EDT 2020
