# Server version 0.08 running on 192.168.2.29:8123
# Game ID: 286
# Board class: Saboteur.SaboteurBoard
# Timeout: 20000
# First Move Timeout: 30000
# Date: Wed Apr 15 23:28:42 EDT 2020
# Player 1: Player-0, '260803297', running on localhost
# Player 2: Player-1, 'RandomPlayer', running on localhost
START Player-0 260803297
START Player-1 RandomPlayer
BoardInit:Tile:1,Malus,Tile:6,Bonus,Tile:7,Tile:8,Tile:10,Tile:9,Tile:9,Map,Tile:10,Tile:9,Map,Destroy,Tile:7,Tile:14,Tile:7,Tile:7,Tile:10,Tile:12,Tile:5,Map,Tile:8,Tile:11,Bonus,Destroy,Tile:13,Tile:6,Tile:6,Bonus,Tile:3,Malus,Tile:9,Tile:5,Tile:0,Map,Tile:6,Tile:4,Tile:5,Tile:8,Tile:5-Tile:0,Tile:8,Tile:2,Tile:7,Map,Bonus,Tile:0-Tile:6,Tile:9,Tile:8,Tile:15,Map,Destroy,Tile:0-Tile:nugget,Tile:hidden2,Tile:hidden1
Drop 3 0 1
Map 12 3 0
Tile:2 4 5 1
Tile:15 5 6 0
Map 12 5 1
Tile:6 3 5 0
Tile:0 6 5 1
Tile:0 2 5 0
Tile:8 5 4 1
Destroy 4 5 0
Tile:6_flip 4 5 1
Tile:9_flip 5 7 0
Tile:9 1 5 1
Tile:9_flip 7 5 0
Tile:7_flip 4 4 1
Tile:9 1 6 0
Tile:10 4 6 1
Tile:8 4 3 0
Tile:7 7 4 1
Tile:7 3 4 0
Tile:10 1 7 1
Tile:12_flip 2 4 0
Tile:7 5 3 1
Tile:14 7 6 0
Drop 4 0 1
Destroy 5 6 0
Tile:1 2 6 1
Tile:11 4 7 0
Tile:5_flip 5 8 1
Destroy 2 6 0
Tile:0 2 6 1
Tile:6 4 8 0
Tile:3 3 6 1
Map 12 7 0
Drop 4 0 1
Tile:5_flip 3 7 0
Tile:6 6 4 1
Map 12 3 0
Tile:9 5 6 1
Map 12 5 0
Tile:0 6 6 1
Drop 2 0 0
Map 12 5 1
Drop 0 0 0
Tile:5 6 3 1
Tile:4 1 4 0
Drop 3 0 1
Drop 2 0 0
Tile:5_flip 1 8 1
Drop 0 0 0
Drop 0 0 1
Tile:8 0 8 0
Drop 0 0 1
Drop 0 0 0
Drop 0 0 1
GAMEOVER DRAW
# Game ended: Wed Apr 15 23:28:43 EDT 2020
