# Server version 0.08 running on 192.168.2.29:8123
# Game ID: 347
# Board class: Saboteur.SaboteurBoard
# Timeout: 20000
# First Move Timeout: 30000
# Date: Wed Apr 15 23:42:29 EDT 2020
# Player 1: Player-0, 'RandomPlayer', running on localhost
# Player 2: Player-1, '260803297', running on localhost
START Player-0 RandomPlayer
START Player-1 260803297
BoardInit:Tile:7,Tile:15,Tile:14,Bonus,Tile:2,Tile:7,Tile:0,Tile:10,Tile:0,Destroy,Tile:4,Map,Bonus,Tile:9,Map,Tile:5,Map,Tile:6,Tile:3,Tile:7,Tile:5,Tile:7,Tile:12,Tile:13,Tile:9,Destroy,Tile:8,Map,Tile:9,Tile:9,Tile:10,Destroy,Tile:6,Tile:8,Tile:0,Malus,Tile:8,Tile:8,Tile:8,Map,Bonus-Tile:6,Tile:6,Map,Tile:5,Tile:9,Tile:10,Bonus-Malus,Tile:1,Tile:0,Tile:7,Tile:6,Tile:5,Tile:11-Tile:hidden1,Tile:nugget,Tile:hidden2
Map 12 3 1
Tile:11 5 4 0
Tile:6 6 5 1
Tile:7_flip 4 5 0
Tile:10 5 6 1
Tile:6_flip 6 4 0
Drop 1 0 1
Tile:5_flip 7 4 0
Tile:0 7 5 1
Tile:15 7 3 0
Drop 2 0 1
Destroy 7 5 0
Tile:7 7 5 1
Tile:7_flip 7 6 0
Tile:9 5 3 1
Drop 2 0 0
Map 12 3 1
Drop 0 0 0
Map 12 3 1
Tile:9_flip 7 2 0
Tile:3 4 4 1
Tile:6_flip 3 4 0
Tile:5 2 4 1
Tile:10 5 7 0
Tile:12 6 3 1
Tile:1 8 6 0
Tile:6 6 2 1
Tile:7_flip 5 8 0
Tile:2 6 8 1
Map 12 5 0
Drop 5 0 1
Destroy 2 4 0
Tile:14 3 5 1
Tile:7_flip 2 4 0
Tile:10 2 3 1
Drop 3 0 0
Tile:6_flip 5 2 1
Tile:8 2 2 0
Tile:9_flip 6 9 1
Tile:13 2 1 0
Drop 3 0 1
Destroy 6 3 0
Tile:0 9 6 1
Tile:5_flip 3 1 0
Tile:8 1 1 1
Tile:9_flip 6 1 0
Tile:0 2 5 1
Tile:8 1 2 0
Tile:4 2 0 1
Map 12 5 0
Drop 1 0 1
Malus 0 0 0
Bonus 0 0 1
Drop 0 0 0
Drop 0 0 1
GAMEOVER DRAW
# Game ended: Wed Apr 15 23:42:31 EDT 2020
