# Server version 0.08 running on 192.168.0.168:8123
# Game ID: 31
# Board class: Saboteur.SaboteurBoard
# Timeout: 20000
# First Move Timeout: 30000
# Date: Tue Apr 14 18:51:14 EDT 2020
# Player 1: Player-0, '260803297', running on localhost
# Player 2: Player-1, '260803297', running on localhost
START Player-0 260803297
START Player-1 260803297
BoardInit:Tile:9,Tile:5,Bonus,Tile:5,Tile:7,Tile:6,Tile:0,Tile:12,Tile:8,Map,Bonus,Tile:8,Tile:5,Tile:9,Tile:7,Destroy,Tile:1,Tile:3,Bonus,Tile:6,Map,Bonus,Tile:9,Tile:6,Tile:10,Tile:0,Destroy,Tile:9,Malus,Tile:9,Destroy,Tile:15,Tile:0,Tile:6,Map,Tile:4,Tile:14,Map,Tile:11,Tile:6,Tile:0-Map,Tile:2,Tile:8,Tile:8,Tile:5,Tile:7,Tile:10-Tile:8,Map,Tile:13,Tile:10,Tile:7,Malus,Tile:7-Tile:nugget,Tile:hidden2,Tile:hidden1
Tile:7 6 5 1
Tile:13 6 6 0
Drop 5 0 1
Tile:7_flip 6 7 0
Tile:2_flip 7 7 1
Tile:5_flip 8 7 0
Tile:9_flip 5 4 1
Tile:5 8 6 0
Tile:7 5 3 1
Tile:7 7 6 0
Tile:8 4 4 1
Drop 1 0 0
Map 12 5 1
Tile:6 5 6 0
Drop 3 0 1
Malus 0 0 0
Drop 6 0 1
Tile:8 4 5 0
Drop 2 0 1
Tile:9 3 4 0
Drop 4 0 1
Tile:3_flip 3 5 0
Drop 5 0 1
Tile:8 4 6 0
Drop 5 0 1
Drop 2 0 0
Drop 0 0 1
Tile:10 3 3 0
Destroy 5 3 1
Tile:6_flip 3 6 0
Drop 4 0 1
Destroy 8 6 0
Destroy 4 6 1
Tile:9 5 3 0
Drop 4 0 1
Tile:15 3 2 0
Drop 0 0 1
Drop 3 0 0
Map 12 5 1
Tile:9_flip 6 3 0
Drop 4 0 1
Tile:4 3 1 0
Malus 0 0 1
Drop 3 0 0
Drop 4 0 1
Drop 0 0 0
Drop 3 0 1
Map 12 3 0
Drop 2 0 1
Bonus 0 0 0
Drop 0 0 1
Tile:6 3 7 0
Bonus 0 0 1
Tile:6 2 7 0
Drop 0 0 1
GAMEOVER DRAW
# Game ended: Tue Apr 14 18:51:15 EDT 2020
