# Server version 0.08 running on 192.168.2.29:8123
# Game ID: 313
# Board class: Saboteur.SaboteurBoard
# Timeout: 20000
# First Move Timeout: 30000
# Date: Wed Apr 15 23:40:41 EDT 2020
# Player 1: Player-0, 'RandomPlayer', running on localhost
# Player 2: Player-1, '260803297', running on localhost
START Player-0 RandomPlayer
START Player-1 260803297
BoardInit:Tile:10,Tile:13,Tile:0,Tile:11,Tile:6,Destroy,Tile:14,Tile:5,Tile:6,Tile:10,Bonus,Tile:9,Tile:7,Tile:6,Tile:2,Tile:5,Malus,Tile:9,Tile:12,Map,Tile:1,Tile:9,Tile:5,Tile:8,Destroy,Tile:5,Tile:7,Tile:3,Tile:8,Tile:10,Malus,Tile:7,Tile:7,Tile:0,Map,Destroy,Tile:15,Tile:4,Tile:0,Tile:9,Map-Tile:8,Map,Tile:8,Tile:9,Tile:8,Tile:6,Bonus-Tile:0,Bonus,Bonus,Map,Tile:6,Tile:7,Map-Tile:nugget,Tile:hidden1,Tile:hidden2
Map 12 3 1
Drop 2 0 0
Tile:6 6 5 1
Tile:6_flip 6 4 0
Tile:9_flip 7 5 1
Tile:11_flip 7 4 0
Tile:8 7 6 1
Drop 2 0 0
Tile:8 8 6 1
Tile:13 8 7 0
Drop 3 0 1
Tile:5 6 6 0
Tile:6_flip 5 4 1
Tile:9 4 4 0
Tile:6 9 6 1
Tile:6 8 8 0
Tile:2 9 8 1
Tile:0 9 7 0
Tile:7 10 8 1
Tile:9 7 7 0
Tile:8 4 3 1
Tile:5_flip 10 6 0
Malus 0 0 1
Destroy 8 8 0
Tile:12 10 7 1
Drop 2 0 0
Tile:14 5 3 1
Map 12 5 0
Destroy 10 6 1
Drop 6 0 0
Tile:7_flip 8 8 1
Drop 1 0 0
Tile:5_flip 5 6 1
Drop 4 0 0
Tile:7_flip 10 9 1
Drop 0 0 0
Tile:8 11 9 1
Destroy 10 8 0
Tile:15 6 7 1
Drop 6 0 0
Tile:10 9 9 1
Drop 2 0 0
Tile:1 10 6 1
Drop 1 0 0
Map 12 7 1
Drop 3 0 0
Malus 0 0 1
Drop 0 0 0
Tile:0 12 9 1
Drop 2 0 0
Map 12 7 1
Drop 0 0 0
Drop 0 0 1
Drop 0 0 0
Drop 0 0 1
GAMEOVER DRAW
# Game ended: Wed Apr 15 23:40:42 EDT 2020
