# Server version 0.08 running on 192.168.2.29:8123
# Game ID: 143
# Board class: Saboteur.SaboteurBoard
# Timeout: 20000
# First Move Timeout: 30000
# Date: Wed Apr 15 00:58:08 EDT 2020
# Player 1: Player-0, 'RandomPlayer', running on localhost
# Player 2: Player-1, 'RandomPlayer', running on localhost
START Player-0 RandomPlayer
START Player-1 RandomPlayer
BoardInit:Map,Tile:8,Tile:9,Tile:6,Map,Tile:6,Tile:0,Tile:2,Tile:6,Tile:8,Tile:13,Tile:0,Tile:8,Bonus,Tile:3,Destroy,Tile:7,Tile:12,Tile:0,Tile:7,Bonus,Tile:11,Bonus,Tile:9,Tile:7,Tile:6,Tile:6,Tile:5,Tile:5,Tile:4,Tile:9,Malus,Map,Tile:7,Map,Map,Tile:7,Tile:5,Map,Tile:5,Malus-Destroy,Tile:15,Tile:1,Tile:9,Tile:10,Tile:14,Tile:9-Tile:10,Tile:0,Bonus,Tile:8,Tile:8,Tile:10,Destroy-Tile:nugget,Tile:hidden1,Tile:hidden2
Tile:15 5 6 1
Tile:8 5 4 0
Tile:9_flip 5 3 1
Tile:8 6 4 0
Tile:10 6 3 1
Tile:6_flip 6 2 0
Destroy 6 4 1
Tile:8 4 5 0
Tile:9_flip 4 6 1
Destroy 4 6 0
Drop 4 0 1
Tile:8 6 4 0
Tile:6_flip 3 5 1
Tile:2 4 4 0
Tile:13 7 2 1
Tile:0 2 5 0
Tile:3_flip 4 3 1
Destroy 4 4 0
Tile:9_flip 5 7 1
Tile:6_flip 4 4 0
Tile:0 3 4 1
Tile:12_flip 4 7 0
Tile:14_flip 1 5 1
Tile:11 5 2 0
Drop 4 0 1
Tile:10 7 3 0
Tile:8 7 4 1
Tile:10 7 5 0
Tile:6 8 4 1
Tile:9_flip 6 5 0
Tile:5_flip 3 6 1
Tile:7_flip 6 6 0
Tile:7_flip 5 8 1
Tile:5 5 1 0
Tile:1 9 4 1
Tile:7 4 2 0
Tile:7 8 2 1
Tile:6 7 6 0
Tile:9 8 3 1
Tile:5 2 6 0
Tile:7_flip 2 4 1
Tile:0 6 1 0
Drop 4 0 1
Tile:5_flip 10 4 0
Drop 1 0 1
Tile:4_flip 1 6 0
Map 12 5 1
Map 12 3 0
Map 12 3 1
Malus 0 0 0
Map 12 7 1
Drop 0 0 0
Drop 0 0 1
Drop 0 0 0
Malus 0 0 1
GAMEOVER DRAW
# Game ended: Wed Apr 15 00:58:09 EDT 2020
