# Server version 0.08 running on 192.168.2.29:8123
# Game ID: 197
# Board class: Saboteur.SaboteurBoard
# Timeout: 20000
# First Move Timeout: 30000
# Date: Wed Apr 15 01:01:52 EDT 2020
# Player 1: Player-0, 'RandomPlayer', running on localhost
# Player 2: Player-1, 'RandomPlayer', running on localhost
START Player-0 RandomPlayer
START Player-1 RandomPlayer
BoardInit:Tile:5,Tile:5,Tile:15,Destroy,Tile:8,Tile:9,Tile:8,Tile:5,Tile:3,Map,Tile:2,Tile:9,Map,Bonus,Tile:12,Destroy,Tile:6,Tile:7,Tile:7,Tile:8,Malus,Tile:7,Tile:0,Tile:6,Tile:14,Map,Tile:9,Tile:1,Tile:10,Bonus,Tile:4,Tile:5,Tile:10,Tile:9,Tile:11,Tile:13,Tile:0,Map,Tile:9,Tile:10,Tile:7-Map,Tile:0,Tile:6,Bonus,Tile:7,Tile:6,Map-Malus,Tile:0,Bonus,Tile:8,Tile:8,Destroy,Tile:6-Tile:hidden2,Tile:hidden1,Tile:nugget
Tile:6_flip 4 5 1
Drop 3 0 0
Tile:6 4 6 1
Tile:6_flip 3 6 0
Drop 4 0 1
Tile:8 3 7 0
Tile:5 2 6 1
Tile:9_flip 6 5 0
Tile:8 6 4 1
Tile:5_flip 7 4 0
Tile:8 5 6 1
Drop 0 0 0
Tile:2_flip 2 7 1
Tile:5_flip 6 6 0
Map 12 7 1
Destroy 2 6 0
Tile:3_flip 5 7 1
Destroy 4 5 0
Tile:15 7 3 1
Tile:7 7 2 0
Tile:6 1 7 1
Tile:9_flip 3 8 0
Tile:12 6 7 1
Tile:8 1 6 0
Tile:7 4 7 1
Destroy 6 7 0
Tile:0 6 2 1
Tile:6 0 6 0
Drop 2 0 1
Tile:0 0 7 0
Drop 3 0 1
Drop 0 0 0
Tile:9 4 5 1
Map 12 7 0
Drop 0 0 1
Tile:5 4 4 0
Tile:10 3 9 1
Tile:7 6 7 0
Tile:11 5 2 1
Tile:13 2 6 0
Tile:14_flip 0 5 1
Tile:9_flip 3 10 0
Tile:4 6 3 1
Map 12 7 0
Tile:0 2 8 1
Map 12 3 0
Tile:7 1 5 1
Tile:10 2 5 0
Map 12 3 1
Tile:1 2 10 0
Tile:9 3 11 1
Drop 0 0 0
Tile:10 4 8 1
Drop 0 0 0
Malus 0 0 1
GAMEOVER DRAW
# Game ended: Wed Apr 15 01:01:53 EDT 2020
