# Server version 0.08 running on 192.168.2.29:8123
# Game ID: 215
# Board class: Saboteur.SaboteurBoard
# Timeout: 20000
# First Move Timeout: 30000
# Date: Wed Apr 15 01:02:19 EDT 2020
# Player 1: Player-0, 'RandomPlayer', running on localhost
# Player 2: Player-1, 'RandomPlayer', running on localhost
START Player-0 RandomPlayer
START Player-1 RandomPlayer
BoardInit:Destroy,Destroy,Tile:6,Tile:7,Tile:0,Tile:9,Tile:12,Bonus,Tile:7,Tile:5,Tile:6,Tile:4,Map,Tile:9,Tile:7,Tile:11,Map,Tile:9,Malus,Tile:0,Tile:6,Tile:7,Tile:6,Tile:9,Map,Tile:6,Tile:8,Tile:3,Tile:8,Bonus,Tile:2,Tile:8,Bonus,Tile:5,Malus,Tile:13,Tile:14,Map,Tile:0,Tile:7,Map-Tile:8,Tile:0,Tile:10,Tile:5,Destroy,Tile:5,Map-Tile:10,Tile:15,Bonus,Tile:1,Tile:10,Tile:8,Tile:9-Tile:nugget,Tile:hidden2,Tile:hidden1
Tile:8 6 5 1
Tile:1 7 5 0
Tile:5_flip 6 6 1
Tile:10 5 4 0
Tile:6_flip 5 3 1
Tile:9 6 4 0
Tile:0 8 5 1
Tile:9_flip 6 3 0
Destroy 5 4 1
Tile:8 6 2 0
Tile:0 4 5 1
Tile:7_flip 5 2 0
Destroy 6 5 1
Tile:10 5 1 0
Tile:12_flip 3 5 1
Destroy 5 1 0
Tile:6 5 6 1
Tile:15 5 1 0
Tile:5 4 6 1
Tile:9 5 0 0
Tile:7_flip 4 3 1
Tile:11_flip 5 4 0
Map 12 7 1
Tile:4 6 1 0
Drop 4 0 1
Drop 4 0 0
Tile:6 7 4 1
Tile:5 7 3 0
Tile:6 8 3 1
Tile:6 4 7 0
Tile:8 6 5 1
Tile:9_flip 4 2 0
Tile:2 9 5 1
Drop 1 0 0
Tile:8 3 7 1
Tile:3_flip 3 8 0
Map 12 5 1
Tile:9_flip 9 6 0
Tile:14_flip 8 6 1
Tile:7 8 2 0
Map 12 3 1
Tile:7 3 6 0
Tile:7 9 3 1
Tile:5_flip 8 7 0
Tile:10 9 7 1
Drop 3 0 0
Tile:0 4 8 1
Tile:8 9 8 0
Map 12 3 1
Map 12 7 0
Drop 1 0 1
Drop 0 0 0
Map 12 3 1
Drop 0 0 0
Drop 0 0 1
GAMEOVER DRAW
# Game ended: Wed Apr 15 01:02:19 EDT 2020
