# Server version 0.08 running on 192.168.2.29:8123
# Game ID: 276
# Board class: Saboteur.SaboteurBoard
# Timeout: 20000
# First Move Timeout: 30000
# Date: Wed Apr 15 23:28:16 EDT 2020
# Player 1: Player-0, '260803297', running on localhost
# Player 2: Player-1, 'RandomPlayer', running on localhost
START Player-0 260803297
START Player-1 RandomPlayer
BoardInit:Bonus,Tile:6,Tile:9,Malus,Destroy,Bonus,Tile:14,Malus,Map,Tile:7,Tile:9,Tile:7,Tile:9,Tile:6,Tile:5,Bonus,Tile:0,Tile:2,Tile:10,Tile:6,Tile:7,Tile:0,Map,Tile:5,Map,Tile:9,Tile:10,Map,Tile:7,Destroy,Tile:0,Tile:8,Tile:8,Tile:5,Tile:0,Tile:5,Tile:1,Tile:6,Tile:15,Tile:12,Tile:8-Map,Map,Tile:8,Tile:11,Tile:6,Tile:4,Tile:10-Tile:13,Destroy,Tile:8,Bonus,Tile:3,Tile:9,Tile:7-Tile:hidden2,Tile:nugget,Tile:hidden1
Tile:6_flip 5 4 1
Tile:7 6 4 0
Tile:8 6 5 1
Tile:8 4 5 0
Tile:10 5 6 1
Malus 0 0 0
Drop 4 0 1
Tile:9 6 6 0
Map 12 3 1
Tile:6_flip 4 4 0
Destroy 4 5 1
Tile:13 3 4 0
Drop 5 0 1
Tile:7 7 5 0
Map 12 7 1
Drop 4 0 0
Drop 5 0 1
Drop 2 0 0
Drop 3 0 1
Tile:2 2 4 0
Drop 2 0 1
Destroy 2 4 0
Drop 0 0 1
Tile:7_flip 2 4 0
Drop 4 0 1
Tile:6_flip 2 3 0
Drop 0 0 1
Tile:9_flip 7 6 0
Drop 5 0 1
Map 12 3 0
Map 12 3 1
Destroy 6 4 0
Drop 6 0 1
Drop 2 0 0
Drop 3 0 1
Drop 3 0 0
Drop 3 0 1
Tile:5_flip 5 7 0
Drop 6 0 1
Tile:5_flip 3 5 0
Drop 2 0 1
Tile:6_flip 2 5 0
Drop 0 0 1
Tile:8 4 7 0
Drop 4 0 1
Tile:6_flip 3 3 0
Drop 2 0 1
Tile:12_flip 1 3 0
Drop 0 0 1
Drop 1 0 0
Drop 0 0 1
Tile:5_flip 4 3 0
Drop 1 0 1
Drop 0 0 0
Drop 0 0 1
GAMEOVER DRAW
# Game ended: Wed Apr 15 23:28:17 EDT 2020
