# Server version 0.08 running on 192.168.2.29:8123
# Game ID: 290
# Board class: Saboteur.SaboteurBoard
# Timeout: 20000
# First Move Timeout: 30000
# Date: Wed Apr 15 23:35:36 EDT 2020
# Player 1: Player-0, '260803297', running on localhost
# Player 2: Player-1, 'RandomPlayer', running on localhost
START Player-0 260803297
START Player-1 RandomPlayer
BoardInit:Tile:3,Tile:4,Tile:8,Map,Tile:7,Map,Map,Tile:0,Tile:9,Tile:10,Tile:10,Tile:8,Malus,Bonus,Tile:9,Tile:8,Destroy,Tile:9,Tile:6,Tile:7,Tile:14,Map,Tile:0,Tile:7,Tile:0,Tile:5,Tile:1,Map,Tile:7,Tile:8,Tile:12,Tile:0,Tile:11,Tile:6,Tile:5,Tile:5,Tile:15,Malus,Destroy,Tile:6,Tile:7-Tile:6,Destroy,Tile:9,Bonus,Bonus,Tile:2,Tile:13-Map,Tile:10,Tile:9,Tile:8,Bonus,Tile:5,Tile:6-Tile:hidden1,Tile:hidden2,Tile:nugget
Tile:6 6 5 1
Map 12 3 0
Tile:2 5 4 1
Tile:8 5 6 0
Drop 1 0 1
Map 12 3 0
Tile:8 6 4 1
Map 12 3 0
Tile:7 6 6 1
Tile:6_flip 4 5 0
Map 12 3 1
Tile:5 6 3 0
Tile:3_flip 4 4 1
Tile:9_flip 6 7 0
Tile:13 4 6 1
Tile:8 4 3 0
Tile:9 3 3 1
Drop 0 0 0
Destroy 3 3 1
Tile:8 6 8 0
Tile:6 7 8 1
Tile:4 4 2 0
Tile:9 7 7 1
Map 12 3 0
Tile:0 7 5 1
Tile:7_flip 4 7 0
Tile:14 8 7 1
Tile:5 5 8 0
Destroy 4 5 1
Map 12 3 0
Tile:7 8 8 1
Drop 4 0 0
Tile:1 7 4 1
Tile:10 6 9 0
Tile:12 7 3 1
Tile:8 8 5 0
Tile:5 4 5 1
Tile:7_flip 3 3 0
Tile:15 3 2 1
Malus 0 0 0
Destroy 6 4 1
Tile:6 8 9 0
Drop 4 0 1
Tile:0 3 6 0
Drop 1 0 1
Tile:6 5 7 0
Drop 4 0 1
Tile:0 9 5 0
Drop 0 0 1
Drop 2 0 0
Drop 0 0 1
Drop 0 0 0
Malus 0 0 1
Bonus 0 0 0
Drop 0 0 1
GAMEOVER DRAW
# Game ended: Wed Apr 15 23:35:36 EDT 2020
