# Server version 0.08 running on 192.168.2.29:8123
# Game ID: 166
# Board class: Saboteur.SaboteurBoard
# Timeout: 20000
# First Move Timeout: 30000
# Date: Wed Apr 15 00:58:44 EDT 2020
# Player 1: Player-0, 'RandomPlayer', running on localhost
# Player 2: Player-1, 'RandomPlayer', running on localhost
START Player-0 RandomPlayer
START Player-1 RandomPlayer
BoardInit:Bonus,Tile:0,Tile:8,Tile:0,Tile:13,Map,Map,Tile:0,Tile:11,Destroy,Tile:5,Tile:8,Tile:6,Tile:7,Bonus,Tile:3,Tile:6,Malus,Tile:1,Tile:0,Tile:10,Tile:10,Tile:8,Tile:6,Map,Map,Tile:5,Tile:12,Tile:9,Tile:7,Tile:7,Tile:9,Malus,Bonus,Bonus,Tile:6,Destroy,Tile:6,Map,Tile:7,Tile:8-Tile:9,Tile:5,Tile:9,Map,Tile:2,Tile:9,Tile:4-Tile:14,Tile:10,Tile:8,Tile:7,Tile:15,Tile:5,Destroy-Tile:hidden2,Tile:hidden1,Tile:nugget
Tile:2 6 5 1
Tile:5 4 5 0
Tile:9_flip 4 6 1
Tile:7_flip 6 6 0
Tile:9_flip 7 5 1
Tile:8 7 6 0
Tile:9_flip 7 4 1
Tile:15 5 6 0
Tile:8 7 7 1
Tile:0 8 7 0
Tile:13 7 8 1
Drop 5 0 0
Tile:11_flip 5 7 1
Destroy 4 6 0
Tile:6_flip 5 4 1
Drop 3 0 0
Tile:5 6 7 1
Tile:3_flip 4 4 0
Map 12 3 1
Tile:8 9 7 0
Tile:1 6 4 1
Tile:10 9 6 0
Tile:6_flip 7 3 1
Tile:14_flip 4 3 0
Tile:4_flip 4 6 1
Tile:0 8 8 0
Tile:10 9 5 1
Tile:6_flip 4 7 0
Tile:5_flip 7 9 1
Tile:0 6 3 0
Map 12 3 1
Destroy 8 8 0
Tile:5_flip 8 6 1
Tile:9_flip 9 4 0
Tile:9_flip 5 8 1
Map 12 5 0
Tile:8 6 9 1
Tile:10 8 5 0
Destroy 7 3 1
Tile:7_flip 4 8 0
Drop 1 0 1
Tile:6 9 8 0
Drop 0 0 1
Tile:6_flip 8 8 0
Drop 4 0 1
Drop 1 0 0
Tile:8 5 9 1
Tile:7_flip 5 10 0
Map 12 3 1
Tile:7_flip 8 9 0
Tile:7 10 8 1
Malus 0 0 0
Drop 0 0 1
Drop 0 0 0
Bonus 0 0 1
GAMEOVER DRAW
# Game ended: Wed Apr 15 00:58:44 EDT 2020
