# Server version 0.08 running on 192.168.2.29:8123
# Game ID: 169
# Board class: Saboteur.SaboteurBoard
# Timeout: 20000
# First Move Timeout: 30000
# Date: Wed Apr 15 00:58:48 EDT 2020
# Player 1: Player-0, 'RandomPlayer', running on localhost
# Player 2: Player-1, 'RandomPlayer', running on localhost
START Player-0 RandomPlayer
START Player-1 RandomPlayer
BoardInit:Tile:6,Bonus,Tile:13,Malus,Tile:10,Tile:9,Malus,Destroy,Destroy,Tile:3,Tile:8,Tile:2,Tile:5,Tile:14,Tile:7,Map,Tile:1,Tile:6,Tile:7,Map,Tile:6,Tile:7,Destroy,Tile:5,Map,Tile:8,Tile:0,Tile:7,Tile:6,Tile:9,Tile:8,Tile:9,Tile:11,Map,Tile:5,Map,Map,Bonus,Tile:8,Tile:7,Bonus-Tile:5,Tile:0,Tile:0,Tile:10,Bonus,Tile:12,Tile:15-Tile:6,Tile:9,Tile:4,Tile:8,Tile:0,Tile:10,Tile:9-Tile:hidden2,Tile:nugget,Tile:hidden1
Tile:12 6 5 1
Tile:6 4 5 0
Drop 1 0 1
Tile:8 4 4 0
Drop 4 0 1
Tile:9_flip 5 4 0
Tile:13 3 4 1
Tile:10 5 3 0
Tile:6 2 4 1
Destroy 3 4 0
Drop 1 0 1
Tile:9_flip 5 2 0
Tile:10 2 3 1
Tile:3_flip 3 5 0
Tile:5_flip 5 6 1
Tile:9_flip 2 2 0
Tile:8 1 2 1
Tile:4_flip 1 3 0
Drop 5 0 1
Tile:6_flip 1 4 0
Destroy 5 4 1
Tile:0 4 2 0
Tile:6 0 4 1
Tile:7 4 3 0
Destroy 4 4 1
Drop 2 0 0
Tile:5 3 2 1
Tile:5 4 6 0
Tile:10 0 3 1
Drop 6 0 0
Malus 0 0 1
Bonus 0 0 0
Tile:6_flip 3 4 1
Malus 0 0 0
Drop 4 0 1
Drop 0 0 0
Map 12 7 1
Tile:8 0 2 0
Map 12 5 1
Tile:9_flip 0 1 0
Drop 4 0 1
Tile:9 1 1 0
Bonus 0 0 1
Map 12 3 0
Tile:8 4 4 1
Tile:7_flip 3 3 0
Tile:8 1 0 1
Map 12 5 0
Drop 1 0 1
Drop 2 0 0
Tile:5 0 0 1
Map 12 3 0
Tile:1 2 0 1
Map 12 7 0
Drop 0 0 1
GAMEOVER DRAW
# Game ended: Wed Apr 15 00:58:48 EDT 2020
