# Server version 0.08 running on 192.168.2.29:8123
# Game ID: 132
# Board class: Saboteur.SaboteurBoard
# Timeout: 20000
# First Move Timeout: 30000
# Date: Tue Apr 14 22:23:28 EDT 2020
# Player 1: Player-0, 'RandomPlayer', running on localhost
# Player 2: Player-1, 'RandomPlayer', running on localhost
START Player-0 RandomPlayer
START Player-1 RandomPlayer
BoardInit:Tile:6,Tile:9,Tile:10,Tile:5,Tile:1,Tile:12,Tile:0,Tile:3,Tile:7,Tile:11,Destroy,Tile:9,Bonus,Destroy,Tile:9,Tile:5,Tile:5,Tile:8,Bonus,Tile:9,Tile:8,Tile:6,Tile:6,Tile:15,Tile:2,Tile:9,Destroy,Map,Map,Map,Tile:4,Map,Tile:7,Tile:0,Tile:7,Tile:8,Tile:5,Tile:6,Tile:0,Tile:8,Bonus-Malus,Tile:10,Tile:7,Tile:10,Map,Tile:6,Tile:7-Tile:14,Tile:8,Tile:13,Tile:0,Malus,Map,Bonus-Tile:hidden2,Tile:nugget,Tile:hidden1
Tile:10 5 4 1
Drop 2 0 0
Map 12 7 1
Tile:9_flip 5 6 0
Tile:6_flip 4 6 1
Tile:8 4 7 0
Tile:6_flip 3 6 1
Tile:14 5 7 0
Tile:7 5 3 1
Tile:0 4 3 0
Tile:7_flip 3 3 1
Tile:5 3 2 0
Tile:0 4 2 1
Tile:12 5 2 0
Tile:7_flip 4 5 1
Destroy 3 2 0
Destroy 4 3 1
Malus 0 0 0
Drop 2 0 1
Tile:11 3 2 0
Bonus 0 0 1
Tile:8 6 5 0
Tile:8 3 1 1
Tile:3_flip 2 1 0
Tile:10 3 0 1
Tile:15 4 8 0
Tile:9_flip 2 0 1
Tile:6_flip 1 0 0
Tile:1 2 6 1
Tile:9_flip 4 4 0
Destroy 3 3 1
Tile:9 6 6 0
Drop 4 0 1
Tile:9 6 4 0
Tile:6 3 4 1
Tile:5 2 4 0
Drop 3 0 1
Map 12 7 0
Tile:4_flip 1 1 1
Tile:6_flip 4 3 0
Tile:0 4 1 1
Tile:8 7 4 0
Tile:7_flip 6 7 1
Map 12 5 0
Tile:5_flip 5 1 1
Drop 1 0 0
Tile:7_flip 0 0 1
Tile:8 1 6 0
Tile:5_flip 2 5 1
Drop 1 0 0
Drop 0 0 1
Tile:0 0 6 0
Drop 1 0 1
Drop 0 0 0
Drop 0 0 1
GAMEOVER DRAW
# Game ended: Tue Apr 14 22:23:28 EDT 2020
