# Server version 0.08 running on 192.168.2.29:8123
# Game ID: 303
# Board class: Saboteur.SaboteurBoard
# Timeout: 20000
# First Move Timeout: 30000
# Date: Wed Apr 15 23:36:14 EDT 2020
# Player 1: Player-0, 'RandomPlayer', running on localhost
# Player 2: Player-1, '260803297', running on localhost
START Player-0 RandomPlayer
START Player-1 260803297
BoardInit:Tile:12,Tile:13,Bonus,Tile:7,Tile:6,Map,Map,Bonus,Tile:3,Tile:5,Tile:8,Tile:8,Tile:9,Tile:9,Tile:0,Tile:11,Destroy,Tile:0,Map,Tile:6,Map,Tile:10,Tile:0,Tile:6,Tile:15,Tile:5,Tile:7,Tile:10,Tile:14,Tile:9,Tile:9,Tile:0,Tile:7,Tile:6,Bonus,Tile:5,Bonus,Tile:8,Tile:7,Tile:8,Destroy-Map,Tile:4,Tile:1,Tile:7,Tile:6,Malus,Tile:9-Tile:2,Malus,Destroy,Tile:8,Tile:5,Tile:10,Map-Tile:hidden2,Tile:nugget,Tile:hidden1
Map 12 3 1
Tile:8 5 4 0
Malus 0 0 1
Drop 1 0 0
Tile:1 6 5 1
Drop 6 0 0
Tile:7_flip 4 4 1
Drop 0 0 0
Map 12 5 1
Drop 1 0 0
Tile:3 7 5 1
Map 12 7 0
Tile:6 5 6 1
Destroy 4 4 0
Tile:6 7 6 1
Map 12 7 0
Tile:0 6 4 1
Drop 1 0 0
Tile:12 8 6 1
Drop 3 0 0
Drop 1 0 1
Drop 2 0 0
Tile:8 4 4 1
Drop 3 0 0
Map 12 7 1
Drop 5 0 0
Destroy 6 5 1
Drop 0 0 0
Map 12 3 1
Drop 6 0 0
Drop 4 0 1
Drop 1 0 0
Tile:4 4 3 1
Drop 4 0 0
Tile:14 7 4 1
Drop 0 0 0
Tile:9 5 3 1
Drop 3 0 0
Tile:0 6 6 1
Drop 6 0 0
Drop 4 0 1
Drop 2 0 0
Tile:7_flip 4 6 1
Drop 1 0 0
Tile:9 4 5 1
Drop 3 0 0
Tile:7 5 2 1
Drop 0 0 0
Tile:7_flip 4 2 1
Drop 2 0 0
Destroy 5 2 1
Drop 0 0 0
Drop 0 0 1
Drop 0 0 0
Drop 0 0 1
GAMEOVER DRAW
# Game ended: Wed Apr 15 23:36:15 EDT 2020
