# Server version 0.08 running on 192.168.2.29:8123
# Game ID: 293
# Board class: Saboteur.SaboteurBoard
# Timeout: 20000
# First Move Timeout: 30000
# Date: Wed Apr 15 23:35:45 EDT 2020
# Player 1: Player-0, 'RandomPlayer', running on localhost
# Player 2: Player-1, '260803297', running on localhost
START Player-0 RandomPlayer
START Player-1 260803297
BoardInit:Tile:10,Tile:9,Bonus,Tile:13,Map,Tile:9,Tile:0,Tile:9,Tile:8,Tile:4,Tile:6,Destroy,Tile:5,Tile:6,Destroy,Tile:0,Tile:3,Tile:5,Tile:6,Map,Destroy,Map,Tile:1,Tile:6,Malus,Map,Tile:8,Tile:7,Tile:2,Tile:8,Tile:6,Tile:10,Tile:0,Tile:5,Bonus,Map,Tile:5,Tile:8,Tile:7,Tile:9,Tile:15-Tile:0,Tile:9,Tile:7,Bonus,Tile:8,Map,Bonus-Tile:7,Malus,Tile:10,Tile:7,Tile:12,Tile:14,Tile:11-Tile:nugget,Tile:hidden1,Tile:hidden2
Map 12 3 1
Tile:7_flip 4 5 0
Tile:9 5 4 1
Tile:7_flip 5 6 0
Tile:7 5 3 1
Tile:9_flip 6 4 0
Drop 2 0 1
Tile:13 4 3 0
Tile:0 6 6 1
Tile:14 6 5 0
Map 12 7 1
Tile:4 6 3 0
Drop 4 0 1
Tile:9 4 2 0
Tile:6_flip 4 1 1
Tile:12_flip 3 1 0
Destroy 6 6 1
Tile:0 5 2 0
Drop 1 0 1
Destroy 4 2 0
Tile:6 3 3 1
Drop 4 0 0
Tile:10 4 4 1
Tile:9 2 3 0
Tile:1 5 1 1
Tile:11 4 2 0
Drop 4 0 1
Tile:5_flip 2 4 0
Destroy 4 5 1
Drop 5 0 0
Tile:5 2 2 1
Tile:6 6 2 0
Tile:8 1 4 1
Tile:7 6 6 0
Tile:6 0 4 1
Tile:10 6 7 0
Tile:2 6 1 1
Tile:10 1 3 0
Tile:8 7 2 1
Tile:8 4 5 0
Tile:5_flip 1 5 1
Tile:9 7 3 0
Drop 2 0 1
Tile:5 0 5 0
Tile:0 8 2 1
Drop 3 0 0
Drop 3 0 1
Map 12 5 0
Tile:15 4 6 1
Map 12 5 0
Drop 1 0 1
Tile:8 3 5 0
Drop 0 0 1
Drop 0 0 0
Drop 0 0 1
GAMEOVER DRAW
# Game ended: Wed Apr 15 23:35:46 EDT 2020
