# Server version 0.08 running on 192.168.2.29:8123
# Game ID: 178
# Board class: Saboteur.SaboteurBoard
# Timeout: 20000
# First Move Timeout: 30000
# Date: Wed Apr 15 00:59:03 EDT 2020
# Player 1: Player-0, 'RandomPlayer', running on localhost
# Player 2: Player-1, 'RandomPlayer', running on localhost
START Player-0 RandomPlayer
START Player-1 RandomPlayer
BoardInit:Destroy,Tile:0,Tile:10,Tile:0,Tile:0,Map,Tile:8,Tile:9,Tile:5,Map,Tile:14,Tile:7,Tile:9,Tile:0,Tile:6,Tile:5,Tile:13,Tile:9,Bonus,Tile:10,Tile:11,Tile:4,Bonus,Tile:5,Tile:6,Map,Map,Tile:10,Tile:12,Bonus,Tile:5,Destroy,Malus,Destroy,Tile:9,Tile:9,Tile:7,Tile:8,Tile:7,Tile:2,Tile:6-Tile:1,Tile:8,Tile:7,Tile:6,Tile:8,Map,Bonus-Tile:6,Tile:15,Tile:3,Tile:8,Tile:7,Malus,Map-Tile:hidden1,Tile:hidden2,Tile:nugget
Tile:6 5 6 1
Tile:8 6 5 0
Tile:8 4 6 1
Tile:6_flip 7 5 0
Tile:8 5 4 1
Tile:7 5 3 0
Drop 2 0 1
Tile:0 3 6 0
Tile:8 7 6 1
Tile:0 8 6 0
Tile:10 7 7 1
Tile:3_flip 7 8 0
Destroy 5 3 1
Tile:9 4 7 0
Tile:9 4 5 1
Map 12 5 0
Tile:6_flip 5 7 1
Map 12 3 0
Tile:14 4 8 1
Tile:9 3 8 0
Tile:5 2 6 1
Tile:15 5 8 0
Tile:7 6 4 1
Tile:5_flip 8 8 0
Drop 0 0 1
Tile:5_flip 8 5 0
Tile:0 9 6 1
Tile:4 8 7 0
Tile:13 6 6 1
Tile:7 3 7 0
Tile:11 4 4 1
Malus 0 0 0
Bonus 0 0 1
Destroy 3 8 0
Tile:6_flip 4 3 1
Map 12 5 0
Tile:5_flip 6 7 1
Destroy 6 5 0
Tile:9 2 7 1
Tile:10 8 4 0
Tile:7 10 6 1
Drop 4 0 0
Tile:7_flip 3 8 1
Tile:2_flip 10 7 0
Map 12 3 1
Tile:0 3 3 0
Tile:6_flip 8 3 1
Tile:8 9 3 0
Tile:12 11 7 1
Tile:10 9 4 0
Drop 0 0 1
Map 12 7 0
Malus 0 0 1
Drop 0 0 0
Drop 0 0 1
GAMEOVER DRAW
# Game ended: Wed Apr 15 00:59:04 EDT 2020
