# Server version 0.08 running on 192.168.2.29:8123
# Game ID: 167
# Board class: Saboteur.SaboteurBoard
# Timeout: 20000
# First Move Timeout: 30000
# Date: Wed Apr 15 00:58:45 EDT 2020
# Player 1: Player-0, 'RandomPlayer', running on localhost
# Player 2: Player-1, 'RandomPlayer', running on localhost
START Player-0 RandomPlayer
START Player-1 RandomPlayer
BoardInit:Tile:9,Tile:6,Map,Tile:8,Tile:9,Tile:8,Malus,Tile:9,Tile:0,Tile:9,Map,Tile:0,Tile:5,Tile:13,Tile:9,Tile:1,Tile:7,Tile:5,Destroy,Map,Malus,Tile:7,Tile:0,Map,Tile:8,Tile:7,Tile:6,Tile:0,Tile:5,Bonus,Tile:2,Map,Tile:15,Tile:8,Tile:7,Tile:7,Tile:8,Tile:10,Tile:3,Tile:11,Tile:4-Bonus,Tile:6,Tile:5,Tile:10,Destroy,Tile:6,Tile:12-Bonus,Tile:10,Bonus,Tile:6,Tile:14,Destroy,Map-Tile:nugget,Tile:hidden1,Tile:hidden2
Tile:5 4 5 1
Tile:14_flip 5 4 0
Tile:12 6 5 1
Tile:6 5 6 0
Tile:6 6 4 1
Destroy 5 4 0
Drop 4 0 1
Tile:8 5 4 0
Tile:10 6 3 1
Tile:10 5 3 0
Tile:9_flip 5 2 1
Tile:8 7 4 0
Drop 4 0 1
Tile:9 4 2 0
Destroy 6 5 1
Tile:6 7 5 0
Tile:6 4 4 1
Drop 5 0 0
Tile:9_flip 4 3 1
Drop 1 0 0
Tile:5 6 2 1
Tile:1 8 4 0
Destroy 4 3 1
Tile:9_flip 4 3 0
Map 12 7 1
Drop 2 0 0
Tile:7_flip 4 6 1
Map 12 3 0
Tile:6 3 4 1
Tile:5_flip 6 6 0
Tile:0 8 5 1
Drop 0 0 0
Tile:5 5 1 1
Map 12 7 0
Tile:0 6 1 1
Drop 4 0 0
Tile:8 2 4 1
Tile:0 7 2 0
Tile:8 9 5 1
Tile:8 8 2 0
Tile:2_flip 7 1 1
Tile:7 4 1 0
Tile:3 8 1 1
Tile:11_flip 10 5 0
Tile:7_flip 3 1 1
Drop 3 0 0
Tile:15 3 0 1
Tile:7 9 4 0
Tile:4 7 3 1
Map 12 3 0
Drop 1 0 1
Tile:10 10 4 0
Malus 0 0 1
Map 12 7 0
Drop 0 0 1
GAMEOVER DRAW
# Game ended: Wed Apr 15 00:58:45 EDT 2020
