# Server version 0.08 running on 192.168.2.29:8123
# Game ID: 62
# Board class: Saboteur.SaboteurBoard
# Timeout: 20000
# First Move Timeout: 30000
# Date: Tue Apr 14 19:31:04 EDT 2020
# Player 1: Player-0, 'RandomPlayer', running on localhost
# Player 2: Player-1, 'RandomPlayer', running on localhost
START Player-0 RandomPlayer
START Player-1 RandomPlayer
BoardInit:Tile:8,Tile:2,Tile:7,Destroy,Tile:6,Tile:8,Tile:10,Map,Tile:15,Tile:9,Tile:5,Bonus,Tile:8,Tile:1,Map,Tile:13,Tile:10,Tile:12,Map,Destroy,Map,Malus,Tile:11,Tile:4,Tile:6,Tile:9,Map,Tile:0,Bonus,Bonus,Tile:0,Tile:5,Tile:5,Tile:8,Bonus,Tile:6,Tile:7,Tile:7,Tile:14,Tile:6,Tile:8-Tile:9,Malus,Map,Tile:6,Tile:10,Tile:7,Tile:9-Tile:9,Tile:7,Destroy,Tile:5,Tile:0,Tile:3,Tile:0-Tile:hidden2,Tile:hidden1,Tile:nugget
Tile:6 5 6 1
Tile:7_flip 4 5 0
Map 12 7 1
Tile:2 6 5 0
Tile:7 4 4 1
Tile:0 4 6 0
Tile:8 7 5 1
Tile:8 6 6 0
Tile:6_flip 7 4 1
Tile:5 5 4 0
Tile:9_flip 6 7 1
Tile:0 3 6 0
Drop 6 0 1
Destroy 7 4 0
Tile:9_flip 7 6 1
Tile:9 7 4 0
Tile:8 6 8 1
Tile:9_flip 6 9 0
Tile:15 7 7 1
Tile:13 7 3 0
Tile:7_flip 6 3 1
Tile:1 8 5 0
Drop 1 0 1
Tile:12_flip 5 8 0
Tile:10 6 10 1
Drop 5 0 0
Tile:11 3 4 1
Destroy 4 6 0
Tile:10 6 11 1
Destroy 7 6 0
Tile:6 7 8 1
Tile:0 8 3 0
Tile:0 5 7 1
Tile:5_flip 9 5 0
Tile:5_flip 6 12 1
Tile:8 7 6 0
Map 12 5 1
Tile:6_flip 4 6 0
Map 12 5 1
Tile:7_flip 4 7 0
Tile:7 8 8 1
Drop 2 0 0
Tile:14 3 5 1
Tile:6_flip 9 4 0
Drop 4 0 1
Tile:9_flip 7 2 0
Tile:8 6 2 1
Tile:4 3 3 0
Malus 0 0 1
Map 12 7 0
Map 12 3 1
Bonus 0 0 0
Map 12 3 1
Tile:3 8 6 0
Drop 0 0 1
GAMEOVER DRAW
# Game ended: Tue Apr 14 19:31:04 EDT 2020
