# Server version 0.08 running on 192.168.2.29:8123
# Game ID: 275
# Board class: Saboteur.SaboteurBoard
# Timeout: 20000
# First Move Timeout: 30000
# Date: Wed Apr 15 23:28:14 EDT 2020
# Player 1: Player-0, 'RandomPlayer', running on localhost
# Player 2: Player-1, '260803297', running on localhost
START Player-0 RandomPlayer
START Player-1 260803297
BoardInit:Tile:5,Tile:7,Tile:6,Tile:15,Tile:0,Tile:0,Tile:9,Tile:0,Tile:6,Tile:7,Tile:6,Map,Malus,Map,Tile:9,Tile:5,Tile:12,Tile:10,Tile:8,Tile:8,Destroy,Map,Tile:11,Map,Tile:9,Tile:8,Tile:6,Destroy,Tile:5,Tile:7,Tile:8,Bonus,Tile:13,Map,Destroy,Tile:10,Tile:8,Tile:6,Tile:9,Tile:5,Bonus-Tile:14,Tile:3,Tile:10,Map,Bonus,Bonus,Tile:9-Tile:2,Tile:4,Tile:1,Malus,Tile:0,Tile:7,Tile:7-Tile:hidden2,Tile:nugget,Tile:hidden1
Map 12 3 1
Drop 3 0 0
Tile:3_flip 4 5 1
Tile:2 5 4 0
Tile:6 6 4 1
Tile:7 7 4 0
Tile:10 5 6 1
Tile:7_flip 7 5 0
Tile:9 4 4 1
Tile:7_flip 5 7 0
Tile:6_flip 8 5 1
Tile:7_flip 8 6 0
Tile:14_flip 6 3 1
Tile:1 6 7 0
Malus 0 0 1
Drop 2 0 0
Tile:0 9 5 1
Drop 0 0 0
Drop 3 0 1
Drop 1 0 0
Tile:12 6 5 1
Map 12 3 0
Tile:6_flip 7 7 1
Drop 1 0 0
Destroy 7 4 1
Drop 3 0 0
Tile:9_flip 4 3 1
Map 12 7 0
Tile:11 7 8 1
Destroy 7 5 0
Tile:5_flip 7 4 1
Map 12 7 0
Tile:9_flip 7 3 1
Bonus 0 0 0
Tile:6_flip 9 6 1
Tile:8 10 6 0
Tile:5 7 2 1
Tile:10 4 2 0
Tile:13 8 8 1
Tile:8 10 5 0
Tile:8 9 8 1
Tile:5_flip 8 9 0
Tile:9 9 7 1
Tile:7 8 7 0
Destroy 9 5 1
Tile:0 10 8 0
Tile:8 11 6 1
Map 12 7 0
Tile:8 7 9 1
Tile:5_flip 10 7 0
Drop 1 0 1
Drop 0 0 0
Drop 0 0 1
Tile:6_flip 10 4 0
Drop 0 0 1
GAMEOVER DRAW
# Game ended: Wed Apr 15 23:28:15 EDT 2020
