# Server version 0.08 running on 192.168.2.29:8123
# Game ID: 126
# Board class: Saboteur.SaboteurBoard
# Timeout: 20000
# First Move Timeout: 30000
# Date: Tue Apr 14 22:23:20 EDT 2020
# Player 1: Player-0, 'RandomPlayer', running on localhost
# Player 2: Player-1, 'RandomPlayer', running on localhost
START Player-0 RandomPlayer
START Player-1 RandomPlayer
BoardInit:Tile:8,Bonus,Tile:5,Tile:0,Tile:7,Bonus,Tile:0,Tile:6,Tile:10,Tile:7,Map,Tile:9,Tile:14,Tile:2,Tile:5,Tile:5,Tile:10,Tile:7,Malus,Destroy,Tile:7,Tile:0,Tile:6,Tile:15,Tile:8,Malus,Tile:8,Destroy,Tile:9,Tile:6,Tile:6,Tile:8,Tile:1,Tile:10,Map,Tile:3,Tile:6,Tile:8,Bonus,Tile:9,Destroy-Tile:5,Tile:13,Tile:12,Tile:4,Tile:0,Map,Bonus-Tile:7,Map,Map,Tile:9,Tile:11,Tile:9,Map-Tile:hidden1,Tile:nugget,Tile:hidden2
Tile:13 5 4 1
Tile:9_flip 5 6 0
Tile:0 4 6 1
Map 12 7 0
Tile:12_flip 4 5 1
Tile:9_flip 5 3 0
Drop 4 0 1
Tile:0 4 4 0
Tile:7 6 5 1
Map 12 5 0
Tile:0 6 4 1
Tile:6_flip 5 2 0
Tile:10 5 7 1
Tile:7_flip 4 2 0
Tile:4_flip 6 6 1
Tile:2 6 2 0
Tile:14_flip 3 6 1
Tile:11 3 7 0
Tile:5_flip 3 8 1
Drop 5 0 0
Map 12 7 1
Destroy 5 2 0
Tile:5 4 1 1
Tile:7_flip 2 8 0
Tile:10 2 7 1
Tile:9_flip 5 1 0
Map 12 3 1
Tile:15 2 6 0
Tile:8 5 2 1
Destroy 5 6 0
Tile:9_flip 5 6 1
Tile:7_flip 5 8 0
Tile:6_flip 7 4 1
Tile:8 8 4 0
Tile:6_flip 5 0 1
Drop 0 0 0
Tile:7_flip 7 5 1
Tile:6 8 5 0
Tile:1 9 5 1
Tile:8 8 3 0
Tile:6 7 3 1
Drop 4 0 0
Tile:5_flip 10 5 1
Tile:0 4 3 0
Destroy 5 0 1
Tile:3 4 7 0
Map 12 5 1
Tile:9_flip 8 2 0
Malus 0 0 1
Malus 0 0 0
Drop 0 0 1
Bonus 0 0 0
Bonus 0 0 1
Drop 0 0 0
Tile:8 3 4 1
GAMEOVER DRAW
# Game ended: Tue Apr 14 22:23:20 EDT 2020
