# Server version 0.08 running on 192.168.2.29:8123
# Game ID: 43
# Board class: Saboteur.SaboteurBoard
# Timeout: 20000
# First Move Timeout: 30000
# Date: Tue Apr 14 19:30:30 EDT 2020
# Player 1: Player-0, 'RandomPlayer', running on localhost
# Player 2: Player-1, 'RandomPlayer', running on localhost
START Player-0 RandomPlayer
START Player-1 RandomPlayer
BoardInit:Tile:7,Destroy,Map,Tile:13,Tile:10,Tile:8,Tile:15,Tile:8,Tile:9,Tile:14,Tile:8,Tile:6,Tile:6,Map,Bonus,Tile:7,Tile:3,Malus,Map,Tile:8,Tile:0,Tile:6,Tile:0,Tile:12,Tile:7,Bonus,Tile:0,Tile:0,Tile:5,Tile:7,Map,Tile:11,Tile:10,Destroy,Tile:1,Destroy,Tile:6,Tile:9,Tile:9,Tile:7,Tile:5-Map,Bonus,Tile:2,Tile:5,Malus,Tile:9,Tile:4-Tile:5,Map,Tile:10,Tile:9,Tile:6,Bonus,Tile:8-Tile:hidden2,Tile:nugget,Tile:hidden1
Map 12 5 1
Tile:6_flip 6 5 0
Tile:9_flip 5 6 1
Tile:9 6 6 0
Tile:4_flip 5 7 1
Tile:13 4 5 0
Tile:2_flip 4 6 1
Drop 4 0 0
Tile:5 3 6 1
Drop 2 0 0
Tile:9 4 4 1
Tile:5 4 3 0
Drop 6 0 1
Tile:6 3 7 0
Tile:6_flip 7 6 1
Tile:14 7 5 0
Drop 0 0 1
Tile:7_flip 7 7 0
Tile:10 7 4 1
Destroy 5 7 0
Tile:3_flip 3 5 1
Map 12 3 0
Tile:7 8 7 1
Tile:8 2 7 0
Drop 0 0 1
Tile:8 5 4 0
Map 12 3 1
Tile:8 8 8 0
Tile:0 4 7 1
Tile:12_flip 7 8 0
Tile:0 8 6 1
Tile:6_flip 9 6 0
Map 12 3 1
Tile:7_flip 9 7 0
Tile:5_flip 6 4 1
Destroy 2 7 0
Tile:10 7 3 1
Drop 6 0 0
Tile:6_flip 9 8 1
Tile:9_flip 9 9 0
Tile:9_flip 5 3 1
Drop 2 0 0
Tile:15 6 3 1
Tile:7_flip 9 10 0
Tile:7 5 2 1
Tile:11_flip 10 6 0
Tile:5 6 2 1
Drop 2 0 0
Drop 1 0 1
Map 12 3 0
Map 12 5 1
Drop 0 0 0
Drop 1 0 1
Tile:0 10 8 0
Drop 0 0 1
GAMEOVER DRAW
# Game ended: Tue Apr 14 19:30:31 EDT 2020
