# Server version 0.08 running on 192.168.2.29:8123
# Game ID: 170
# Board class: Saboteur.SaboteurBoard
# Timeout: 20000
# First Move Timeout: 30000
# Date: Wed Apr 15 00:58:49 EDT 2020
# Player 1: Player-0, 'RandomPlayer', running on localhost
# Player 2: Player-1, 'RandomPlayer', running on localhost
START Player-0 RandomPlayer
START Player-1 RandomPlayer
BoardInit:Map,Tile:0,Tile:9,Bonus,Destroy,Tile:8,Bonus,Tile:11,Tile:10,Tile:8,Malus,Tile:5,Tile:1,Tile:5,Tile:5,Tile:0,Bonus,Tile:9,Map,Bonus,Tile:9,Tile:8,Tile:9,Destroy,Tile:10,Tile:6,Tile:8,Tile:7,Tile:6,Tile:14,Tile:6,Tile:6,Destroy,Tile:6,Tile:8,Tile:7,Tile:15,Tile:10,Map,Tile:13,Tile:9-Tile:5,Tile:4,Map,Tile:0,Map,Tile:7,Tile:12-Map,Tile:7,Tile:7,Malus,Tile:2,Tile:3,Tile:0-Tile:hidden1,Tile:hidden2,Tile:nugget
Map 12 5 1
Tile:3_flip 5 6 0
Drop 1 0 1
Tile:7_flip 4 5 0
Drop 4 0 1
Tile:0 6 6 0
Tile:9 5 4 1
Map 12 5 0
Tile:7 6 4 1
Tile:2_flip 6 5 0
Drop 4 0 1
Drop 4 0 0
Drop 6 0 1
Malus 0 0 0
Map 12 3 1
Tile:8 5 3 0
Drop 0 0 1
Tile:5_flip 6 3 0
Drop 5 0 1
Tile:11_flip 7 6 0
Drop 4 0 1
Tile:9 5 2 0
Map 12 7 1
Tile:8 5 1 0
Drop 0 0 1
Drop 4 0 0
Map 12 7 1
Tile:5 5 0 0
Drop 2 0 1
Tile:7 6 2 0
Drop 1 0 1
Tile:0 6 0 0
Drop 4 0 1
Tile:7 7 5 0
Destroy 4 5 1
Drop 5 0 0
Drop 4 0 1
Drop 3 0 0
Drop 0 0 1
Tile:6 7 7 0
Drop 6 0 1
Destroy 6 0 0
Drop 0 0 1
Tile:14_flip 6 7 0
Drop 4 0 1
Tile:7_flip 4 5 0
Drop 2 0 1
Drop 2 0 0
Drop 0 0 1
Tile:13 6 0 0
Drop 0 0 1
Drop 0 0 0
Drop 1 0 1
Drop 0 0 0
Drop 0 0 1
GAMEOVER DRAW
# Game ended: Wed Apr 15 00:58:50 EDT 2020
