# Server version 0.08 running on 192.168.2.29:8123
# Game ID: 338
# Board class: Saboteur.SaboteurBoard
# Timeout: 20000
# First Move Timeout: 30000
# Date: Wed Apr 15 23:42:06 EDT 2020
# Player 1: Player-0, '260803297', running on localhost
# Player 2: Player-1, 'RandomPlayer', running on localhost
START Player-0 260803297
START Player-1 RandomPlayer
BoardInit:Bonus,Destroy,Destroy,Tile:9,Tile:8,Tile:13,Tile:0,Tile:11,Tile:8,Map,Map,Tile:9,Tile:7,Tile:9,Map,Malus,Tile:10,Tile:8,Map,Tile:6,Tile:6,Tile:0,Destroy,Tile:6,Tile:0,Tile:10,Tile:2,Map,Tile:0,Tile:8,Bonus,Tile:9,Tile:7,Map,Tile:10,Tile:6,Tile:3,Tile:6,Bonus,Tile:7,Tile:7-Tile:5,Tile:5,Tile:7,Tile:4,Malus,Bonus,Tile:14-Tile:5,Tile:1,Tile:8,Tile:15,Tile:9,Tile:12,Tile:5-Tile:nugget,Tile:hidden2,Tile:hidden1
Tile:5_flip 5 6 1
Tile:5 5 4 0
Tile:14 6 5 1
Drop 1 0 0
Tile:7 6 4 1
Destroy 6 5 0
Drop 4 0 1
Tile:13 6 5 0
Drop 3 0 1
Tile:1 7 5 0
Drop 4 0 1
Map 12 3 0
Malus 0 0 1
Drop 0 0 0
Destroy 5 4 1
Drop 1 0 0
Drop 0 0 1
Drop 3 0 0
Tile:7_flip 4 6 1
Drop 4 0 0
Map 12 3 1
Drop 1 0 0
Tile:8 4 5 1
Drop 0 0 0
Drop 4 0 1
Drop 2 0 0
Tile:6_flip 4 4 1
Drop 3 0 0
Drop 2 0 1
Map 12 7 0
Tile:2_flip 3 5 1
Drop 3 0 0
Tile:10 6 6 1
Drop 2 0 0
Destroy 6 6 1
Drop 3 0 0
Drop 3 0 1
Drop 4 0 0
Tile:10 6 6 1
Map 12 3 0
Drop 4 0 1
Drop 1 0 0
Tile:0 2 5 1
Drop 3 0 0
Drop 4 0 1
Drop 2 0 0
Tile:7 8 5 1
Drop 0 0 0
Drop 2 0 1
Drop 1 0 0
Tile:4_flip 6 7 1
Drop 1 0 0
Tile:0 1 5 1
Drop 0 0 0
Drop 0 0 1
GAMEOVER DRAW
# Game ended: Wed Apr 15 23:42:07 EDT 2020
