# Server version 0.08 running on 192.168.2.29:8123
# Game ID: 33
# Board class: Saboteur.SaboteurBoard
# Timeout: 20000
# First Move Timeout: 30000
# Date: Tue Apr 14 19:30:13 EDT 2020
# Player 1: Player-0, 'RandomPlayer', running on localhost
# Player 2: Player-1, 'RandomPlayer', running on localhost
START Player-0 RandomPlayer
START Player-1 RandomPlayer
BoardInit:Map,Destroy,Map,Tile:5,Tile:6,Tile:10,Tile:12,Tile:0,Map,Tile:8,Tile:6,Tile:9,Tile:2,Tile:7,Bonus,Bonus,Tile:3,Tile:7,Tile:13,Tile:6,Tile:9,Destroy,Tile:5,Tile:15,Tile:4,Tile:14,Malus,Tile:10,Tile:6,Bonus,Tile:9,Tile:10,Tile:8,Tile:7,Tile:7,Map,Bonus,Tile:8,Map,Tile:1,Malus-Tile:8,Tile:0,Tile:6,Tile:8,Tile:0,Tile:5,Tile:5-Tile:0,Destroy,Tile:11,Map,Tile:9,Tile:7,Tile:9-Tile:nugget,Tile:hidden1,Tile:hidden2
Tile:5 4 5 1
Map 12 3 0
Tile:8 5 4 1
Destroy 4 5 0
Tile:0 6 4 1
Tile:11 4 4 0
Tile:0 7 4 1
Tile:5 4 3 0
Tile:6_flip 6 5 1
Destroy 7 4 0
Tile:6_flip 5 3 1
Tile:9_flip 6 6 0
Tile:12 6 3 1
Drop 0 0 0
Tile:6 6 7 1
Tile:9_flip 7 4 0
Tile:2_flip 7 5 1
Tile:9_flip 7 7 0
Map 12 7 1
Tile:7_flip 7 8 0
Tile:13 4 5 1
Tile:8 3 5 0
Tile:5 7 6 1
Tile:6_flip 2 5 0
Tile:8 8 8 1
Tile:7 3 4 0
Tile:5_flip 4 6 1
Destroy 7 8 0
Tile:4_flip 8 9 1
Drop 2 0 0
Tile:9 2 6 1
Tile:15 8 7 0
Tile:3 8 6 1
Tile:7_flip 7 8 0
Malus 0 0 1
Drop 0 0 0
Tile:8 3 6 1
Map 12 7 0
Tile:7_flip 2 4 1
Drop 0 0 0
Map 12 5 1
Drop 4 0 0
Tile:9_flip 2 7 1
Bonus 0 0 0
Malus 0 0 1
Drop 3 0 0
Drop 1 0 1
Drop 0 0 0
Map 12 3 1
Drop 2 0 0
Tile:6 1 5 1
Drop 0 0 0
Map 12 3 1
Drop 0 0 0
Drop 0 0 1
GAMEOVER DRAW
# Game ended: Tue Apr 14 19:30:14 EDT 2020
