# Server version 0.08 running on 192.168.2.29:8123
# Game ID: 314
# Board class: Saboteur.SaboteurBoard
# Timeout: 20000
# First Move Timeout: 30000
# Date: Wed Apr 15 23:40:44 EDT 2020
# Player 1: Player-0, '260803297', running on localhost
# Player 2: Player-1, 'RandomPlayer', running on localhost
START Player-0 260803297
START Player-1 RandomPlayer
BoardInit:Tile:1,Malus,Tile:5,Tile:6,Tile:9,Tile:6,Tile:5,Tile:9,Tile:6,Tile:5,Tile:0,Tile:8,Tile:8,Destroy,Bonus,Tile:8,Tile:9,Destroy,Tile:6,Tile:15,Map,Tile:7,Map,Bonus,Tile:11,Map,Tile:7,Map,Tile:3,Tile:13,Map,Tile:2,Tile:6,Map,Tile:10,Tile:8,Bonus,Tile:8,Tile:7,Tile:10,Tile:9-Tile:0,Tile:7,Tile:0,Tile:7,Tile:4,Tile:10,Destroy-Bonus,Tile:12,Tile:5,Tile:9,Tile:14,Tile:0,Malus-Tile:hidden1,Tile:nugget,Tile:hidden2
Tile:7_flip 4 5 1
Malus 0 0 0
Drop 1 0 1
Drop 2 0 0
Drop 4 0 1
Tile:14 5 6 0
Drop 5 0 1
Drop 4 0 0
Drop 1 0 1
Tile:9_flip 5 4 0
Drop 4 0 1
Tile:6_flip 4 6 0
Drop 0 0 1
Tile:6_flip 5 3 0
Drop 0 0 1
Drop 0 0 0
Drop 1 0 1
Tile:8 4 4 0
Drop 3 0 1
Drop 5 0 0
Drop 2 0 1
Tile:5 3 6 0
Map 12 3 1
Tile:0 3 4 0
Drop 5 0 1
Tile:15 3 7 0
Map 12 5 1
Map 12 3 0
Drop 6 0 1
Map 12 3 0
Drop 1 0 1
Drop 2 0 0
Map 12 7 1
Destroy 3 7 0
Drop 0 0 1
Map 12 3 0
Drop 4 0 1
Tile:9 4 3 0
Bonus 0 0 1
Tile:8 2 4 0
Tile:9_flip 6 3 1
Tile:2 6 2 0
Tile:11 6 4 1
Tile:13 7 4 0
Tile:7_flip 3 7 1
Tile:7 2 3 0
Tile:9_flip 2 5 1
Drop 3 0 0
Tile:6 4 7 1
Tile:8 1 3 0
Tile:10 2 6 1
Tile:12_flip 5 2 0
Tile:8 1 4 1
Drop 0 0 0
Drop 0 0 1
GAMEOVER DRAW
# Game ended: Wed Apr 15 23:40:44 EDT 2020
