# Server version 0.08 running on 192.168.2.29:8123
# Game ID: 263
# Board class: Saboteur.SaboteurBoard
# Timeout: 20000
# First Move Timeout: 30000
# Date: Wed Apr 15 23:26:56 EDT 2020
# Player 1: Player-0, '260803297', running on localhost
# Player 2: Player-1, 'RandomPlayer', running on localhost
START Player-0 260803297
START Player-1 RandomPlayer
BoardInit:Tile:14,Tile:8,Destroy,Tile:10,Tile:0,Tile:9,Tile:6,Tile:5,Tile:7,Tile:8,Tile:1,Tile:10,Tile:8,Tile:8,Malus,Map,Map,Tile:5,Tile:9,Map,Tile:6,Tile:3,Tile:13,Tile:4,Tile:7,Tile:15,Bonus,Tile:0,Tile:5,Tile:6,Malus,Bonus,Tile:9,Tile:11,Map,Tile:7,Tile:2,Tile:0,Tile:7,Destroy,Map-Map,Tile:6,Tile:9,Tile:10,Tile:12,Tile:8,Tile:7-Destroy,Tile:5,Bonus,Tile:9,Tile:0,Tile:6,Bonus-Tile:hidden1,Tile:hidden2,Tile:nugget
Tile:8 4 5 1
Tile:6 6 5 0
Tile:7 7 5 1
Tile:9_flip 4 6 0
Tile:6_flip 4 4 1
Tile:8 5 4 0
Drop 6 0 1
Tile:9 3 5 0
Destroy 5 4 1
Tile:10 7 6 0
Drop 3 0 1
Drop 1 0 0
Tile:7 5 4 1
Drop 6 0 0
Drop 5 0 1
Tile:5_flip 7 7 0
Tile:8 3 4 1
Map 12 3 0
Map 12 3 1
Tile:8 6 7 0
Tile:9 3 6 1
Map 12 3 0
Tile:14 6 8 1
Drop 5 0 0
Tile:13 3 3 1
Tile:3 6 6 0
Tile:7_flip 5 6 1
Tile:15 3 2 0
Tile:6_flip 3 1 1
Destroy 6 5 0
Tile:6_flip 2 1 1
Tile:6 3 7 0
Tile:5 5 7 1
Drop 2 0 0
Tile:9 5 8 1
Tile:0 1 1 0
Map 12 5 1
Tile:7_flip 5 9 0
Tile:2 6 9 1
Tile:0 4 3 0
Tile:9 6 10 1
Destroy 3 7 0
Tile:10 4 7 1
Tile:0 7 9 0
Drop 4 0 1
Tile:4_flip 4 8 0
Map 12 7 1
Tile:11 2 3 0
Drop 3 0 1
Tile:8 6 11 0
Drop 0 0 1
Drop 0 0 0
Malus 0 0 1
Bonus 0 0 0
Drop 0 0 1
GAMEOVER DRAW
# Game ended: Wed Apr 15 23:26:57 EDT 2020
