# Server version 0.08 running on 192.168.2.29:8123
# Game ID: 60
# Board class: Saboteur.SaboteurBoard
# Timeout: 20000
# First Move Timeout: 30000
# Date: Tue Apr 14 19:31:01 EDT 2020
# Player 1: Player-0, 'RandomPlayer', running on localhost
# Player 2: Player-1, 'RandomPlayer', running on localhost
START Player-0 RandomPlayer
START Player-1 RandomPlayer
BoardInit:Tile:3,Tile:9,Map,Map,Tile:4,Tile:8,Map,Tile:7,Tile:9,Tile:1,Tile:9,Tile:9,Tile:11,Tile:9,Destroy,Tile:6,Tile:10,Map,Tile:2,Tile:15,Tile:8,Tile:0,Tile:0,Malus,Tile:5,Tile:10,Destroy,Tile:0,Tile:8,Tile:5,Tile:10,Tile:7,Bonus,Tile:14,Destroy,Map,Tile:5,Tile:8,Bonus,Map,Tile:5-Tile:6,Tile:6,Tile:12,Tile:13,Tile:8,Tile:6,Malus-Bonus,Tile:7,Tile:0,Tile:7,Tile:6,Bonus,Tile:7-Tile:hidden2,Tile:nugget,Tile:hidden1
Tile:13 6 5 1
Tile:7 7 5 0
Drop 1 0 1
Tile:7_flip 6 6 0
Tile:3_flip 4 5 1
Tile:9_flip 4 4 0
Tile:4_flip 5 6 1
Drop 3 0 0
Drop 0 0 1
Tile:8 6 4 0
Tile:9 5 4 1
Drop 1 0 0
Drop 2 0 1
Tile:7 6 3 0
Tile:9_flip 7 6 1
Drop 3 0 0
Drop 0 0 1
Tile:6 3 4 0
Tile:11 7 7 1
Drop 5 0 0
Tile:10 4 3 1
Tile:1 2 4 0
Tile:8 4 2 1
Tile:9_flip 8 7 0
Tile:0 5 2 1
Map 12 7 0
Tile:2 1 4 1
Tile:9 8 6 0
Tile:5 5 3 1
Tile:10 8 8 0
Destroy 7 7 1
Drop 3 0 0
Destroy 4 4 1
Tile:5 0 4 0
Tile:10 1 5 1
Tile:7_flip 3 2 0
Tile:8 3 1 1
Tile:15 0 5 0
Tile:5_flip 9 6 1
Map 12 7 0
Destroy 5 4 1
Tile:14 6 2 0
Tile:8 0 6 1
Map 12 7 0
Tile:5_flip 8 9 1
Drop 1 0 0
Drop 3 0 1
Tile:8 7 7 0
Malus 0 0 1
Map 12 5 0
Map 12 3 1
Bonus 0 0 0
Map 12 3 1
Drop 0 0 0
Drop 0 0 1
GAMEOVER DRAW
# Game ended: Tue Apr 14 19:31:01 EDT 2020
