# Server version 0.08 running on 192.168.2.29:8123
# Game ID: 207
# Board class: Saboteur.SaboteurBoard
# Timeout: 20000
# First Move Timeout: 30000
# Date: Wed Apr 15 01:02:07 EDT 2020
# Player 1: Player-0, 'RandomPlayer', running on localhost
# Player 2: Player-1, 'RandomPlayer', running on localhost
START Player-0 RandomPlayer
START Player-1 RandomPlayer
BoardInit:Tile:6,Tile:11,Map,Tile:8,Tile:0,Tile:7,Tile:7,Tile:0,Tile:2,Tile:12,Map,Destroy,Tile:10,Tile:6,Tile:8,Tile:7,Tile:3,Map,Tile:0,Tile:8,Tile:9,Destroy,Tile:10,Tile:10,Tile:7,Tile:5,Tile:15,Tile:7,Bonus,Map,Tile:1,Tile:6,Tile:9,Tile:5,Malus,Tile:9,Tile:5,Tile:13,Tile:0,Map,Tile:4-Tile:6,Bonus,Tile:9,Tile:9,Tile:14,Bonus,Tile:5-Tile:6,Bonus,Tile:8,Malus,Map,Destroy,Tile:8-Tile:hidden1,Tile:nugget,Tile:hidden2
Tile:14 6 5 1
Drop 2 0 0
Tile:9 6 4 1
Tile:11 4 5 0
Tile:9_flip 7 4 1
Malus 0 0 0
Bonus 0 0 1
Drop 4 0 0
Tile:6 5 6 1
Destroy 5 6 0
Drop 1 0 1
Tile:7_flip 7 5 0
Tile:6_flip 7 3 1
Tile:6_flip 6 3 0
Drop 3 0 1
Drop 3 0 0
Tile:2 8 3 1
Tile:7_flip 4 6 0
Drop 3 0 1
Tile:8 5 3 0
Tile:8 5 6 1
Destroy 4 5 0
Tile:9 4 5 1
Destroy 6 5 0
Tile:10 4 4 1
Tile:6 6 6 0
Tile:7 7 6 1
Tile:8 4 3 0
Tile:10 5 4 1
Map 12 5 0
Drop 2 0 1
Tile:5 4 2 0
Map 12 3 1
Tile:12_flip 3 3 0
Tile:9_flip 6 5 1
Tile:6_flip 9 3 0
Tile:15 5 7 1
Tile:9 5 8 0
Tile:5_flip 9 4 1
Tile:7 10 3 0
Drop 1 0 1
Map 12 7 0
Tile:0 8 5 1
Tile:10 7 7 0
Tile:4_flip 10 4 1
Tile:5_flip 5 9 0
Tile:0 4 9 1
Tile:13 7 8 0
Tile:1 3 9 1
Drop 2 0 0
Drop 0 0 1
Map 12 7 0
Malus 0 0 1
Drop 0 0 0
Drop 0 0 1
GAMEOVER DRAW
# Game ended: Wed Apr 15 01:02:07 EDT 2020
