# Server version 0.08 running on 192.168.2.29:8123
# Game ID: 305
# Board class: Saboteur.SaboteurBoard
# Timeout: 20000
# First Move Timeout: 30000
# Date: Wed Apr 15 23:36:20 EDT 2020
# Player 1: Player-0, 'RandomPlayer', running on localhost
# Player 2: Player-1, '260803297', running on localhost
START Player-0 RandomPlayer
START Player-1 260803297
BoardInit:Tile:10,Map,Tile:0,Tile:9,Tile:3,Bonus,Tile:8,Tile:9,Destroy,Tile:15,Tile:8,Bonus,Tile:8,Tile:5,Map,Map,Tile:12,Tile:10,Tile:8,Bonus,Tile:6,Malus,Tile:6,Tile:4,Tile:8,Tile:13,Tile:0,Tile:9,Tile:5,Map,Bonus,Tile:7,Tile:0,Tile:7,Tile:10,Tile:0,Tile:6,Tile:2,Tile:11,Tile:9,Tile:9-Tile:7,Tile:14,Tile:1,Malus,Destroy,Tile:5,Tile:7-Tile:6,Map,Destroy,Tile:5,Map,Tile:7,Tile:6-Tile:hidden2,Tile:nugget,Tile:hidden1
Malus 0 0 1
Map 12 7 0
Tile:14_flip 4 5 1
Drop 1 0 0
Destroy 4 5 1
Drop 1 0 0
Tile:5_flip 5 6 1
Map 12 7 0
Tile:7 6 5 1
Map 12 7 0
Destroy 6 5 1
Bonus 0 0 0
Drop 1 0 1
Tile:6_flip 4 5 0
Tile:1 6 5 1
Tile:6 4 6 0
Map 12 3 1
Tile:9_flip 5 4 0
Tile:0 4 4 1
Tile:9_flip 7 5 0
Tile:10 5 3 1
Tile:7_flip 3 4 0
Tile:8 7 4 1
Tile:5 3 6 0
Tile:8 8 4 1
Tile:15 5 2 0
Tile:3_flip 6 4 1
Tile:10 8 5 0
Tile:6 3 7 1
Tile:4 6 3 0
Tile:6 8 6 1
Map 12 3 0
Tile:0 3 5 1
Tile:7_flip 2 7 0
Tile:8 7 6 1
Tile:9 3 3 0
Tile:8 5 1 1
Tile:13 4 1 0
Tile:5_flip 9 4 1
Tile:2 6 1 0
Tile:12 4 3 1
Tile:7_flip 2 5 0
Tile:9 7 3 1
Tile:9_flip 9 3 0
Tile:10 2 4 1
Drop 3 0 0
Tile:11_flip 9 6 1
Tile:0 7 1 0
Tile:6_flip 3 1 1
Malus 0 0 0
Bonus 0 0 1
Drop 0 0 0
Tile:8 5 0 1
Drop 0 0 0
Tile:0 4 7 1
GAMEOVER DRAW
# Game ended: Wed Apr 15 23:36:21 EDT 2020
