# Server version 0.08 running on 192.168.2.29:8123
# Game ID: 200
# Board class: Saboteur.SaboteurBoard
# Timeout: 20000
# First Move Timeout: 30000
# Date: Wed Apr 15 01:01:57 EDT 2020
# Player 1: Player-0, 'RandomPlayer', running on localhost
# Player 2: Player-1, 'RandomPlayer', running on localhost
START Player-0 RandomPlayer
START Player-1 RandomPlayer
BoardInit:Tile:10,Map,Malus,Tile:9,Map,Tile:8,Tile:0,Map,Tile:1,Tile:2,Destroy,Tile:3,Tile:10,Tile:5,Tile:8,Bonus,Map,Tile:11,Tile:6,Tile:7,Tile:13,Tile:6,Tile:15,Tile:6,Destroy,Bonus,Tile:5,Tile:12,Tile:10,Tile:8,Bonus,Tile:8,Tile:8,Tile:6,Tile:5,Tile:6,Tile:0,Destroy,Tile:5,Map,Tile:4-Tile:9,Tile:9,Tile:7,Bonus,Tile:0,Tile:7,Tile:0-Map,Tile:7,Tile:9,Tile:14,Malus,Tile:7,Tile:9-Tile:nugget,Tile:hidden2,Tile:hidden1
Tile:7_flip 5 6 1
Tile:7 6 6 0
Drop 1 0 1
Tile:14 6 7 0
Tile:0 4 5 1
Tile:9 3 5 0
Malus 0 0 1
Map 12 5 0
Tile:0 6 5 1
Map 12 3 0
Drop 1 0 1
Drop 1 0 0
Tile:9_flip 5 4 1
Drop 6 0 0
Drop 2 0 1
Map 12 5 0
Tile:8 7 5 1
Drop 6 0 0
Tile:10 3 6 1
Drop 3 0 0
Destroy 6 5 1
Drop 2 0 0
Tile:0 6 5 1
Drop 3 0 0
Tile:10 3 4 1
Drop 5 0 0
Tile:15 7 6 1
Drop 5 0 0
Drop 2 0 1
Drop 2 0 0
Tile:1 8 5 1
Drop 4 0 0
Destroy 3 6 1
Drop 4 0 0
Tile:5 5 3 1
Drop 0 0 0
Tile:8 3 3 1
Drop 3 0 0
Tile:10 7 4 1
Destroy 5 6 0
Drop 0 0 1
Drop 6 0 0
Drop 0 0 1
Drop 1 0 0
Drop 4 0 1
Drop 3 0 0
Tile:13 5 7 1
Drop 0 0 0
Tile:5_flip 5 8 1
Drop 2 0 0
Tile:0 2 3 1
Drop 0 0 0
Drop 1 0 1
Drop 0 0 0
Drop 0 0 1
GAMEOVER DRAW
# Game ended: Wed Apr 15 01:01:57 EDT 2020
