# Server version 0.08 running on 192.168.2.29:8123
# Game ID: 271
# Board class: Saboteur.SaboteurBoard
# Timeout: 20000
# First Move Timeout: 30000
# Date: Wed Apr 15 23:28:00 EDT 2020
# Player 1: Player-0, 'RandomPlayer', running on localhost
# Player 2: Player-1, '260803297', running on localhost
START Player-0 RandomPlayer
START Player-1 260803297
BoardInit:Destroy,Map,Tile:5,Tile:11,Tile:9,Malus,Tile:7,Destroy,Tile:9,Destroy,Tile:5,Tile:6,Tile:6,Tile:0,Tile:2,Bonus,Tile:7,Tile:8,Tile:7,Tile:4,Tile:14,Map,Tile:10,Tile:5,Map,Tile:12,Tile:15,Tile:10,Map,Tile:9,Tile:0,Bonus,Tile:9,Tile:8,Tile:7,Tile:6,Tile:9,Map,Map,Tile:3,Tile:13-Malus,Tile:6,Tile:8,Tile:8,Tile:0,Tile:5,Tile:6-Tile:1,Tile:8,Tile:0,Tile:10,Tile:7,Bonus,Bonus-Tile:hidden2,Tile:nugget,Tile:hidden1
Malus 0 0 1
Drop 5 0 0
Tile:5_flip 6 5 1
Drop 5 0 0
Tile:6_flip 4 5 1
Drop 2 0 0
Drop 2 0 1
Drop 2 0 0
Destroy 6 5 1
Drop 6 0 0
Tile:7 6 5 1
Drop 3 0 0
Drop 1 0 1
Drop 4 0 0
Tile:5_flip 5 6 1
Destroy 6 5 0
Tile:9_flip 5 4 1
Drop 1 0 0
Tile:2_flip 3 5 1
Drop 3 0 0
Tile:7_flip 2 5 1
Drop 2 0 0
Tile:6 4 4 1
Map 12 3 0
Tile:9 4 6 1
Drop 5 0 0
Map 12 3 1
Drop 0 0 0
Drop 2 0 1
Drop 6 0 0
Map 12 5 1
Drop 1 0 0
Tile:10 4 7 1
Drop 6 0 0
Tile:8 5 3 1
Drop 0 0 0
Tile:9 2 4 1
Drop 4 0 0
Tile:7 6 3 1
Map 12 5 0
Tile:14 4 8 1
Drop 4 0 0
Drop 6 0 1
Bonus 0 0 0
Tile:15 6 4 1
Tile:8 3 4 0
Tile:9_flip 5 2 1
Tile:6 6 5 0
Tile:5 3 3 1
Tile:5 3 8 0
Drop 1 0 1
Tile:3 2 3 0
Tile:0 4 2 1
Tile:12 7 5 0
Drop 0 0 1
GAMEOVER DRAW
# Game ended: Wed Apr 15 23:28:01 EDT 2020
