# Server version 0.08 running on 192.168.2.29:8123
# Game ID: 296
# Board class: Saboteur.SaboteurBoard
# Timeout: 20000
# First Move Timeout: 30000
# Date: Wed Apr 15 23:35:54 EDT 2020
# Player 1: Player-0, '260803297', running on localhost
# Player 2: Player-1, 'RandomPlayer', running on localhost
START Player-0 260803297
START Player-1 RandomPlayer
BoardInit:Map,Tile:0,Tile:12,Tile:7,Tile:11,Bonus,Tile:6,Tile:6,Tile:3,Tile:5,Tile:9,Map,Tile:5,Destroy,Tile:8,Tile:8,Tile:9,Tile:9,Tile:0,Malus,Tile:8,Tile:9,Bonus,Tile:8,Bonus,Tile:14,Tile:10,Tile:7,Malus,Tile:9,Tile:1,Tile:8,Tile:0,Destroy,Map,Tile:6,Map,Tile:10,Tile:4,Tile:0,Tile:2-Tile:7,Map,Destroy,Tile:6,Bonus,Tile:6,Tile:13-Tile:7,Tile:10,Tile:5,Tile:5,Tile:7,Tile:15,Map-Tile:hidden2,Tile:hidden1,Tile:nugget
Tile:6_flip 5 4 1
Map 12 3 0
Tile:6 6 4 1
Tile:7 6 3 0
Tile:12_flip 4 4 1
Tile:0 6 5 0
Tile:7 7 5 1
Drop 4 0 0
Map 12 7 1
Tile:6_flip 4 5 0
Tile:11 4 6 1
Tile:5_flip 5 6 0
Drop 4 0 1
Map 12 5 0
Tile:9 7 6 1
Tile:7 8 6 0
Map 12 7 1
Tile:5_flip 7 4 0
Drop 5 0 1
Tile:9 7 3 0
Tile:3_flip 5 3 1
Malus 0 0 0
Destroy 7 6 1
Tile:8 7 6 0
Drop 0 0 1
Tile:9 7 7 0
Drop 5 0 1
Tile:14 7 8 0
Drop 6 0 1
Tile:5 5 2 0
Drop 4 0 1
Tile:9_flip 7 2 0
Drop 6 0 1
Destroy 7 7 0
Drop 4 0 1
Tile:10 7 1 0
Map 12 7 1
Tile:7 8 3 0
Map 12 5 1
Tile:6 6 2 0
Drop 4 0 1
Destroy 6 2 0
Drop 0 0 1
Tile:7_flip 6 8 0
Drop 4 0 1
Tile:8 4 7 0
Drop 2 0 1
Tile:10 8 7 0
Drop 0 0 1
Tile:0 3 7 0
Drop 0 0 1
Drop 0 0 0
Drop 1 0 1
Tile:8 7 0 0
Drop 0 0 1
GAMEOVER DRAW
# Game ended: Wed Apr 15 23:35:55 EDT 2020
