# Server version 0.08 running on 192.168.2.29:8123
# Game ID: 300
# Board class: Saboteur.SaboteurBoard
# Timeout: 20000
# First Move Timeout: 30000
# Date: Wed Apr 15 23:36:04 EDT 2020
# Player 1: Player-0, '260803297', running on localhost
# Player 2: Player-1, 'RandomPlayer', running on localhost
START Player-0 260803297
START Player-1 RandomPlayer
BoardInit:Map,Tile:9,Map,Tile:7,Bonus,Map,Tile:9,Tile:4,Tile:3,Tile:10,Tile:9,Tile:7,Tile:7,Tile:0,Tile:11,Tile:6,Tile:5,Tile:15,Tile:7,Tile:6,Tile:0,Tile:10,Tile:6,Tile:5,Tile:6,Bonus,Tile:2,Bonus,Tile:1,Tile:10,Destroy,Map,Map,Malus,Map,Tile:5,Tile:0,Tile:8,Tile:9,Bonus,Tile:7-Destroy,Tile:5,Tile:0,Tile:8,Tile:8,Tile:13,Tile:6-Tile:9,Tile:8,Malus,Destroy,Tile:14,Tile:8,Tile:12-Tile:nugget,Tile:hidden1,Tile:hidden2
Tile:6 4 5 1
Malus 0 0 0
Drop 5 0 1
Tile:9_flip 4 4 0
Map 12 3 1
Tile:8 3 4 0
Map 12 7 1
Map 12 3 0
Destroy 4 5 1
Tile:7 4 3 0
Bonus 0 0 1
Tile:8 2 4 0
Tile:3 2 3 1
Tile:14_flip 1 4 0
Tile:9 4 5 1
Tile:12_flip 1 3 0
Tile:11_flip 4 6 1
Destroy 1 3 0
Tile:9 5 4 1
Tile:10 5 3 0
Tile:5_flip 2 5 1
Tile:6 6 4 0
Tile:5 3 3 1
Tile:6_flip 6 5 0
Tile:7_flip 1 5 1
Tile:4_flip 5 6 0
Tile:0 1 3 1
Tile:9_flip 7 4 0
Tile:8 4 7 1
Tile:5 7 3 0
Tile:0 3 6 1
Tile:10 5 2 0
Destroy 6 5 1
Tile:10 5 1 0
Map 12 7 1
Tile:15 7 5 0
Tile:7 5 7 1
Tile:7_flip 7 6 0
Tile:2 2 6 1
Tile:8 4 8 0
Tile:6_flip 8 6 1
Tile:5 1 6 0
Tile:6_flip 5 0 1
Map 12 5 0
Drop 4 0 1
Drop 0 0 0
Tile:1 3 7 1
Drop 1 0 0
Map 12 7 1
Malus 0 0 0
Drop 0 0 1
Drop 1 0 0
Drop 1 0 1
Drop 0 0 0
Drop 0 0 1
GAMEOVER DRAW
# Game ended: Wed Apr 15 23:36:06 EDT 2020
