# Server version 0.08 running on 192.168.2.29:8123
# Game ID: 56
# Board class: Saboteur.SaboteurBoard
# Timeout: 20000
# First Move Timeout: 30000
# Date: Tue Apr 14 19:30:54 EDT 2020
# Player 1: Player-0, 'RandomPlayer', running on localhost
# Player 2: Player-1, 'RandomPlayer', running on localhost
START Player-0 RandomPlayer
START Player-1 RandomPlayer
BoardInit:Tile:7,Tile:0,Tile:0,Tile:5,Tile:6,Tile:10,Tile:15,Bonus,Tile:9,Tile:6,Map,Map,Malus,Tile:7,Map,Tile:8,Map,Tile:4,Bonus,Tile:8,Tile:14,Tile:12,Tile:8,Tile:7,Tile:1,Destroy,Tile:0,Tile:9,Tile:8,Tile:6,Tile:3,Tile:6,Tile:10,Tile:9,Tile:11,Destroy,Bonus,Tile:10,Tile:6,Tile:8,Tile:9-Tile:5,Bonus,Tile:2,Tile:13,Tile:7,Map,Tile:5-Malus,Tile:9,Destroy,Map,Tile:5,Tile:7,Tile:0-Tile:hidden2,Tile:hidden1,Tile:nugget
Map 12 5 1
Map 12 3 0
Tile:2_flip 4 5 1
Tile:7 6 5 0
Tile:5 5 4 1
Tile:0 3 5 0
Drop 2 0 1
Tile:10 4 4 0
Tile:7_flip 2 5 1
Destroy 4 4 0
Tile:5_flip 6 4 1
Drop 1 0 0
Tile:9 6 6 1
Tile:6 7 6 0
Malus 0 0 1
Map 12 7 0
Tile:6_flip 6 3 1
Drop 6 0 0
Map 12 3 1
Drop 2 0 0
Tile:15 6 7 1
Drop 4 0 0
Tile:0 7 3 1
Drop 5 0 0
Tile:8 8 6 1
Drop 0 0 0
Tile:14 5 6 1
Destroy 6 4 0
Tile:1 5 3 1
Drop 6 0 0
Map 12 3 1
Drop 1 0 0
Tile:8 8 7 1
Drop 4 0 0
Tile:3_flip 4 3 1
Drop 0 0 0
Tile:13 9 6 1
Destroy 5 3 0
Tile:10 2 4 1
Drop 0 0 0
Tile:6 10 6 1
Drop 2 0 0
Drop 5 0 1
Drop 1 0 0
Tile:11_flip 9 5 1
Drop 3 0 0
Tile:9_flip 9 4 1
Drop 0 0 0
Tile:0 8 3 1
Drop 2 0 0
Map 12 3 1
Drop 0 0 0
Drop 1 0 1
Drop 0 0 0
Drop 0 0 1
GAMEOVER DRAW
# Game ended: Tue Apr 14 19:30:54 EDT 2020
