# Server version 0.08 running on 192.168.2.29:8123
# Game ID: 67
# Board class: Saboteur.SaboteurBoard
# Timeout: 20000
# First Move Timeout: 30000
# Date: Tue Apr 14 19:31:16 EDT 2020
# Player 1: Player-0, 'RandomPlayer', running on localhost
# Player 2: Player-1, 'RandomPlayer', running on localhost
START Player-0 RandomPlayer
START Player-1 RandomPlayer
BoardInit:Tile:8,Tile:8,Tile:0,Tile:10,Tile:0,Tile:8,Destroy,Malus,Tile:1,Tile:7,Tile:10,Map,Tile:9,Tile:7,Tile:9,Tile:5,Bonus,Tile:4,Tile:2,Tile:7,Tile:8,Map,Tile:9,Tile:5,Tile:3,Tile:15,Tile:9,Tile:13,Bonus,Tile:6,Tile:8,Tile:5,Tile:0,Tile:12,Map,Tile:6,Tile:0,Tile:6,Destroy,Bonus,Tile:6-Tile:7,Tile:5,Map,Map,Tile:9,Tile:14,Tile:10-Tile:7,Bonus,Tile:11,Destroy,Map,Malus,Tile:6-Tile:hidden2,Tile:nugget,Tile:hidden1
Tile:9_flip 6 5 1
Tile:6 5 6 0
Map 12 3 1
Malus 0 0 0
Drop 2 0 1
Tile:8 6 4 0
Drop 5 0 1
Tile:8 5 4 0
Destroy 6 4 1
Tile:11_flip 6 4 0
Drop 4 0 1
Drop 4 0 0
Drop 0 0 1
Drop 0 0 0
Drop 0 0 1
Destroy 5 4 0
Drop 5 0 1
Drop 6 0 0
Drop 3 0 1
Tile:7 6 3 0
Drop 2 0 1
Map 12 7 0
Drop 3 0 1
Map 12 5 0
Drop 5 0 1
Tile:7_flip 4 6 0
Drop 0 0 1
Tile:5_flip 6 6 0
Drop 6 0 1
Tile:13 4 5 0
Drop 4 0 1
Map 12 7 0
Drop 6 0 1
Tile:15 4 4 0
Drop 4 0 1
Tile:12_flip 3 5 0
Drop 0 0 1
Tile:7_flip 5 3 0
Map 12 5 1
Drop 2 0 0
Drop 2 0 1
Drop 1 0 0
Drop 5 0 1
Tile:6_flip 5 2 0
Drop 3 0 1
Drop 3 0 0
Drop 4 0 1
Tile:6 6 2 0
Drop 0 0 1
Drop 1 0 0
Drop 0 0 1
Drop 0 0 0
Bonus 0 0 1
Drop 0 0 0
Drop 0 0 1
GAMEOVER DRAW
# Game ended: Tue Apr 14 19:31:16 EDT 2020
