# Server version 0.08 running on 192.168.2.29:8123
# Game ID: 58
# Board class: Saboteur.SaboteurBoard
# Timeout: 20000
# First Move Timeout: 30000
# Date: Tue Apr 14 19:30:57 EDT 2020
# Player 1: Player-0, 'RandomPlayer', running on localhost
# Player 2: Player-1, 'RandomPlayer', running on localhost
START Player-0 RandomPlayer
START Player-1 RandomPlayer
BoardInit:Bonus,Tile:6,Tile:11,Tile:5,Tile:14,Tile:3,Destroy,Tile:2,Malus,Tile:8,Tile:0,Tile:8,Tile:7,Malus,Tile:6,Tile:6,Map,Tile:5,Bonus,Tile:8,Tile:7,Tile:6,Tile:0,Tile:9,Tile:9,Tile:1,Tile:9,Tile:15,Tile:8,Tile:7,Tile:10,Tile:7,Bonus,Tile:13,Tile:10,Tile:9,Tile:12,Map,Tile:8,Tile:9,Tile:0-Destroy,Tile:4,Tile:5,Tile:6,Destroy,Tile:10,Tile:5-Map,Map,Map,Tile:0,Map,Tile:7,Bonus-Tile:hidden2,Tile:hidden1,Tile:nugget
Drop 2 0 1
Drop 2 0 0
Drop 1 0 1
Drop 1 0 0
Tile:11_flip 5 4 1
Tile:6_flip 4 4 0
Tile:5_flip 5 6 1
Tile:5_flip 6 5 0
Destroy 4 4 1
Tile:3_flip 4 4 0
Drop 1 0 1
Tile:0 4 5 0
Drop 6 0 1
Drop 0 0 0
Tile:14_flip 5 3 1
Tile:2_flip 6 3 0
Tile:6 3 5 1
Map 12 3 0
Tile:7_flip 2 5 1
Drop 3 0 0
Destroy 6 5 1
Tile:7 2 4 0
Map 12 3 1
Tile:8 6 2 0
Tile:6 6 5 1
Tile:6 1 4 0
Tile:7 7 2 1
Tile:6_flip 4 6 0
Tile:10 4 3 1
Drop 2 0 0
Tile:9_flip 7 3 1
Malus 0 0 0
Bonus 0 0 1
Tile:8 1 3 0
Tile:8 0 3 1
Tile:15 3 4 0
Tile:10 3 3 1
Tile:7_flip 7 4 0
Tile:12 7 5 1
Tile:13 0 2 0
Tile:10 4 2 1
Tile:9 0 4 0
Tile:9 4 1 1
Tile:7 4 0 0
Malus 0 0 1
Drop 0 0 0
Drop 3 0 1
Drop 3 0 0
Tile:0 5 1 1
Map 12 7 0
Drop 1 0 1
Drop 0 0 0
Tile:0 8 4 1
Drop 0 0 0
Drop 0 0 1
GAMEOVER DRAW
# Game ended: Tue Apr 14 19:30:58 EDT 2020
