# Server version 0.08 running on 192.168.2.29:8123
# Game ID: 255
# Board class: Saboteur.SaboteurBoard
# Timeout: 20000
# First Move Timeout: 30000
# Date: Wed Apr 15 23:22:54 EDT 2020
# Player 1: Player-0, '260803297', running on localhost
# Player 2: Player-1, 'RandomPlayer', running on localhost
START Player-0 260803297
START Player-1 RandomPlayer
BoardInit:Bonus,Map,Destroy,Tile:10,Malus,Tile:14,Tile:7,Destroy,Tile:0,Tile:5,Tile:10,Tile:6,Map,Tile:7,Destroy,Bonus,Tile:15,Tile:5,Tile:10,Tile:6,Tile:0,Tile:4,Map,Tile:7,Tile:6,Tile:7,Tile:8,Tile:12,Malus,Bonus,Map,Tile:9,Tile:3,Tile:11,Bonus,Tile:1,Tile:13,Tile:9,Tile:2,Tile:0,Tile:5-Tile:6,Tile:8,Tile:6,Tile:8,Tile:9,Map,Tile:0-Tile:8,Tile:5,Map,Tile:8,Tile:7,Tile:9,Tile:9-Tile:nugget,Tile:hidden2,Tile:hidden1
Map 12 3 1
Map 12 3 0
Tile:6_flip 4 5 1
Tile:9_flip 5 6 0
Tile:9 4 6 1
Map 12 5 0
Tile:8 4 7 1
Tile:8 5 7 0
Tile:7 6 5 1
Tile:8 3 5 0
Tile:6 2 5 1
Drop 0 0 0
Destroy 2 5 1
Tile:9 6 6 0
Drop 1 0 1
Destroy 5 7 0
Tile:8 7 6 1
Tile:14 8 6 0
Tile:10 7 5 1
Tile:7_flip 3 7 0
Drop 4 0 1
Drop 0 0 0
Tile:15 3 6 1
Tile:5 3 4 0
Tile:10 8 5 1
Drop 5 0 0
Map 12 3 1
Tile:6 4 4 0
Drop 2 0 1
Tile:7 4 3 0
Tile:6 5 7 1
Drop 6 0 0
Map 12 3 1
Tile:5 2 5 0
Tile:8 6 7 1
Drop 6 0 0
Malus 0 0 1
Drop 4 0 0
Malus 0 0 1
Drop 5 0 0
Drop 2 0 1
GAMEOVER TIMEOUT WINNER 1
# Game ended: Wed Apr 15 23:23:15 EDT 2020
