# Server version 0.08 running on 192.168.2.29:8123
# Game ID: 278
# Board class: Saboteur.SaboteurBoard
# Timeout: 20000
# First Move Timeout: 30000
# Date: Wed Apr 15 23:28:22 EDT 2020
# Player 1: Player-0, '260803297', running on localhost
# Player 2: Player-1, 'RandomPlayer', running on localhost
START Player-0 260803297
START Player-1 RandomPlayer
BoardInit:Destroy,Tile:6,Malus,Tile:8,Map,Destroy,Map,Tile:12,Tile:3,Tile:5,Tile:0,Tile:9,Tile:7,Tile:8,Tile:10,Tile:1,Tile:2,Tile:7,Bonus,Tile:10,Tile:0,Tile:6,Destroy,Tile:0,Malus,Tile:7,Tile:7,Tile:0,Bonus,Tile:5,Tile:8,Tile:8,Tile:14,Tile:13,Tile:6,Tile:7,Map,Map,Tile:4,Tile:5,Tile:6-Tile:11,Bonus,Map,Tile:9,Tile:9,Tile:9,Tile:8-Tile:6,Tile:10,Tile:15,Map,Bonus,Tile:5,Tile:9-Tile:nugget,Tile:hidden2,Tile:hidden1
Tile:9_flip 6 5 1
Map 12 3 0
Tile:11 5 6 1
Tile:15 5 4 0
Malus 0 0 1
Bonus 0 0 0
Tile:9 6 4 1
Tile:6_flip 5 3 0
Tile:8 6 6 1
Tile:6_flip 6 3 0
Tile:9_flip 7 4 1
Tile:5_flip 5 7 0
Destroy 7 4 1
Tile:9_flip 7 6 0
Tile:7 7 3 1
Tile:5 7 5 0
Map 12 7 1
Tile:8 4 3 0
Tile:0 3 3 1
Destroy 4 3 0
Map 12 3 1
Tile:7_flip 2 3 0
Tile:3_flip 6 7 1
Tile:9_flip 7 7 0
Tile:2_flip 7 4 1
Tile:6_flip 4 5 0
Tile:0 4 7 1
Tile:12_flip 3 5 0
Map 12 7 1
Tile:8 4 3 0
Destroy 2 3 1
Tile:5_flip 8 5 0
Tile:8 8 4 1
Tile:10 8 3 0
Tile:7_flip 2 3 1
Tile:7 4 2 0
Tile:14_flip 2 2 1
Tile:8 7 8 0
Tile:6 3 2 1
Tile:0 8 8 0
Drop 6 0 1
Drop 0 0 0
Tile:6 3 7 1
Tile:7 9 4 0
Drop 4 0 1
Tile:5 3 1 0
Malus 0 0 1
Drop 2 0 0
Tile:10 7 9 1
Drop 0 0 0
Map 12 3 1
Drop 0 0 0
Drop 1 0 1
Drop 0 0 0
Drop 0 0 1
GAMEOVER DRAW
# Game ended: Wed Apr 15 23:28:24 EDT 2020
