# Server version 0.08 running on 192.168.2.29:8123
# Game ID: 36
# Board class: Saboteur.SaboteurBoard
# Timeout: 20000
# First Move Timeout: 30000
# Date: Tue Apr 14 19:30:18 EDT 2020
# Player 1: Player-0, 'RandomPlayer', running on localhost
# Player 2: Player-1, 'RandomPlayer', running on localhost
START Player-0 RandomPlayer
START Player-1 RandomPlayer
BoardInit:Tile:7,Tile:2,Destroy,Tile:8,Tile:0,Tile:7,Tile:6,Tile:10,Tile:14,Map,Tile:5,Tile:1,Tile:7,Tile:6,Tile:7,Tile:7,Bonus,Tile:9,Tile:8,Tile:0,Tile:10,Tile:5,Tile:8,Tile:8,Tile:0,Tile:13,Bonus,Tile:12,Tile:9,Tile:10,Map,Tile:6,Tile:9,Tile:4,Tile:11,Tile:3,Map,Tile:5,Tile:8,Tile:0,Malus-Tile:5,Tile:6,Tile:9,Tile:9,Destroy,Malus,Map-Tile:15,Destroy,Tile:6,Bonus,Bonus,Map,Map-Tile:hidden1,Tile:nugget,Tile:hidden2
Tile:9_flip 5 4 1
Tile:6 5 6 0
Tile:5 4 4 1
Map 12 5 0
Map 12 3 1
Tile:2 6 5 0
Malus 0 0 1
Drop 0 0 0
Tile:6 4 6 1
Drop 1 0 0
Tile:7 5 3 1
Destroy 5 6 0
Tile:14 7 5 1
Drop 0 0 0
Destroy 5 3 1
Drop 2 0 0
Tile:7_flip 6 6 1
Drop 0 0 0
Destroy 6 5 1
Drop 3 0 0
Tile:9 3 6 1
Map 12 7 0
Tile:6_flip 7 6 1
Drop 0 0 0
Tile:8 7 4 1
Drop 2 0 0
Tile:7 7 3 1
Drop 0 0 0
Tile:8 3 5 1
Drop 5 0 0
Tile:9 6 4 1
Drop 0 0 0
Map 12 3 1
Drop 6 0 0
Tile:5 6 3 1
Drop 3 0 0
Drop 6 0 1
Drop 3 0 0
Map 12 5 1
Drop 6 0 0
Drop 6 0 1
Drop 2 0 0
Drop 0 0 1
Drop 1 0 0
Drop 4 0 1
Drop 3 0 0
Tile:0 8 4 1
Drop 0 0 0
Tile:10 3 4 1
Drop 2 0 0
Drop 0 0 1
Drop 0 0 0
Malus 0 0 1
Drop 0 0 0
Drop 0 0 1
GAMEOVER DRAW
# Game ended: Tue Apr 14 19:30:19 EDT 2020
