# Server version 0.08 running on 192.168.2.29:8123
# Game ID: 77
# Board class: Saboteur.SaboteurBoard
# Timeout: 20000
# First Move Timeout: 30000
# Date: Tue Apr 14 21:28:53 EDT 2020
# Player 1: Player-0, 'RandomPlayer', running on localhost
# Player 2: Player-1, 'RandomPlayer', running on localhost
START Player-0 RandomPlayer
START Player-1 RandomPlayer
BoardInit:Tile:7,Tile:5,Tile:8,Tile:5,Tile:9,Tile:6,Tile:12,Tile:8,Malus,Map,Tile:0,Tile:8,Tile:15,Tile:7,Tile:9,Tile:4,Tile:10,Bonus,Tile:14,Tile:2,Tile:6,Tile:5,Destroy,Tile:7,Destroy,Map,Tile:6,Tile:3,Tile:6,Tile:8,Bonus,Bonus,Map,Tile:0,Map,Tile:9,Tile:7,Tile:10,Tile:5,Map,Tile:9-Tile:8,Destroy,Malus,Map,Tile:0,Tile:9,Tile:6-Tile:7,Bonus,Tile:0,Tile:13,Tile:10,Tile:1,Tile:11-Tile:nugget,Tile:hidden1,Tile:hidden2
Tile:8 5 6 1
Tile:0 4 6 0
Drop 1 0 1
Tile:1 6 6 0
Tile:6 6 5 1
Tile:11 6 4 0
Tile:9 6 3 1
Tile:13 7 5 0
Tile:0 3 6 1
Tile:7_flip 5 7 0
Malus 0 0 1
Drop 1 0 0
Destroy 5 7 1
Drop 6 0 0
Tile:9_flip 7 6 1
Map 12 5 0
Tile:15 5 4 1
Drop 1 0 0
Tile:9_flip 8 5 1
Drop 2 0 0
Tile:8 8 4 1
Drop 4 0 0
Tile:7 8 3 1
Drop 5 0 0
Drop 5 0 1
Drop 0 0 0
Drop 3 0 1
Map 12 5 0
Map 12 3 1
Drop 6 0 0
Tile:12 9 4 1
Drop 1 0 0
Tile:14_flip 6 2 1
Drop 6 0 0
Destroy 5 6 1
Drop 0 0 0
Destroy 8 3 1
Drop 4 0 0
Tile:6_flip 7 2 1
Drop 0 0 0
Tile:7_flip 2 6 1
Drop 2 0 0
Tile:6 7 3 1
Drop 3 0 0
Tile:9 8 6 1
Drop 0 0 0
Tile:0 8 2 1
Drop 3 0 0
Tile:5_flip 9 2 1
Drop 2 0 0
Map 12 3 1
Drop 0 0 0
Map 12 3 1
Drop 0 0 0
Drop 0 0 1
GAMEOVER DRAW
# Game ended: Tue Apr 14 21:28:53 EDT 2020
