# Server version 0.08 running on 192.168.2.29:8123
# Game ID: 46
# Board class: Saboteur.SaboteurBoard
# Timeout: 20000
# First Move Timeout: 30000
# Date: Tue Apr 14 19:30:37 EDT 2020
# Player 1: Player-0, 'RandomPlayer', running on localhost
# Player 2: Player-1, 'RandomPlayer', running on localhost
START Player-0 RandomPlayer
START Player-1 RandomPlayer
BoardInit:Destroy,Tile:7,Tile:6,Map,Tile:1,Tile:11,Bonus,Tile:6,Map,Tile:8,Tile:4,Tile:5,Tile:8,Bonus,Tile:5,Tile:9,Map,Tile:12,Destroy,Tile:9,Tile:3,Tile:8,Map,Bonus,Tile:7,Tile:10,Tile:7,Tile:5,Malus,Tile:6,Tile:8,Tile:14,Tile:0,Tile:9,Tile:7,Tile:2,Tile:8,Tile:6,Tile:0,Bonus,Map-Tile:0,Tile:15,Map,Tile:6,Tile:10,Tile:10,Tile:7-Tile:9,Tile:5,Destroy,Tile:13,Malus,Tile:9,Tile:0-Tile:hidden1,Tile:hidden2,Tile:nugget
Drop 3 0 1
Tile:13 5 4 0
Tile:7_flip 4 5 1
Tile:9 5 3 0
Tile:6_flip 6 3 1
Tile:9_flip 6 5 0
Tile:10 5 2 1
Tile:11 4 4 0
Tile:1 7 3 1
Tile:5_flip 5 6 0
Tile:15 5 1 1
Tile:6_flip 4 6 0
Destroy 4 6 1
Tile:0 4 6 0
Tile:10 4 3 1
Drop 2 0 0
Map 12 7 1
Destroy 4 3 0
Tile:8 8 3 1
Drop 1 0 0
Map 12 5 1
Tile:9 8 4 0
Destroy 6 5 1
Tile:9_flip 8 2 0
Tile:4 8 1 1
Tile:8 8 5 0
Tile:7_flip 8 6 1
Tile:12_flip 3 6 0
Tile:5_flip 6 5 1
Tile:8 6 4 0
Tile:0 7 2 1
Tile:6_flip 9 4 0
Tile:8 9 6 1
Tile:5_flip 10 6 0
Tile:3 7 4 1
Tile:14_flip 5 0 0
Tile:7_flip 9 7 1
Tile:9_flip 9 5 0
Tile:0 9 3 1
Tile:6_flip 10 7 0
Malus 0 0 1
Drop 2 0 0
Tile:7 10 4 1
Bonus 0 0 0
Tile:0 6 0 1
Tile:10 10 5 0
Map 12 5 1
Tile:5_flip 10 3 0
Map 12 3 1
Tile:2_flip 11 7 0
Tile:8 7 0 1
Malus 0 0 0
Map 12 7 1
Drop 0 0 0
Bonus 0 0 1
GAMEOVER DRAW
# Game ended: Tue Apr 14 19:30:37 EDT 2020
