# Server version 0.08 running on 192.168.2.29:8123
# Game ID: 228
# Board class: Saboteur.SaboteurBoard
# Timeout: 20000
# First Move Timeout: 30000
# Date: Wed Apr 15 01:02:39 EDT 2020
# Player 1: Player-0, 'RandomPlayer', running on localhost
# Player 2: Player-1, 'RandomPlayer', running on localhost
START Player-0 RandomPlayer
START Player-1 RandomPlayer
BoardInit:Tile:0,Tile:7,Malus,Tile:6,Tile:9,Tile:12,Tile:8,Tile:0,Bonus,Destroy,Tile:5,Map,Tile:5,Map,Tile:8,Bonus,Tile:5,Map,Tile:3,Map,Tile:0,Tile:15,Tile:7,Tile:6,Bonus,Tile:4,Tile:5,Tile:7,Tile:6,Tile:2,Tile:9,Tile:8,Tile:14,Tile:0,Tile:6,Tile:10,Tile:9,Tile:9,Malus,Tile:1,Tile:8-Tile:9,Tile:11,Map,Destroy,Tile:10,Tile:10,Tile:13-Tile:7,Bonus,Map,Tile:7,Destroy,Tile:6,Tile:8-Tile:hidden2,Tile:hidden1,Tile:nugget
Tile:11_flip 5 6 1
Tile:8 5 4 0
Map 12 5 1
Tile:7 5 3 0
Tile:13 4 6 1
Destroy 5 3 0
Tile:10 5 3 1
Tile:12 6 4 0
Tile:0 6 5 1
Tile:7 7 5 0
Drop 1 0 1
Tile:6_flip 4 5 0
Tile:9_flip 4 7 1
Tile:7_flip 3 5 0
Tile:5 3 6 1
Destroy 6 5 0
Tile:5 5 2 1
Map 12 7 0
Tile:9 3 4 1
Map 12 7 0
Tile:8 4 8 1
Map 12 5 0
Tile:0 6 2 1
Tile:15 4 9 0
Tile:5 3 8 1
Tile:6_flip 6 5 0
Tile:10 3 3 1
Tile:6 5 8 0
Tile:3 6 8 1
Tile:4_flip 4 10 0
Tile:7_flip 6 9 1
Tile:7_flip 3 7 0
Malus 0 0 1
Map 12 3 0
Tile:5_flip 3 9 1
Bonus 0 0 0
Tile:9 2 9 1
Map 12 3 0
Tile:9 3 2 1
Drop 6 0 0
Tile:14 7 9 1
Tile:10 2 8 0
Drop 0 0 1
Tile:2_flip 4 4 0
Tile:8 7 6 1
Drop 0 0 0
Tile:6 2 10 1
Tile:0 8 6 0
Malus 0 0 1
Bonus 0 0 0
Tile:6_flip 9 6 1
Tile:8 3 1 0
Tile:8 7 7 1
Tile:1 8 7 0
Drop 0 0 1
GAMEOVER DRAW
# Game ended: Wed Apr 15 01:02:40 EDT 2020
