# Server version 0.08 running on 192.168.2.29:8123
# Game ID: 116
# Board class: Saboteur.SaboteurBoard
# Timeout: 20000
# First Move Timeout: 30000
# Date: Tue Apr 14 22:23:07 EDT 2020
# Player 1: Player-0, 'RandomPlayer', running on localhost
# Player 2: Player-1, 'RandomPlayer', running on localhost
START Player-0 RandomPlayer
START Player-1 RandomPlayer
BoardInit:Tile:6,Tile:9,Tile:4,Map,Malus,Tile:0,Tile:0,Malus,Tile:6,Tile:0,Tile:2,Bonus,Tile:7,Tile:10,Tile:7,Tile:15,Tile:6,Tile:8,Tile:11,Map,Tile:9,Tile:14,Tile:10,Destroy,Tile:3,Destroy,Tile:5,Tile:7,Map,Tile:12,Tile:0,Bonus,Destroy,Tile:1,Map,Tile:5,Tile:9,Tile:5,Tile:7,Bonus,Tile:6-Tile:9,Tile:10,Bonus,Tile:9,Tile:13,Tile:8,Tile:6-Map,Map,Tile:8,Tile:8,Tile:5,Tile:8,Tile:7-Tile:nugget,Tile:hidden2,Tile:hidden1
Tile:9 4 5 1
Tile:7 4 4 0
Tile:6 4 6 1
Drop 1 0 0
Tile:13 3 6 1
Tile:5 2 6 0
Drop 6 0 1
Tile:8 3 7 0
Tile:9_flip 3 5 1
Tile:9 2 7 0
Drop 1 0 1
Map 12 3 0
Tile:6 3 8 1
Tile:8 2 8 0
Tile:2_flip 2 5 1
Tile:0 4 7 0
Tile:6 1 8 1
Drop 0 0 0
Tile:7_flip 0 8 1
Tile:0 4 8 0
Tile:6 5 8 1
Tile:8 3 4 0
Tile:9_flip 3 3 1
Tile:10 1 7 0
Tile:10 0 7 1
Map 12 3 0
Tile:4 3 2 1
Destroy 1 7 0
Tile:11_flip 6 8 1
Destroy 4 4 0
Drop 6 0 1
Tile:7 5 7 0
Tile:7 4 4 1
Tile:15 1 7 0
Tile:3_flip 1 5 1
Tile:14 5 6 0
Tile:10 6 7 1
Drop 3 0 0
Drop 2 0 1
Tile:5 2 3 0
Tile:8 6 5 1
Drop 6 0 0
Destroy 2 3 1
Map 12 5 0
Tile:6_flip 2 4 1
Tile:5 0 6 0
Tile:9 5 4 1
Tile:1 2 3 0
Tile:0 1 3 1
Malus 0 0 0
Map 12 3 1
Drop 0 0 0
Drop 1 0 1
Drop 0 0 0
Drop 0 0 1
GAMEOVER DRAW
# Game ended: Tue Apr 14 22:23:07 EDT 2020
