# Server version 0.08 running on 192.168.2.29:8123
# Game ID: 280
# Board class: Saboteur.SaboteurBoard
# Timeout: 20000
# First Move Timeout: 30000
# Date: Wed Apr 15 23:28:27 EDT 2020
# Player 1: Player-0, '260803297', running on localhost
# Player 2: Player-1, 'RandomPlayer', running on localhost
START Player-0 260803297
START Player-1 RandomPlayer
BoardInit:Tile:10,Tile:7,Tile:5,Map,Map,Tile:8,Malus,Tile:8,Tile:1,Tile:4,Tile:12,Tile:9,Destroy,Map,Tile:10,Tile:0,Bonus,Tile:8,Destroy,Tile:13,Tile:8,Tile:3,Tile:6,Tile:5,Tile:7,Map,Tile:7,Tile:11,Malus,Tile:0,Bonus,Bonus,Tile:6,Destroy,Tile:5,Tile:7,Tile:9,Tile:10,Tile:8,Tile:6,Map-Tile:6,Tile:7,Tile:9,Tile:9,Map,Tile:9,Tile:0-Tile:5,Tile:2,Bonus,Tile:0,Tile:6,Tile:14,Tile:15-Tile:nugget,Tile:hidden2,Tile:hidden1
Tile:9_flip 5 6 1
Tile:14_flip 5 4 0
Tile:0 6 4 1
Tile:7 6 5 0
Tile:5_flip 5 7 1
Map 12 3 0
Tile:9 4 5 1
Drop 4 0 0
Tile:7_flip 4 6 1
Drop 6 0 0
Drop 1 0 1
Tile:0 4 7 0
Map 12 5 1
Tile:9_flip 7 4 0
Drop 3 0 1
Tile:4_flip 6 6 0
Drop 0 0 1
Drop 5 0 0
Destroy 6 6 1
Tile:15 6 6 0
Destroy 5 7 1
Tile:5_flip 5 7 0
Tile:10 4 4 1
Tile:2 7 3 0
Tile:6_flip 3 7 1
Tile:8 4 3 0
Tile:1 8 3 1
Tile:0 3 3 0
Tile:7_flip 6 7 1
Tile:3_flip 3 8 0
Tile:12_flip 2 7 1
Tile:13 9 3 0
Tile:8 9 4 1
Tile:11 7 5 0
Tile:6 10 3 1
Tile:0 2 3 0
Tile:9 9 5 1
Tile:7_flip 9 6 0
Tile:7 7 7 1
Destroy 7 5 0
Tile:5_flip 11 3 1
Tile:6 5 3 0
Map 12 7 1
Drop 1 0 0
Tile:9 11 2 1
Tile:5 11 1 0
Drop 3 0 1
Drop 2 0 0
Tile:8 9 2 1
Drop 1 0 0
Tile:10 7 5 1
Tile:10 7 8 0
Malus 0 0 1
Bonus 0 0 0
Drop 0 0 1
GAMEOVER DRAW
# Game ended: Wed Apr 15 23:28:28 EDT 2020
