# Server version 0.08 running on 192.168.2.29:8123
# Game ID: 92
# Board class: Saboteur.SaboteurBoard
# Timeout: 20000
# First Move Timeout: 30000
# Date: Tue Apr 14 22:22:35 EDT 2020
# Player 1: Player-0, 'RandomPlayer', running on localhost
# Player 2: Player-1, 'RandomPlayer', running on localhost
START Player-0 RandomPlayer
START Player-1 RandomPlayer
BoardInit:Tile:10,Tile:5,Tile:4,Bonus,Tile:0,Map,Tile:14,Tile:1,Tile:13,Map,Tile:15,Tile:8,Tile:5,Destroy,Tile:9,Tile:7,Tile:7,Malus,Bonus,Tile:10,Tile:0,Tile:9,Tile:12,Map,Tile:7,Tile:6,Malus,Tile:8,Tile:8,Tile:11,Destroy,Tile:6,Tile:6,Tile:9,Tile:6,Map,Tile:8,Tile:8,Tile:5,Tile:5,Tile:10-Map,Tile:7,Bonus,Bonus,Tile:7,Tile:2,Tile:3-Tile:0,Destroy,Tile:0,Tile:9,Tile:9,Map,Tile:6-Tile:hidden2,Tile:hidden1,Tile:nugget
Drop 3 0 1
Tile:6 5 6 0
Tile:2 4 5 1
Tile:9 4 6 0
Tile:7 5 4 1
Tile:0 4 4 0
Tile:7_flip 4 7 1
Drop 2 0 0
Tile:3_flip 3 4 1
Drop 2 0 0
Drop 3 0 1
Tile:5 3 5 0
Drop 0 0 1
Destroy 3 5 0
Tile:10 3 3 1
Tile:0 5 7 0
Tile:9_flip 6 7 1
Map 12 7 0
Tile:5 3 5 1
Malus 0 0 0
Drop 4 0 1
Tile:8 6 6 0
Drop 5 0 1
Destroy 3 5 0
Drop 5 0 1
Tile:9_flip 6 5 0
Drop 0 0 1
Drop 3 0 0
Drop 6 0 1
Tile:6_flip 3 5 0
Drop 0 0 1
Tile:1 2 5 0
Drop 6 0 1
Map 12 7 0
Drop 3 0 1
Tile:6 7 6 0
Drop 3 0 1
Drop 3 0 0
Drop 6 0 1
Tile:8 8 6 0
Drop 2 0 1
Drop 0 0 0
Drop 0 0 1
Tile:11_flip 6 8 0
Drop 4 0 1
Tile:5_flip 6 9 0
Drop 2 0 1
Tile:10 3 6 0
Drop 0 0 1
Tile:9 5 9 0
Drop 0 0 1
Map 12 3 0
Drop 1 0 1
Map 12 7 0
Drop 0 0 1
GAMEOVER DRAW
# Game ended: Tue Apr 14 22:22:35 EDT 2020
