# Server version 0.08 running on 192.168.2.29:8123
# Game ID: 61
# Board class: Saboteur.SaboteurBoard
# Timeout: 20000
# First Move Timeout: 30000
# Date: Tue Apr 14 19:31:02 EDT 2020
# Player 1: Player-0, 'RandomPlayer', running on localhost
# Player 2: Player-1, 'RandomPlayer', running on localhost
START Player-0 RandomPlayer
START Player-1 RandomPlayer
BoardInit:Map,Tile:12,Tile:3,Destroy,Malus,Tile:7,Tile:9,Tile:0,Destroy,Tile:7,Tile:14,Tile:8,Map,Map,Tile:5,Tile:1,Tile:7,Tile:8,Tile:10,Tile:9,Tile:11,Bonus,Tile:5,Tile:10,Bonus,Tile:6,Tile:8,Tile:6,Tile:6,Map,Tile:6,Tile:6,Tile:0,Tile:7,Tile:9,Bonus,Tile:9,Tile:7,Tile:8,Tile:0,Tile:5-Tile:4,Tile:5,Tile:2,Tile:15,Tile:9,Bonus,Tile:10-Malus,Tile:13,Destroy,Map,Tile:0,Tile:8,Map-Tile:hidden2,Tile:nugget,Tile:hidden1
Tile:4_flip 5 6 1
Tile:8 6 5 0
Tile:9 6 6 1
Tile:13 5 4 0
Drop 2 0 1
Map 12 3 0
Tile:2 6 4 1
Drop 4 0 0
Map 12 7 1
Tile:7 5 3 0
Tile:3_flip 6 7 1
Tile:7_flip 4 5 0
Tile:9 4 3 1
Tile:8 4 4 0
Drop 3 0 1
Destroy 5 6 0
Tile:5_flip 7 4 1
Drop 0 0 0
Tile:7 4 2 1
Tile:8 3 4 0
Tile:14 7 7 1
Tile:0 7 5 0
Destroy 4 4 1
Destroy 6 4 0
Tile:5_flip 3 5 1
Drop 0 0 0
Tile:11 7 3 1
Tile:10 5 6 0
Tile:8 4 4 1
Tile:6_flip 6 4 0
Tile:10 3 3 1
Tile:9 7 2 0
Tile:6_flip 7 6 1
Tile:6_flip 7 1 0
Tile:5_flip 8 6 1
Tile:6_flip 3 2 0
Tile:9 6 1 1
Map 12 7 0
Tile:6_flip 8 5 1
Tile:1 8 2 0
Map 12 5 1
Drop 2 0 0
Tile:0 2 5 1
Tile:7_flip 1 5 0
Tile:9_flip 5 7 1
Tile:0 2 2 0
Tile:8 1 2 1
Tile:0 0 2 0
Tile:5_flip 6 2 1
Tile:7_flip 2 4 0
Tile:10 1 1 1
Drop 0 0 0
Drop 1 0 1
Drop 0 0 0
Drop 0 0 1
GAMEOVER DRAW
# Game ended: Tue Apr 14 19:31:03 EDT 2020
