# Server version 0.08 running on 192.168.2.29:8123
# Game ID: 112
# Board class: Saboteur.SaboteurBoard
# Timeout: 20000
# First Move Timeout: 30000
# Date: Tue Apr 14 22:23:02 EDT 2020
# Player 1: Player-0, 'RandomPlayer', running on localhost
# Player 2: Player-1, 'RandomPlayer', running on localhost
START Player-0 RandomPlayer
START Player-1 RandomPlayer
BoardInit:Tile:11,Tile:7,Tile:8,Tile:9,Map,Bonus,Tile:9,Tile:6,Tile:5,Tile:3,Tile:12,Tile:7,Tile:0,Tile:7,Tile:14,Tile:5,Tile:15,Destroy,Tile:6,Bonus,Tile:9,Tile:8,Malus,Tile:7,Tile:10,Tile:6,Tile:8,Map,Bonus,Tile:1,Map,Destroy,Tile:4,Tile:0,Destroy,Tile:10,Tile:8,Tile:0,Tile:13,Map,Tile:7-Tile:6,Tile:8,Tile:9,Tile:2,Map,Tile:5,Tile:5-Bonus,Map,Tile:0,Tile:9,Tile:6,Malus,Tile:10-Tile:hidden1,Tile:hidden2,Tile:nugget
Tile:2_flip 6 5 1
Malus 0 0 0
Map 12 3 1
Tile:6 7 5 0
Drop 4 0 1
Tile:9_flip 5 6 0
Map 12 5 1
Tile:9_flip 7 4 0
Drop 1 0 1
Map 12 7 0
Drop 4 0 1
Tile:3 7 3 0
Drop 0 0 1
Tile:7_flip 5 7 0
Drop 0 0 1
Drop 3 0 0
Drop 5 0 1
Tile:5 6 4 0
Drop 3 0 1
Drop 5 0 0
Drop 2 0 1
Tile:7_flip 4 5 0
Drop 0 0 1
Drop 5 0 0
Drop 5 0 1
Tile:10 5 4 0
Drop 0 0 1
Destroy 5 4 0
Drop 6 0 1
Drop 6 0 0
Drop 4 0 1
Tile:8 8 5 0
Map 12 7 1
Destroy 8 5 0
Drop 0 0 1
Tile:7 5 4 0
Bonus 0 0 1
Tile:0 8 5 0
Tile:6 9 5 1
Tile:1 10 5 0
Tile:10 9 4 1
Drop 4 0 0
Tile:14 11 5 1
Tile:0 4 6 0
Tile:4 9 3 1
Drop 3 0 0
Tile:15 11 4 1
Tile:6 6 3 0
Tile:8 3 6 1
Tile:6_flip 6 7 0
Destroy 9 3 1
Map 12 7 0
Tile:7 11 3 1
Drop 0 0 0
Tile:13 4 4 1
GAMEOVER DRAW
# Game ended: Tue Apr 14 22:23:02 EDT 2020
