# Server version 0.08 running on 192.168.0.168:8123
# Game ID: 237
# Board class: Saboteur.SaboteurBoard
# Timeout: 20000
# First Move Timeout: 30000
# Date: Wed Apr 15 12:40:21 EDT 2020
# Player 1: Player-0, '260803297', running on localhost
# Player 2: Player-1, 'RandomPlayer', running on localhost
START Player-0 260803297
START Player-1 RandomPlayer
BoardInit:Tile:9,Tile:10,Tile:8,Map,Map,Tile:1,Tile:9,Tile:9,Map,Tile:9,Tile:12,Tile:0,Tile:10,Tile:4,Tile:7,Bonus,Tile:9,Tile:6,Destroy,Bonus,Tile:7,Malus,Tile:0,Map,Tile:8,Tile:5,Tile:8,Map,Tile:10,Tile:0,Tile:6,Tile:15,Tile:6,Bonus,Tile:5,Tile:7,Tile:8,Bonus,Tile:14,Malus,Tile:7-Tile:3,Tile:6,Tile:13,Tile:11,Tile:7,Map,Tile:6-Tile:5,Tile:8,Tile:5,Tile:0,Tile:2,Destroy,Destroy-Tile:hidden1,Tile:nugget,Tile:hidden2
Tile:7 5 4 1
Tile:2_flip 6 5 0
Tile:6 4 4 1
Destroy 6 5 0
Tile:11_flip 4 3 1
Map 12 3 0
Tile:6 6 5 1
Tile:10 6 4 0
Tile:9_flip 6 3 1
Tile:9_flip 4 2 0
Tile:9 5 6 1
Destroy 4 4 0
Tile:8 5 7 1
Tile:8 4 5 0
Tile:12_flip 3 5 1
Tile:1 6 6 0
Tile:10 5 8 1
Tile:9_flip 4 1 0
Tile:9 4 0 1
Tile:5 3 1 0
Drop 6 0 1
Tile:4_flip 5 9 0
Tile:7 6 7 1
Malus 0 0 0
Drop 3 0 1
Map 12 3 0
Drop 0 0 1
Tile:0 5 0 0
Drop 5 0 1
Map 12 3 0
Map 12 7 1
Tile:0 3 3 0
Map 12 3 1
Tile:6 7 6 0
Drop 3 0 1
Tile:0 4 7 0
Drop 3 0 1
Tile:7_flip 2 3 0
Drop 6 0 1
Tile:5_flip 8 6 0
Drop 2 0 1
Drop 6 0 0
Drop 0 0 1
Tile:5_flip 4 6 0
Drop 4 0 1
Drop 0 0 0
Drop 2 0 1
Tile:15 2 2 0
Drop 0 0 1
Drop 0 0 0
Drop 0 0 1
Drop 1 0 0
Drop 1 0 1
Drop 0 0 0
Drop 0 0 1
GAMEOVER DRAW
# Game ended: Wed Apr 15 12:40:22 EDT 2020
